[0.015s] Invoking command in '/home/ALEX/anytrack/ros/build/opencv_cam': CMAKE_PREFIX_PATH=/home/ALEX/anytrack/ros/install/ros2_shared:/home/ALEX/anytrack/ros/install/test_cpp_pkg:/home/ALEX/anytrack/ros/install/scanner_interfaces:/home/ALEX/anytrack/ros/install/test_py_pkg:/home/ALEX/anytrack/ros/install/scanner:/opt/ros/humble /usr/bin/cmake --build /home/ALEX/anytrack/ros/build/opencv_cam -- -j12 -l12
[0.043s] -- Found OpenCV version 4.5.4
[0.043s] -- Found ament_cmake: 1.3.2 (/opt/ros/humble/share/ament_cmake/cmake)
[0.168s] -- Found camera_calibration_parsers: 3.1.5 (/opt/ros/humble/share/camera_calibration_parsers/cmake)
[0.200s] -- Found rosidl_generator_c: 3.1.3 (/opt/ros/humble/share/rosidl_generator_c/cmake)
[0.203s] -- Found rosidl_adapter: 3.1.3 (/opt/ros/humble/share/rosidl_adapter/cmake)
[0.209s] -- Found rosidl_generator_cpp: 3.1.3 (/opt/ros/humble/share/rosidl_generator_cpp/cmake)
[0.220s] -- Using all available rosidl_typesupport_c: rosidl_typesupport_fastrtps_c;rosidl_typesupport_introspection_c
[0.236s] -- Using all available rosidl_typesupport_cpp: rosidl_typesupport_fastrtps_cpp;rosidl_typesupport_introspection_cpp
[0.299s] -- Found rmw_implementation_cmake: 6.1.0 (/opt/ros/humble/share/rmw_implementation_cmake/cmake)
[0.300s] -- Found rmw_fastrtps_cpp: 6.2.1 (/opt/ros/humble/share/rmw_fastrtps_cpp/cmake)
[0.431s] -- Using RMW implementation 'rmw_fastrtps_cpp' as default
[0.744s] -- Found class_loader: 2.2.0 (/opt/ros/humble/share/class_loader/cmake)
[0.746s] -- Found rclcpp_components: 16.0.1 (/opt/ros/humble/share/rclcpp_components/cmake)
[0.804s] -- Found ros2_shared: 0.1.0 (/home/ALEX/anytrack/ros/install/ros2_shared/share/ros2_shared/cmake)
[0.871s] -- Configuring done
[0.898s] -- Generating done
[0.899s] -- Build files have been written to: /home/ALEX/anytrack/ros/build/opencv_cam
[0.920s] [35m[1mConsolidate compiler generated dependencies of target subscriber_node[0m
[0.927s] [ 12%] [32mBuilding CXX object CMakeFiles/opencv_cam_node.dir/src/opencv_cam_node.cpp.o[0m
[0.934s] [ 25%] [32mBuilding CXX object CMakeFiles/subscriber_node.dir/src/subscriber_node.cpp.o[0m
[5.493s] [ 37%] [32m[1mLinking CXX shared library libopencv_cam_node.so[0m
[5.754s] [ 37%] Built target opencv_cam_node
[5.769s] [ 50%] [32mBuilding CXX object CMakeFiles/opencv_cam_main.dir/src/opencv_cam_main.cpp.o[0m
[7.820s] [ 62%] [32m[1mLinking CXX shared library libsubscriber_node.so[0m
[8.139s] [ 62%] Built target subscriber_node
[8.154s] [ 75%] [32mBuilding CXX object CMakeFiles/ipc_test_main.dir/src/ipc_test_main.cpp.o[0m
[8.462s] [ 87%] [32m[1mLinking CXX executable opencv_cam_main[0m
[8.977s] [ 87%] Built target opencv_cam_main
[10.880s] [100%] [32m[1mLinking CXX executable ipc_test_main[0m
[11.333s] [100%] Built target ipc_test_main
[11.343s] Invoked command in '/home/ALEX/anytrack/ros/build/opencv_cam' returned '0': CMAKE_PREFIX_PATH=/home/ALEX/anytrack/ros/install/ros2_shared:/home/ALEX/anytrack/ros/install/test_cpp_pkg:/home/ALEX/anytrack/ros/install/scanner_interfaces:/home/ALEX/anytrack/ros/install/test_py_pkg:/home/ALEX/anytrack/ros/install/scanner:/opt/ros/humble /usr/bin/cmake --build /home/ALEX/anytrack/ros/build/opencv_cam -- -j12 -l12
[11.372s] Invoking command in '/home/ALEX/anytrack/ros/build/opencv_cam': CMAKE_PREFIX_PATH=/home/ALEX/anytrack/ros/install/ros2_shared:/home/ALEX/anytrack/ros/install/test_cpp_pkg:/home/ALEX/anytrack/ros/install/scanner_interfaces:/home/ALEX/anytrack/ros/install/test_py_pkg:/home/ALEX/anytrack/ros/install/scanner:/opt/ros/humble /usr/bin/cmake --install /home/ALEX/anytrack/ros/build/opencv_cam
[11.378s] -- Install configuration: ""
[11.378s] -- Installing: /home/ALEX/anytrack/ros/install/opencv_cam/share/opencv_cam/environment/library_path.sh
[11.378s] -- Installing: /home/ALEX/anytrack/ros/install/opencv_cam/share/opencv_cam/environment/library_path.dsv
[11.378s] -- Installing: /home/ALEX/anytrack/ros/install/opencv_cam/share/ament_index/resource_index/package_run_dependencies/opencv_cam
[11.378s] -- Installing: /home/ALEX/anytrack/ros/install/opencv_cam/share/ament_index/resource_index/parent_prefix_path/opencv_cam
[11.378s] -- Installing: /home/ALEX/anytrack/ros/install/opencv_cam/share/opencv_cam/environment/ament_prefix_path.sh
[11.379s] -- Installing: /home/ALEX/anytrack/ros/install/opencv_cam/share/opencv_cam/environment/ament_prefix_path.dsv
[11.379s] -- Installing: /home/ALEX/anytrack/ros/install/opencv_cam/share/opencv_cam/environment/path.sh
[11.379s] -- Installing: /home/ALEX/anytrack/ros/install/opencv_cam/share/opencv_cam/environment/path.dsv
[11.379s] -- Installing: /home/ALEX/anytrack/ros/install/opencv_cam/share/opencv_cam/local_setup.bash
[11.379s] -- Installing: /home/ALEX/anytrack/ros/install/opencv_cam/share/opencv_cam/local_setup.sh
[11.379s] -- Installing: /home/ALEX/anytrack/ros/install/opencv_cam/share/opencv_cam/local_setup.zsh
[11.379s] -- Installing: /home/ALEX/anytrack/ros/install/opencv_cam/share/opencv_cam/local_setup.dsv
[11.380s] -- Installing: /home/ALEX/anytrack/ros/install/opencv_cam/share/opencv_cam/package.dsv
[11.380s] -- Installing: /home/ALEX/anytrack/ros/install/opencv_cam/share/ament_index/resource_index/packages/opencv_cam
[11.380s] -- Installing: /home/ALEX/anytrack/ros/install/opencv_cam/share/ament_index/resource_index/rclcpp_components/opencv_cam
[11.380s] -- Installing: /home/ALEX/anytrack/ros/install/opencv_cam/share/opencv_cam/cmake/export_opencv_cam_nodeExport.cmake
[11.380s] -- Installing: /home/ALEX/anytrack/ros/install/opencv_cam/share/opencv_cam/cmake/export_opencv_cam_nodeExport-noconfig.cmake
[11.380s] -- Installing: /home/ALEX/anytrack/ros/install/opencv_cam/share/opencv_cam/cmake/export_subscriber_nodeExport.cmake
[11.381s] -- Installing: /home/ALEX/anytrack/ros/install/opencv_cam/share/opencv_cam/cmake/export_subscriber_nodeExport-noconfig.cmake
[11.381s] -- Installing: /home/ALEX/anytrack/ros/install/opencv_cam/share/opencv_cam/cmake/ament_cmake_export_dependencies-extras.cmake
[11.381s] -- Installing: /home/ALEX/anytrack/ros/install/opencv_cam/share/opencv_cam/cmake/ament_cmake_export_include_directories-extras.cmake
[11.381s] -- Installing: /home/ALEX/anytrack/ros/install/opencv_cam/share/opencv_cam/cmake/ament_cmake_export_targets-extras.cmake
[11.381s] -- Installing: /home/ALEX/anytrack/ros/install/opencv_cam/share/opencv_cam/cmake/ament_cmake_export_libraries-extras.cmake
[11.381s] -- Installing: /home/ALEX/anytrack/ros/install/opencv_cam/share/opencv_cam/cmake/opencv_camConfig.cmake
[11.381s] -- Installing: /home/ALEX/anytrack/ros/install/opencv_cam/share/opencv_cam/cmake/opencv_camConfig-version.cmake
[11.381s] -- Installing: /home/ALEX/anytrack/ros/install/opencv_cam/share/opencv_cam/package.xml
[11.382s] -- Installing: /home/ALEX/anytrack/ros/install/opencv_cam/lib/libopencv_cam_node.so
[11.384s] -- Set runtime path of "/home/ALEX/anytrack/ros/install/opencv_cam/lib/libopencv_cam_node.so" to ""
[11.384s] -- Installing: /home/ALEX/anytrack/ros/install/opencv_cam/lib/libsubscriber_node.so
[11.388s] -- Set runtime path of "/home/ALEX/anytrack/ros/install/opencv_cam/lib/libsubscriber_node.so" to ""
[11.389s] -- Installing: /home/ALEX/anytrack/ros/install/opencv_cam/lib/opencv_cam/opencv_cam_main
[11.389s] -- Set runtime path of "/home/ALEX/anytrack/ros/install/opencv_cam/lib/opencv_cam/opencv_cam_main" to ""
[11.389s] -- Installing: /home/ALEX/anytrack/ros/install/opencv_cam/lib/opencv_cam/ipc_test_main
[11.389s] -- Set runtime path of "/home/ALEX/anytrack/ros/install/opencv_cam/lib/opencv_cam/ipc_test_main" to ""
[11.389s] -- Installing: /home/ALEX/anytrack/ros/install/opencv_cam/share/opencv_cam/launch
[11.390s] -- Installing: /home/ALEX/anytrack/ros/install/opencv_cam/share/opencv_cam/launch/composition_launch.py
[11.391s] Invoked command in '/home/ALEX/anytrack/ros/build/opencv_cam' returned '0': CMAKE_PREFIX_PATH=/home/ALEX/anytrack/ros/install/ros2_shared:/home/ALEX/anytrack/ros/install/test_cpp_pkg:/home/ALEX/anytrack/ros/install/scanner_interfaces:/home/ALEX/anytrack/ros/install/test_py_pkg:/home/ALEX/anytrack/ros/install/scanner:/opt/ros/humble /usr/bin/cmake --install /home/ALEX/anytrack/ros/build/opencv_cam
