[0.811s] Invoking command in '/home/ALEX/anytrack/ros/build/anytrack': PYTHONPATH=/home/ALEX/anytrack/ros/build/anytrack/prefix_override:/home/ALEX/anytrack/ros/install/anytrack/lib/python3.10/site-packages:${PYTHONPATH} /usr/bin/python3 setup.py develop --editable --build-directory /home/ALEX/anytrack/ros/build/anytrack/build --no-deps install_data
[1.169s] running develop
[1.363s] running egg_info
[1.363s] writing anytrack.egg-info/PKG-INFO
[1.364s] writing dependency_links to anytrack.egg-info/dependency_links.txt
[1.364s] writing entry points to anytrack.egg-info/entry_points.txt
[1.364s] writing requirements to anytrack.egg-info/requires.txt
[1.365s] writing top-level names to anytrack.egg-info/top_level.txt
[1.367s] reading manifest file 'anytrack.egg-info/SOURCES.txt'
[1.368s] writing manifest file 'anytrack.egg-info/SOURCES.txt'
[1.370s] running build_ext
[1.370s] Creating /home/ALEX/anytrack/ros/install/anytrack/lib/python3.10/site-packages/anytrack.egg-link (link to .)
[1.371s] Installing calibration script to /home/ALEX/anytrack/ros/install/anytrack/lib/anytrack
[1.371s] Installing calibration_old script to /home/ALEX/anytrack/ros/install/anytrack/lib/anytrack
[1.372s] Installing camera_detector script to /home/ALEX/anytrack/ros/install/anytrack/lib/anytrack
[1.372s] Installing camera_driver script to /home/ALEX/anytrack/ros/install/anytrack/lib/anytrack
[1.372s] Installing camera_info script to /home/ALEX/anytrack/ros/install/anytrack/lib/anytrack
[1.372s] Installing camera_vector script to /home/ALEX/anytrack/ros/install/anytrack/lib/anytrack
[1.372s] Installing manager script to /home/ALEX/anytrack/ros/install/anytrack/lib/anytrack
[1.372s] Installing object_estimator script to /home/ALEX/anytrack/ros/install/anytrack/lib/anytrack
[1.372s] Installing pointcloud_publisher script to /home/ALEX/anytrack/ros/install/anytrack/lib/anytrack
[1.372s] Installing position_manager script to /home/ALEX/anytrack/ros/install/anytrack/lib/anytrack
[1.372s] Installing simulation_publisher script to /home/ALEX/anytrack/ros/install/anytrack/lib/anytrack
[1.372s] Installing test script to /home/ALEX/anytrack/ros/install/anytrack/lib/anytrack
[1.373s] 
[1.373s] Installed /home/ALEX/anytrack/ros/build/anytrack
[1.373s] running install_data
[1.426s] Invoked command in '/home/ALEX/anytrack/ros/build/anytrack' returned '0': PYTHONPATH=/home/ALEX/anytrack/ros/build/anytrack/prefix_override:/home/ALEX/anytrack/ros/install/anytrack/lib/python3.10/site-packages:${PYTHONPATH} /usr/bin/python3 setup.py develop --editable --build-directory /home/ALEX/anytrack/ros/build/anytrack/build --no-deps install_data
