running egg_info
creating ../../build/scanner/scanner.egg-info
writing ../../build/scanner/scanner.egg-info/PKG-INFO
writing dependency_links to ../../build/scanner/scanner.egg-info/dependency_links.txt
writing entry points to ../../build/scanner/scanner.egg-info/entry_points.txt
writing requirements to ../../build/scanner/scanner.egg-info/requires.txt
writing top-level names to ../../build/scanner/scanner.egg-info/top_level.txt
writing manifest file '../../build/scanner/scanner.egg-info/SOURCES.txt'
reading manifest file '../../build/scanner/scanner.egg-info/SOURCES.txt'
writing manifest file '../../build/scanner/scanner.egg-info/SOURCES.txt'
running build
running build_py
creating /home/ALEX/anytrack/ros/build/scanner/build
creating /home/ALEX/anytrack/ros/build/scanner/build/lib
creating /home/ALEX/anytrack/ros/build/scanner/build/lib/scanner
copying scanner/__init__.py -> /home/ALEX/anytrack/ros/build/scanner/build/lib/scanner
copying scanner/test_vec_publisher.py -> /home/ALEX/anytrack/ros/build/scanner/build/lib/scanner
running install
running install_lib
creating /home/ALEX/anytrack/ros/install/scanner/lib/python3.10/site-packages/scanner
copying /home/ALEX/anytrack/ros/build/scanner/build/lib/scanner/__init__.py -> /home/ALEX/anytrack/ros/install/scanner/lib/python3.10/site-packages/scanner
copying /home/ALEX/anytrack/ros/build/scanner/build/lib/scanner/test_vec_publisher.py -> /home/ALEX/anytrack/ros/install/scanner/lib/python3.10/site-packages/scanner
byte-compiling /home/ALEX/anytrack/ros/install/scanner/lib/python3.10/site-packages/scanner/__init__.py to __init__.cpython-310.pyc
byte-compiling /home/ALEX/anytrack/ros/install/scanner/lib/python3.10/site-packages/scanner/test_vec_publisher.py to test_vec_publisher.cpython-310.pyc
running install_data
creating /home/ALEX/anytrack/ros/install/scanner/share/ament_index
creating /home/ALEX/anytrack/ros/install/scanner/share/ament_index/resource_index
creating /home/ALEX/anytrack/ros/install/scanner/share/ament_index/resource_index/packages
copying resource/scanner -> /home/ALEX/anytrack/ros/install/scanner/share/ament_index/resource_index/packages
copying package.xml -> /home/ALEX/anytrack/ros/install/scanner/share/scanner
running install_egg_info
Copying ../../build/scanner/scanner.egg-info to /home/ALEX/anytrack/ros/install/scanner/lib/python3.10/site-packages/scanner-0.0.0-py3.10.egg-info
running install_scripts
Installing test_vec_publisher script to /home/ALEX/anytrack/ros/install/scanner/lib/scanner
writing list of installed files to '/home/ALEX/anytrack/ros/build/scanner/install.log'
