[0.619s] Invoking command in '/home/ALEX/3dev/ros/src/scanner': PYTHONPATH=/home/ALEX/3dev/ros/install/scanner/lib/python3.10/site-packages:${PYTHONPATH} /usr/bin/python3 setup.py egg_info --egg-base ../../build/scanner build --build-base /home/ALEX/3dev/ros/build/scanner/build install --prefix /home/ALEX/3dev/ros/install/scanner --record /home/ALEX/3dev/ros/build/scanner/install.log --single-version-externally-managed
[0.858s] running egg_info
[0.859s] creating ../../build/scanner/scanner.egg-info
[0.859s] writing ../../build/scanner/scanner.egg-info/PKG-INFO
[0.859s] writing dependency_links to ../../build/scanner/scanner.egg-info/dependency_links.txt
[0.859s] writing entry points to ../../build/scanner/scanner.egg-info/entry_points.txt
[0.859s] writing requirements to ../../build/scanner/scanner.egg-info/requires.txt
[0.859s] writing top-level names to ../../build/scanner/scanner.egg-info/top_level.txt
[0.859s] writing manifest file '../../build/scanner/scanner.egg-info/SOURCES.txt'
[0.861s] reading manifest file '../../build/scanner/scanner.egg-info/SOURCES.txt'
[0.861s] writing manifest file '../../build/scanner/scanner.egg-info/SOURCES.txt'
[0.862s] running build
[0.862s] running build_py
[0.862s] creating /home/ALEX/3dev/ros/build/scanner/build
[0.862s] creating /home/ALEX/3dev/ros/build/scanner/build/lib
[0.862s] creating /home/ALEX/3dev/ros/build/scanner/build/lib/scanner
[0.862s] copying scanner/__init__.py -> /home/ALEX/3dev/ros/build/scanner/build/lib/scanner
[0.862s] copying scanner/test_vec_publisher.py -> /home/ALEX/3dev/ros/build/scanner/build/lib/scanner
[0.862s] running install
[0.862s] running install_lib
[0.863s] creating /home/ALEX/3dev/ros/install/scanner/lib/python3.10/site-packages/scanner
[0.863s] copying /home/ALEX/3dev/ros/build/scanner/build/lib/scanner/__init__.py -> /home/ALEX/3dev/ros/install/scanner/lib/python3.10/site-packages/scanner
[0.863s] copying /home/ALEX/3dev/ros/build/scanner/build/lib/scanner/test_vec_publisher.py -> /home/ALEX/3dev/ros/install/scanner/lib/python3.10/site-packages/scanner
[0.863s] byte-compiling /home/ALEX/3dev/ros/install/scanner/lib/python3.10/site-packages/scanner/__init__.py to __init__.cpython-310.pyc
[0.864s] byte-compiling /home/ALEX/3dev/ros/install/scanner/lib/python3.10/site-packages/scanner/test_vec_publisher.py to test_vec_publisher.cpython-310.pyc
[0.864s] running install_data
[0.864s] creating /home/ALEX/3dev/ros/install/scanner/share/ament_index
[0.864s] creating /home/ALEX/3dev/ros/install/scanner/share/ament_index/resource_index
[0.864s] creating /home/ALEX/3dev/ros/install/scanner/share/ament_index/resource_index/packages
[0.865s] copying resource/scanner -> /home/ALEX/3dev/ros/install/scanner/share/ament_index/resource_index/packages
[0.865s] copying package.xml -> /home/ALEX/3dev/ros/install/scanner/share/scanner
[0.865s] running install_egg_info
[0.866s] Copying ../../build/scanner/scanner.egg-info to /home/ALEX/3dev/ros/install/scanner/lib/python3.10/site-packages/scanner-0.0.0-py3.10.egg-info
[0.867s] running install_scripts
[0.884s] Installing test_vec_publisher script to /home/ALEX/3dev/ros/install/scanner/lib/scanner
[0.884s] writing list of installed files to '/home/ALEX/3dev/ros/build/scanner/install.log'
[0.908s] Invoked command in '/home/ALEX/3dev/ros/src/scanner' returned '0': PYTHONPATH=/home/ALEX/3dev/ros/install/scanner/lib/python3.10/site-packages:${PYTHONPATH} /usr/bin/python3 setup.py egg_info --egg-base ../../build/scanner build --build-base /home/ALEX/3dev/ros/build/scanner/build install --prefix /home/ALEX/3dev/ros/install/scanner --record /home/ALEX/3dev/ros/build/scanner/install.log --single-version-externally-managed
