running develop
running egg_info
writing scanner.egg-info/PKG-INFO
writing dependency_links to scanner.egg-info/dependency_links.txt
writing entry points to scanner.egg-info/entry_points.txt
writing requirements to scanner.egg-info/requires.txt
writing top-level names to scanner.egg-info/top_level.txt
reading manifest file 'scanner.egg-info/SOURCES.txt'
writing manifest file 'scanner.egg-info/SOURCES.txt'
running build_ext
Creating /home/ALEX/3dev/ros/install/scanner/lib/python3.10/site-packages/scanner.egg-link (link to .)
Installing calibrater script to /home/ALEX/3dev/ros/install/scanner/lib/scanner
Installing camera_info script to /home/ALEX/3dev/ros/install/scanner/lib/scanner
Installing camera_position script to /home/ALEX/3dev/ros/install/scanner/lib/scanner
Installing camera_tracker script to /home/ALEX/3dev/ros/install/scanner/lib/scanner
Installing foxglove_camera script to /home/ALEX/3dev/ros/install/scanner/lib/scanner
Installing scanner script to /home/ALEX/3dev/ros/install/scanner/lib/scanner
Installing test script to /home/ALEX/3dev/ros/install/scanner/lib/scanner
Installing visualisation_vector script to /home/ALEX/3dev/ros/install/scanner/lib/scanner

Installed /home/ALEX/3dev/ros/build/scanner
running install_data
