[0.580s] Invoking command in '/home/ALEX/anytrack/ros/build/anytrack': PYTHONPATH=/home/ALEX/anytrack/ros/build/anytrack/prefix_override:/home/ALEX/anytrack/ros/install/anytrack/lib/python3.10/site-packages:${PYTHONPATH} /usr/bin/python3 setup.py develop --editable --build-directory /home/ALEX/anytrack/ros/build/anytrack/build --no-deps install_data
[0.823s] running develop
[0.967s] running egg_info
[0.967s] writing anytrack.egg-info/PKG-INFO
[0.967s] writing dependency_links to anytrack.egg-info/dependency_links.txt
[0.968s] writing entry points to anytrack.egg-info/entry_points.txt
[0.968s] writing requirements to anytrack.egg-info/requires.txt
[0.968s] writing top-level names to anytrack.egg-info/top_level.txt
[0.969s] reading manifest file 'anytrack.egg-info/SOURCES.txt'
[0.970s] writing manifest file 'anytrack.egg-info/SOURCES.txt'
[0.971s] running build_ext
[0.971s] Creating /home/ALEX/anytrack/ros/install/anytrack/lib/python3.10/site-packages/anytrack.egg-link (link to .)
[0.972s] Installing calibration script to /home/ALEX/anytrack/ros/install/anytrack/lib/anytrack
[0.972s] Installing camera_detector script to /home/ALEX/anytrack/ros/install/anytrack/lib/anytrack
[0.972s] Installing camera_driver script to /home/ALEX/anytrack/ros/install/anytrack/lib/anytrack
[0.972s] Installing camera_info script to /home/ALEX/anytrack/ros/install/anytrack/lib/anytrack
[0.972s] Installing camera_vector script to /home/ALEX/anytrack/ros/install/anytrack/lib/anytrack
[0.972s] Installing manager script to /home/ALEX/anytrack/ros/install/anytrack/lib/anytrack
[0.972s] Installing object_estimator script to /home/ALEX/anytrack/ros/install/anytrack/lib/anytrack
[0.973s] Installing pointcloud_publisher script to /home/ALEX/anytrack/ros/install/anytrack/lib/anytrack
[0.973s] Installing position_manager script to /home/ALEX/anytrack/ros/install/anytrack/lib/anytrack
[0.973s] Installing simulation_publisher script to /home/ALEX/anytrack/ros/install/anytrack/lib/anytrack
[0.973s] Installing test script to /home/ALEX/anytrack/ros/install/anytrack/lib/anytrack
[0.973s] 
[0.973s] Installed /home/ALEX/anytrack/ros/build/anytrack
[0.973s] running install_data
[0.999s] Invoked command in '/home/ALEX/anytrack/ros/build/anytrack' returned '0': PYTHONPATH=/home/ALEX/anytrack/ros/build/anytrack/prefix_override:/home/ALEX/anytrack/ros/install/anytrack/lib/python3.10/site-packages:${PYTHONPATH} /usr/bin/python3 setup.py develop --editable --build-directory /home/ALEX/anytrack/ros/build/anytrack/build --no-deps install_data
