[0.020s] Invoking command in '/home/ALEX/anytrack/ros/build/scanner_interfaces': CMAKE_PREFIX_PATH=${CMAKE_PREFIX_PATH}:/home/ALEX/anytrack/ros/install/test_py_pkg:/home/ALEX/anytrack/ros/install/scannerV2:/home/ALEX/anytrack/ros/install/scanner:/home/ALEX/anytrack/ros/install/anytrack:/opt/ros/humble /usr/bin/cmake --build /home/ALEX/anytrack/ros/build/scanner_interfaces -- -j12 -l12
[0.048s] -- Found ament_cmake: 1.3.4 (/opt/ros/humble/share/ament_cmake/cmake)
[0.187s] -- Found rosidl_default_generators: 1.2.0 (/opt/ros/humble/share/rosidl_default_generators/cmake)
[0.189s] -- Using all available rosidl_typesupport_c: rosidl_typesupport_fastrtps_c;rosidl_typesupport_introspection_c
[0.192s] -- Found rosidl_adapter: 3.1.4 (/opt/ros/humble/share/rosidl_adapter/cmake)
[0.223s] -- Using all available rosidl_typesupport_cpp: rosidl_typesupport_fastrtps_cpp;rosidl_typesupport_introspection_cpp
[0.250s] -- Found std_msgs: 4.2.3 (/opt/ros/humble/share/std_msgs/cmake)
[0.579s] -- Found ament_cmake_ros: 0.10.0 (/opt/ros/humble/share/ament_cmake_ros/cmake)
[0.784s] -- Using all available rosidl_typesupport_c: rosidl_typesupport_fastrtps_c;rosidl_typesupport_introspection_c
[1.053s] -- Using all available rosidl_typesupport_cpp: rosidl_typesupport_fastrtps_cpp;rosidl_typesupport_introspection_cpp
[1.074s] -- Found python_cmake_module: 0.10.0 (/opt/ros/humble/share/python_cmake_module/cmake)
[1.095s] -- Using PYTHON_EXECUTABLE: /usr/bin/python3
[1.095s] -- Using PYTHON_INCLUDE_DIRS: /usr/include/python3.10
[1.095s] -- Using PYTHON_LIBRARIES: /usr/lib/x86_64-linux-gnu/libpython3.10.so
[1.131s] -- Configuring done
[1.166s] -- Generating done
[1.169s] -- Build files have been written to: /home/ALEX/anytrack/ros/build/scanner_interfaces
[1.188s] [35m[1mConsolidate compiler generated dependencies of target scanner_interfaces__rosidl_generator_c[0m
[1.195s] [  1%] Built target scanner_interfaces__cpp
[1.199s] [  3%] [32mBuilding C object CMakeFiles/scanner_interfaces__rosidl_generator_c.dir/rosidl_generator_c/scanner_interfaces/msg/detail/location__functions.c.o[0m
[1.199s] [  5%] [32mBuilding C object CMakeFiles/scanner_interfaces__rosidl_generator_c.dir/rosidl_generator_c/scanner_interfaces/msg/detail/tracks__functions.c.o[0m
[1.199s] [  7%] [32mBuilding C object CMakeFiles/scanner_interfaces__rosidl_generator_c.dir/rosidl_generator_c/scanner_interfaces/msg/detail/object__functions.c.o[0m
[1.200s] [  9%] [32mBuilding C object CMakeFiles/scanner_interfaces__rosidl_generator_c.dir/rosidl_generator_c/scanner_interfaces/msg/detail/camera_locations__functions.c.o[0m
[1.205s] [  9%] Built target ament_cmake_python_copy_scanner_interfaces
[1.206s] [35m[1mConsolidate compiler generated dependencies of target scanner_interfaces__rosidl_typesupport_fastrtps_cpp[0m
[1.208s] [35m[1mConsolidate compiler generated dependencies of target scanner_interfaces__rosidl_typesupport_cpp[0m
[1.208s] [35m[1mConsolidate compiler generated dependencies of target scanner_interfaces__rosidl_typesupport_introspection_cpp[0m
[1.224s] [ 10%] [32mBuilding CXX object CMakeFiles/scanner_interfaces__rosidl_typesupport_fastrtps_cpp.dir/rosidl_typesupport_fastrtps_cpp/scanner_interfaces/msg/detail/dds_fastrtps/tracks__type_support.cpp.o[0m
[1.224s] [ 12%] [32mBuilding CXX object CMakeFiles/scanner_interfaces__rosidl_typesupport_fastrtps_cpp.dir/rosidl_typesupport_fastrtps_cpp/scanner_interfaces/msg/detail/dds_fastrtps/location__type_support.cpp.o[0m
[1.225s] [ 14%] [32mBuilding CXX object CMakeFiles/scanner_interfaces__rosidl_typesupport_cpp.dir/rosidl_typesupport_cpp/scanner_interfaces/msg/object__type_support.cpp.o[0m
[1.225s] [ 16%] [32mBuilding CXX object CMakeFiles/scanner_interfaces__rosidl_typesupport_fastrtps_cpp.dir/rosidl_typesupport_fastrtps_cpp/scanner_interfaces/msg/detail/dds_fastrtps/object__type_support.cpp.o[0m
[1.227s] [ 18%] [32mBuilding CXX object CMakeFiles/scanner_interfaces__rosidl_typesupport_fastrtps_cpp.dir/rosidl_typesupport_fastrtps_cpp/scanner_interfaces/msg/detail/dds_fastrtps/camera_locations__type_support.cpp.o[0m
[1.230s] [ 20%] [32mBuilding CXX object CMakeFiles/scanner_interfaces__rosidl_typesupport_cpp.dir/rosidl_typesupport_cpp/scanner_interfaces/msg/tracks__type_support.cpp.o[0m
[1.234s] [ 21%] [32mBuilding CXX object CMakeFiles/scanner_interfaces__rosidl_typesupport_introspection_cpp.dir/rosidl_typesupport_introspection_cpp/scanner_interfaces/msg/detail/object__type_support.cpp.o[0m
[1.262s] [ 23%] [32mBuilding CXX object CMakeFiles/scanner_interfaces__rosidl_typesupport_cpp.dir/rosidl_typesupport_cpp/scanner_interfaces/msg/location__type_support.cpp.o[0m
[1.262s] [ 27%] [32mBuilding CXX object CMakeFiles/scanner_interfaces__rosidl_typesupport_introspection_cpp.dir/rosidl_typesupport_introspection_cpp/scanner_interfaces/msg/detail/tracks__type_support.cpp.o[0m
[1.263s] [ 27%] [32mBuilding CXX object CMakeFiles/scanner_interfaces__rosidl_typesupport_cpp.dir/rosidl_typesupport_cpp/scanner_interfaces/msg/camera_locations__type_support.cpp.o[0m
[1.282s] [ 29%] [32m[1mLinking C shared library libscanner_interfaces__rosidl_generator_c.so[0m
[1.443s] [ 30%] Built target scanner_interfaces__rosidl_generator_c
[1.494s] [ 32%] [34m[1mGenerating C type support for eProsima Fast-RTPS[0m
[1.621s] [ 34%] [34m[1mGenerating C introspection for ROS interfaces[0m
[1.633s] running egg_info
[1.634s] writing scanner_interfaces.egg-info/PKG-INFO
[1.634s] writing dependency_links to scanner_interfaces.egg-info/dependency_links.txt
[1.634s] writing top-level names to scanner_interfaces.egg-info/top_level.txt
[1.637s] [ 36%] [34m[1mGenerating C type support dispatch for ROS interfaces[0m
[1.638s] reading manifest file 'scanner_interfaces.egg-info/SOURCES.txt'
[1.639s] writing manifest file 'scanner_interfaces.egg-info/SOURCES.txt'
[1.650s] [ 38%] [32mBuilding CXX object CMakeFiles/scanner_interfaces__rosidl_typesupport_introspection_cpp.dir/rosidl_typesupport_introspection_cpp/scanner_interfaces/msg/detail/location__type_support.cpp.o[0m
[1.668s] [ 40%] [32m[1mLinking CXX shared library libscanner_interfaces__rosidl_typesupport_cpp.so[0m
[1.710s] [ 40%] Built target ament_cmake_python_build_scanner_interfaces_egg
[1.721s] [ 41%] [32mBuilding CXX object CMakeFiles/scanner_interfaces__rosidl_typesupport_introspection_cpp.dir/rosidl_typesupport_introspection_cpp/scanner_interfaces/msg/detail/camera_locations__type_support.cpp.o[0m
[1.792s] [ 43%] Built target scanner_interfaces__rosidl_typesupport_cpp
[1.875s] [ 45%] [32m[1mLinking CXX shared library libscanner_interfaces__rosidl_typesupport_fastrtps_cpp.so[0m
[1.955s] [ 47%] Built target scanner_interfaces__rosidl_typesupport_fastrtps_cpp
[2.073s] [35m[1mConsolidate compiler generated dependencies of target scanner_interfaces__rosidl_typesupport_c[0m
[2.083s] [ 49%] [32mBuilding CXX object CMakeFiles/scanner_interfaces__rosidl_typesupport_c.dir/rosidl_typesupport_c/scanner_interfaces/msg/tracks__type_support.cpp.o[0m
[2.083s] [ 52%] [32mBuilding CXX object CMakeFiles/scanner_interfaces__rosidl_typesupport_c.dir/rosidl_typesupport_c/scanner_interfaces/msg/camera_locations__type_support.cpp.o[0m
[2.083s] [ 52%] [32mBuilding CXX object CMakeFiles/scanner_interfaces__rosidl_typesupport_c.dir/rosidl_typesupport_c/scanner_interfaces/msg/location__type_support.cpp.o[0m
[2.085s] [ 54%] [32mBuilding CXX object CMakeFiles/scanner_interfaces__rosidl_typesupport_c.dir/rosidl_typesupport_c/scanner_interfaces/msg/object__type_support.cpp.o[0m
[2.114s] [ 56%] [32m[1mLinking CXX shared library libscanner_interfaces__rosidl_typesupport_introspection_cpp.so[0m
[2.115s] [ 58%] [32m[1mLinking CXX shared library libscanner_interfaces__rosidl_typesupport_c.so[0m
[2.137s] [35m[1mConsolidate compiler generated dependencies of target scanner_interfaces__rosidl_typesupport_fastrtps_c[0m
[2.144s] [35m[1mConsolidate compiler generated dependencies of target scanner_interfaces__rosidl_typesupport_introspection_c[0m
[2.155s] [ 61%] [32mBuilding CXX object CMakeFiles/scanner_interfaces__rosidl_typesupport_fastrtps_c.dir/rosidl_typesupport_fastrtps_c/scanner_interfaces/msg/detail/camera_locations__type_support_c.cpp.o[0m
[2.156s] [ 63%] [32mBuilding CXX object CMakeFiles/scanner_interfaces__rosidl_typesupport_fastrtps_c.dir/rosidl_typesupport_fastrtps_c/scanner_interfaces/msg/detail/location__type_support_c.cpp.o[0m
[2.156s] [ 65%] [32mBuilding CXX object CMakeFiles/scanner_interfaces__rosidl_typesupport_fastrtps_c.dir/rosidl_typesupport_fastrtps_c/scanner_interfaces/msg/detail/object__type_support_c.cpp.o[0m
[2.156s] [ 65%] [32mBuilding CXX object CMakeFiles/scanner_interfaces__rosidl_typesupport_fastrtps_c.dir/rosidl_typesupport_fastrtps_c/scanner_interfaces/msg/detail/tracks__type_support_c.cpp.o[0m
[2.161s] [ 70%] [32mBuilding C object CMakeFiles/scanner_interfaces__rosidl_typesupport_introspection_c.dir/rosidl_typesupport_introspection_c/scanner_interfaces/msg/detail/tracks__type_support.c.o[0m
[2.161s] [ 70%] [32mBuilding C object CMakeFiles/scanner_interfaces__rosidl_typesupport_introspection_c.dir/rosidl_typesupport_introspection_c/scanner_interfaces/msg/detail/location__type_support.c.o[0m
[2.161s] [ 72%] [32mBuilding C object CMakeFiles/scanner_interfaces__rosidl_typesupport_introspection_c.dir/rosidl_typesupport_introspection_c/scanner_interfaces/msg/detail/object__type_support.c.o[0m
[2.162s] [ 72%] [32mBuilding C object CMakeFiles/scanner_interfaces__rosidl_typesupport_introspection_c.dir/rosidl_typesupport_introspection_c/scanner_interfaces/msg/detail/camera_locations__type_support.c.o[0m
[2.166s] [ 72%] Built target scanner_interfaces__rosidl_typesupport_c
[2.206s] [ 74%] [32m[1mLinking C shared library libscanner_interfaces__rosidl_typesupport_introspection_c.so[0m
[2.232s] [ 76%] Built target scanner_interfaces__rosidl_typesupport_introspection_cpp
[2.237s] [ 76%] Built target scanner_interfaces__rosidl_typesupport_introspection_c
[2.471s] [ 78%] [32m[1mLinking CXX shared library libscanner_interfaces__rosidl_typesupport_fastrtps_c.so[0m
[2.534s] [ 78%] Built target scanner_interfaces__rosidl_typesupport_fastrtps_c
[2.549s] [ 78%] Built target scanner_interfaces
[2.565s] [ 80%] [34m[1mGenerating Python code for ROS interfaces[0m
[3.200s] [ 80%] Built target scanner_interfaces__py
[3.210s] [35m[1mConsolidate compiler generated dependencies of target scanner_interfaces__rosidl_generator_py[0m
[3.222s] [ 85%] [32mBuilding C object CMakeFiles/scanner_interfaces__rosidl_generator_py.dir/rosidl_generator_py/scanner_interfaces/msg/_object_s.c.o[0m
[3.223s] [ 85%] [32mBuilding C object CMakeFiles/scanner_interfaces__rosidl_generator_py.dir/rosidl_generator_py/scanner_interfaces/msg/_tracks_s.c.o[0m
[3.223s] [ 85%] [32mBuilding C object CMakeFiles/scanner_interfaces__rosidl_generator_py.dir/rosidl_generator_py/scanner_interfaces/msg/_camera_locations_s.c.o[0m
[3.223s] [ 87%] [32mBuilding C object CMakeFiles/scanner_interfaces__rosidl_generator_py.dir/rosidl_generator_py/scanner_interfaces/msg/_location_s.c.o[0m
[3.335s] [ 89%] [32m[1mLinking C shared library rosidl_generator_py/scanner_interfaces/libscanner_interfaces__rosidl_generator_py.so[0m
[3.382s] [ 89%] Built target scanner_interfaces__rosidl_generator_py
[3.391s] [35m[1mConsolidate compiler generated dependencies of target scanner_interfaces__rosidl_typesupport_c__pyext[0m
[3.391s] [35m[1mConsolidate compiler generated dependencies of target scanner_interfaces__rosidl_typesupport_fastrtps_c__pyext[0m
[3.391s] [35m[1mConsolidate compiler generated dependencies of target scanner_interfaces__rosidl_typesupport_introspection_c__pyext[0m
[3.403s] [ 90%] [32mBuilding C object CMakeFiles/scanner_interfaces__rosidl_typesupport_c__pyext.dir/rosidl_generator_py/scanner_interfaces/_scanner_interfaces_s.ep.rosidl_typesupport_c.c.o[0m
[3.404s] [ 92%] [32mBuilding C object CMakeFiles/scanner_interfaces__rosidl_typesupport_introspection_c__pyext.dir/rosidl_generator_py/scanner_interfaces/_scanner_interfaces_s.ep.rosidl_typesupport_introspection_c.c.o[0m
[3.404s] [ 94%] [32mBuilding C object CMakeFiles/scanner_interfaces__rosidl_typesupport_fastrtps_c__pyext.dir/rosidl_generator_py/scanner_interfaces/_scanner_interfaces_s.ep.rosidl_typesupport_fastrtps_c.c.o[0m
[3.501s] [ 98%] [32m[1mLinking C shared library rosidl_generator_py/scanner_interfaces/scanner_interfaces_s__rosidl_typesupport_c.cpython-310-x86_64-linux-gnu.so[0m
[3.501s] [ 98%] [32m[1mLinking C shared library rosidl_generator_py/scanner_interfaces/scanner_interfaces_s__rosidl_typesupport_introspection_c.cpython-310-x86_64-linux-gnu.so[0m
[3.505s] [100%] [32m[1mLinking C shared library rosidl_generator_py/scanner_interfaces/scanner_interfaces_s__rosidl_typesupport_fastrtps_c.cpython-310-x86_64-linux-gnu.so[0m
[3.535s] [100%] Built target scanner_interfaces__rosidl_typesupport_introspection_c__pyext
[3.540s] [100%] Built target scanner_interfaces__rosidl_typesupport_fastrtps_c__pyext
[3.540s] [100%] Built target scanner_interfaces__rosidl_typesupport_c__pyext
[3.549s] Invoked command in '/home/ALEX/anytrack/ros/build/scanner_interfaces' returned '0': CMAKE_PREFIX_PATH=${CMAKE_PREFIX_PATH}:/home/ALEX/anytrack/ros/install/test_py_pkg:/home/ALEX/anytrack/ros/install/scannerV2:/home/ALEX/anytrack/ros/install/scanner:/home/ALEX/anytrack/ros/install/anytrack:/opt/ros/humble /usr/bin/cmake --build /home/ALEX/anytrack/ros/build/scanner_interfaces -- -j12 -l12
[3.634s] Invoking command in '/home/ALEX/anytrack/ros/build/scanner_interfaces': CMAKE_PREFIX_PATH=${CMAKE_PREFIX_PATH}:/home/ALEX/anytrack/ros/install/test_py_pkg:/home/ALEX/anytrack/ros/install/scannerV2:/home/ALEX/anytrack/ros/install/scanner:/home/ALEX/anytrack/ros/install/anytrack:/opt/ros/humble /usr/bin/cmake --install /home/ALEX/anytrack/ros/build/scanner_interfaces
[3.641s] -- Install configuration: ""
[3.641s] -- Up-to-date: /home/ALEX/anytrack/ros/install/scanner_interfaces/share/ament_index/resource_index/rosidl_interfaces/scanner_interfaces
[3.641s] -- Up-to-date: /home/ALEX/anytrack/ros/install/scanner_interfaces/include/scanner_interfaces/scanner_interfaces
[3.641s] -- Up-to-date: /home/ALEX/anytrack/ros/install/scanner_interfaces/include/scanner_interfaces/scanner_interfaces/msg
[3.641s] -- Installing: /home/ALEX/anytrack/ros/install/scanner_interfaces/include/scanner_interfaces/scanner_interfaces/msg/tracks.h
[3.641s] -- Installing: /home/ALEX/anytrack/ros/install/scanner_interfaces/include/scanner_interfaces/scanner_interfaces/msg/camera_locations.h
[3.642s] -- Up-to-date: /home/ALEX/anytrack/ros/install/scanner_interfaces/include/scanner_interfaces/scanner_interfaces/msg/rosidl_generator_c__visibility_control.h
[3.642s] -- Installing: /home/ALEX/anytrack/ros/install/scanner_interfaces/include/scanner_interfaces/scanner_interfaces/msg/object.h
[3.642s] -- Up-to-date: /home/ALEX/anytrack/ros/install/scanner_interfaces/include/scanner_interfaces/scanner_interfaces/msg/detail
[3.642s] -- Installing: /home/ALEX/anytrack/ros/install/scanner_interfaces/include/scanner_interfaces/scanner_interfaces/msg/detail/tracks__type_support.h
[3.642s] -- Installing: /home/ALEX/anytrack/ros/install/scanner_interfaces/include/scanner_interfaces/scanner_interfaces/msg/detail/tracks__struct.h
[3.642s] -- Installing: /home/ALEX/anytrack/ros/install/scanner_interfaces/include/scanner_interfaces/scanner_interfaces/msg/detail/tracks__functions.c
[3.642s] -- Installing: /home/ALEX/anytrack/ros/install/scanner_interfaces/include/scanner_interfaces/scanner_interfaces/msg/detail/camera_locations__functions.c
[3.642s] -- Installing: /home/ALEX/anytrack/ros/install/scanner_interfaces/include/scanner_interfaces/scanner_interfaces/msg/detail/location__type_support.h
[3.642s] -- Installing: /home/ALEX/anytrack/ros/install/scanner_interfaces/include/scanner_interfaces/scanner_interfaces/msg/detail/object__functions.h
[3.643s] -- Installing: /home/ALEX/anytrack/ros/install/scanner_interfaces/include/scanner_interfaces/scanner_interfaces/msg/detail/camera_locations__type_support.h
[3.643s] -- Installing: /home/ALEX/anytrack/ros/install/scanner_interfaces/include/scanner_interfaces/scanner_interfaces/msg/detail/object__struct.h
[3.643s] -- Installing: /home/ALEX/anytrack/ros/install/scanner_interfaces/include/scanner_interfaces/scanner_interfaces/msg/detail/location__struct.h
[3.643s] -- Installing: /home/ALEX/anytrack/ros/install/scanner_interfaces/include/scanner_interfaces/scanner_interfaces/msg/detail/object__functions.c
[3.643s] -- Installing: /home/ALEX/anytrack/ros/install/scanner_interfaces/include/scanner_interfaces/scanner_interfaces/msg/detail/location__functions.c
[3.643s] -- Installing: /home/ALEX/anytrack/ros/install/scanner_interfaces/include/scanner_interfaces/scanner_interfaces/msg/detail/object__type_support.h
[3.643s] -- Installing: /home/ALEX/anytrack/ros/install/scanner_interfaces/include/scanner_interfaces/scanner_interfaces/msg/detail/tracks__functions.h
[3.643s] -- Installing: /home/ALEX/anytrack/ros/install/scanner_interfaces/include/scanner_interfaces/scanner_interfaces/msg/detail/location__functions.h
[3.644s] -- Installing: /home/ALEX/anytrack/ros/install/scanner_interfaces/include/scanner_interfaces/scanner_interfaces/msg/detail/camera_locations__functions.h
[3.644s] -- Installing: /home/ALEX/anytrack/ros/install/scanner_interfaces/include/scanner_interfaces/scanner_interfaces/msg/detail/camera_locations__struct.h
[3.644s] -- Installing: /home/ALEX/anytrack/ros/install/scanner_interfaces/include/scanner_interfaces/scanner_interfaces/msg/location.h
[3.644s] -- Up-to-date: /home/ALEX/anytrack/ros/install/scanner_interfaces/share/scanner_interfaces/environment/library_path.sh
[3.644s] -- Installing: /home/ALEX/anytrack/ros/install/scanner_interfaces/share/scanner_interfaces/environment/library_path.dsv
[3.644s] -- Installing: /home/ALEX/anytrack/ros/install/scanner_interfaces/lib/libscanner_interfaces__rosidl_generator_c.so
[3.644s] -- Set runtime path of "/home/ALEX/anytrack/ros/install/scanner_interfaces/lib/libscanner_interfaces__rosidl_generator_c.so" to ""
[3.644s] -- Up-to-date: /home/ALEX/anytrack/ros/install/scanner_interfaces/include/scanner_interfaces/scanner_interfaces
[3.644s] -- Up-to-date: /home/ALEX/anytrack/ros/install/scanner_interfaces/include/scanner_interfaces/scanner_interfaces/msg
[3.645s] -- Up-to-date: /home/ALEX/anytrack/ros/install/scanner_interfaces/include/scanner_interfaces/scanner_interfaces/msg/rosidl_typesupport_fastrtps_c__visibility_control.h
[3.645s] -- Up-to-date: /home/ALEX/anytrack/ros/install/scanner_interfaces/include/scanner_interfaces/scanner_interfaces/msg/detail
[3.645s] -- Installing: /home/ALEX/anytrack/ros/install/scanner_interfaces/include/scanner_interfaces/scanner_interfaces/msg/detail/tracks__rosidl_typesupport_fastrtps_c.h
[3.645s] -- Installing: /home/ALEX/anytrack/ros/install/scanner_interfaces/include/scanner_interfaces/scanner_interfaces/msg/detail/object__rosidl_typesupport_fastrtps_c.h
[3.645s] -- Installing: /home/ALEX/anytrack/ros/install/scanner_interfaces/include/scanner_interfaces/scanner_interfaces/msg/detail/camera_locations__rosidl_typesupport_fastrtps_c.h
[3.645s] -- Installing: /home/ALEX/anytrack/ros/install/scanner_interfaces/include/scanner_interfaces/scanner_interfaces/msg/detail/location__rosidl_typesupport_fastrtps_c.h
[3.645s] -- Installing: /home/ALEX/anytrack/ros/install/scanner_interfaces/lib/libscanner_interfaces__rosidl_typesupport_fastrtps_c.so
[3.645s] -- Set runtime path of "/home/ALEX/anytrack/ros/install/scanner_interfaces/lib/libscanner_interfaces__rosidl_typesupport_fastrtps_c.so" to ""
[3.645s] -- Up-to-date: /home/ALEX/anytrack/ros/install/scanner_interfaces/include/scanner_interfaces/scanner_interfaces
[3.646s] -- Up-to-date: /home/ALEX/anytrack/ros/install/scanner_interfaces/include/scanner_interfaces/scanner_interfaces/msg
[3.646s] -- Up-to-date: /home/ALEX/anytrack/ros/install/scanner_interfaces/include/scanner_interfaces/scanner_interfaces/msg/detail
[3.646s] -- Installing: /home/ALEX/anytrack/ros/install/scanner_interfaces/include/scanner_interfaces/scanner_interfaces/msg/detail/location__rosidl_typesupport_introspection_c.h
[3.646s] -- Installing: /home/ALEX/anytrack/ros/install/scanner_interfaces/include/scanner_interfaces/scanner_interfaces/msg/detail/location__type_support.c
[3.646s] -- Installing: /home/ALEX/anytrack/ros/install/scanner_interfaces/include/scanner_interfaces/scanner_interfaces/msg/detail/camera_locations__rosidl_typesupport_introspection_c.h
[3.646s] -- Installing: /home/ALEX/anytrack/ros/install/scanner_interfaces/include/scanner_interfaces/scanner_interfaces/msg/detail/camera_locations__type_support.c
[3.646s] -- Installing: /home/ALEX/anytrack/ros/install/scanner_interfaces/include/scanner_interfaces/scanner_interfaces/msg/detail/tracks__type_support.c
[3.646s] -- Installing: /home/ALEX/anytrack/ros/install/scanner_interfaces/include/scanner_interfaces/scanner_interfaces/msg/detail/object__rosidl_typesupport_introspection_c.h
[3.646s] -- Installing: /home/ALEX/anytrack/ros/install/scanner_interfaces/include/scanner_interfaces/scanner_interfaces/msg/detail/object__type_support.c
[3.647s] -- Installing: /home/ALEX/anytrack/ros/install/scanner_interfaces/include/scanner_interfaces/scanner_interfaces/msg/detail/tracks__rosidl_typesupport_introspection_c.h
[3.647s] -- Up-to-date: /home/ALEX/anytrack/ros/install/scanner_interfaces/include/scanner_interfaces/scanner_interfaces/msg/rosidl_typesupport_introspection_c__visibility_control.h
[3.647s] -- Installing: /home/ALEX/anytrack/ros/install/scanner_interfaces/lib/libscanner_interfaces__rosidl_typesupport_introspection_c.so
[3.647s] -- Set runtime path of "/home/ALEX/anytrack/ros/install/scanner_interfaces/lib/libscanner_interfaces__rosidl_typesupport_introspection_c.so" to ""
[3.647s] -- Installing: /home/ALEX/anytrack/ros/install/scanner_interfaces/lib/libscanner_interfaces__rosidl_typesupport_c.so
[3.647s] -- Set runtime path of "/home/ALEX/anytrack/ros/install/scanner_interfaces/lib/libscanner_interfaces__rosidl_typesupport_c.so" to ""
[3.647s] -- Up-to-date: /home/ALEX/anytrack/ros/install/scanner_interfaces/include/scanner_interfaces/scanner_interfaces
[3.647s] -- Up-to-date: /home/ALEX/anytrack/ros/install/scanner_interfaces/include/scanner_interfaces/scanner_interfaces/msg
[3.647s] -- Installing: /home/ALEX/anytrack/ros/install/scanner_interfaces/include/scanner_interfaces/scanner_interfaces/msg/tracks.hpp
[3.648s] -- Up-to-date: /home/ALEX/anytrack/ros/install/scanner_interfaces/include/scanner_interfaces/scanner_interfaces/msg/detail
[3.648s] -- Installing: /home/ALEX/anytrack/ros/install/scanner_interfaces/include/scanner_interfaces/scanner_interfaces/msg/detail/location__struct.hpp
[3.648s] -- Installing: /home/ALEX/anytrack/ros/install/scanner_interfaces/include/scanner_interfaces/scanner_interfaces/msg/detail/tracks__struct.hpp
[3.648s] -- Installing: /home/ALEX/anytrack/ros/install/scanner_interfaces/include/scanner_interfaces/scanner_interfaces/msg/detail/object__traits.hpp
[3.648s] -- Installing: /home/ALEX/anytrack/ros/install/scanner_interfaces/include/scanner_interfaces/scanner_interfaces/msg/detail/tracks__traits.hpp
[3.648s] -- Installing: /home/ALEX/anytrack/ros/install/scanner_interfaces/include/scanner_interfaces/scanner_interfaces/msg/detail/location__traits.hpp
[3.648s] -- Installing: /home/ALEX/anytrack/ros/install/scanner_interfaces/include/scanner_interfaces/scanner_interfaces/msg/detail/camera_locations__builder.hpp
[3.648s] -- Installing: /home/ALEX/anytrack/ros/install/scanner_interfaces/include/scanner_interfaces/scanner_interfaces/msg/detail/camera_locations__struct.hpp
[3.648s] -- Installing: /home/ALEX/anytrack/ros/install/scanner_interfaces/include/scanner_interfaces/scanner_interfaces/msg/detail/location__builder.hpp
[3.649s] -- Installing: /home/ALEX/anytrack/ros/install/scanner_interfaces/include/scanner_interfaces/scanner_interfaces/msg/detail/tracks__builder.hpp
[3.649s] -- Installing: /home/ALEX/anytrack/ros/install/scanner_interfaces/include/scanner_interfaces/scanner_interfaces/msg/detail/camera_locations__traits.hpp
[3.649s] -- Installing: /home/ALEX/anytrack/ros/install/scanner_interfaces/include/scanner_interfaces/scanner_interfaces/msg/detail/object__builder.hpp
[3.649s] -- Installing: /home/ALEX/anytrack/ros/install/scanner_interfaces/include/scanner_interfaces/scanner_interfaces/msg/detail/object__struct.hpp
[3.649s] -- Installing: /home/ALEX/anytrack/ros/install/scanner_interfaces/include/scanner_interfaces/scanner_interfaces/msg/camera_locations.hpp
[3.649s] -- Installing: /home/ALEX/anytrack/ros/install/scanner_interfaces/include/scanner_interfaces/scanner_interfaces/msg/object.hpp
[3.649s] -- Installing: /home/ALEX/anytrack/ros/install/scanner_interfaces/include/scanner_interfaces/scanner_interfaces/msg/location.hpp
[3.649s] -- Up-to-date: /home/ALEX/anytrack/ros/install/scanner_interfaces/include/scanner_interfaces/scanner_interfaces
[3.649s] -- Up-to-date: /home/ALEX/anytrack/ros/install/scanner_interfaces/include/scanner_interfaces/scanner_interfaces/msg
[3.650s] -- Up-to-date: /home/ALEX/anytrack/ros/install/scanner_interfaces/include/scanner_interfaces/scanner_interfaces/msg/rosidl_typesupport_fastrtps_cpp__visibility_control.h
[3.650s] -- Up-to-date: /home/ALEX/anytrack/ros/install/scanner_interfaces/include/scanner_interfaces/scanner_interfaces/msg/detail
[3.650s] -- Installing: /home/ALEX/anytrack/ros/install/scanner_interfaces/include/scanner_interfaces/scanner_interfaces/msg/detail/location__rosidl_typesupport_fastrtps_cpp.hpp
[3.650s] -- Installing: /home/ALEX/anytrack/ros/install/scanner_interfaces/include/scanner_interfaces/scanner_interfaces/msg/detail/tracks__rosidl_typesupport_fastrtps_cpp.hpp
[3.650s] -- Up-to-date: /home/ALEX/anytrack/ros/install/scanner_interfaces/include/scanner_interfaces/scanner_interfaces/msg/detail/dds_fastrtps
[3.650s] -- Installing: /home/ALEX/anytrack/ros/install/scanner_interfaces/include/scanner_interfaces/scanner_interfaces/msg/detail/object__rosidl_typesupport_fastrtps_cpp.hpp
[3.650s] -- Installing: /home/ALEX/anytrack/ros/install/scanner_interfaces/include/scanner_interfaces/scanner_interfaces/msg/detail/camera_locations__rosidl_typesupport_fastrtps_cpp.hpp
[3.653s] -- Installing: /home/ALEX/anytrack/ros/install/scanner_interfaces/lib/libscanner_interfaces__rosidl_typesupport_fastrtps_cpp.so
[3.654s] -- Set runtime path of "/home/ALEX/anytrack/ros/install/scanner_interfaces/lib/libscanner_interfaces__rosidl_typesupport_fastrtps_cpp.so" to ""
[3.654s] -- Up-to-date: /home/ALEX/anytrack/ros/install/scanner_interfaces/include/scanner_interfaces/scanner_interfaces
[3.654s] -- Up-to-date: /home/ALEX/anytrack/ros/install/scanner_interfaces/include/scanner_interfaces/scanner_interfaces/msg
[3.654s] -- Up-to-date: /home/ALEX/anytrack/ros/install/scanner_interfaces/include/scanner_interfaces/scanner_interfaces/msg/detail
[3.654s] -- Installing: /home/ALEX/anytrack/ros/install/scanner_interfaces/include/scanner_interfaces/scanner_interfaces/msg/detail/location__type_support.cpp
[3.654s] -- Installing: /home/ALEX/anytrack/ros/install/scanner_interfaces/include/scanner_interfaces/scanner_interfaces/msg/detail/object__type_support.cpp
[3.654s] -- Installing: /home/ALEX/anytrack/ros/install/scanner_interfaces/include/scanner_interfaces/scanner_interfaces/msg/detail/location__rosidl_typesupport_introspection_cpp.hpp
[3.654s] -- Installing: /home/ALEX/anytrack/ros/install/scanner_interfaces/include/scanner_interfaces/scanner_interfaces/msg/detail/tracks__type_support.cpp
[3.655s] -- Installing: /home/ALEX/anytrack/ros/install/scanner_interfaces/include/scanner_interfaces/scanner_interfaces/msg/detail/camera_locations__rosidl_typesupport_introspection_cpp.hpp
[3.655s] -- Installing: /home/ALEX/anytrack/ros/install/scanner_interfaces/include/scanner_interfaces/scanner_interfaces/msg/detail/object__rosidl_typesupport_introspection_cpp.hpp
[3.655s] -- Installing: /home/ALEX/anytrack/ros/install/scanner_interfaces/include/scanner_interfaces/scanner_interfaces/msg/detail/camera_locations__type_support.cpp
[3.655s] -- Installing: /home/ALEX/anytrack/ros/install/scanner_interfaces/include/scanner_interfaces/scanner_interfaces/msg/detail/tracks__rosidl_typesupport_introspection_cpp.hpp
[3.655s] -- Installing: /home/ALEX/anytrack/ros/install/scanner_interfaces/lib/libscanner_interfaces__rosidl_typesupport_introspection_cpp.so
[3.655s] -- Set runtime path of "/home/ALEX/anytrack/ros/install/scanner_interfaces/lib/libscanner_interfaces__rosidl_typesupport_introspection_cpp.so" to ""
[3.656s] -- Installing: /home/ALEX/anytrack/ros/install/scanner_interfaces/lib/libscanner_interfaces__rosidl_typesupport_cpp.so
[3.656s] -- Set runtime path of "/home/ALEX/anytrack/ros/install/scanner_interfaces/lib/libscanner_interfaces__rosidl_typesupport_cpp.so" to ""
[3.656s] -- Up-to-date: /home/ALEX/anytrack/ros/install/scanner_interfaces/share/scanner_interfaces/environment/pythonpath.sh
[3.656s] -- Installing: /home/ALEX/anytrack/ros/install/scanner_interfaces/share/scanner_interfaces/environment/pythonpath.dsv
[3.656s] -- Up-to-date: /home/ALEX/anytrack/ros/install/scanner_interfaces/local/lib/python3.10/dist-packages/scanner_interfaces-0.0.0-py3.10.egg-info
[3.656s] -- Installing: /home/ALEX/anytrack/ros/install/scanner_interfaces/local/lib/python3.10/dist-packages/scanner_interfaces-0.0.0-py3.10.egg-info/dependency_links.txt
[3.656s] -- Installing: /home/ALEX/anytrack/ros/install/scanner_interfaces/local/lib/python3.10/dist-packages/scanner_interfaces-0.0.0-py3.10.egg-info/PKG-INFO
[3.656s] -- Installing: /home/ALEX/anytrack/ros/install/scanner_interfaces/local/lib/python3.10/dist-packages/scanner_interfaces-0.0.0-py3.10.egg-info/top_level.txt
[3.657s] -- Installing: /home/ALEX/anytrack/ros/install/scanner_interfaces/local/lib/python3.10/dist-packages/scanner_interfaces-0.0.0-py3.10.egg-info/SOURCES.txt
[3.657s] -- Up-to-date: /home/ALEX/anytrack/ros/install/scanner_interfaces/local/lib/python3.10/dist-packages/scanner_interfaces
[3.657s] -- Installing: /home/ALEX/anytrack/ros/install/scanner_interfaces/local/lib/python3.10/dist-packages/scanner_interfaces/_scanner_interfaces_s.ep.rosidl_typesupport_c.c
[3.657s] -- Installing: /home/ALEX/anytrack/ros/install/scanner_interfaces/local/lib/python3.10/dist-packages/scanner_interfaces/libscanner_interfaces__rosidl_generator_py.so
[3.657s] -- Installing: /home/ALEX/anytrack/ros/install/scanner_interfaces/local/lib/python3.10/dist-packages/scanner_interfaces/scanner_interfaces_s__rosidl_typesupport_fastrtps_c.cpython-310-x86_64-linux-gnu.so
[3.657s] -- Installing: /home/ALEX/anytrack/ros/install/scanner_interfaces/local/lib/python3.10/dist-packages/scanner_interfaces/scanner_interfaces_s__rosidl_typesupport_introspection_c.cpython-310-x86_64-linux-gnu.so
[3.657s] -- Installing: /home/ALEX/anytrack/ros/install/scanner_interfaces/local/lib/python3.10/dist-packages/scanner_interfaces/_scanner_interfaces_s.ep.rosidl_typesupport_introspection_c.c
[3.657s] -- Installing: /home/ALEX/anytrack/ros/install/scanner_interfaces/local/lib/python3.10/dist-packages/scanner_interfaces/scanner_interfaces_s__rosidl_typesupport_c.cpython-310-x86_64-linux-gnu.so
[3.657s] -- Installing: /home/ALEX/anytrack/ros/install/scanner_interfaces/local/lib/python3.10/dist-packages/scanner_interfaces/_scanner_interfaces_s.ep.rosidl_typesupport_fastrtps_c.c
[3.658s] -- Up-to-date: /home/ALEX/anytrack/ros/install/scanner_interfaces/local/lib/python3.10/dist-packages/scanner_interfaces/msg
[3.658s] -- Installing: /home/ALEX/anytrack/ros/install/scanner_interfaces/local/lib/python3.10/dist-packages/scanner_interfaces/msg/_camera_locations.py
[3.658s] -- Installing: /home/ALEX/anytrack/ros/install/scanner_interfaces/local/lib/python3.10/dist-packages/scanner_interfaces/msg/_tracks_s.c
[3.658s] -- Installing: /home/ALEX/anytrack/ros/install/scanner_interfaces/local/lib/python3.10/dist-packages/scanner_interfaces/msg/_camera_locations_s.c
[3.658s] -- Installing: /home/ALEX/anytrack/ros/install/scanner_interfaces/local/lib/python3.10/dist-packages/scanner_interfaces/msg/_object_s.c
[3.658s] -- Installing: /home/ALEX/anytrack/ros/install/scanner_interfaces/local/lib/python3.10/dist-packages/scanner_interfaces/msg/_tracks.py
[3.658s] -- Installing: /home/ALEX/anytrack/ros/install/scanner_interfaces/local/lib/python3.10/dist-packages/scanner_interfaces/msg/_location_s.c
[3.658s] -- Installing: /home/ALEX/anytrack/ros/install/scanner_interfaces/local/lib/python3.10/dist-packages/scanner_interfaces/msg/_location.py
[3.658s] -- Installing: /home/ALEX/anytrack/ros/install/scanner_interfaces/local/lib/python3.10/dist-packages/scanner_interfaces/msg/_object.py
[3.658s] -- Installing: /home/ALEX/anytrack/ros/install/scanner_interfaces/local/lib/python3.10/dist-packages/scanner_interfaces/msg/__init__.py
[3.659s] -- Installing: /home/ALEX/anytrack/ros/install/scanner_interfaces/local/lib/python3.10/dist-packages/scanner_interfaces/__init__.py
[3.694s] Listing '/home/ALEX/anytrack/ros/install/scanner_interfaces/local/lib/python3.10/dist-packages/scanner_interfaces'...
[3.694s] Compiling '/home/ALEX/anytrack/ros/install/scanner_interfaces/local/lib/python3.10/dist-packages/scanner_interfaces/__init__.py'...
[3.694s] Listing '/home/ALEX/anytrack/ros/install/scanner_interfaces/local/lib/python3.10/dist-packages/scanner_interfaces/msg'...
[3.694s] Compiling '/home/ALEX/anytrack/ros/install/scanner_interfaces/local/lib/python3.10/dist-packages/scanner_interfaces/msg/__init__.py'...
[3.694s] Compiling '/home/ALEX/anytrack/ros/install/scanner_interfaces/local/lib/python3.10/dist-packages/scanner_interfaces/msg/_camera_locations.py'...
[3.694s] Compiling '/home/ALEX/anytrack/ros/install/scanner_interfaces/local/lib/python3.10/dist-packages/scanner_interfaces/msg/_location.py'...
[3.694s] Compiling '/home/ALEX/anytrack/ros/install/scanner_interfaces/local/lib/python3.10/dist-packages/scanner_interfaces/msg/_object.py'...
[3.694s] Compiling '/home/ALEX/anytrack/ros/install/scanner_interfaces/local/lib/python3.10/dist-packages/scanner_interfaces/msg/_tracks.py'...
[3.698s] -- Installing: /home/ALEX/anytrack/ros/install/scanner_interfaces/local/lib/python3.10/dist-packages/scanner_interfaces/scanner_interfaces_s__rosidl_typesupport_fastrtps_c.cpython-310-x86_64-linux-gnu.so
[3.698s] -- Set runtime path of "/home/ALEX/anytrack/ros/install/scanner_interfaces/local/lib/python3.10/dist-packages/scanner_interfaces/scanner_interfaces_s__rosidl_typesupport_fastrtps_c.cpython-310-x86_64-linux-gnu.so" to ""
[3.698s] -- Installing: /home/ALEX/anytrack/ros/install/scanner_interfaces/local/lib/python3.10/dist-packages/scanner_interfaces/scanner_interfaces_s__rosidl_typesupport_introspection_c.cpython-310-x86_64-linux-gnu.so
[3.699s] -- Set runtime path of "/home/ALEX/anytrack/ros/install/scanner_interfaces/local/lib/python3.10/dist-packages/scanner_interfaces/scanner_interfaces_s__rosidl_typesupport_introspection_c.cpython-310-x86_64-linux-gnu.so" to ""
[3.699s] -- Installing: /home/ALEX/anytrack/ros/install/scanner_interfaces/local/lib/python3.10/dist-packages/scanner_interfaces/scanner_interfaces_s__rosidl_typesupport_c.cpython-310-x86_64-linux-gnu.so
[3.699s] -- Set runtime path of "/home/ALEX/anytrack/ros/install/scanner_interfaces/local/lib/python3.10/dist-packages/scanner_interfaces/scanner_interfaces_s__rosidl_typesupport_c.cpython-310-x86_64-linux-gnu.so" to ""
[3.699s] -- Installing: /home/ALEX/anytrack/ros/install/scanner_interfaces/lib/libscanner_interfaces__rosidl_generator_py.so
[3.700s] -- Set runtime path of "/home/ALEX/anytrack/ros/install/scanner_interfaces/lib/libscanner_interfaces__rosidl_generator_py.so" to ""
[3.700s] -- Up-to-date: /home/ALEX/anytrack/ros/install/scanner_interfaces/share/scanner_interfaces/msg/Object.idl
[3.700s] -- Installing: /home/ALEX/anytrack/ros/install/scanner_interfaces/share/scanner_interfaces/msg/Tracks.idl
[3.700s] -- Up-to-date: /home/ALEX/anytrack/ros/install/scanner_interfaces/share/scanner_interfaces/msg/Location.idl
[3.700s] -- Up-to-date: /home/ALEX/anytrack/ros/install/scanner_interfaces/share/scanner_interfaces/msg/CameraLocations.idl
[3.700s] -- Up-to-date: /home/ALEX/anytrack/ros/install/scanner_interfaces/share/scanner_interfaces/msg/Object.msg
[3.700s] -- Installing: /home/ALEX/anytrack/ros/install/scanner_interfaces/share/scanner_interfaces/msg/Tracks.msg
[3.701s] -- Up-to-date: /home/ALEX/anytrack/ros/install/scanner_interfaces/share/scanner_interfaces/msg/Location.msg
[3.701s] -- Up-to-date: /home/ALEX/anytrack/ros/install/scanner_interfaces/share/scanner_interfaces/msg/CameraLocations.msg
[3.701s] -- Up-to-date: /home/ALEX/anytrack/ros/install/scanner_interfaces/share/ament_index/resource_index/package_run_dependencies/scanner_interfaces
[3.701s] -- Up-to-date: /home/ALEX/anytrack/ros/install/scanner_interfaces/share/ament_index/resource_index/parent_prefix_path/scanner_interfaces
[3.701s] -- Installing: /home/ALEX/anytrack/ros/install/scanner_interfaces/share/scanner_interfaces/environment/ament_prefix_path.sh
[3.701s] -- Installing: /home/ALEX/anytrack/ros/install/scanner_interfaces/share/scanner_interfaces/environment/ament_prefix_path.dsv
[3.701s] -- Installing: /home/ALEX/anytrack/ros/install/scanner_interfaces/share/scanner_interfaces/environment/path.sh
[3.701s] -- Installing: /home/ALEX/anytrack/ros/install/scanner_interfaces/share/scanner_interfaces/environment/path.dsv
[3.701s] -- Up-to-date: /home/ALEX/anytrack/ros/install/scanner_interfaces/share/scanner_interfaces/local_setup.bash
[3.702s] -- Up-to-date: /home/ALEX/anytrack/ros/install/scanner_interfaces/share/scanner_interfaces/local_setup.sh
[3.702s] -- Up-to-date: /home/ALEX/anytrack/ros/install/scanner_interfaces/share/scanner_interfaces/local_setup.zsh
[3.702s] -- Installing: /home/ALEX/anytrack/ros/install/scanner_interfaces/share/scanner_interfaces/local_setup.dsv
[3.702s] -- Installing: /home/ALEX/anytrack/ros/install/scanner_interfaces/share/scanner_interfaces/package.dsv
[3.702s] -- Up-to-date: /home/ALEX/anytrack/ros/install/scanner_interfaces/share/ament_index/resource_index/packages/scanner_interfaces
[3.702s] -- Old export file "/home/ALEX/anytrack/ros/install/scanner_interfaces/share/scanner_interfaces/cmake/export_scanner_interfaces__rosidl_generator_cExport.cmake" will be replaced.  Removing files [/home/ALEX/anytrack/ros/install/scanner_interfaces/share/scanner_interfaces/cmake/export_scanner_interfaces__rosidl_generator_cExport-noconfig.cmake].
[3.702s] -- Installing: /home/ALEX/anytrack/ros/install/scanner_interfaces/share/scanner_interfaces/cmake/export_scanner_interfaces__rosidl_generator_cExport.cmake
[3.702s] -- Installing: /home/ALEX/anytrack/ros/install/scanner_interfaces/share/scanner_interfaces/cmake/export_scanner_interfaces__rosidl_generator_cExport-noconfig.cmake
[3.702s] -- Old export file "/home/ALEX/anytrack/ros/install/scanner_interfaces/share/scanner_interfaces/cmake/export_scanner_interfaces__rosidl_typesupport_fastrtps_cExport.cmake" will be replaced.  Removing files [/home/ALEX/anytrack/ros/install/scanner_interfaces/share/scanner_interfaces/cmake/export_scanner_interfaces__rosidl_typesupport_fastrtps_cExport-noconfig.cmake].
[3.702s] -- Installing: /home/ALEX/anytrack/ros/install/scanner_interfaces/share/scanner_interfaces/cmake/export_scanner_interfaces__rosidl_typesupport_fastrtps_cExport.cmake
[3.703s] -- Installing: /home/ALEX/anytrack/ros/install/scanner_interfaces/share/scanner_interfaces/cmake/export_scanner_interfaces__rosidl_typesupport_fastrtps_cExport-noconfig.cmake
[3.703s] -- Old export file "/home/ALEX/anytrack/ros/install/scanner_interfaces/share/scanner_interfaces/cmake/scanner_interfaces__rosidl_typesupport_introspection_cExport.cmake" will be replaced.  Removing files [/home/ALEX/anytrack/ros/install/scanner_interfaces/share/scanner_interfaces/cmake/scanner_interfaces__rosidl_typesupport_introspection_cExport-noconfig.cmake].
[3.703s] -- Installing: /home/ALEX/anytrack/ros/install/scanner_interfaces/share/scanner_interfaces/cmake/scanner_interfaces__rosidl_typesupport_introspection_cExport.cmake
[3.703s] -- Installing: /home/ALEX/anytrack/ros/install/scanner_interfaces/share/scanner_interfaces/cmake/scanner_interfaces__rosidl_typesupport_introspection_cExport-noconfig.cmake
[3.703s] -- Old export file "/home/ALEX/anytrack/ros/install/scanner_interfaces/share/scanner_interfaces/cmake/scanner_interfaces__rosidl_typesupport_cExport.cmake" will be replaced.  Removing files [/home/ALEX/anytrack/ros/install/scanner_interfaces/share/scanner_interfaces/cmake/scanner_interfaces__rosidl_typesupport_cExport-noconfig.cmake].
[3.703s] -- Installing: /home/ALEX/anytrack/ros/install/scanner_interfaces/share/scanner_interfaces/cmake/scanner_interfaces__rosidl_typesupport_cExport.cmake
[3.704s] -- Installing: /home/ALEX/anytrack/ros/install/scanner_interfaces/share/scanner_interfaces/cmake/scanner_interfaces__rosidl_typesupport_cExport-noconfig.cmake
[3.704s] -- Installing: /home/ALEX/anytrack/ros/install/scanner_interfaces/share/scanner_interfaces/cmake/export_scanner_interfaces__rosidl_generator_cppExport.cmake
[3.704s] -- Old export file "/home/ALEX/anytrack/ros/install/scanner_interfaces/share/scanner_interfaces/cmake/export_scanner_interfaces__rosidl_typesupport_fastrtps_cppExport.cmake" will be replaced.  Removing files [/home/ALEX/anytrack/ros/install/scanner_interfaces/share/scanner_interfaces/cmake/export_scanner_interfaces__rosidl_typesupport_fastrtps_cppExport-noconfig.cmake].
[3.704s] -- Installing: /home/ALEX/anytrack/ros/install/scanner_interfaces/share/scanner_interfaces/cmake/export_scanner_interfaces__rosidl_typesupport_fastrtps_cppExport.cmake
[3.704s] -- Installing: /home/ALEX/anytrack/ros/install/scanner_interfaces/share/scanner_interfaces/cmake/export_scanner_interfaces__rosidl_typesupport_fastrtps_cppExport-noconfig.cmake
[3.705s] -- Old export file "/home/ALEX/anytrack/ros/install/scanner_interfaces/share/scanner_interfaces/cmake/scanner_interfaces__rosidl_typesupport_introspection_cppExport.cmake" will be replaced.  Removing files [/home/ALEX/anytrack/ros/install/scanner_interfaces/share/scanner_interfaces/cmake/scanner_interfaces__rosidl_typesupport_introspection_cppExport-noconfig.cmake].
[3.705s] -- Installing: /home/ALEX/anytrack/ros/install/scanner_interfaces/share/scanner_interfaces/cmake/scanner_interfaces__rosidl_typesupport_introspection_cppExport.cmake
[3.705s] -- Installing: /home/ALEX/anytrack/ros/install/scanner_interfaces/share/scanner_interfaces/cmake/scanner_interfaces__rosidl_typesupport_introspection_cppExport-noconfig.cmake
[3.705s] -- Old export file "/home/ALEX/anytrack/ros/install/scanner_interfaces/share/scanner_interfaces/cmake/scanner_interfaces__rosidl_typesupport_cppExport.cmake" will be replaced.  Removing files [/home/ALEX/anytrack/ros/install/scanner_interfaces/share/scanner_interfaces/cmake/scanner_interfaces__rosidl_typesupport_cppExport-noconfig.cmake].
[3.705s] -- Installing: /home/ALEX/anytrack/ros/install/scanner_interfaces/share/scanner_interfaces/cmake/scanner_interfaces__rosidl_typesupport_cppExport.cmake
[3.705s] -- Installing: /home/ALEX/anytrack/ros/install/scanner_interfaces/share/scanner_interfaces/cmake/scanner_interfaces__rosidl_typesupport_cppExport-noconfig.cmake
[3.706s] -- Old export file "/home/ALEX/anytrack/ros/install/scanner_interfaces/share/scanner_interfaces/cmake/export_scanner_interfaces__rosidl_generator_pyExport.cmake" will be replaced.  Removing files [/home/ALEX/anytrack/ros/install/scanner_interfaces/share/scanner_interfaces/cmake/export_scanner_interfaces__rosidl_generator_pyExport-noconfig.cmake].
[3.706s] -- Installing: /home/ALEX/anytrack/ros/install/scanner_interfaces/share/scanner_interfaces/cmake/export_scanner_interfaces__rosidl_generator_pyExport.cmake
[3.706s] -- Installing: /home/ALEX/anytrack/ros/install/scanner_interfaces/share/scanner_interfaces/cmake/export_scanner_interfaces__rosidl_generator_pyExport-noconfig.cmake
[3.706s] -- Up-to-date: /home/ALEX/anytrack/ros/install/scanner_interfaces/share/scanner_interfaces/cmake/rosidl_cmake-extras.cmake
[3.706s] -- Installing: /home/ALEX/anytrack/ros/install/scanner_interfaces/share/scanner_interfaces/cmake/ament_cmake_export_dependencies-extras.cmake
[3.706s] -- Up-to-date: /home/ALEX/anytrack/ros/install/scanner_interfaces/share/scanner_interfaces/cmake/ament_cmake_export_include_directories-extras.cmake
[3.707s] -- Up-to-date: /home/ALEX/anytrack/ros/install/scanner_interfaces/share/scanner_interfaces/cmake/ament_cmake_export_libraries-extras.cmake
[3.707s] -- Up-to-date: /home/ALEX/anytrack/ros/install/scanner_interfaces/share/scanner_interfaces/cmake/ament_cmake_export_targets-extras.cmake
[3.707s] -- Up-to-date: /home/ALEX/anytrack/ros/install/scanner_interfaces/share/scanner_interfaces/cmake/rosidl_cmake_export_typesupport_targets-extras.cmake
[3.707s] -- Up-to-date: /home/ALEX/anytrack/ros/install/scanner_interfaces/share/scanner_interfaces/cmake/rosidl_cmake_export_typesupport_libraries-extras.cmake
[3.707s] -- Installing: /home/ALEX/anytrack/ros/install/scanner_interfaces/share/scanner_interfaces/cmake/scanner_interfacesConfig.cmake
[3.707s] -- Up-to-date: /home/ALEX/anytrack/ros/install/scanner_interfaces/share/scanner_interfaces/cmake/scanner_interfacesConfig-version.cmake
[3.707s] -- Up-to-date: /home/ALEX/anytrack/ros/install/scanner_interfaces/share/scanner_interfaces/package.xml
[3.709s] Invoked command in '/home/ALEX/anytrack/ros/build/scanner_interfaces' returned '0': CMAKE_PREFIX_PATH=${CMAKE_PREFIX_PATH}:/home/ALEX/anytrack/ros/install/test_py_pkg:/home/ALEX/anytrack/ros/install/scannerV2:/home/ALEX/anytrack/ros/install/scanner:/home/ALEX/anytrack/ros/install/anytrack:/opt/ros/humble /usr/bin/cmake --install /home/ALEX/anytrack/ros/build/scanner_interfaces
