running egg_info
writing ../../build/scannerV2/scannerV2.egg-info/PKG-INFO
writing dependency_links to ../../build/scannerV2/scannerV2.egg-info/dependency_links.txt
writing entry points to ../../build/scannerV2/scannerV2.egg-info/entry_points.txt
writing requirements to ../../build/scannerV2/scannerV2.egg-info/requires.txt
writing top-level names to ../../build/scannerV2/scannerV2.egg-info/top_level.txt
reading manifest file '../../build/scannerV2/scannerV2.egg-info/SOURCES.txt'
writing manifest file '../../build/scannerV2/scannerV2.egg-info/SOURCES.txt'
running build
running build_py
running install
running install_lib
running install_data
running install_egg_info
removing '/home/ALEX/anytrack/ros/install/scannerV2/lib/python3.10/site-packages/scannerV2-0.0.0-py3.10.egg-info' (and everything under it)
Copying ../../build/scannerV2/scannerV2.egg-info to /home/ALEX/anytrack/ros/install/scannerV2/lib/python3.10/site-packages/scannerV2-0.0.0-py3.10.egg-info
running install_scripts
Installing calibrator script to /home/ALEX/anytrack/ros/install/scannerV2/lib/scannerV2
Installing camera_info script to /home/ALEX/anytrack/ros/install/scannerV2/lib/scannerV2
Installing camera_vector script to /home/ALEX/anytrack/ros/install/scannerV2/lib/scannerV2
Installing manager script to /home/ALEX/anytrack/ros/install/scannerV2/lib/scannerV2
Installing position_manager script to /home/ALEX/anytrack/ros/install/scannerV2/lib/scannerV2
Installing test script to /home/ALEX/anytrack/ros/install/scannerV2/lib/scannerV2
Installing tracker2D script to /home/ALEX/anytrack/ros/install/scannerV2/lib/scannerV2
writing list of installed files to '/home/ALEX/anytrack/ros/build/scannerV2/install.log'
