[1.377s] Invoking command in '/home/ALEX/anytrack/ros/src/scannerV2': PYTHONPATH=/home/ALEX/anytrack/ros/build/scannerV2/prefix_override:/home/ALEX/anytrack/ros/install/scannerV2/lib/python3.10/site-packages:${PYTHONPATH} /usr/bin/python3 setup.py egg_info --egg-base ../../build/scannerV2 build --build-base /home/ALEX/anytrack/ros/build/scannerV2/build install --record /home/ALEX/anytrack/ros/build/scannerV2/install.log --single-version-externally-managed
[1.609s] running egg_info
[1.609s] writing ../../build/scannerV2/scannerV2.egg-info/PKG-INFO
[1.609s] writing dependency_links to ../../build/scannerV2/scannerV2.egg-info/dependency_links.txt
[1.609s] writing entry points to ../../build/scannerV2/scannerV2.egg-info/entry_points.txt
[1.610s] writing requirements to ../../build/scannerV2/scannerV2.egg-info/requires.txt
[1.610s] writing top-level names to ../../build/scannerV2/scannerV2.egg-info/top_level.txt
[1.611s] reading manifest file '../../build/scannerV2/scannerV2.egg-info/SOURCES.txt'
[1.612s] writing manifest file '../../build/scannerV2/scannerV2.egg-info/SOURCES.txt'
[1.612s] running build
[1.612s] running build_py
[1.613s] running install
[1.613s] running install_lib
[1.615s] running install_data
[1.615s] running install_egg_info
[1.617s] removing '/home/ALEX/anytrack/ros/install/scannerV2/lib/python3.10/site-packages/scannerV2-0.0.0-py3.10.egg-info' (and everything under it)
[1.617s] Copying ../../build/scannerV2/scannerV2.egg-info to /home/ALEX/anytrack/ros/install/scannerV2/lib/python3.10/site-packages/scannerV2-0.0.0-py3.10.egg-info
[1.618s] running install_scripts
[1.637s] Installing calibrator script to /home/ALEX/anytrack/ros/install/scannerV2/lib/scannerV2
[1.638s] Installing camera_info script to /home/ALEX/anytrack/ros/install/scannerV2/lib/scannerV2
[1.638s] Installing camera_vector script to /home/ALEX/anytrack/ros/install/scannerV2/lib/scannerV2
[1.638s] Installing manager script to /home/ALEX/anytrack/ros/install/scannerV2/lib/scannerV2
[1.638s] Installing position_manager script to /home/ALEX/anytrack/ros/install/scannerV2/lib/scannerV2
[1.638s] Installing test script to /home/ALEX/anytrack/ros/install/scannerV2/lib/scannerV2
[1.638s] Installing tracker2D script to /home/ALEX/anytrack/ros/install/scannerV2/lib/scannerV2
[1.638s] writing list of installed files to '/home/ALEX/anytrack/ros/build/scannerV2/install.log'
[1.670s] Invoked command in '/home/ALEX/anytrack/ros/src/scannerV2' returned '0': PYTHONPATH=/home/ALEX/anytrack/ros/build/scannerV2/prefix_override:/home/ALEX/anytrack/ros/install/scannerV2/lib/python3.10/site-packages:${PYTHONPATH} /usr/bin/python3 setup.py egg_info --egg-base ../../build/scannerV2 build --build-base /home/ALEX/anytrack/ros/build/scannerV2/build install --record /home/ALEX/anytrack/ros/build/scannerV2/install.log --single-version-externally-managed
