-- Found ament_cmake: 1.3.2 (/opt/ros/humble/share/ament_cmake/cmake)
-- Override CMake install command with custom implementation using symlinks instead of copying resources
-- Configuring done
-- Generating done
-- Build files have been written to: /home/ALEX/anytrack/ros/build/scanner_bringup
-- Install configuration: ""
-- Execute custom install script
-- Symlinking: /home/ALEX/anytrack/ros/install/scanner_bringup/share/scanner_bringup/launch/scanner.launch.py
-- Symlinking: /home/ALEX/anytrack/ros/install/scanner_bringup/share/ament_index/resource_index/package_run_dependencies/scanner_bringup
-- Symlinking: /home/ALEX/anytrack/ros/install/scanner_bringup/share/ament_index/resource_index/parent_prefix_path/scanner_bringup
-- Symlinking: /home/ALEX/anytrack/ros/install/scanner_bringup/share/scanner_bringup/environment/ament_prefix_path.sh
-- Symlinking: /home/ALEX/anytrack/ros/install/scanner_bringup/share/scanner_bringup/environment/ament_prefix_path.dsv
-- Symlinking: /home/ALEX/anytrack/ros/install/scanner_bringup/share/scanner_bringup/environment/path.sh
-- Symlinking: /home/ALEX/anytrack/ros/install/scanner_bringup/share/scanner_bringup/environment/path.dsv
-- Symlinking: /home/ALEX/anytrack/ros/install/scanner_bringup/share/scanner_bringup/local_setup.bash
-- Symlinking: /home/ALEX/anytrack/ros/install/scanner_bringup/share/scanner_bringup/local_setup.sh
-- Symlinking: /home/ALEX/anytrack/ros/install/scanner_bringup/share/scanner_bringup/local_setup.zsh
-- Symlinking: /home/ALEX/anytrack/ros/install/scanner_bringup/share/scanner_bringup/local_setup.dsv
-- Symlinking: /home/ALEX/anytrack/ros/install/scanner_bringup/share/scanner_bringup/package.dsv
-- Symlinking: /home/ALEX/anytrack/ros/install/scanner_bringup/share/ament_index/resource_index/packages/scanner_bringup
-- Symlinking: /home/ALEX/anytrack/ros/install/scanner_bringup/share/scanner_bringup/cmake/scanner_bringupConfig.cmake
-- Symlinking: /home/ALEX/anytrack/ros/install/scanner_bringup/share/scanner_bringup/cmake/scanner_bringupConfig-version.cmake
-- Symlinking: /home/ALEX/anytrack/ros/install/scanner_bringup/share/scanner_bringup/package.xml
