[0.014s] Invoking command in '/home/ALEX/3dev/ros/build/scanner_bringup': CMAKE_PREFIX_PATH=${CMAKE_PREFIX_PATH}:/home/ALEX/3dev/ros/install/test_py_pkg:/home/ALEX/3dev/ros/install/scanner:/opt/ros/humble /usr/bin/cmake /home/ALEX/3dev/ros/src/scanner_bringup -DAMENT_CMAKE_SYMLINK_INSTALL=1 -DCMAKE_INSTALL_PREFIX=/home/ALEX/3dev/ros/install/scanner_bringup
[0.024s] -- Found ament_cmake: 1.3.2 (/opt/ros/humble/share/ament_cmake/cmake)
[0.146s] -- Override CMake install command with custom implementation using symlinks instead of copying resources
[0.211s] -- Configuring done
[0.213s] -- Generating done
[0.214s] -- Build files have been written to: /home/ALEX/3dev/ros/build/scanner_bringup
[0.216s] Invoked command in '/home/ALEX/3dev/ros/build/scanner_bringup' returned '0': CMAKE_PREFIX_PATH=${CMAKE_PREFIX_PATH}:/home/ALEX/3dev/ros/install/test_py_pkg:/home/ALEX/3dev/ros/install/scanner:/opt/ros/humble /usr/bin/cmake /home/ALEX/3dev/ros/src/scanner_bringup -DAMENT_CMAKE_SYMLINK_INSTALL=1 -DCMAKE_INSTALL_PREFIX=/home/ALEX/3dev/ros/install/scanner_bringup
[0.217s] Invoking command in '/home/ALEX/3dev/ros/build/scanner_bringup': CMAKE_PREFIX_PATH=${CMAKE_PREFIX_PATH}:/home/ALEX/3dev/ros/install/test_py_pkg:/home/ALEX/3dev/ros/install/scanner:/opt/ros/humble /usr/bin/cmake --build /home/ALEX/3dev/ros/build/scanner_bringup -- -j12 -l12
[0.250s] Invoked command in '/home/ALEX/3dev/ros/build/scanner_bringup' returned '0': CMAKE_PREFIX_PATH=${CMAKE_PREFIX_PATH}:/home/ALEX/3dev/ros/install/test_py_pkg:/home/ALEX/3dev/ros/install/scanner:/opt/ros/humble /usr/bin/cmake --build /home/ALEX/3dev/ros/build/scanner_bringup -- -j12 -l12
[0.273s] Invoking command in '/home/ALEX/3dev/ros/build/scanner_bringup': CMAKE_PREFIX_PATH=${CMAKE_PREFIX_PATH}:/home/ALEX/3dev/ros/install/test_py_pkg:/home/ALEX/3dev/ros/install/scanner:/opt/ros/humble /usr/bin/cmake --install /home/ALEX/3dev/ros/build/scanner_bringup
[0.278s] -- Install configuration: ""
[0.278s] -- Execute custom install script
[0.279s] -- Symlinking: /home/ALEX/3dev/ros/install/scanner_bringup/share/scanner_bringup/launch/scanner.launch.py
[0.286s] -- Symlinking: /home/ALEX/3dev/ros/install/scanner_bringup/share/ament_index/resource_index/package_run_dependencies/scanner_bringup
[0.294s] -- Symlinking: /home/ALEX/3dev/ros/install/scanner_bringup/share/ament_index/resource_index/parent_prefix_path/scanner_bringup
[0.301s] -- Symlinking: /home/ALEX/3dev/ros/install/scanner_bringup/share/scanner_bringup/environment/ament_prefix_path.sh
[0.308s] -- Symlinking: /home/ALEX/3dev/ros/install/scanner_bringup/share/scanner_bringup/environment/ament_prefix_path.dsv
[0.315s] -- Symlinking: /home/ALEX/3dev/ros/install/scanner_bringup/share/scanner_bringup/environment/path.sh
[0.322s] -- Symlinking: /home/ALEX/3dev/ros/install/scanner_bringup/share/scanner_bringup/environment/path.dsv
[0.329s] -- Symlinking: /home/ALEX/3dev/ros/install/scanner_bringup/share/scanner_bringup/local_setup.bash
[0.336s] -- Symlinking: /home/ALEX/3dev/ros/install/scanner_bringup/share/scanner_bringup/local_setup.sh
[0.343s] -- Symlinking: /home/ALEX/3dev/ros/install/scanner_bringup/share/scanner_bringup/local_setup.zsh
[0.349s] -- Symlinking: /home/ALEX/3dev/ros/install/scanner_bringup/share/scanner_bringup/local_setup.dsv
[0.356s] -- Symlinking: /home/ALEX/3dev/ros/install/scanner_bringup/share/scanner_bringup/package.dsv
[0.363s] -- Symlinking: /home/ALEX/3dev/ros/install/scanner_bringup/share/ament_index/resource_index/packages/scanner_bringup
[0.370s] -- Symlinking: /home/ALEX/3dev/ros/install/scanner_bringup/share/scanner_bringup/cmake/scanner_bringupConfig.cmake
[0.376s] -- Symlinking: /home/ALEX/3dev/ros/install/scanner_bringup/share/scanner_bringup/cmake/scanner_bringupConfig-version.cmake
[0.383s] -- Symlinking: /home/ALEX/3dev/ros/install/scanner_bringup/share/scanner_bringup/package.xml
[0.391s] Invoked command in '/home/ALEX/3dev/ros/build/scanner_bringup' returned '0': CMAKE_PREFIX_PATH=${CMAKE_PREFIX_PATH}:/home/ALEX/3dev/ros/install/test_py_pkg:/home/ALEX/3dev/ros/install/scanner:/opt/ros/humble /usr/bin/cmake --install /home/ALEX/3dev/ros/build/scanner_bringup
