[0.582s] Invoking command in '/home/ALEX/anytrack/ros/build/scanner': PYTHONPATH=/home/ALEX/anytrack/ros/install/scanner/lib/python3.10/site-packages:${PYTHONPATH} /usr/bin/python3 setup.py develop --prefix /home/ALEX/anytrack/ros/install/scanner --editable --build-directory /home/ALEX/anytrack/ros/build/scanner/build --no-deps install_data --install-dir /home/ALEX/anytrack/ros/install/scanner
[0.815s] running develop
[0.959s] running egg_info
[0.959s] writing scanner.egg-info/PKG-INFO
[0.959s] writing dependency_links to scanner.egg-info/dependency_links.txt
[0.959s] writing entry points to scanner.egg-info/entry_points.txt
[0.959s] writing requirements to scanner.egg-info/requires.txt
[0.959s] writing top-level names to scanner.egg-info/top_level.txt
[0.961s] reading manifest file 'scanner.egg-info/SOURCES.txt'
[0.967s] writing manifest file 'scanner.egg-info/SOURCES.txt'
[0.969s] running build_ext
[0.969s] Creating /home/ALEX/anytrack/ros/install/scanner/lib/python3.10/site-packages/scanner.egg-link (link to .)
[0.969s] Installing camera_info script to /home/ALEX/anytrack/ros/install/scanner/lib/scanner
[0.972s] Installing camera_position script to /home/ALEX/anytrack/ros/install/scanner/lib/scanner
[0.972s] Installing camera_tracker script to /home/ALEX/anytrack/ros/install/scanner/lib/scanner
[0.972s] Installing foxglove_camera script to /home/ALEX/anytrack/ros/install/scanner/lib/scanner
[0.972s] Installing scanner script to /home/ALEX/anytrack/ros/install/scanner/lib/scanner
[0.972s] Installing test script to /home/ALEX/anytrack/ros/install/scanner/lib/scanner
[0.972s] Installing visualisation_vector script to /home/ALEX/anytrack/ros/install/scanner/lib/scanner
[0.973s] 
[0.973s] Installed /home/ALEX/anytrack/ros/build/scanner
[0.973s] running install_data
[0.998s] Invoked command in '/home/ALEX/anytrack/ros/build/scanner' returned '0': PYTHONPATH=/home/ALEX/anytrack/ros/install/scanner/lib/python3.10/site-packages:${PYTHONPATH} /usr/bin/python3 setup.py develop --prefix /home/ALEX/anytrack/ros/install/scanner --editable --build-directory /home/ALEX/anytrack/ros/build/scanner/build --no-deps install_data --install-dir /home/ALEX/anytrack/ros/install/scanner
