-- Install configuration: ""
-- Execute custom install script
-- Symlinking: /home/ALEX/3dev/ros/install/simulation/share/simulation/description/camera.xacro
-- Up-to-date symlink: /home/ALEX/3dev/ros/install/simulation/share/simulation/description/example_gazebo.xacro
-- Up-to-date symlink: /home/ALEX/3dev/ros/install/simulation/share/simulation/description/example_include.xacro
-- Up-to-date symlink: /home/ALEX/3dev/ros/install/simulation/share/simulation/description/example_robot.urdf.xacro
-- Up-to-date symlink: /home/ALEX/3dev/ros/install/simulation/share/simulation/description/gazebo.xacro
-- Up-to-date symlink: /home/ALEX/3dev/ros/install/simulation/share/simulation/description/include.xacro
-- Up-to-date symlink: /home/ALEX/3dev/ros/install/simulation/share/simulation/description/scene.urdf.xacro
-- Up-to-date symlink: /home/ALEX/3dev/ros/install/simulation/share/simulation/launch/gazebo.launch.py
-- Up-to-date symlink: /home/ALEX/3dev/ros/install/simulation/share/simulation/launch/simulation.launch.py
-- Up-to-date symlink: /home/ALEX/3dev/ros/install/simulation/share/simulation/worlds/gazebo_test.sdf
-- Up-to-date symlink: /home/ALEX/3dev/ros/install/simulation/share/ament_index/resource_index/package_run_dependencies/simulation
-- Up-to-date symlink: /home/ALEX/3dev/ros/install/simulation/share/ament_index/resource_index/parent_prefix_path/simulation
-- Up-to-date symlink: /home/ALEX/3dev/ros/install/simulation/share/simulation/environment/ament_prefix_path.sh
-- Up-to-date symlink: /home/ALEX/3dev/ros/install/simulation/share/simulation/environment/ament_prefix_path.dsv
-- Up-to-date symlink: /home/ALEX/3dev/ros/install/simulation/share/simulation/environment/path.sh
-- Up-to-date symlink: /home/ALEX/3dev/ros/install/simulation/share/simulation/environment/path.dsv
-- Up-to-date symlink: /home/ALEX/3dev/ros/install/simulation/share/simulation/local_setup.bash
-- Up-to-date symlink: /home/ALEX/3dev/ros/install/simulation/share/simulation/local_setup.sh
-- Up-to-date symlink: /home/ALEX/3dev/ros/install/simulation/share/simulation/local_setup.zsh
-- Up-to-date symlink: /home/ALEX/3dev/ros/install/simulation/share/simulation/local_setup.dsv
-- Symlinking: /home/ALEX/3dev/ros/install/simulation/share/simulation/package.dsv
-- Up-to-date symlink: /home/ALEX/3dev/ros/install/simulation/share/ament_index/resource_index/packages/simulation
-- Up-to-date symlink: /home/ALEX/3dev/ros/install/simulation/share/simulation/cmake/simulationConfig.cmake
-- Up-to-date symlink: /home/ALEX/3dev/ros/install/simulation/share/simulation/cmake/simulationConfig-version.cmake
-- Up-to-date symlink: /home/ALEX/3dev/ros/install/simulation/share/simulation/package.xml
