[0.571s] Invoking command in '/home/ALEX/3dev/ros/build/scannerV2': PYTHONPATH=/home/ALEX/3dev/ros/install/scannerV2/lib/python3.10/site-packages:${PYTHONPATH} /usr/bin/python3 setup.py develop --prefix /home/ALEX/3dev/ros/install/scannerV2 --editable --build-directory /home/ALEX/3dev/ros/build/scannerV2/build --no-deps install_data --install-dir /home/ALEX/3dev/ros/install/scannerV2
[0.813s] running develop
[0.952s] running egg_info
[0.952s] writing scannerV2.egg-info/PKG-INFO
[0.952s] writing dependency_links to scannerV2.egg-info/dependency_links.txt
[0.952s] writing entry points to scannerV2.egg-info/entry_points.txt
[0.952s] writing requirements to scannerV2.egg-info/requires.txt
[0.952s] writing top-level names to scannerV2.egg-info/top_level.txt
[0.954s] reading manifest file 'scannerV2.egg-info/SOURCES.txt'
[0.960s] writing manifest file 'scannerV2.egg-info/SOURCES.txt'
[0.961s] running build_ext
[0.962s] Creating /home/ALEX/3dev/ros/install/scannerV2/lib/python3.10/site-packages/scannerV2.egg-link (link to .)
[0.962s] Installing calibrator script to /home/ALEX/3dev/ros/install/scannerV2/lib/scannerV2
[0.962s] Installing camera_info script to /home/ALEX/3dev/ros/install/scannerV2/lib/scannerV2
[0.962s] Installing camera_vector script to /home/ALEX/3dev/ros/install/scannerV2/lib/scannerV2
[0.963s] Installing manager script to /home/ALEX/3dev/ros/install/scannerV2/lib/scannerV2
[0.963s] Installing position_manager script to /home/ALEX/3dev/ros/install/scannerV2/lib/scannerV2
[0.963s] Installing test script to /home/ALEX/3dev/ros/install/scannerV2/lib/scannerV2
[0.963s] Installing tracker2D script to /home/ALEX/3dev/ros/install/scannerV2/lib/scannerV2
[0.963s] 
[0.963s] Installed /home/ALEX/3dev/ros/build/scannerV2
[0.963s] running install_data
[0.988s] Invoked command in '/home/ALEX/3dev/ros/build/scannerV2' returned '0': PYTHONPATH=/home/ALEX/3dev/ros/install/scannerV2/lib/python3.10/site-packages:${PYTHONPATH} /usr/bin/python3 setup.py develop --prefix /home/ALEX/3dev/ros/install/scannerV2 --editable --build-directory /home/ALEX/3dev/ros/build/scannerV2/build --no-deps install_data --install-dir /home/ALEX/3dev/ros/install/scannerV2
