[0.343s] DEBUG:colcon:Command line arguments: ['/usr/bin/colcon', 'build', '--packages-select', 'interfaces']
[0.343s] DEBUG:colcon:Parsed command line arguments: Namespace(log_base=None, log_level=None, verb_name='build', build_base='build', install_base='install', merge_install=False, symlink_install=False, test_result_base=None, continue_on_error=False, executor='parallel', parallel_workers=12, event_handlers=None, ignore_user_meta=False, metas=['./colcon.meta'], base_paths=['.'], packages_ignore=None, packages_ignore_regex=None, paths=None, packages_up_to=None, packages_up_to_regex=None, packages_above=None, packages_above_and_dependencies=None, packages_above_depth=None, packages_select_by_dep=None, packages_skip_by_dep=None, packages_skip_up_to=None, packages_select_build_failed=False, packages_skip_build_finished=False, packages_select_test_failures=False, packages_skip_test_passed=False, packages_select=['interfaces'], packages_skip=None, packages_select_regex=None, packages_skip_regex=None, packages_start=None, packages_end=None, cmake_args=None, cmake_target=None, cmake_target_skip_unavailable=False, cmake_clean_cache=False, cmake_clean_first=False, cmake_force_configure=False, ament_cmake_args=None, catkin_cmake_args=None, catkin_skip_building_tests=False, mixin_files=None, mixin=None, verb_parser=<colcon_mixin.mixin.mixin_argument.MixinArgumentDecorator object at 0x7fa6f2a5b070>, verb_extension=<colcon_core.verb.build.BuildVerb object at 0x7fa6f2a5a9e0>, main=<bound method BuildVerb.main of <colcon_core.verb.build.BuildVerb object at 0x7fa6f2a5a9e0>>, mixin_verb=('build',))
[0.365s] Level 1:colcon.colcon_core.package_discovery:discover_packages(colcon_meta) check parameters
[0.366s] INFO:colcon.colcon_metadata.package_discovery.colcon_meta:Using configuration from '/root/.colcon/metadata/default/Gazebo.meta'
[0.366s] INFO:colcon.colcon_metadata.package_discovery.colcon_meta:Using configuration from '/root/.colcon/metadata/default/fastrtps.meta'
[0.367s] Level 1:colcon.colcon_core.package_discovery:discover_packages(recursive) check parameters
[0.367s] Level 1:colcon.colcon_core.package_discovery:discover_packages(ignore) check parameters
[0.367s] Level 1:colcon.colcon_core.package_discovery:discover_packages(path) check parameters
[0.367s] Level 1:colcon.colcon_core.package_discovery:discover_packages(colcon_meta) discover
[0.367s] Level 1:colcon.colcon_core.package_discovery:discover_packages(recursive) discover
[0.367s] INFO:colcon.colcon_core.package_discovery:Crawling recursively for packages in '/home/ALEX/anytrack/ros'
[0.367s] Level 1:colcon.colcon_core.package_identification:_identify(.) by extensions ['ignore', 'ignore_ament_install']
[0.367s] Level 1:colcon.colcon_core.package_identification:_identify(.) by extension 'ignore'
[0.367s] Level 1:colcon.colcon_core.package_identification:_identify(.) by extension 'ignore_ament_install'
[0.367s] Level 1:colcon.colcon_core.package_identification:_identify(.) by extensions ['colcon_pkg']
[0.367s] Level 1:colcon.colcon_core.package_identification:_identify(.) by extension 'colcon_pkg'
[0.367s] Level 1:colcon.colcon_core.package_identification:_identify(.) by extensions ['colcon_meta']
[0.367s] Level 1:colcon.colcon_core.package_identification:_identify(.) by extension 'colcon_meta'
[0.367s] Level 1:colcon.colcon_core.package_identification:_identify(.) by extensions ['ros']
[0.367s] Level 1:colcon.colcon_core.package_identification:_identify(.) by extension 'ros'
[0.378s] Level 1:colcon.colcon_core.package_identification:_identify(.) by extensions ['cmake', 'python']
[0.378s] Level 1:colcon.colcon_core.package_identification:_identify(.) by extension 'cmake'
[0.378s] Level 1:colcon.colcon_core.package_identification:_identify(.) by extension 'python'
[0.378s] Level 1:colcon.colcon_core.package_identification:_identify(.) by extensions ['python_setup_py']
[0.378s] Level 1:colcon.colcon_core.package_identification:_identify(.) by extension 'python_setup_py'
[0.378s] Level 1:colcon.colcon_core.package_identification:_identify(build) by extensions ['ignore', 'ignore_ament_install']
[0.378s] Level 1:colcon.colcon_core.package_identification:_identify(build) by extension 'ignore'
[0.378s] Level 1:colcon.colcon_core.package_identification:_identify(build) ignored
[0.378s] Level 1:colcon.colcon_core.package_identification:_identify(install) by extensions ['ignore', 'ignore_ament_install']
[0.378s] Level 1:colcon.colcon_core.package_identification:_identify(install) by extension 'ignore'
[0.378s] Level 1:colcon.colcon_core.package_identification:_identify(install) ignored
[0.378s] Level 1:colcon.colcon_core.package_identification:_identify(log) by extensions ['ignore', 'ignore_ament_install']
[0.378s] Level 1:colcon.colcon_core.package_identification:_identify(log) by extension 'ignore'
[0.378s] Level 1:colcon.colcon_core.package_identification:_identify(log) ignored
[0.379s] Level 1:colcon.colcon_core.package_identification:_identify(src) by extensions ['ignore', 'ignore_ament_install']
[0.379s] Level 1:colcon.colcon_core.package_identification:_identify(src) by extension 'ignore'
[0.379s] Level 1:colcon.colcon_core.package_identification:_identify(src) by extension 'ignore_ament_install'
[0.379s] Level 1:colcon.colcon_core.package_identification:_identify(src) by extensions ['colcon_pkg']
[0.379s] Level 1:colcon.colcon_core.package_identification:_identify(src) by extension 'colcon_pkg'
[0.379s] Level 1:colcon.colcon_core.package_identification:_identify(src) by extensions ['colcon_meta']
[0.379s] Level 1:colcon.colcon_core.package_identification:_identify(src) by extension 'colcon_meta'
[0.379s] Level 1:colcon.colcon_core.package_identification:_identify(src) by extensions ['ros']
[0.379s] Level 1:colcon.colcon_core.package_identification:_identify(src) by extension 'ros'
[0.379s] Level 1:colcon.colcon_core.package_identification:_identify(src) by extensions ['cmake', 'python']
[0.379s] Level 1:colcon.colcon_core.package_identification:_identify(src) by extension 'cmake'
[0.379s] Level 1:colcon.colcon_core.package_identification:_identify(src) by extension 'python'
[0.379s] Level 1:colcon.colcon_core.package_identification:_identify(src) by extensions ['python_setup_py']
[0.379s] Level 1:colcon.colcon_core.package_identification:_identify(src) by extension 'python_setup_py'
[0.379s] Level 1:colcon.colcon_core.package_identification:_identify(src/anytrack) by extensions ['ignore', 'ignore_ament_install']
[0.379s] Level 1:colcon.colcon_core.package_identification:_identify(src/anytrack) by extension 'ignore'
[0.379s] Level 1:colcon.colcon_core.package_identification:_identify(src/anytrack) by extension 'ignore_ament_install'
[0.379s] Level 1:colcon.colcon_core.package_identification:_identify(src/anytrack) by extensions ['colcon_pkg']
[0.379s] Level 1:colcon.colcon_core.package_identification:_identify(src/anytrack) by extension 'colcon_pkg'
[0.379s] Level 1:colcon.colcon_core.package_identification:_identify(src/anytrack) by extensions ['colcon_meta']
[0.380s] Level 1:colcon.colcon_core.package_identification:_identify(src/anytrack) by extension 'colcon_meta'
[0.380s] Level 1:colcon.colcon_core.package_identification:_identify(src/anytrack) by extensions ['ros']
[0.380s] Level 1:colcon.colcon_core.package_identification:_identify(src/anytrack) by extension 'ros'
[0.382s] DEBUG:colcon.colcon_core.package_identification:Package 'src/anytrack' with type 'ros.ament_python' and name 'anytrack'
[0.382s] Level 1:colcon.colcon_core.package_identification:_identify(src/interfaces) by extensions ['ignore', 'ignore_ament_install']
[0.382s] Level 1:colcon.colcon_core.package_identification:_identify(src/interfaces) by extension 'ignore'
[0.382s] Level 1:colcon.colcon_core.package_identification:_identify(src/interfaces) by extension 'ignore_ament_install'
[0.382s] Level 1:colcon.colcon_core.package_identification:_identify(src/interfaces) by extensions ['colcon_pkg']
[0.382s] Level 1:colcon.colcon_core.package_identification:_identify(src/interfaces) by extension 'colcon_pkg'
[0.382s] Level 1:colcon.colcon_core.package_identification:_identify(src/interfaces) by extensions ['colcon_meta']
[0.382s] Level 1:colcon.colcon_core.package_identification:_identify(src/interfaces) by extension 'colcon_meta'
[0.382s] Level 1:colcon.colcon_core.package_identification:_identify(src/interfaces) by extensions ['ros']
[0.382s] Level 1:colcon.colcon_core.package_identification:_identify(src/interfaces) by extension 'ros'
[0.383s] DEBUG:colcon.colcon_core.package_identification:Package 'src/interfaces' with type 'ros.ament_cmake' and name 'interfaces'
[0.383s] Level 1:colcon.colcon_core.package_identification:_identify(src/simulation) by extensions ['ignore', 'ignore_ament_install']
[0.383s] Level 1:colcon.colcon_core.package_identification:_identify(src/simulation) by extension 'ignore'
[0.383s] Level 1:colcon.colcon_core.package_identification:_identify(src/simulation) by extension 'ignore_ament_install'
[0.383s] Level 1:colcon.colcon_core.package_identification:_identify(src/simulation) by extensions ['colcon_pkg']
[0.383s] Level 1:colcon.colcon_core.package_identification:_identify(src/simulation) by extension 'colcon_pkg'
[0.383s] Level 1:colcon.colcon_core.package_identification:_identify(src/simulation) by extensions ['colcon_meta']
[0.383s] Level 1:colcon.colcon_core.package_identification:_identify(src/simulation) by extension 'colcon_meta'
[0.383s] Level 1:colcon.colcon_core.package_identification:_identify(src/simulation) by extensions ['ros']
[0.383s] Level 1:colcon.colcon_core.package_identification:_identify(src/simulation) by extension 'ros'
[0.383s] DEBUG:colcon.colcon_core.package_identification:Package 'src/simulation' with type 'ros.ament_cmake' and name 'simulation'
[0.383s] Level 1:colcon.colcon_core.package_discovery:discover_packages(recursive) using defaults
[0.384s] Level 1:colcon.colcon_core.package_discovery:discover_packages(ignore) discover
[0.384s] Level 1:colcon.colcon_core.package_discovery:discover_packages(ignore) using defaults
[0.384s] Level 1:colcon.colcon_core.package_discovery:discover_packages(path) discover
[0.384s] Level 1:colcon.colcon_core.package_discovery:discover_packages(path) using defaults
[0.405s] INFO:colcon.colcon_core.package_selection:Skipping not selected package 'anytrack' in 'src/anytrack'
[0.405s] INFO:colcon.colcon_core.package_selection:Skipping not selected package 'simulation' in 'src/simulation'
[0.406s] Level 5:colcon.colcon_core.verb:set package 'interfaces' build argument 'cmake_args' from command line to 'None'
[0.407s] Level 5:colcon.colcon_core.verb:set package 'interfaces' build argument 'cmake_target' from command line to 'None'
[0.407s] Level 5:colcon.colcon_core.verb:set package 'interfaces' build argument 'cmake_target_skip_unavailable' from command line to 'False'
[0.407s] Level 5:colcon.colcon_core.verb:set package 'interfaces' build argument 'cmake_clean_cache' from command line to 'False'
[0.407s] Level 5:colcon.colcon_core.verb:set package 'interfaces' build argument 'cmake_clean_first' from command line to 'False'
[0.407s] Level 5:colcon.colcon_core.verb:set package 'interfaces' build argument 'cmake_force_configure' from command line to 'False'
[0.407s] Level 5:colcon.colcon_core.verb:set package 'interfaces' build argument 'ament_cmake_args' from command line to 'None'
[0.407s] Level 5:colcon.colcon_core.verb:set package 'interfaces' build argument 'catkin_cmake_args' from command line to 'None'
[0.407s] Level 5:colcon.colcon_core.verb:set package 'interfaces' build argument 'catkin_skip_building_tests' from command line to 'False'
[0.407s] DEBUG:colcon.colcon_core.verb:Building package 'interfaces' with the following arguments: {'ament_cmake_args': None, 'build_base': '/home/ALEX/anytrack/ros/build/interfaces', 'catkin_cmake_args': None, 'catkin_skip_building_tests': False, 'cmake_args': None, 'cmake_clean_cache': False, 'cmake_clean_first': False, 'cmake_force_configure': False, 'cmake_target': None, 'cmake_target_skip_unavailable': False, 'install_base': '/home/ALEX/anytrack/ros/install/interfaces', 'merge_install': False, 'path': '/home/ALEX/anytrack/ros/src/interfaces', 'symlink_install': False, 'test_result_base': None}
[0.407s] INFO:colcon.colcon_core.executor:Executing jobs using 'parallel' executor
[0.411s] DEBUG:colcon.colcon_parallel_executor.executor.parallel:run_until_complete
[0.411s] INFO:colcon.colcon_ros.task.ament_cmake.build:Building ROS package in '/home/ALEX/anytrack/ros/src/interfaces' with build type 'ament_cmake'
[0.411s] INFO:colcon.colcon_cmake.task.cmake.build:Building CMake package in '/home/ALEX/anytrack/ros/src/interfaces'
[0.415s] INFO:colcon.colcon_core.plugin_system:Skipping extension 'colcon_core.shell.bat': Not used on non-Windows systems
[0.415s] INFO:colcon.colcon_core.shell:Skip shell extension 'powershell' for command environment: Not usable outside of PowerShell
[0.415s] DEBUG:colcon.colcon_core.shell:Skip shell extension 'dsv' for command environment
[0.425s] DEBUG:colcon.colcon_core.event_handler.log_command:Invoking command in '/home/ALEX/anytrack/ros/build/interfaces': CMAKE_PREFIX_PATH=/home/ALEX/xray/ros/install/xray:/opt/ros/humble /usr/bin/cmake /home/ALEX/anytrack/ros/src/interfaces -DCMAKE_INSTALL_PREFIX=/home/ALEX/anytrack/ros/install/interfaces
[2.001s] DEBUG:colcon.colcon_core.event_handler.log_command:Invoked command in '/home/ALEX/anytrack/ros/build/interfaces' returned '0': CMAKE_PREFIX_PATH=/home/ALEX/xray/ros/install/xray:/opt/ros/humble /usr/bin/cmake /home/ALEX/anytrack/ros/src/interfaces -DCMAKE_INSTALL_PREFIX=/home/ALEX/anytrack/ros/install/interfaces
[2.002s] DEBUG:colcon.colcon_core.event_handler.log_command:Invoking command in '/home/ALEX/anytrack/ros/build/interfaces': CMAKE_PREFIX_PATH=/home/ALEX/xray/ros/install/xray:/opt/ros/humble /usr/bin/cmake --build /home/ALEX/anytrack/ros/build/interfaces -- -j12 -l12
[4.775s] DEBUG:colcon.colcon_core.event_handler.log_command:Invoked command in '/home/ALEX/anytrack/ros/build/interfaces' returned '0': CMAKE_PREFIX_PATH=/home/ALEX/xray/ros/install/xray:/opt/ros/humble /usr/bin/cmake --build /home/ALEX/anytrack/ros/build/interfaces -- -j12 -l12
[4.856s] DEBUG:colcon.colcon_core.event_handler.log_command:Invoking command in '/home/ALEX/anytrack/ros/build/interfaces': CMAKE_PREFIX_PATH=/home/ALEX/xray/ros/install/xray:/opt/ros/humble /usr/bin/cmake --install /home/ALEX/anytrack/ros/build/interfaces
[4.927s] Level 1:colcon.colcon_core.environment:create_environment_scripts_only(interfaces)
[4.927s] DEBUG:colcon.colcon_core.event_handler.log_command:Invoked command in '/home/ALEX/anytrack/ros/build/interfaces' returned '0': CMAKE_PREFIX_PATH=/home/ALEX/xray/ros/install/xray:/opt/ros/humble /usr/bin/cmake --install /home/ALEX/anytrack/ros/build/interfaces
[4.932s] Level 1:colcon.colcon_core.environment:checking '/home/ALEX/anytrack/ros/install/interfaces' for CMake module files
[4.932s] Level 1:colcon.colcon_core.environment:checking '/home/ALEX/anytrack/ros/install/interfaces' for CMake config files
[4.933s] Level 1:colcon.colcon_core.shell:create_environment_hook('interfaces', 'cmake_prefix_path')
[4.934s] INFO:colcon.colcon_core.shell:Creating environment hook '/home/ALEX/anytrack/ros/install/interfaces/share/interfaces/hook/cmake_prefix_path.ps1'
[4.934s] INFO:colcon.colcon_core.shell:Creating environment descriptor '/home/ALEX/anytrack/ros/install/interfaces/share/interfaces/hook/cmake_prefix_path.dsv'
[4.935s] INFO:colcon.colcon_core.shell:Creating environment hook '/home/ALEX/anytrack/ros/install/interfaces/share/interfaces/hook/cmake_prefix_path.sh'
[4.935s] Level 1:colcon.colcon_core.environment:checking '/home/ALEX/anytrack/ros/install/interfaces/lib'
[4.935s] Level 1:colcon.colcon_core.shell:create_environment_hook('interfaces', 'ld_library_path_lib')
[4.937s] INFO:colcon.colcon_core.shell:Creating environment hook '/home/ALEX/anytrack/ros/install/interfaces/share/interfaces/hook/ld_library_path_lib.ps1'
[4.937s] INFO:colcon.colcon_core.shell:Creating environment descriptor '/home/ALEX/anytrack/ros/install/interfaces/share/interfaces/hook/ld_library_path_lib.dsv'
[4.937s] INFO:colcon.colcon_core.shell:Creating environment hook '/home/ALEX/anytrack/ros/install/interfaces/share/interfaces/hook/ld_library_path_lib.sh'
[4.938s] Level 1:colcon.colcon_core.environment:checking '/home/ALEX/anytrack/ros/install/interfaces/bin'
[4.938s] Level 1:colcon.colcon_core.environment:checking '/home/ALEX/anytrack/ros/install/interfaces/lib/pkgconfig/interfaces.pc'
[4.939s] Level 1:colcon.colcon_core.environment:checking '/home/ALEX/anytrack/ros/install/interfaces/lib/python3.10/site-packages'
[4.940s] Level 1:colcon.colcon_core.environment:checking '/home/ALEX/anytrack/ros/install/interfaces/bin'
[4.941s] INFO:colcon.colcon_core.shell:Creating package script '/home/ALEX/anytrack/ros/install/interfaces/share/interfaces/package.ps1'
[4.942s] INFO:colcon.colcon_core.shell:Creating package descriptor '/home/ALEX/anytrack/ros/install/interfaces/share/interfaces/package.dsv'
[4.942s] INFO:colcon.colcon_core.shell:Creating package script '/home/ALEX/anytrack/ros/install/interfaces/share/interfaces/package.sh'
[4.943s] INFO:colcon.colcon_core.shell:Creating package script '/home/ALEX/anytrack/ros/install/interfaces/share/interfaces/package.bash'
[4.944s] INFO:colcon.colcon_core.shell:Creating package script '/home/ALEX/anytrack/ros/install/interfaces/share/interfaces/package.zsh'
[4.944s] Level 1:colcon.colcon_core.environment:create_file_with_runtime_dependencies(/home/ALEX/anytrack/ros/install/interfaces/share/colcon-core/packages/interfaces)
[5.017s] Level 1:colcon.colcon_core.environment:create_environment_scripts_only(interfaces)
[5.018s] Level 1:colcon.colcon_core.environment:checking '/home/ALEX/anytrack/ros/install/interfaces' for CMake module files
[5.019s] Level 1:colcon.colcon_core.environment:checking '/home/ALEX/anytrack/ros/install/interfaces' for CMake config files
[5.020s] Level 1:colcon.colcon_core.shell:create_environment_hook('interfaces', 'cmake_prefix_path')
[5.021s] INFO:colcon.colcon_core.shell:Creating environment hook '/home/ALEX/anytrack/ros/install/interfaces/share/interfaces/hook/cmake_prefix_path.ps1'
[5.021s] INFO:colcon.colcon_core.shell:Creating environment descriptor '/home/ALEX/anytrack/ros/install/interfaces/share/interfaces/hook/cmake_prefix_path.dsv'
[5.022s] INFO:colcon.colcon_core.shell:Creating environment hook '/home/ALEX/anytrack/ros/install/interfaces/share/interfaces/hook/cmake_prefix_path.sh'
[5.022s] Level 1:colcon.colcon_core.environment:checking '/home/ALEX/anytrack/ros/install/interfaces/lib'
[5.022s] Level 1:colcon.colcon_core.shell:create_environment_hook('interfaces', 'ld_library_path_lib')
[5.024s] INFO:colcon.colcon_core.shell:Creating environment hook '/home/ALEX/anytrack/ros/install/interfaces/share/interfaces/hook/ld_library_path_lib.ps1'
[5.024s] INFO:colcon.colcon_core.shell:Creating environment descriptor '/home/ALEX/anytrack/ros/install/interfaces/share/interfaces/hook/ld_library_path_lib.dsv'
[5.024s] INFO:colcon.colcon_core.shell:Creating environment hook '/home/ALEX/anytrack/ros/install/interfaces/share/interfaces/hook/ld_library_path_lib.sh'
[5.025s] Level 1:colcon.colcon_core.environment:checking '/home/ALEX/anytrack/ros/install/interfaces/bin'
[5.025s] Level 1:colcon.colcon_core.environment:checking '/home/ALEX/anytrack/ros/install/interfaces/lib/pkgconfig/interfaces.pc'
[5.025s] Level 1:colcon.colcon_core.environment:checking '/home/ALEX/anytrack/ros/install/interfaces/lib/python3.10/site-packages'
[5.025s] Level 1:colcon.colcon_core.environment:checking '/home/ALEX/anytrack/ros/install/interfaces/bin'
[5.027s] INFO:colcon.colcon_core.shell:Creating package script '/home/ALEX/anytrack/ros/install/interfaces/share/interfaces/package.ps1'
[5.027s] INFO:colcon.colcon_core.shell:Creating package descriptor '/home/ALEX/anytrack/ros/install/interfaces/share/interfaces/package.dsv'
[5.027s] INFO:colcon.colcon_core.shell:Creating package script '/home/ALEX/anytrack/ros/install/interfaces/share/interfaces/package.sh'
[5.028s] INFO:colcon.colcon_core.shell:Creating package script '/home/ALEX/anytrack/ros/install/interfaces/share/interfaces/package.bash'
[5.028s] INFO:colcon.colcon_core.shell:Creating package script '/home/ALEX/anytrack/ros/install/interfaces/share/interfaces/package.zsh'
[5.028s] Level 1:colcon.colcon_core.environment:create_file_with_runtime_dependencies(/home/ALEX/anytrack/ros/install/interfaces/share/colcon-core/packages/interfaces)
[5.028s] DEBUG:colcon.colcon_parallel_executor.executor.parallel:closing loop
[5.029s] DEBUG:colcon.colcon_parallel_executor.executor.parallel:loop closed
[5.029s] DEBUG:colcon.colcon_parallel_executor.executor.parallel:run_until_complete finished with '0'
[5.029s] DEBUG:colcon.colcon_core.event_reactor:joining thread
[5.034s] INFO:colcon.colcon_core.plugin_system:Skipping extension 'colcon_notification.desktop_notification.terminal_notifier': Not used on non-Darwin systems
[5.034s] INFO:colcon.colcon_core.plugin_system:Skipping extension 'colcon_notification.desktop_notification.win32': Not used on non-Windows systems
[5.034s] INFO:colcon.colcon_notification.desktop_notification:Sending desktop notification using 'notify2'
[5.036s] DEBUG:colcon.colcon_notification.desktop_notification.notify2:Failed to initialize notify2: org.freedesktop.DBus.Error.Spawn.ExecFailed: /usr/bin/dbus-launch terminated abnormally without any error message
[5.036s] DEBUG:colcon.colcon_core.event_reactor:joined thread
[5.038s] INFO:colcon.colcon_core.shell:Creating prefix script '/home/ALEX/anytrack/ros/install/local_setup.ps1'
[5.039s] INFO:colcon.colcon_core.shell:Creating prefix util module '/home/ALEX/anytrack/ros/install/_local_setup_util_ps1.py'
[5.040s] INFO:colcon.colcon_core.shell:Creating prefix chain script '/home/ALEX/anytrack/ros/install/setup.ps1'
[5.041s] INFO:colcon.colcon_core.shell:Creating prefix script '/home/ALEX/anytrack/ros/install/local_setup.sh'
[5.042s] INFO:colcon.colcon_core.shell:Creating prefix util module '/home/ALEX/anytrack/ros/install/_local_setup_util_sh.py'
[5.042s] INFO:colcon.colcon_core.shell:Creating prefix chain script '/home/ALEX/anytrack/ros/install/setup.sh'
[5.043s] INFO:colcon.colcon_core.shell:Creating prefix script '/home/ALEX/anytrack/ros/install/local_setup.bash'
[5.043s] INFO:colcon.colcon_core.shell:Creating prefix chain script '/home/ALEX/anytrack/ros/install/setup.bash'
[5.044s] INFO:colcon.colcon_core.shell:Creating prefix script '/home/ALEX/anytrack/ros/install/local_setup.zsh'
[5.045s] INFO:colcon.colcon_core.shell:Creating prefix chain script '/home/ALEX/anytrack/ros/install/setup.zsh'
