[0.014s] Invoking command in '/home/ALEX/anytrack/ros/build/simulation': CMAKE_PREFIX_PATH=/home/ALEX/xray/ros/install/xray:/opt/ros/humble /usr/bin/cmake /home/ALEX/anytrack/ros/src/simulation -DCMAKE_INSTALL_PREFIX=/home/ALEX/anytrack/ros/install/simulation
[0.056s] -- The C compiler identification is GNU 11.3.0
[0.103s] -- The CXX compiler identification is GNU 11.3.0
[0.109s] -- Detecting C compiler ABI info
[0.160s] -- Detecting C compiler ABI info - done
[0.168s] -- Check for working C compiler: /usr/bin/cc - skipped
[0.168s] -- Detecting C compile features
[0.169s] -- Detecting C compile features - done
[0.171s] -- Detecting CXX compiler ABI info
[0.233s] -- Detecting CXX compiler ABI info - done
[0.241s] -- Check for working CXX compiler: /usr/bin/c++ - skipped
[0.241s] -- Detecting CXX compile features
[0.241s] -- Detecting CXX compile features - done
[0.246s] -- Found ament_cmake: 1.3.4 (/opt/ros/humble/share/ament_cmake/cmake)
[0.400s] -- Found Python3: /usr/bin/python3.10 (found version "3.10.6") found components: Interpreter 
[0.503s] -- Found ament_lint_auto: 0.12.6 (/opt/ros/humble/share/ament_lint_auto/cmake)
[0.588s] -- Added test 'flake8' to check Python code syntax and style conventions
[0.589s] -- Added test 'lint_cmake' to check CMake code style
[0.589s] -- Added test 'pep257' to check Python code against some of the docstring style conventions in PEP 257
[0.591s] -- Added test 'xmllint' to check XML markup files
[0.592s] -- Configuring done
[0.594s] -- Generating done
[0.595s] -- Build files have been written to: /home/ALEX/anytrack/ros/build/simulation
[0.598s] Invoked command in '/home/ALEX/anytrack/ros/build/simulation' returned '0': CMAKE_PREFIX_PATH=/home/ALEX/xray/ros/install/xray:/opt/ros/humble /usr/bin/cmake /home/ALEX/anytrack/ros/src/simulation -DCMAKE_INSTALL_PREFIX=/home/ALEX/anytrack/ros/install/simulation
[0.600s] Invoking command in '/home/ALEX/anytrack/ros/build/simulation': CMAKE_PREFIX_PATH=/home/ALEX/xray/ros/install/xray:/opt/ros/humble /usr/bin/cmake --build /home/ALEX/anytrack/ros/build/simulation -- -j12 -l12
[0.629s] Invoked command in '/home/ALEX/anytrack/ros/build/simulation' returned '0': CMAKE_PREFIX_PATH=/home/ALEX/xray/ros/install/xray:/opt/ros/humble /usr/bin/cmake --build /home/ALEX/anytrack/ros/build/simulation -- -j12 -l12
[0.650s] Invoking command in '/home/ALEX/anytrack/ros/build/simulation': CMAKE_PREFIX_PATH=/home/ALEX/xray/ros/install/xray:/opt/ros/humble /usr/bin/cmake --install /home/ALEX/anytrack/ros/build/simulation
[0.657s] -- Install configuration: ""
[0.657s] -- Installing: /home/ALEX/anytrack/ros/install/simulation/share/simulation/description
[0.657s] -- Installing: /home/ALEX/anytrack/ros/install/simulation/share/simulation/description/gazebo.xacro
[0.657s] -- Installing: /home/ALEX/anytrack/ros/install/simulation/share/simulation/description/include.xacro
[0.657s] -- Installing: /home/ALEX/anytrack/ros/install/simulation/share/simulation/description/simulation.urdf.xacro
[0.657s] -- Installing: /home/ALEX/anytrack/ros/install/simulation/share/simulation/launch
[0.657s] -- Installing: /home/ALEX/anytrack/ros/install/simulation/share/simulation/launch/gazebo.launch.py
[0.657s] -- Installing: /home/ALEX/anytrack/ros/install/simulation/share/simulation/worlds
[0.657s] -- Installing: /home/ALEX/anytrack/ros/install/simulation/share/simulation/worlds/4-camera-simulation-1080.world
[0.657s] -- Installing: /home/ALEX/anytrack/ros/install/simulation/share/simulation/worlds/empty.world
[0.657s] -- Installing: /home/ALEX/anytrack/ros/install/simulation/share/simulation/worlds/4-camera-simulation-720.world
[0.657s] -- Installing: /home/ALEX/anytrack/ros/install/simulation/share/simulation/worlds/multi_camera.world
[0.658s] -- Installing: /home/ALEX/anytrack/ros/install/simulation/share/simulation/worlds/single_ball.world
[0.658s] -- Installing: /home/ALEX/anytrack/ros/install/simulation/share/simulation/worlds/4-camera-simulation-720-multiple-ball.world
[0.658s] -- Installing: /home/ALEX/anytrack/ros/install/simulation/share/simulation/worlds/multi_ball.world
[0.658s] -- Installing: /home/ALEX/anytrack/ros/install/simulation/share/ament_index/resource_index/package_run_dependencies/simulation
[0.658s] -- Installing: /home/ALEX/anytrack/ros/install/simulation/share/ament_index/resource_index/parent_prefix_path/simulation
[0.658s] -- Installing: /home/ALEX/anytrack/ros/install/simulation/share/simulation/environment/ament_prefix_path.sh
[0.658s] -- Installing: /home/ALEX/anytrack/ros/install/simulation/share/simulation/environment/ament_prefix_path.dsv
[0.658s] -- Installing: /home/ALEX/anytrack/ros/install/simulation/share/simulation/environment/path.sh
[0.659s] -- Installing: /home/ALEX/anytrack/ros/install/simulation/share/simulation/environment/path.dsv
[0.659s] -- Installing: /home/ALEX/anytrack/ros/install/simulation/share/simulation/local_setup.bash
[0.659s] -- Installing: /home/ALEX/anytrack/ros/install/simulation/share/simulation/local_setup.sh
[0.659s] -- Installing: /home/ALEX/anytrack/ros/install/simulation/share/simulation/local_setup.zsh
[0.659s] -- Installing: /home/ALEX/anytrack/ros/install/simulation/share/simulation/local_setup.dsv
[0.659s] -- Installing: /home/ALEX/anytrack/ros/install/simulation/share/simulation/package.dsv
[0.659s] -- Installing: /home/ALEX/anytrack/ros/install/simulation/share/ament_index/resource_index/packages/simulation
[0.659s] -- Installing: /home/ALEX/anytrack/ros/install/simulation/share/simulation/cmake/simulationConfig.cmake
[0.659s] -- Installing: /home/ALEX/anytrack/ros/install/simulation/share/simulation/cmake/simulationConfig-version.cmake
[0.660s] -- Installing: /home/ALEX/anytrack/ros/install/simulation/share/simulation/package.xml
[0.661s] Invoked command in '/home/ALEX/anytrack/ros/build/simulation' returned '0': CMAKE_PREFIX_PATH=/home/ALEX/xray/ros/install/xray:/opt/ros/humble /usr/bin/cmake --install /home/ALEX/anytrack/ros/build/simulation
