[0.963s] Invoking command in '/home/ALEX/anytrack/ros/build/scanner': PYTHONPATH=/home/ALEX/anytrack/ros/install/scanner/lib/python3.10/site-packages:${PYTHONPATH} /usr/bin/python3 setup.py develop --prefix /home/ALEX/anytrack/ros/install/scanner --uninstall --editable --build-directory /home/ALEX/anytrack/ros/build/scanner/build
[1.232s] running develop
[1.374s] Removing /home/ALEX/anytrack/ros/install/scanner/lib/python3.10/site-packages/scanner.egg-link (link to .)
[1.402s] Invoked command in '/home/ALEX/anytrack/ros/build/scanner' returned '0': PYTHONPATH=/home/ALEX/anytrack/ros/install/scanner/lib/python3.10/site-packages:${PYTHONPATH} /usr/bin/python3 setup.py develop --prefix /home/ALEX/anytrack/ros/install/scanner --uninstall --editable --build-directory /home/ALEX/anytrack/ros/build/scanner/build
[1.403s] Invoking command in '/home/ALEX/anytrack/ros/src/scanner': PYTHONPATH=/home/ALEX/anytrack/ros/install/scanner/lib/python3.10/site-packages:${PYTHONPATH} /usr/bin/python3 setup.py egg_info --egg-base ../../build/scanner build --build-base /home/ALEX/anytrack/ros/build/scanner/build install --prefix /home/ALEX/anytrack/ros/install/scanner --record /home/ALEX/anytrack/ros/build/scanner/install.log --single-version-externally-managed
[1.638s] running egg_info
[1.639s] writing ../../build/scanner/scanner.egg-info/PKG-INFO
[1.639s] writing dependency_links to ../../build/scanner/scanner.egg-info/dependency_links.txt
[1.639s] writing entry points to ../../build/scanner/scanner.egg-info/entry_points.txt
[1.639s] writing requirements to ../../build/scanner/scanner.egg-info/requires.txt
[1.639s] writing top-level names to ../../build/scanner/scanner.egg-info/top_level.txt
[1.641s] reading manifest file '../../build/scanner/scanner.egg-info/SOURCES.txt'
[1.642s] writing manifest file '../../build/scanner/scanner.egg-info/SOURCES.txt'
[1.642s] running build
[1.642s] running build_py
[1.642s] copying scanner/tf_broadcaster.py -> /home/ALEX/anytrack/ros/build/scanner/build/lib/scanner
[1.643s] copying scanner/camera_info_publisher.py -> /home/ALEX/anytrack/ros/build/scanner/build/lib/scanner
[1.643s] copying scanner/camera_publisher.py -> /home/ALEX/anytrack/ros/build/scanner/build/lib/scanner
[1.643s] copying scanner/ball_scanner.py -> /home/ALEX/anytrack/ros/build/scanner/build/lib/scanner
[1.643s] running install
[1.644s] running install_lib
[1.644s] creating /home/ALEX/anytrack/ros/install/scanner/lib/python3.10/site-packages/scanner
[1.644s] copying /home/ALEX/anytrack/ros/build/scanner/build/lib/scanner/tf_broadcaster.py -> /home/ALEX/anytrack/ros/install/scanner/lib/python3.10/site-packages/scanner
[1.645s] copying /home/ALEX/anytrack/ros/build/scanner/build/lib/scanner/camera_info_publisher.py -> /home/ALEX/anytrack/ros/install/scanner/lib/python3.10/site-packages/scanner
[1.645s] copying /home/ALEX/anytrack/ros/build/scanner/build/lib/scanner/__init__.py -> /home/ALEX/anytrack/ros/install/scanner/lib/python3.10/site-packages/scanner
[1.645s] copying /home/ALEX/anytrack/ros/build/scanner/build/lib/scanner/test_vec_publisher.py -> /home/ALEX/anytrack/ros/install/scanner/lib/python3.10/site-packages/scanner
[1.645s] copying /home/ALEX/anytrack/ros/build/scanner/build/lib/scanner/camera_publisher.py -> /home/ALEX/anytrack/ros/install/scanner/lib/python3.10/site-packages/scanner
[1.645s] copying /home/ALEX/anytrack/ros/build/scanner/build/lib/scanner/ball_scanner_template.py -> /home/ALEX/anytrack/ros/install/scanner/lib/python3.10/site-packages/scanner
[1.645s] copying /home/ALEX/anytrack/ros/build/scanner/build/lib/scanner/ball_scanner.py -> /home/ALEX/anytrack/ros/install/scanner/lib/python3.10/site-packages/scanner
[1.646s] byte-compiling /home/ALEX/anytrack/ros/install/scanner/lib/python3.10/site-packages/scanner/tf_broadcaster.py to tf_broadcaster.cpython-310.pyc
[1.647s] byte-compiling /home/ALEX/anytrack/ros/install/scanner/lib/python3.10/site-packages/scanner/camera_info_publisher.py to camera_info_publisher.cpython-310.pyc
[1.647s] byte-compiling /home/ALEX/anytrack/ros/install/scanner/lib/python3.10/site-packages/scanner/__init__.py to __init__.cpython-310.pyc
[1.647s] byte-compiling /home/ALEX/anytrack/ros/install/scanner/lib/python3.10/site-packages/scanner/test_vec_publisher.py to test_vec_publisher.cpython-310.pyc
[1.648s] byte-compiling /home/ALEX/anytrack/ros/install/scanner/lib/python3.10/site-packages/scanner/camera_publisher.py to camera_publisher.cpython-310.pyc
[1.648s] byte-compiling /home/ALEX/anytrack/ros/install/scanner/lib/python3.10/site-packages/scanner/ball_scanner_template.py to ball_scanner_template.cpython-310.pyc
[1.649s] byte-compiling /home/ALEX/anytrack/ros/install/scanner/lib/python3.10/site-packages/scanner/ball_scanner.py to ball_scanner.cpython-310.pyc
[1.650s] running install_data
[1.650s] running install_egg_info
[1.652s] Copying ../../build/scanner/scanner.egg-info to /home/ALEX/anytrack/ros/install/scanner/lib/python3.10/site-packages/scanner-0.0.0-py3.10.egg-info
[1.653s] running install_scripts
[1.671s] Installing ball_scanner script to /home/ALEX/anytrack/ros/install/scanner/lib/scanner
[1.671s] Installing camera_info_publisher script to /home/ALEX/anytrack/ros/install/scanner/lib/scanner
[1.672s] Installing camera_publisher script to /home/ALEX/anytrack/ros/install/scanner/lib/scanner
[1.672s] Installing test_vec_publisher script to /home/ALEX/anytrack/ros/install/scanner/lib/scanner
[1.672s] Installing tf_broadcaster script to /home/ALEX/anytrack/ros/install/scanner/lib/scanner
[1.672s] writing list of installed files to '/home/ALEX/anytrack/ros/build/scanner/install.log'
