In file included from [01m[K/home/ALEX/anytrack/ros/build/scanner_interfaces/rosidl_generator_c/scanner_interfaces/msg/detail/tracks__functions.h:19[m[K,
                 from [01m[K/home/ALEX/anytrack/ros/build/scanner_interfaces/rosidl_generator_c/scanner_interfaces/msg/detail/tracks__functions.c:4[m[K:
[01m[K/home/ALEX/anytrack/ros/build/scanner_interfaces/rosidl_generator_c/scanner_interfaces/msg/detail/tracks__struct.h:22:10:[m[K [01;31m[Kfatal error: [m[Kstd_msgs/msg/detail/header__struct.h: No such file or directory
   22 | #include [01;31m[K"std_msgs/msg/detail/header__struct.h"[m[K
      |          [01;31m[K^~~~~~~~~~~~~~~~~~~~~~~~~~~~~~~~~~~~~~[m[K
compilation terminated.
gmake[2]: *** [CMakeFiles/scanner_interfaces__rosidl_generator_c.dir/build.make:167: CMakeFiles/scanner_interfaces__rosidl_generator_c.dir/rosidl_generator_c/scanner_interfaces/msg/detail/tracks__functions.c.o] Error 1
gmake[2]: *** Waiting for unfinished jobs....
gmake[1]: *** [CMakeFiles/Makefile2:213: CMakeFiles/scanner_interfaces__rosidl_generator_c.dir/all] Error 2
gmake[1]: *** Waiting for unfinished jobs....
In file included from [01m[K/home/ALEX/anytrack/ros/build/scanner_interfaces/rosidl_typesupport_cpp/scanner_interfaces/msg/tracks__type_support.cpp:7[m[K:
[01m[K/home/ALEX/anytrack/ros/build/scanner_interfaces/rosidl_generator_cpp/scanner_interfaces/msg/detail/tracks__struct.hpp:20:10:[m[K [01;31m[Kfatal error: [m[Kstd_msgs/msg/detail/header__struct.hpp: No such file or directory
   20 | #include [01;31m[K"std_msgs/msg/detail/header__struct.hpp"[m[K
      |          [01;31m[K^~~~~~~~~~~~~~~~~~~~~~~~~~~~~~~~~~~~~~~~[m[K
compilation terminated.
gmake[2]: *** [CMakeFiles/scanner_interfaces__rosidl_typesupport_cpp.dir/build.make:112: CMakeFiles/scanner_interfaces__rosidl_typesupport_cpp.dir/rosidl_typesupport_cpp/scanner_interfaces/msg/tracks__type_support.cpp.o] Error 1
gmake[2]: *** Waiting for unfinished jobs....
In file included from [01m[K/home/ALEX/anytrack/ros/build/scanner_interfaces/rosidl_typesupport_introspection_cpp/scanner_interfaces/msg/detail/tracks__type_support.cpp:12[m[K:
[01m[K/home/ALEX/anytrack/ros/build/scanner_interfaces/rosidl_generator_cpp/scanner_interfaces/msg/detail/tracks__struct.hpp:20:10:[m[K [01;31m[Kfatal error: [m[Kstd_msgs/msg/detail/header__struct.hpp: No such file or directory
   20 | #include [01;31m[K"std_msgs/msg/detail/header__struct.hpp"[m[K
      |          [01;31m[K^~~~~~~~~~~~~~~~~~~~~~~~~~~~~~~~~~~~~~~~[m[K
compilation terminated.
gmake[2]: *** [CMakeFiles/scanner_interfaces__rosidl_typesupport_introspection_cpp.dir/build.make:126: CMakeFiles/scanner_interfaces__rosidl_typesupport_introspection_cpp.dir/rosidl_typesupport_introspection_cpp/scanner_interfaces/msg/detail/tracks__type_support.cpp.o] Error 1
gmake[2]: *** Waiting for unfinished jobs....
In file included from [01m[K/home/ALEX/anytrack/ros/build/scanner_interfaces/rosidl_typesupport_fastrtps_cpp/scanner_interfaces/msg/detail/tracks__rosidl_typesupport_fastrtps_cpp.hpp:11[m[K,
                 from [01m[K/home/ALEX/anytrack/ros/build/scanner_interfaces/rosidl_typesupport_fastrtps_cpp/scanner_interfaces/msg/detail/dds_fastrtps/tracks__type_support.cpp:4[m[K:
[01m[K/home/ALEX/anytrack/ros/build/scanner_interfaces/rosidl_generator_cpp/scanner_interfaces/msg/detail/tracks__struct.hpp:20:10:[m[K [01;31m[Kfatal error: [m[Kstd_msgs/msg/detail/header__struct.hpp: No such file or directory
   20 | #include [01;31m[K"std_msgs/msg/detail/header__struct.hpp"[m[K
      |          [01;31m[K^~~~~~~~~~~~~~~~~~~~~~~~~~~~~~~~~~~~~~~~[m[K
compilation terminated.
gmake[2]: *** [CMakeFiles/scanner_interfaces__rosidl_typesupport_fastrtps_cpp.dir/build.make:126: CMakeFiles/scanner_interfaces__rosidl_typesupport_fastrtps_cpp.dir/rosidl_typesupport_fastrtps_cpp/scanner_interfaces/msg/detail/dds_fastrtps/tracks__type_support.cpp.o] Error 1
gmake[2]: *** Waiting for unfinished jobs....
gmake[1]: *** [CMakeFiles/Makefile2:395: CMakeFiles/scanner_interfaces__rosidl_typesupport_cpp.dir/all] Error 2
gmake[1]: *** [CMakeFiles/Makefile2:369: CMakeFiles/scanner_interfaces__rosidl_typesupport_introspection_cpp.dir/all] Error 2
gmake[1]: *** [CMakeFiles/Makefile2:343: CMakeFiles/scanner_interfaces__rosidl_typesupport_fastrtps_cpp.dir/all] Error 2
gmake: *** [Makefile:146: all] Error 2
