-- Found ament_cmake: 1.3.4 (/opt/ros/humble/share/ament_cmake/cmake)
-- Found rosidl_default_generators: 1.2.0 (/opt/ros/humble/share/rosidl_default_generators/cmake)
-- Using all available rosidl_typesupport_c: rosidl_typesupport_fastrtps_c;rosidl_typesupport_introspection_c
-- Found rosidl_adapter: 3.1.4 (/opt/ros/humble/share/rosidl_adapter/cmake)
-- Using all available rosidl_typesupport_cpp: rosidl_typesupport_fastrtps_cpp;rosidl_typesupport_introspection_cpp
-- Found std_msgs: 4.2.3 (/opt/ros/humble/share/std_msgs/cmake)
-- Found ament_cmake_ros: 0.10.0 (/opt/ros/humble/share/ament_cmake_ros/cmake)
-- Using all available rosidl_typesupport_c: rosidl_typesupport_fastrtps_c;rosidl_typesupport_introspection_c
-- Using all available rosidl_typesupport_cpp: rosidl_typesupport_fastrtps_cpp;rosidl_typesupport_introspection_cpp
-- Found python_cmake_module: 0.10.0 (/opt/ros/humble/share/python_cmake_module/cmake)
-- Using PYTHON_EXECUTABLE: /usr/bin/python3
-- Using PYTHON_INCLUDE_DIRS: /usr/include/python3.10
-- Using PYTHON_LIBRARIES: /usr/lib/x86_64-linux-gnu/libpython3.10.so
-- Configuring done
-- Generating done
-- Build files have been written to: /home/ALEX/anytrack/ros/build/interfaces
[  1%] [34m[1mGenerating C code for ROS interfaces[0m
[  3%] [34m[1mGenerating C++ code for ROS interfaces[0m
[  3%] Built target ament_cmake_python_copy_interfaces
running egg_info
writing interfaces.egg-info/PKG-INFO
writing dependency_links to interfaces.egg-info/dependency_links.txt
writing top-level names to interfaces.egg-info/top_level.txt
reading manifest file 'interfaces.egg-info/SOURCES.txt'
writing manifest file 'interfaces.egg-info/SOURCES.txt'
[  3%] Built target ament_cmake_python_build_interfaces_egg
[  3%] Built target interfaces__cpp
[  7%] [34m[1mGenerating C++ type support for eProsima Fast-RTPS[0m
[  7%] [34m[1mGenerating C++ type support dispatch for ROS interfaces[0m
[  9%] [34m[1mGenerating C++ introspection for ROS interfaces[0m
[35m[1mConsolidate compiler generated dependencies of target interfaces__rosidl_generator_c[0m
[ 14%] [32mBuilding C object CMakeFiles/interfaces__rosidl_generator_c.dir/rosidl_generator_c/interfaces/msg/detail/camera_location__functions.c.o[0m
[ 14%] [32mBuilding C object CMakeFiles/interfaces__rosidl_generator_c.dir/rosidl_generator_c/interfaces/msg/detail/object2d_list__functions.c.o[0m
[ 14%] [32mBuilding C object CMakeFiles/interfaces__rosidl_generator_c.dir/rosidl_generator_c/interfaces/msg/detail/object2d__functions.c.o[0m
[ 16%] [32mBuilding C object CMakeFiles/interfaces__rosidl_generator_c.dir/rosidl_generator_c/interfaces/msg/detail/camera_location_list__functions.c.o[0m
[ 18%] [32m[1mLinking C shared library libinterfaces__rosidl_generator_c.so[0m
[ 18%] Built target interfaces__rosidl_generator_c
[ 20%] [34m[1mGenerating C introspection for ROS interfaces[0m
[ 21%] [34m[1mGenerating C type support dispatch for ROS interfaces[0m
[ 23%] [34m[1mGenerating C type support for eProsima Fast-RTPS[0m
[35m[1mConsolidate compiler generated dependencies of target interfaces__rosidl_typesupport_cpp[0m
[ 25%] [32mBuilding CXX object CMakeFiles/interfaces__rosidl_typesupport_cpp.dir/rosidl_typesupport_cpp/interfaces/msg/object2d_list__type_support.cpp.o[0m
[ 27%] [32mBuilding CXX object CMakeFiles/interfaces__rosidl_typesupport_cpp.dir/rosidl_typesupport_cpp/interfaces/msg/camera_location_list__type_support.cpp.o[0m
[ 30%] [32mBuilding CXX object CMakeFiles/interfaces__rosidl_typesupport_cpp.dir/rosidl_typesupport_cpp/interfaces/msg/object2d__type_support.cpp.o[0m
[ 30%] [32mBuilding CXX object CMakeFiles/interfaces__rosidl_typesupport_cpp.dir/rosidl_typesupport_cpp/interfaces/msg/camera_location__type_support.cpp.o[0m
[35m[1mConsolidate compiler generated dependencies of target interfaces__rosidl_typesupport_introspection_cpp[0m
[ 32%] [32mBuilding CXX object CMakeFiles/interfaces__rosidl_typesupport_introspection_cpp.dir/rosidl_typesupport_introspection_cpp/interfaces/msg/detail/object2d_list__type_support.cpp.o[0m
[ 34%] [32mBuilding CXX object CMakeFiles/interfaces__rosidl_typesupport_introspection_cpp.dir/rosidl_typesupport_introspection_cpp/interfaces/msg/detail/object2d__type_support.cpp.o[0m
[ 36%] [32mBuilding CXX object CMakeFiles/interfaces__rosidl_typesupport_introspection_cpp.dir/rosidl_typesupport_introspection_cpp/interfaces/msg/detail/camera_location__type_support.cpp.o[0m
[ 38%] [32mBuilding CXX object CMakeFiles/interfaces__rosidl_typesupport_introspection_cpp.dir/rosidl_typesupport_introspection_cpp/interfaces/msg/detail/camera_location_list__type_support.cpp.o[0m
[35m[1mConsolidate compiler generated dependencies of target interfaces__rosidl_typesupport_fastrtps_cpp[0m
[ 40%] [32mBuilding CXX object CMakeFiles/interfaces__rosidl_typesupport_fastrtps_cpp.dir/rosidl_typesupport_fastrtps_cpp/interfaces/msg/detail/dds_fastrtps/object2d__type_support.cpp.o[0m
[35m[1mConsolidate compiler generated dependencies of target interfaces__rosidl_typesupport_c[0m
[ 41%] [32mBuilding CXX object CMakeFiles/interfaces__rosidl_typesupport_c.dir/rosidl_typesupport_c/interfaces/msg/object2d__type_support.cpp.o[0m
[ 43%] [32mBuilding CXX object CMakeFiles/interfaces__rosidl_typesupport_c.dir/rosidl_typesupport_c/interfaces/msg/object2d_list__type_support.cpp.o[0m
[ 45%] [32mBuilding CXX object CMakeFiles/interfaces__rosidl_typesupport_fastrtps_cpp.dir/rosidl_typesupport_fastrtps_cpp/interfaces/msg/detail/dds_fastrtps/object2d_list__type_support.cpp.o[0m
[35m[1mConsolidate compiler generated dependencies of target interfaces__rosidl_typesupport_introspection_c[0m
[ 47%] [32mBuilding C object CMakeFiles/interfaces__rosidl_typesupport_introspection_c.dir/rosidl_typesupport_introspection_c/interfaces/msg/detail/object2d__type_support.c.o[0m
[ 49%] [32mBuilding CXX object CMakeFiles/interfaces__rosidl_typesupport_c.dir/rosidl_typesupport_c/interfaces/msg/camera_location__type_support.cpp.o[0m
[ 50%] [32mBuilding CXX object CMakeFiles/interfaces__rosidl_typesupport_fastrtps_cpp.dir/rosidl_typesupport_fastrtps_cpp/interfaces/msg/detail/dds_fastrtps/camera_location__type_support.cpp.o[0m
[ 52%] [32mBuilding CXX object CMakeFiles/interfaces__rosidl_typesupport_fastrtps_cpp.dir/rosidl_typesupport_fastrtps_cpp/interfaces/msg/detail/dds_fastrtps/camera_location_list__type_support.cpp.o[0m
[ 54%] [32m[1mLinking CXX shared library libinterfaces__rosidl_typesupport_cpp.so[0m
[ 58%] [32mBuilding C object CMakeFiles/interfaces__rosidl_typesupport_introspection_c.dir/rosidl_typesupport_introspection_c/interfaces/msg/detail/object2d_list__type_support.c.o[0m
[ 58%] [32mBuilding CXX object CMakeFiles/interfaces__rosidl_typesupport_c.dir/rosidl_typesupport_c/interfaces/msg/camera_location_list__type_support.cpp.o[0m
[35m[1mConsolidate compiler generated dependencies of target interfaces__rosidl_typesupport_fastrtps_c[0m
[ 60%] [32m[1mLinking CXX shared library libinterfaces__rosidl_typesupport_c.so[0m
[ 60%] Built target interfaces__rosidl_typesupport_cpp
[ 61%] [32mBuilding CXX object CMakeFiles/interfaces__rosidl_typesupport_fastrtps_c.dir/rosidl_typesupport_fastrtps_c/interfaces/msg/detail/object2d__type_support_c.cpp.o[0m
[ 63%] [32mBuilding C object CMakeFiles/interfaces__rosidl_typesupport_introspection_c.dir/rosidl_typesupport_introspection_c/interfaces/msg/detail/camera_location__type_support.c.o[0m
[ 65%] [32mBuilding CXX object CMakeFiles/interfaces__rosidl_typesupport_fastrtps_c.dir/rosidl_typesupport_fastrtps_c/interfaces/msg/detail/object2d_list__type_support_c.cpp.o[0m
[ 67%] [32mBuilding C object CMakeFiles/interfaces__rosidl_typesupport_introspection_c.dir/rosidl_typesupport_introspection_c/interfaces/msg/detail/camera_location_list__type_support.c.o[0m
[ 67%] Built target interfaces__rosidl_typesupport_c
[ 69%] [32mBuilding CXX object CMakeFiles/interfaces__rosidl_typesupport_fastrtps_c.dir/rosidl_typesupport_fastrtps_c/interfaces/msg/detail/camera_location__type_support_c.cpp.o[0m
[ 70%] [32m[1mLinking C shared library libinterfaces__rosidl_typesupport_introspection_c.so[0m
[ 72%] [32mBuilding CXX object CMakeFiles/interfaces__rosidl_typesupport_fastrtps_c.dir/rosidl_typesupport_fastrtps_c/interfaces/msg/detail/camera_location_list__type_support_c.cpp.o[0m
[ 72%] Built target interfaces__rosidl_typesupport_introspection_c
[ 74%] [32m[1mLinking CXX shared library libinterfaces__rosidl_typesupport_introspection_cpp.so[0m
[ 74%] Built target interfaces__rosidl_typesupport_introspection_cpp
[ 76%] [32m[1mLinking CXX shared library libinterfaces__rosidl_typesupport_fastrtps_cpp.so[0m
[ 76%] Built target interfaces__rosidl_typesupport_fastrtps_cpp
[ 78%] [32m[1mLinking CXX shared library libinterfaces__rosidl_typesupport_fastrtps_c.so[0m
[ 78%] Built target interfaces__rosidl_typesupport_fastrtps_c
[ 78%] Built target interfaces
[ 80%] [34m[1mGenerating Python code for ROS interfaces[0m
[ 80%] Built target interfaces__py
[35m[1mConsolidate compiler generated dependencies of target interfaces__rosidl_generator_py[0m
[ 81%] [32mBuilding C object CMakeFiles/interfaces__rosidl_generator_py.dir/rosidl_generator_py/interfaces/msg/_object2d_s.c.o[0m
[ 83%] [32mBuilding C object CMakeFiles/interfaces__rosidl_generator_py.dir/rosidl_generator_py/interfaces/msg/_object2d_list_s.c.o[0m
[ 87%] [32mBuilding C object CMakeFiles/interfaces__rosidl_generator_py.dir/rosidl_generator_py/interfaces/msg/_camera_location_s.c.o[0m
[ 87%] [32mBuilding C object CMakeFiles/interfaces__rosidl_generator_py.dir/rosidl_generator_py/interfaces/msg/_camera_location_list_s.c.o[0m
[ 89%] [32m[1mLinking C shared library rosidl_generator_py/interfaces/libinterfaces__rosidl_generator_py.so[0m
[ 89%] Built target interfaces__rosidl_generator_py
[35m[1mConsolidate compiler generated dependencies of target interfaces__rosidl_typesupport_c__pyext[0m
[35m[1mConsolidate compiler generated dependencies of target interfaces__rosidl_typesupport_fastrtps_c__pyext[0m
[35m[1mConsolidate compiler generated dependencies of target interfaces__rosidl_typesupport_introspection_c__pyext[0m
[ 92%] [32mBuilding C object CMakeFiles/interfaces__rosidl_typesupport_c__pyext.dir/rosidl_generator_py/interfaces/_interfaces_s.ep.rosidl_typesupport_c.c.o[0m
[ 92%] [32mBuilding C object CMakeFiles/interfaces__rosidl_typesupport_fastrtps_c__pyext.dir/rosidl_generator_py/interfaces/_interfaces_s.ep.rosidl_typesupport_fastrtps_c.c.o[0m
[ 94%] [32mBuilding C object CMakeFiles/interfaces__rosidl_typesupport_introspection_c__pyext.dir/rosidl_generator_py/interfaces/_interfaces_s.ep.rosidl_typesupport_introspection_c.c.o[0m
[ 96%] [32m[1mLinking C shared library rosidl_generator_py/interfaces/interfaces_s__rosidl_typesupport_c.cpython-310-x86_64-linux-gnu.so[0m
[ 98%] [32m[1mLinking C shared library rosidl_generator_py/interfaces/interfaces_s__rosidl_typesupport_fastrtps_c.cpython-310-x86_64-linux-gnu.so[0m
[100%] [32m[1mLinking C shared library rosidl_generator_py/interfaces/interfaces_s__rosidl_typesupport_introspection_c.cpython-310-x86_64-linux-gnu.so[0m
[100%] Built target interfaces__rosidl_typesupport_c__pyext
[100%] Built target interfaces__rosidl_typesupport_fastrtps_c__pyext
[100%] Built target interfaces__rosidl_typesupport_introspection_c__pyext
-- Install configuration: ""
-- Up-to-date: /home/ALEX/anytrack/ros/install/interfaces/share/ament_index/resource_index/rosidl_interfaces/interfaces
-- Up-to-date: /home/ALEX/anytrack/ros/install/interfaces/include/interfaces/interfaces
-- Up-to-date: /home/ALEX/anytrack/ros/install/interfaces/include/interfaces/interfaces/msg
-- Installing: /home/ALEX/anytrack/ros/install/interfaces/include/interfaces/interfaces/msg/object2d_list.h
-- Installing: /home/ALEX/anytrack/ros/install/interfaces/include/interfaces/interfaces/msg/camera_location_list.h
-- Up-to-date: /home/ALEX/anytrack/ros/install/interfaces/include/interfaces/interfaces/msg/rosidl_generator_c__visibility_control.h
-- Up-to-date: /home/ALEX/anytrack/ros/install/interfaces/include/interfaces/interfaces/msg/detail
-- Installing: /home/ALEX/anytrack/ros/install/interfaces/include/interfaces/interfaces/msg/detail/camera_location_list__struct.h
-- Installing: /home/ALEX/anytrack/ros/install/interfaces/include/interfaces/interfaces/msg/detail/object2d__functions.h
-- Installing: /home/ALEX/anytrack/ros/install/interfaces/include/interfaces/interfaces/msg/detail/camera_location_list__functions.h
-- Installing: /home/ALEX/anytrack/ros/install/interfaces/include/interfaces/interfaces/msg/detail/object2d_list__struct.h
-- Installing: /home/ALEX/anytrack/ros/install/interfaces/include/interfaces/interfaces/msg/detail/camera_location__functions.c
-- Installing: /home/ALEX/anytrack/ros/install/interfaces/include/interfaces/interfaces/msg/detail/object2d__functions.c
-- Installing: /home/ALEX/anytrack/ros/install/interfaces/include/interfaces/interfaces/msg/detail/object2d__type_support.h
-- Installing: /home/ALEX/anytrack/ros/install/interfaces/include/interfaces/interfaces/msg/detail/camera_location__type_support.h
-- Installing: /home/ALEX/anytrack/ros/install/interfaces/include/interfaces/interfaces/msg/detail/object2d_list__type_support.h
-- Installing: /home/ALEX/anytrack/ros/install/interfaces/include/interfaces/interfaces/msg/detail/object2d_list__functions.h
-- Installing: /home/ALEX/anytrack/ros/install/interfaces/include/interfaces/interfaces/msg/detail/camera_location_list__type_support.h
-- Installing: /home/ALEX/anytrack/ros/install/interfaces/include/interfaces/interfaces/msg/detail/camera_location__struct.h
-- Installing: /home/ALEX/anytrack/ros/install/interfaces/include/interfaces/interfaces/msg/detail/camera_location__functions.h
-- Installing: /home/ALEX/anytrack/ros/install/interfaces/include/interfaces/interfaces/msg/detail/object2d_list__functions.c
-- Installing: /home/ALEX/anytrack/ros/install/interfaces/include/interfaces/interfaces/msg/detail/camera_location_list__functions.c
-- Installing: /home/ALEX/anytrack/ros/install/interfaces/include/interfaces/interfaces/msg/detail/object2d__struct.h
-- Installing: /home/ALEX/anytrack/ros/install/interfaces/include/interfaces/interfaces/msg/object2d.h
-- Installing: /home/ALEX/anytrack/ros/install/interfaces/include/interfaces/interfaces/msg/camera_location.h
-- Up-to-date: /home/ALEX/anytrack/ros/install/interfaces/share/interfaces/environment/library_path.sh
-- Installing: /home/ALEX/anytrack/ros/install/interfaces/share/interfaces/environment/library_path.dsv
-- Installing: /home/ALEX/anytrack/ros/install/interfaces/lib/libinterfaces__rosidl_generator_c.so
-- Set runtime path of "/home/ALEX/anytrack/ros/install/interfaces/lib/libinterfaces__rosidl_generator_c.so" to ""
-- Up-to-date: /home/ALEX/anytrack/ros/install/interfaces/include/interfaces/interfaces
-- Up-to-date: /home/ALEX/anytrack/ros/install/interfaces/include/interfaces/interfaces/msg
-- Up-to-date: /home/ALEX/anytrack/ros/install/interfaces/include/interfaces/interfaces/msg/rosidl_typesupport_fastrtps_c__visibility_control.h
-- Up-to-date: /home/ALEX/anytrack/ros/install/interfaces/include/interfaces/interfaces/msg/detail
-- Installing: /home/ALEX/anytrack/ros/install/interfaces/include/interfaces/interfaces/msg/detail/object2d_list__rosidl_typesupport_fastrtps_c.h
-- Installing: /home/ALEX/anytrack/ros/install/interfaces/include/interfaces/interfaces/msg/detail/camera_location_list__rosidl_typesupport_fastrtps_c.h
-- Installing: /home/ALEX/anytrack/ros/install/interfaces/include/interfaces/interfaces/msg/detail/object2d__rosidl_typesupport_fastrtps_c.h
-- Installing: /home/ALEX/anytrack/ros/install/interfaces/include/interfaces/interfaces/msg/detail/camera_location__rosidl_typesupport_fastrtps_c.h
-- Installing: /home/ALEX/anytrack/ros/install/interfaces/lib/libinterfaces__rosidl_typesupport_fastrtps_c.so
-- Set runtime path of "/home/ALEX/anytrack/ros/install/interfaces/lib/libinterfaces__rosidl_typesupport_fastrtps_c.so" to ""
-- Up-to-date: /home/ALEX/anytrack/ros/install/interfaces/include/interfaces/interfaces
-- Up-to-date: /home/ALEX/anytrack/ros/install/interfaces/include/interfaces/interfaces/msg
-- Up-to-date: /home/ALEX/anytrack/ros/install/interfaces/include/interfaces/interfaces/msg/detail
-- Installing: /home/ALEX/anytrack/ros/install/interfaces/include/interfaces/interfaces/msg/detail/object2d__rosidl_typesupport_introspection_c.h
-- Installing: /home/ALEX/anytrack/ros/install/interfaces/include/interfaces/interfaces/msg/detail/camera_location__rosidl_typesupport_introspection_c.h
-- Installing: /home/ALEX/anytrack/ros/install/interfaces/include/interfaces/interfaces/msg/detail/object2d_list__rosidl_typesupport_introspection_c.h
-- Installing: /home/ALEX/anytrack/ros/install/interfaces/include/interfaces/interfaces/msg/detail/camera_location_list__type_support.c
-- Installing: /home/ALEX/anytrack/ros/install/interfaces/include/interfaces/interfaces/msg/detail/camera_location__type_support.c
-- Installing: /home/ALEX/anytrack/ros/install/interfaces/include/interfaces/interfaces/msg/detail/camera_location_list__rosidl_typesupport_introspection_c.h
-- Installing: /home/ALEX/anytrack/ros/install/interfaces/include/interfaces/interfaces/msg/detail/object2d_list__type_support.c
-- Installing: /home/ALEX/anytrack/ros/install/interfaces/include/interfaces/interfaces/msg/detail/object2d__type_support.c
-- Up-to-date: /home/ALEX/anytrack/ros/install/interfaces/include/interfaces/interfaces/msg/rosidl_typesupport_introspection_c__visibility_control.h
-- Installing: /home/ALEX/anytrack/ros/install/interfaces/lib/libinterfaces__rosidl_typesupport_introspection_c.so
-- Set runtime path of "/home/ALEX/anytrack/ros/install/interfaces/lib/libinterfaces__rosidl_typesupport_introspection_c.so" to ""
-- Installing: /home/ALEX/anytrack/ros/install/interfaces/lib/libinterfaces__rosidl_typesupport_c.so
-- Set runtime path of "/home/ALEX/anytrack/ros/install/interfaces/lib/libinterfaces__rosidl_typesupport_c.so" to ""
-- Up-to-date: /home/ALEX/anytrack/ros/install/interfaces/include/interfaces/interfaces
-- Up-to-date: /home/ALEX/anytrack/ros/install/interfaces/include/interfaces/interfaces/msg
-- Installing: /home/ALEX/anytrack/ros/install/interfaces/include/interfaces/interfaces/msg/camera_location_list.hpp
-- Up-to-date: /home/ALEX/anytrack/ros/install/interfaces/include/interfaces/interfaces/msg/detail
-- Installing: /home/ALEX/anytrack/ros/install/interfaces/include/interfaces/interfaces/msg/detail/camera_location_list__struct.hpp
-- Installing: /home/ALEX/anytrack/ros/install/interfaces/include/interfaces/interfaces/msg/detail/object2d__traits.hpp
-- Installing: /home/ALEX/anytrack/ros/install/interfaces/include/interfaces/interfaces/msg/detail/camera_location_list__builder.hpp
-- Installing: /home/ALEX/anytrack/ros/install/interfaces/include/interfaces/interfaces/msg/detail/object2d_list__builder.hpp
-- Installing: /home/ALEX/anytrack/ros/install/interfaces/include/interfaces/interfaces/msg/detail/object2d__struct.hpp
-- Installing: /home/ALEX/anytrack/ros/install/interfaces/include/interfaces/interfaces/msg/detail/camera_location__builder.hpp
-- Installing: /home/ALEX/anytrack/ros/install/interfaces/include/interfaces/interfaces/msg/detail/camera_location__struct.hpp
-- Installing: /home/ALEX/anytrack/ros/install/interfaces/include/interfaces/interfaces/msg/detail/camera_location__traits.hpp
-- Installing: /home/ALEX/anytrack/ros/install/interfaces/include/interfaces/interfaces/msg/detail/object2d__builder.hpp
-- Installing: /home/ALEX/anytrack/ros/install/interfaces/include/interfaces/interfaces/msg/detail/object2d_list__traits.hpp
-- Installing: /home/ALEX/anytrack/ros/install/interfaces/include/interfaces/interfaces/msg/detail/camera_location_list__traits.hpp
-- Installing: /home/ALEX/anytrack/ros/install/interfaces/include/interfaces/interfaces/msg/detail/object2d_list__struct.hpp
-- Installing: /home/ALEX/anytrack/ros/install/interfaces/include/interfaces/interfaces/msg/object2d_list.hpp
-- Installing: /home/ALEX/anytrack/ros/install/interfaces/include/interfaces/interfaces/msg/camera_location.hpp
-- Installing: /home/ALEX/anytrack/ros/install/interfaces/include/interfaces/interfaces/msg/object2d.hpp
-- Up-to-date: /home/ALEX/anytrack/ros/install/interfaces/include/interfaces/interfaces
-- Up-to-date: /home/ALEX/anytrack/ros/install/interfaces/include/interfaces/interfaces/msg
-- Up-to-date: /home/ALEX/anytrack/ros/install/interfaces/include/interfaces/interfaces/msg/rosidl_typesupport_fastrtps_cpp__visibility_control.h
-- Up-to-date: /home/ALEX/anytrack/ros/install/interfaces/include/interfaces/interfaces/msg/detail
-- Installing: /home/ALEX/anytrack/ros/install/interfaces/include/interfaces/interfaces/msg/detail/camera_location_list__rosidl_typesupport_fastrtps_cpp.hpp
-- Installing: /home/ALEX/anytrack/ros/install/interfaces/include/interfaces/interfaces/msg/detail/object2d__rosidl_typesupport_fastrtps_cpp.hpp
-- Installing: /home/ALEX/anytrack/ros/install/interfaces/include/interfaces/interfaces/msg/detail/camera_location__rosidl_typesupport_fastrtps_cpp.hpp
-- Installing: /home/ALEX/anytrack/ros/install/interfaces/include/interfaces/interfaces/msg/detail/object2d_list__rosidl_typesupport_fastrtps_cpp.hpp
-- Up-to-date: /home/ALEX/anytrack/ros/install/interfaces/include/interfaces/interfaces/msg/detail/dds_fastrtps
-- Installing: /home/ALEX/anytrack/ros/install/interfaces/lib/libinterfaces__rosidl_typesupport_fastrtps_cpp.so
-- Set runtime path of "/home/ALEX/anytrack/ros/install/interfaces/lib/libinterfaces__rosidl_typesupport_fastrtps_cpp.so" to ""
-- Up-to-date: /home/ALEX/anytrack/ros/install/interfaces/include/interfaces/interfaces
-- Up-to-date: /home/ALEX/anytrack/ros/install/interfaces/include/interfaces/interfaces/msg
-- Up-to-date: /home/ALEX/anytrack/ros/install/interfaces/include/interfaces/interfaces/msg/detail
-- Installing: /home/ALEX/anytrack/ros/install/interfaces/include/interfaces/interfaces/msg/detail/camera_location__type_support.cpp
-- Installing: /home/ALEX/anytrack/ros/install/interfaces/include/interfaces/interfaces/msg/detail/camera_location_list__rosidl_typesupport_introspection_cpp.hpp
-- Installing: /home/ALEX/anytrack/ros/install/interfaces/include/interfaces/interfaces/msg/detail/object2d_list__type_support.cpp
-- Installing: /home/ALEX/anytrack/ros/install/interfaces/include/interfaces/interfaces/msg/detail/object2d__rosidl_typesupport_introspection_cpp.hpp
-- Installing: /home/ALEX/anytrack/ros/install/interfaces/include/interfaces/interfaces/msg/detail/camera_location__rosidl_typesupport_introspection_cpp.hpp
-- Installing: /home/ALEX/anytrack/ros/install/interfaces/include/interfaces/interfaces/msg/detail/object2d__type_support.cpp
-- Installing: /home/ALEX/anytrack/ros/install/interfaces/include/interfaces/interfaces/msg/detail/camera_location_list__type_support.cpp
-- Installing: /home/ALEX/anytrack/ros/install/interfaces/include/interfaces/interfaces/msg/detail/object2d_list__rosidl_typesupport_introspection_cpp.hpp
-- Installing: /home/ALEX/anytrack/ros/install/interfaces/lib/libinterfaces__rosidl_typesupport_introspection_cpp.so
-- Set runtime path of "/home/ALEX/anytrack/ros/install/interfaces/lib/libinterfaces__rosidl_typesupport_introspection_cpp.so" to ""
-- Installing: /home/ALEX/anytrack/ros/install/interfaces/lib/libinterfaces__rosidl_typesupport_cpp.so
-- Set runtime path of "/home/ALEX/anytrack/ros/install/interfaces/lib/libinterfaces__rosidl_typesupport_cpp.so" to ""
-- Up-to-date: /home/ALEX/anytrack/ros/install/interfaces/share/interfaces/environment/pythonpath.sh
-- Installing: /home/ALEX/anytrack/ros/install/interfaces/share/interfaces/environment/pythonpath.dsv
-- Up-to-date: /home/ALEX/anytrack/ros/install/interfaces/local/lib/python3.10/dist-packages/interfaces-0.0.0-py3.10.egg-info
-- Installing: /home/ALEX/anytrack/ros/install/interfaces/local/lib/python3.10/dist-packages/interfaces-0.0.0-py3.10.egg-info/dependency_links.txt
-- Installing: /home/ALEX/anytrack/ros/install/interfaces/local/lib/python3.10/dist-packages/interfaces-0.0.0-py3.10.egg-info/PKG-INFO
-- Installing: /home/ALEX/anytrack/ros/install/interfaces/local/lib/python3.10/dist-packages/interfaces-0.0.0-py3.10.egg-info/top_level.txt
-- Installing: /home/ALEX/anytrack/ros/install/interfaces/local/lib/python3.10/dist-packages/interfaces-0.0.0-py3.10.egg-info/SOURCES.txt
-- Up-to-date: /home/ALEX/anytrack/ros/install/interfaces/local/lib/python3.10/dist-packages/interfaces
-- Installing: /home/ALEX/anytrack/ros/install/interfaces/local/lib/python3.10/dist-packages/interfaces/interfaces_s__rosidl_typesupport_c.cpython-310-x86_64-linux-gnu.so
-- Installing: /home/ALEX/anytrack/ros/install/interfaces/local/lib/python3.10/dist-packages/interfaces/_interfaces_s.ep.rosidl_typesupport_c.c
-- Installing: /home/ALEX/anytrack/ros/install/interfaces/local/lib/python3.10/dist-packages/interfaces/_interfaces_s.ep.rosidl_typesupport_fastrtps_c.c
-- Installing: /home/ALEX/anytrack/ros/install/interfaces/local/lib/python3.10/dist-packages/interfaces/interfaces_s__rosidl_typesupport_fastrtps_c.cpython-310-x86_64-linux-gnu.so
-- Installing: /home/ALEX/anytrack/ros/install/interfaces/local/lib/python3.10/dist-packages/interfaces/interfaces_s__rosidl_typesupport_introspection_c.cpython-310-x86_64-linux-gnu.so
-- Installing: /home/ALEX/anytrack/ros/install/interfaces/local/lib/python3.10/dist-packages/interfaces/libinterfaces__rosidl_generator_py.so
-- Installing: /home/ALEX/anytrack/ros/install/interfaces/local/lib/python3.10/dist-packages/interfaces/_interfaces_s.ep.rosidl_typesupport_introspection_c.c
-- Up-to-date: /home/ALEX/anytrack/ros/install/interfaces/local/lib/python3.10/dist-packages/interfaces/msg
-- Installing: /home/ALEX/anytrack/ros/install/interfaces/local/lib/python3.10/dist-packages/interfaces/msg/_camera_location_list_s.c
-- Installing: /home/ALEX/anytrack/ros/install/interfaces/local/lib/python3.10/dist-packages/interfaces/msg/_object2d_s.c
-- Installing: /home/ALEX/anytrack/ros/install/interfaces/local/lib/python3.10/dist-packages/interfaces/msg/_object2d_list_s.c
-- Installing: /home/ALEX/anytrack/ros/install/interfaces/local/lib/python3.10/dist-packages/interfaces/msg/_object2d_list.py
-- Installing: /home/ALEX/anytrack/ros/install/interfaces/local/lib/python3.10/dist-packages/interfaces/msg/_camera_location_s.c
-- Installing: /home/ALEX/anytrack/ros/install/interfaces/local/lib/python3.10/dist-packages/interfaces/msg/_camera_location_list.py
-- Installing: /home/ALEX/anytrack/ros/install/interfaces/local/lib/python3.10/dist-packages/interfaces/msg/_camera_location.py
-- Installing: /home/ALEX/anytrack/ros/install/interfaces/local/lib/python3.10/dist-packages/interfaces/msg/_object2d.py
-- Installing: /home/ALEX/anytrack/ros/install/interfaces/local/lib/python3.10/dist-packages/interfaces/msg/__init__.py
-- Installing: /home/ALEX/anytrack/ros/install/interfaces/local/lib/python3.10/dist-packages/interfaces/__init__.py
Listing '/home/ALEX/anytrack/ros/install/interfaces/local/lib/python3.10/dist-packages/interfaces'...
Compiling '/home/ALEX/anytrack/ros/install/interfaces/local/lib/python3.10/dist-packages/interfaces/__init__.py'...
Listing '/home/ALEX/anytrack/ros/install/interfaces/local/lib/python3.10/dist-packages/interfaces/msg'...
Compiling '/home/ALEX/anytrack/ros/install/interfaces/local/lib/python3.10/dist-packages/interfaces/msg/__init__.py'...
Compiling '/home/ALEX/anytrack/ros/install/interfaces/local/lib/python3.10/dist-packages/interfaces/msg/_camera_location.py'...
Compiling '/home/ALEX/anytrack/ros/install/interfaces/local/lib/python3.10/dist-packages/interfaces/msg/_camera_location_list.py'...
Compiling '/home/ALEX/anytrack/ros/install/interfaces/local/lib/python3.10/dist-packages/interfaces/msg/_object2d.py'...
Compiling '/home/ALEX/anytrack/ros/install/interfaces/local/lib/python3.10/dist-packages/interfaces/msg/_object2d_list.py'...
-- Installing: /home/ALEX/anytrack/ros/install/interfaces/local/lib/python3.10/dist-packages/interfaces/interfaces_s__rosidl_typesupport_fastrtps_c.cpython-310-x86_64-linux-gnu.so
-- Set runtime path of "/home/ALEX/anytrack/ros/install/interfaces/local/lib/python3.10/dist-packages/interfaces/interfaces_s__rosidl_typesupport_fastrtps_c.cpython-310-x86_64-linux-gnu.so" to ""
-- Installing: /home/ALEX/anytrack/ros/install/interfaces/local/lib/python3.10/dist-packages/interfaces/interfaces_s__rosidl_typesupport_introspection_c.cpython-310-x86_64-linux-gnu.so
-- Set runtime path of "/home/ALEX/anytrack/ros/install/interfaces/local/lib/python3.10/dist-packages/interfaces/interfaces_s__rosidl_typesupport_introspection_c.cpython-310-x86_64-linux-gnu.so" to ""
-- Installing: /home/ALEX/anytrack/ros/install/interfaces/local/lib/python3.10/dist-packages/interfaces/interfaces_s__rosidl_typesupport_c.cpython-310-x86_64-linux-gnu.so
-- Set runtime path of "/home/ALEX/anytrack/ros/install/interfaces/local/lib/python3.10/dist-packages/interfaces/interfaces_s__rosidl_typesupport_c.cpython-310-x86_64-linux-gnu.so" to ""
-- Installing: /home/ALEX/anytrack/ros/install/interfaces/lib/libinterfaces__rosidl_generator_py.so
-- Set runtime path of "/home/ALEX/anytrack/ros/install/interfaces/lib/libinterfaces__rosidl_generator_py.so" to ""
-- Up-to-date: /home/ALEX/anytrack/ros/install/interfaces/share/interfaces/msg/Object2d.idl
-- Up-to-date: /home/ALEX/anytrack/ros/install/interfaces/share/interfaces/msg/Object2dList.idl
-- Installing: /home/ALEX/anytrack/ros/install/interfaces/share/interfaces/msg/CameraLocation.idl
-- Up-to-date: /home/ALEX/anytrack/ros/install/interfaces/share/interfaces/msg/CameraLocationList.idl
-- Up-to-date: /home/ALEX/anytrack/ros/install/interfaces/share/interfaces/msg/Object2d.msg
-- Up-to-date: /home/ALEX/anytrack/ros/install/interfaces/share/interfaces/msg/Object2dList.msg
-- Installing: /home/ALEX/anytrack/ros/install/interfaces/share/interfaces/msg/CameraLocation.msg
-- Up-to-date: /home/ALEX/anytrack/ros/install/interfaces/share/interfaces/msg/CameraLocationList.msg
-- Up-to-date: /home/ALEX/anytrack/ros/install/interfaces/share/ament_index/resource_index/package_run_dependencies/interfaces
-- Up-to-date: /home/ALEX/anytrack/ros/install/interfaces/share/ament_index/resource_index/parent_prefix_path/interfaces
-- Up-to-date: /home/ALEX/anytrack/ros/install/interfaces/share/interfaces/environment/ament_prefix_path.sh
-- Installing: /home/ALEX/anytrack/ros/install/interfaces/share/interfaces/environment/ament_prefix_path.dsv
-- Up-to-date: /home/ALEX/anytrack/ros/install/interfaces/share/interfaces/environment/path.sh
-- Installing: /home/ALEX/anytrack/ros/install/interfaces/share/interfaces/environment/path.dsv
-- Up-to-date: /home/ALEX/anytrack/ros/install/interfaces/share/interfaces/local_setup.bash
-- Up-to-date: /home/ALEX/anytrack/ros/install/interfaces/share/interfaces/local_setup.sh
-- Up-to-date: /home/ALEX/anytrack/ros/install/interfaces/share/interfaces/local_setup.zsh
-- Installing: /home/ALEX/anytrack/ros/install/interfaces/share/interfaces/local_setup.dsv
-- Installing: /home/ALEX/anytrack/ros/install/interfaces/share/interfaces/package.dsv
-- Up-to-date: /home/ALEX/anytrack/ros/install/interfaces/share/ament_index/resource_index/packages/interfaces
-- Up-to-date: /home/ALEX/anytrack/ros/install/interfaces/share/interfaces/cmake/export_interfaces__rosidl_generator_cExport.cmake
-- Up-to-date: /home/ALEX/anytrack/ros/install/interfaces/share/interfaces/cmake/export_interfaces__rosidl_generator_cExport-noconfig.cmake
-- Up-to-date: /home/ALEX/anytrack/ros/install/interfaces/share/interfaces/cmake/export_interfaces__rosidl_typesupport_fastrtps_cExport.cmake
-- Up-to-date: /home/ALEX/anytrack/ros/install/interfaces/share/interfaces/cmake/export_interfaces__rosidl_typesupport_fastrtps_cExport-noconfig.cmake
-- Up-to-date: /home/ALEX/anytrack/ros/install/interfaces/share/interfaces/cmake/interfaces__rosidl_typesupport_introspection_cExport.cmake
-- Up-to-date: /home/ALEX/anytrack/ros/install/interfaces/share/interfaces/cmake/interfaces__rosidl_typesupport_introspection_cExport-noconfig.cmake
-- Up-to-date: /home/ALEX/anytrack/ros/install/interfaces/share/interfaces/cmake/interfaces__rosidl_typesupport_cExport.cmake
-- Up-to-date: /home/ALEX/anytrack/ros/install/interfaces/share/interfaces/cmake/interfaces__rosidl_typesupport_cExport-noconfig.cmake
-- Up-to-date: /home/ALEX/anytrack/ros/install/interfaces/share/interfaces/cmake/export_interfaces__rosidl_generator_cppExport.cmake
-- Up-to-date: /home/ALEX/anytrack/ros/install/interfaces/share/interfaces/cmake/export_interfaces__rosidl_typesupport_fastrtps_cppExport.cmake
-- Up-to-date: /home/ALEX/anytrack/ros/install/interfaces/share/interfaces/cmake/export_interfaces__rosidl_typesupport_fastrtps_cppExport-noconfig.cmake
-- Up-to-date: /home/ALEX/anytrack/ros/install/interfaces/share/interfaces/cmake/interfaces__rosidl_typesupport_introspection_cppExport.cmake
-- Up-to-date: /home/ALEX/anytrack/ros/install/interfaces/share/interfaces/cmake/interfaces__rosidl_typesupport_introspection_cppExport-noconfig.cmake
-- Up-to-date: /home/ALEX/anytrack/ros/install/interfaces/share/interfaces/cmake/interfaces__rosidl_typesupport_cppExport.cmake
-- Up-to-date: /home/ALEX/anytrack/ros/install/interfaces/share/interfaces/cmake/interfaces__rosidl_typesupport_cppExport-noconfig.cmake
-- Up-to-date: /home/ALEX/anytrack/ros/install/interfaces/share/interfaces/cmake/export_interfaces__rosidl_generator_pyExport.cmake
-- Up-to-date: /home/ALEX/anytrack/ros/install/interfaces/share/interfaces/cmake/export_interfaces__rosidl_generator_pyExport-noconfig.cmake
-- Up-to-date: /home/ALEX/anytrack/ros/install/interfaces/share/interfaces/cmake/rosidl_cmake-extras.cmake
-- Up-to-date: /home/ALEX/anytrack/ros/install/interfaces/share/interfaces/cmake/ament_cmake_export_dependencies-extras.cmake
-- Up-to-date: /home/ALEX/anytrack/ros/install/interfaces/share/interfaces/cmake/ament_cmake_export_include_directories-extras.cmake
-- Up-to-date: /home/ALEX/anytrack/ros/install/interfaces/share/interfaces/cmake/ament_cmake_export_libraries-extras.cmake
-- Up-to-date: /home/ALEX/anytrack/ros/install/interfaces/share/interfaces/cmake/ament_cmake_export_targets-extras.cmake
-- Up-to-date: /home/ALEX/anytrack/ros/install/interfaces/share/interfaces/cmake/rosidl_cmake_export_typesupport_targets-extras.cmake
-- Up-to-date: /home/ALEX/anytrack/ros/install/interfaces/share/interfaces/cmake/rosidl_cmake_export_typesupport_libraries-extras.cmake
-- Up-to-date: /home/ALEX/anytrack/ros/install/interfaces/share/interfaces/cmake/interfacesConfig.cmake
-- Up-to-date: /home/ALEX/anytrack/ros/install/interfaces/share/interfaces/cmake/interfacesConfig-version.cmake
-- Up-to-date: /home/ALEX/anytrack/ros/install/interfaces/share/interfaces/package.xml
