[0.015s] Invoking command in '/home/ALEX/anytrack/ros/build/interfaces': CMAKE_PREFIX_PATH=${CMAKE_PREFIX_PATH}:/home/ALEX/anytrack/ros/install/anytrack:/home/ALEX/xray/ros/install/xray:/opt/ros/humble /usr/bin/cmake --build /home/ALEX/anytrack/ros/build/interfaces -- -j12 -l12
[0.036s] -- Found ament_cmake: 1.3.4 (/opt/ros/humble/share/ament_cmake/cmake)
[0.169s] -- Found rosidl_default_generators: 1.2.0 (/opt/ros/humble/share/rosidl_default_generators/cmake)
[0.171s] -- Using all available rosidl_typesupport_c: rosidl_typesupport_fastrtps_c;rosidl_typesupport_introspection_c
[0.174s] -- Found rosidl_adapter: 3.1.4 (/opt/ros/humble/share/rosidl_adapter/cmake)
[0.205s] -- Using all available rosidl_typesupport_cpp: rosidl_typesupport_fastrtps_cpp;rosidl_typesupport_introspection_cpp
[0.233s] -- Found std_msgs: 4.2.3 (/opt/ros/humble/share/std_msgs/cmake)
[0.549s] -- Found ament_cmake_ros: 0.10.0 (/opt/ros/humble/share/ament_cmake_ros/cmake)
[0.754s] -- Using all available rosidl_typesupport_c: rosidl_typesupport_fastrtps_c;rosidl_typesupport_introspection_c
[1.023s] -- Using all available rosidl_typesupport_cpp: rosidl_typesupport_fastrtps_cpp;rosidl_typesupport_introspection_cpp
[1.044s] -- Found python_cmake_module: 0.10.0 (/opt/ros/humble/share/python_cmake_module/cmake)
[1.065s] -- Using PYTHON_EXECUTABLE: /usr/bin/python3
[1.065s] -- Using PYTHON_INCLUDE_DIRS: /usr/include/python3.10
[1.065s] -- Using PYTHON_LIBRARIES: /usr/lib/x86_64-linux-gnu/libpython3.10.so
[1.097s] -- Configuring done
[1.130s] -- Generating done
[1.132s] -- Build files have been written to: /home/ALEX/anytrack/ros/build/interfaces
[1.152s] [  1%] [34m[1mGenerating C code for ROS interfaces[0m
[1.160s] [  3%] [34m[1mGenerating C++ code for ROS interfaces[0m
[1.168s] [  3%] Built target ament_cmake_python_copy_interfaces
[1.405s] running egg_info
[1.406s] writing interfaces.egg-info/PKG-INFO
[1.406s] writing dependency_links to interfaces.egg-info/dependency_links.txt
[1.406s] writing top-level names to interfaces.egg-info/top_level.txt
[1.408s] reading manifest file 'interfaces.egg-info/SOURCES.txt'
[1.408s] writing manifest file 'interfaces.egg-info/SOURCES.txt'
[1.430s] [  3%] Built target ament_cmake_python_build_interfaces_egg
[1.558s] [  3%] Built target interfaces__cpp
[1.567s] [  7%] [34m[1mGenerating C++ type support for eProsima Fast-RTPS[0m
[1.567s] [  7%] [34m[1mGenerating C++ type support dispatch for ROS interfaces[0m
[1.567s] [  9%] [34m[1mGenerating C++ introspection for ROS interfaces[0m
[1.596s] [35m[1mConsolidate compiler generated dependencies of target interfaces__rosidl_generator_c[0m
[1.609s] [ 14%] [32mBuilding C object CMakeFiles/interfaces__rosidl_generator_c.dir/rosidl_generator_c/interfaces/msg/detail/camera_location__functions.c.o[0m
[1.609s] [ 14%] [32mBuilding C object CMakeFiles/interfaces__rosidl_generator_c.dir/rosidl_generator_c/interfaces/msg/detail/object2d_list__functions.c.o[0m
[1.609s] [ 14%] [32mBuilding C object CMakeFiles/interfaces__rosidl_generator_c.dir/rosidl_generator_c/interfaces/msg/detail/object2d__functions.c.o[0m
[1.610s] [ 16%] [32mBuilding C object CMakeFiles/interfaces__rosidl_generator_c.dir/rosidl_generator_c/interfaces/msg/detail/camera_location_list__functions.c.o[0m
[1.662s] [ 18%] [32m[1mLinking C shared library libinterfaces__rosidl_generator_c.so[0m
[1.693s] [ 18%] Built target interfaces__rosidl_generator_c
[1.702s] [ 20%] [34m[1mGenerating C introspection for ROS interfaces[0m
[1.702s] [ 21%] [34m[1mGenerating C type support dispatch for ROS interfaces[0m
[1.702s] [ 23%] [34m[1mGenerating C type support for eProsima Fast-RTPS[0m
[1.875s] [35m[1mConsolidate compiler generated dependencies of target interfaces__rosidl_typesupport_cpp[0m
[1.890s] [ 25%] [32mBuilding CXX object CMakeFiles/interfaces__rosidl_typesupport_cpp.dir/rosidl_typesupport_cpp/interfaces/msg/object2d_list__type_support.cpp.o[0m
[1.891s] [ 27%] [32mBuilding CXX object CMakeFiles/interfaces__rosidl_typesupport_cpp.dir/rosidl_typesupport_cpp/interfaces/msg/camera_location_list__type_support.cpp.o[0m
[1.892s] [ 30%] [32mBuilding CXX object CMakeFiles/interfaces__rosidl_typesupport_cpp.dir/rosidl_typesupport_cpp/interfaces/msg/object2d__type_support.cpp.o[0m
[1.892s] [ 30%] [32mBuilding CXX object CMakeFiles/interfaces__rosidl_typesupport_cpp.dir/rosidl_typesupport_cpp/interfaces/msg/camera_location__type_support.cpp.o[0m
[1.948s] [35m[1mConsolidate compiler generated dependencies of target interfaces__rosidl_typesupport_introspection_cpp[0m
[1.969s] [ 32%] [32mBuilding CXX object CMakeFiles/interfaces__rosidl_typesupport_introspection_cpp.dir/rosidl_typesupport_introspection_cpp/interfaces/msg/detail/object2d_list__type_support.cpp.o[0m
[1.977s] [ 34%] [32mBuilding CXX object CMakeFiles/interfaces__rosidl_typesupport_introspection_cpp.dir/rosidl_typesupport_introspection_cpp/interfaces/msg/detail/object2d__type_support.cpp.o[0m
[1.980s] [ 36%] [32mBuilding CXX object CMakeFiles/interfaces__rosidl_typesupport_introspection_cpp.dir/rosidl_typesupport_introspection_cpp/interfaces/msg/detail/camera_location__type_support.cpp.o[0m
[2.007s] [ 38%] [32mBuilding CXX object CMakeFiles/interfaces__rosidl_typesupport_introspection_cpp.dir/rosidl_typesupport_introspection_cpp/interfaces/msg/detail/camera_location_list__type_support.cpp.o[0m
[2.009s] [35m[1mConsolidate compiler generated dependencies of target interfaces__rosidl_typesupport_fastrtps_cpp[0m
[2.031s] [ 40%] [32mBuilding CXX object CMakeFiles/interfaces__rosidl_typesupport_fastrtps_cpp.dir/rosidl_typesupport_fastrtps_cpp/interfaces/msg/detail/dds_fastrtps/object2d__type_support.cpp.o[0m
[2.114s] [35m[1mConsolidate compiler generated dependencies of target interfaces__rosidl_typesupport_c[0m
[2.133s] [ 41%] [32mBuilding CXX object CMakeFiles/interfaces__rosidl_typesupport_c.dir/rosidl_typesupport_c/interfaces/msg/object2d__type_support.cpp.o[0m
[2.178s] [ 43%] [32mBuilding CXX object CMakeFiles/interfaces__rosidl_typesupport_c.dir/rosidl_typesupport_c/interfaces/msg/object2d_list__type_support.cpp.o[0m
[2.218s] [ 45%] [32mBuilding CXX object CMakeFiles/interfaces__rosidl_typesupport_fastrtps_cpp.dir/rosidl_typesupport_fastrtps_cpp/interfaces/msg/detail/dds_fastrtps/object2d_list__type_support.cpp.o[0m
[2.220s] [35m[1mConsolidate compiler generated dependencies of target interfaces__rosidl_typesupport_introspection_c[0m
[2.238s] [ 47%] [32mBuilding C object CMakeFiles/interfaces__rosidl_typesupport_introspection_c.dir/rosidl_typesupport_introspection_c/interfaces/msg/detail/object2d__type_support.c.o[0m
[2.240s] [ 49%] [32mBuilding CXX object CMakeFiles/interfaces__rosidl_typesupport_c.dir/rosidl_typesupport_c/interfaces/msg/camera_location__type_support.cpp.o[0m
[2.243s] [ 50%] [32mBuilding CXX object CMakeFiles/interfaces__rosidl_typesupport_fastrtps_cpp.dir/rosidl_typesupport_fastrtps_cpp/interfaces/msg/detail/dds_fastrtps/camera_location__type_support.cpp.o[0m
[2.256s] [ 52%] [32mBuilding CXX object CMakeFiles/interfaces__rosidl_typesupport_fastrtps_cpp.dir/rosidl_typesupport_fastrtps_cpp/interfaces/msg/detail/dds_fastrtps/camera_location_list__type_support.cpp.o[0m
[2.273s] [ 54%] [32m[1mLinking CXX shared library libinterfaces__rosidl_typesupport_cpp.so[0m
[2.287s] [ 58%] [32mBuilding C object CMakeFiles/interfaces__rosidl_typesupport_introspection_c.dir/rosidl_typesupport_introspection_c/interfaces/msg/detail/object2d_list__type_support.c.o[0m
[2.287s] [ 58%] [32mBuilding CXX object CMakeFiles/interfaces__rosidl_typesupport_c.dir/rosidl_typesupport_c/interfaces/msg/camera_location_list__type_support.cpp.o[0m
[2.312s] [35m[1mConsolidate compiler generated dependencies of target interfaces__rosidl_typesupport_fastrtps_c[0m
[2.330s] [ 60%] [32m[1mLinking CXX shared library libinterfaces__rosidl_typesupport_c.so[0m
[2.330s] [ 60%] Built target interfaces__rosidl_typesupport_cpp
[2.335s] [ 61%] [32mBuilding CXX object CMakeFiles/interfaces__rosidl_typesupport_fastrtps_c.dir/rosidl_typesupport_fastrtps_c/interfaces/msg/detail/object2d__type_support_c.cpp.o[0m
[2.342s] [ 63%] [32mBuilding C object CMakeFiles/interfaces__rosidl_typesupport_introspection_c.dir/rosidl_typesupport_introspection_c/interfaces/msg/detail/camera_location__type_support.c.o[0m
[2.345s] [ 65%] [32mBuilding CXX object CMakeFiles/interfaces__rosidl_typesupport_fastrtps_c.dir/rosidl_typesupport_fastrtps_c/interfaces/msg/detail/object2d_list__type_support_c.cpp.o[0m
[2.393s] [ 67%] [32mBuilding C object CMakeFiles/interfaces__rosidl_typesupport_introspection_c.dir/rosidl_typesupport_introspection_c/interfaces/msg/detail/camera_location_list__type_support.c.o[0m
[2.394s] [ 67%] Built target interfaces__rosidl_typesupport_c
[2.405s] [ 69%] [32mBuilding CXX object CMakeFiles/interfaces__rosidl_typesupport_fastrtps_c.dir/rosidl_typesupport_fastrtps_c/interfaces/msg/detail/camera_location__type_support_c.cpp.o[0m
[2.459s] [ 70%] [32m[1mLinking C shared library libinterfaces__rosidl_typesupport_introspection_c.so[0m
[2.496s] [ 72%] [32mBuilding CXX object CMakeFiles/interfaces__rosidl_typesupport_fastrtps_c.dir/rosidl_typesupport_fastrtps_c/interfaces/msg/detail/camera_location_list__type_support_c.cpp.o[0m
[2.500s] [ 72%] Built target interfaces__rosidl_typesupport_introspection_c
[2.584s] [ 74%] [32m[1mLinking CXX shared library libinterfaces__rosidl_typesupport_introspection_cpp.so[0m
[2.671s] [ 74%] Built target interfaces__rosidl_typesupport_introspection_cpp
[2.806s] [ 76%] [32m[1mLinking CXX shared library libinterfaces__rosidl_typesupport_fastrtps_cpp.so[0m
[2.869s] [ 76%] Built target interfaces__rosidl_typesupport_fastrtps_cpp
[2.889s] [ 78%] [32m[1mLinking CXX shared library libinterfaces__rosidl_typesupport_fastrtps_c.so[0m
[2.951s] [ 78%] Built target interfaces__rosidl_typesupport_fastrtps_c
[2.966s] [ 78%] Built target interfaces
[2.981s] [ 80%] [34m[1mGenerating Python code for ROS interfaces[0m
[3.573s] [ 80%] Built target interfaces__py
[3.581s] [35m[1mConsolidate compiler generated dependencies of target interfaces__rosidl_generator_py[0m
[3.594s] [ 81%] [32mBuilding C object CMakeFiles/interfaces__rosidl_generator_py.dir/rosidl_generator_py/interfaces/msg/_object2d_s.c.o[0m
[3.594s] [ 83%] [32mBuilding C object CMakeFiles/interfaces__rosidl_generator_py.dir/rosidl_generator_py/interfaces/msg/_object2d_list_s.c.o[0m
[3.594s] [ 87%] [32mBuilding C object CMakeFiles/interfaces__rosidl_generator_py.dir/rosidl_generator_py/interfaces/msg/_camera_location_s.c.o[0m
[3.595s] [ 87%] [32mBuilding C object CMakeFiles/interfaces__rosidl_generator_py.dir/rosidl_generator_py/interfaces/msg/_camera_location_list_s.c.o[0m
[3.688s] [ 89%] [32m[1mLinking C shared library rosidl_generator_py/interfaces/libinterfaces__rosidl_generator_py.so[0m
[3.720s] [ 89%] Built target interfaces__rosidl_generator_py
[3.728s] [35m[1mConsolidate compiler generated dependencies of target interfaces__rosidl_typesupport_c__pyext[0m
[3.728s] [35m[1mConsolidate compiler generated dependencies of target interfaces__rosidl_typesupport_fastrtps_c__pyext[0m
[3.728s] [35m[1mConsolidate compiler generated dependencies of target interfaces__rosidl_typesupport_introspection_c__pyext[0m
[3.739s] [ 92%] [32mBuilding C object CMakeFiles/interfaces__rosidl_typesupport_c__pyext.dir/rosidl_generator_py/interfaces/_interfaces_s.ep.rosidl_typesupport_c.c.o[0m
[3.739s] [ 92%] [32mBuilding C object CMakeFiles/interfaces__rosidl_typesupport_fastrtps_c__pyext.dir/rosidl_generator_py/interfaces/_interfaces_s.ep.rosidl_typesupport_fastrtps_c.c.o[0m
[3.739s] [ 94%] [32mBuilding C object CMakeFiles/interfaces__rosidl_typesupport_introspection_c__pyext.dir/rosidl_generator_py/interfaces/_interfaces_s.ep.rosidl_typesupport_introspection_c.c.o[0m
[3.834s] [ 96%] [32m[1mLinking C shared library rosidl_generator_py/interfaces/interfaces_s__rosidl_typesupport_c.cpython-310-x86_64-linux-gnu.so[0m
[3.839s] [ 98%] [32m[1mLinking C shared library rosidl_generator_py/interfaces/interfaces_s__rosidl_typesupport_fastrtps_c.cpython-310-x86_64-linux-gnu.so[0m
[3.841s] [100%] [32m[1mLinking C shared library rosidl_generator_py/interfaces/interfaces_s__rosidl_typesupport_introspection_c.cpython-310-x86_64-linux-gnu.so[0m
[3.866s] [100%] Built target interfaces__rosidl_typesupport_c__pyext
[3.873s] [100%] Built target interfaces__rosidl_typesupport_fastrtps_c__pyext
[3.873s] [100%] Built target interfaces__rosidl_typesupport_introspection_c__pyext
[3.881s] Invoked command in '/home/ALEX/anytrack/ros/build/interfaces' returned '0': CMAKE_PREFIX_PATH=${CMAKE_PREFIX_PATH}:/home/ALEX/anytrack/ros/install/anytrack:/home/ALEX/xray/ros/install/xray:/opt/ros/humble /usr/bin/cmake --build /home/ALEX/anytrack/ros/build/interfaces -- -j12 -l12
[3.966s] Invoking command in '/home/ALEX/anytrack/ros/build/interfaces': CMAKE_PREFIX_PATH=${CMAKE_PREFIX_PATH}:/home/ALEX/anytrack/ros/install/anytrack:/home/ALEX/xray/ros/install/xray:/opt/ros/humble /usr/bin/cmake --install /home/ALEX/anytrack/ros/build/interfaces
[3.973s] -- Install configuration: ""
[3.973s] -- Up-to-date: /home/ALEX/anytrack/ros/install/interfaces/share/ament_index/resource_index/rosidl_interfaces/interfaces
[3.973s] -- Up-to-date: /home/ALEX/anytrack/ros/install/interfaces/include/interfaces/interfaces
[3.973s] -- Up-to-date: /home/ALEX/anytrack/ros/install/interfaces/include/interfaces/interfaces/msg
[3.973s] -- Installing: /home/ALEX/anytrack/ros/install/interfaces/include/interfaces/interfaces/msg/object2d_list.h
[3.973s] -- Installing: /home/ALEX/anytrack/ros/install/interfaces/include/interfaces/interfaces/msg/camera_location_list.h
[3.973s] -- Up-to-date: /home/ALEX/anytrack/ros/install/interfaces/include/interfaces/interfaces/msg/rosidl_generator_c__visibility_control.h
[3.973s] -- Up-to-date: /home/ALEX/anytrack/ros/install/interfaces/include/interfaces/interfaces/msg/detail
[3.973s] -- Installing: /home/ALEX/anytrack/ros/install/interfaces/include/interfaces/interfaces/msg/detail/camera_location_list__struct.h
[3.973s] -- Installing: /home/ALEX/anytrack/ros/install/interfaces/include/interfaces/interfaces/msg/detail/object2d__functions.h
[3.974s] -- Installing: /home/ALEX/anytrack/ros/install/interfaces/include/interfaces/interfaces/msg/detail/camera_location_list__functions.h
[3.974s] -- Installing: /home/ALEX/anytrack/ros/install/interfaces/include/interfaces/interfaces/msg/detail/object2d_list__struct.h
[3.974s] -- Installing: /home/ALEX/anytrack/ros/install/interfaces/include/interfaces/interfaces/msg/detail/camera_location__functions.c
[3.974s] -- Installing: /home/ALEX/anytrack/ros/install/interfaces/include/interfaces/interfaces/msg/detail/object2d__functions.c
[3.974s] -- Installing: /home/ALEX/anytrack/ros/install/interfaces/include/interfaces/interfaces/msg/detail/object2d__type_support.h
[3.974s] -- Installing: /home/ALEX/anytrack/ros/install/interfaces/include/interfaces/interfaces/msg/detail/camera_location__type_support.h
[3.974s] -- Installing: /home/ALEX/anytrack/ros/install/interfaces/include/interfaces/interfaces/msg/detail/object2d_list__type_support.h
[3.974s] -- Installing: /home/ALEX/anytrack/ros/install/interfaces/include/interfaces/interfaces/msg/detail/object2d_list__functions.h
[3.974s] -- Installing: /home/ALEX/anytrack/ros/install/interfaces/include/interfaces/interfaces/msg/detail/camera_location_list__type_support.h
[3.974s] -- Installing: /home/ALEX/anytrack/ros/install/interfaces/include/interfaces/interfaces/msg/detail/camera_location__struct.h
[3.975s] -- Installing: /home/ALEX/anytrack/ros/install/interfaces/include/interfaces/interfaces/msg/detail/camera_location__functions.h
[3.975s] -- Installing: /home/ALEX/anytrack/ros/install/interfaces/include/interfaces/interfaces/msg/detail/object2d_list__functions.c
[3.975s] -- Installing: /home/ALEX/anytrack/ros/install/interfaces/include/interfaces/interfaces/msg/detail/camera_location_list__functions.c
[3.975s] -- Installing: /home/ALEX/anytrack/ros/install/interfaces/include/interfaces/interfaces/msg/detail/object2d__struct.h
[3.975s] -- Installing: /home/ALEX/anytrack/ros/install/interfaces/include/interfaces/interfaces/msg/object2d.h
[3.975s] -- Installing: /home/ALEX/anytrack/ros/install/interfaces/include/interfaces/interfaces/msg/camera_location.h
[3.975s] -- Up-to-date: /home/ALEX/anytrack/ros/install/interfaces/share/interfaces/environment/library_path.sh
[3.975s] -- Installing: /home/ALEX/anytrack/ros/install/interfaces/share/interfaces/environment/library_path.dsv
[3.976s] -- Installing: /home/ALEX/anytrack/ros/install/interfaces/lib/libinterfaces__rosidl_generator_c.so
[3.976s] -- Set runtime path of "/home/ALEX/anytrack/ros/install/interfaces/lib/libinterfaces__rosidl_generator_c.so" to ""
[3.976s] -- Up-to-date: /home/ALEX/anytrack/ros/install/interfaces/include/interfaces/interfaces
[3.976s] -- Up-to-date: /home/ALEX/anytrack/ros/install/interfaces/include/interfaces/interfaces/msg
[3.976s] -- Up-to-date: /home/ALEX/anytrack/ros/install/interfaces/include/interfaces/interfaces/msg/rosidl_typesupport_fastrtps_c__visibility_control.h
[3.976s] -- Up-to-date: /home/ALEX/anytrack/ros/install/interfaces/include/interfaces/interfaces/msg/detail
[3.976s] -- Installing: /home/ALEX/anytrack/ros/install/interfaces/include/interfaces/interfaces/msg/detail/object2d_list__rosidl_typesupport_fastrtps_c.h
[3.977s] -- Installing: /home/ALEX/anytrack/ros/install/interfaces/include/interfaces/interfaces/msg/detail/camera_location_list__rosidl_typesupport_fastrtps_c.h
[3.977s] -- Installing: /home/ALEX/anytrack/ros/install/interfaces/include/interfaces/interfaces/msg/detail/object2d__rosidl_typesupport_fastrtps_c.h
[3.977s] -- Installing: /home/ALEX/anytrack/ros/install/interfaces/include/interfaces/interfaces/msg/detail/camera_location__rosidl_typesupport_fastrtps_c.h
[3.977s] -- Installing: /home/ALEX/anytrack/ros/install/interfaces/lib/libinterfaces__rosidl_typesupport_fastrtps_c.so
[3.977s] -- Set runtime path of "/home/ALEX/anytrack/ros/install/interfaces/lib/libinterfaces__rosidl_typesupport_fastrtps_c.so" to ""
[3.977s] -- Up-to-date: /home/ALEX/anytrack/ros/install/interfaces/include/interfaces/interfaces
[3.977s] -- Up-to-date: /home/ALEX/anytrack/ros/install/interfaces/include/interfaces/interfaces/msg
[3.977s] -- Up-to-date: /home/ALEX/anytrack/ros/install/interfaces/include/interfaces/interfaces/msg/detail
[3.978s] -- Installing: /home/ALEX/anytrack/ros/install/interfaces/include/interfaces/interfaces/msg/detail/object2d__rosidl_typesupport_introspection_c.h
[3.978s] -- Installing: /home/ALEX/anytrack/ros/install/interfaces/include/interfaces/interfaces/msg/detail/camera_location__rosidl_typesupport_introspection_c.h
[3.978s] -- Installing: /home/ALEX/anytrack/ros/install/interfaces/include/interfaces/interfaces/msg/detail/object2d_list__rosidl_typesupport_introspection_c.h
[3.978s] -- Installing: /home/ALEX/anytrack/ros/install/interfaces/include/interfaces/interfaces/msg/detail/camera_location_list__type_support.c
[3.978s] -- Installing: /home/ALEX/anytrack/ros/install/interfaces/include/interfaces/interfaces/msg/detail/camera_location__type_support.c
[3.978s] -- Installing: /home/ALEX/anytrack/ros/install/interfaces/include/interfaces/interfaces/msg/detail/camera_location_list__rosidl_typesupport_introspection_c.h
[3.978s] -- Installing: /home/ALEX/anytrack/ros/install/interfaces/include/interfaces/interfaces/msg/detail/object2d_list__type_support.c
[3.978s] -- Installing: /home/ALEX/anytrack/ros/install/interfaces/include/interfaces/interfaces/msg/detail/object2d__type_support.c
[3.978s] -- Up-to-date: /home/ALEX/anytrack/ros/install/interfaces/include/interfaces/interfaces/msg/rosidl_typesupport_introspection_c__visibility_control.h
[3.978s] -- Installing: /home/ALEX/anytrack/ros/install/interfaces/lib/libinterfaces__rosidl_typesupport_introspection_c.so
[3.979s] -- Set runtime path of "/home/ALEX/anytrack/ros/install/interfaces/lib/libinterfaces__rosidl_typesupport_introspection_c.so" to ""
[3.979s] -- Installing: /home/ALEX/anytrack/ros/install/interfaces/lib/libinterfaces__rosidl_typesupport_c.so
[3.979s] -- Set runtime path of "/home/ALEX/anytrack/ros/install/interfaces/lib/libinterfaces__rosidl_typesupport_c.so" to ""
[3.979s] -- Up-to-date: /home/ALEX/anytrack/ros/install/interfaces/include/interfaces/interfaces
[3.979s] -- Up-to-date: /home/ALEX/anytrack/ros/install/interfaces/include/interfaces/interfaces/msg
[3.979s] -- Installing: /home/ALEX/anytrack/ros/install/interfaces/include/interfaces/interfaces/msg/camera_location_list.hpp
[3.979s] -- Up-to-date: /home/ALEX/anytrack/ros/install/interfaces/include/interfaces/interfaces/msg/detail
[3.980s] -- Installing: /home/ALEX/anytrack/ros/install/interfaces/include/interfaces/interfaces/msg/detail/camera_location_list__struct.hpp
[3.980s] -- Installing: /home/ALEX/anytrack/ros/install/interfaces/include/interfaces/interfaces/msg/detail/object2d__traits.hpp
[3.980s] -- Installing: /home/ALEX/anytrack/ros/install/interfaces/include/interfaces/interfaces/msg/detail/camera_location_list__builder.hpp
[3.980s] -- Installing: /home/ALEX/anytrack/ros/install/interfaces/include/interfaces/interfaces/msg/detail/object2d_list__builder.hpp
[3.980s] -- Installing: /home/ALEX/anytrack/ros/install/interfaces/include/interfaces/interfaces/msg/detail/object2d__struct.hpp
[3.980s] -- Installing: /home/ALEX/anytrack/ros/install/interfaces/include/interfaces/interfaces/msg/detail/camera_location__builder.hpp
[3.980s] -- Installing: /home/ALEX/anytrack/ros/install/interfaces/include/interfaces/interfaces/msg/detail/camera_location__struct.hpp
[3.980s] -- Installing: /home/ALEX/anytrack/ros/install/interfaces/include/interfaces/interfaces/msg/detail/camera_location__traits.hpp
[3.980s] -- Installing: /home/ALEX/anytrack/ros/install/interfaces/include/interfaces/interfaces/msg/detail/object2d__builder.hpp
[3.981s] -- Installing: /home/ALEX/anytrack/ros/install/interfaces/include/interfaces/interfaces/msg/detail/object2d_list__traits.hpp
[3.981s] -- Installing: /home/ALEX/anytrack/ros/install/interfaces/include/interfaces/interfaces/msg/detail/camera_location_list__traits.hpp
[3.981s] -- Installing: /home/ALEX/anytrack/ros/install/interfaces/include/interfaces/interfaces/msg/detail/object2d_list__struct.hpp
[3.981s] -- Installing: /home/ALEX/anytrack/ros/install/interfaces/include/interfaces/interfaces/msg/object2d_list.hpp
[3.981s] -- Installing: /home/ALEX/anytrack/ros/install/interfaces/include/interfaces/interfaces/msg/camera_location.hpp
[3.981s] -- Installing: /home/ALEX/anytrack/ros/install/interfaces/include/interfaces/interfaces/msg/object2d.hpp
[3.981s] -- Up-to-date: /home/ALEX/anytrack/ros/install/interfaces/include/interfaces/interfaces
[3.981s] -- Up-to-date: /home/ALEX/anytrack/ros/install/interfaces/include/interfaces/interfaces/msg
[3.981s] -- Up-to-date: /home/ALEX/anytrack/ros/install/interfaces/include/interfaces/interfaces/msg/rosidl_typesupport_fastrtps_cpp__visibility_control.h
[3.982s] -- Up-to-date: /home/ALEX/anytrack/ros/install/interfaces/include/interfaces/interfaces/msg/detail
[3.982s] -- Installing: /home/ALEX/anytrack/ros/install/interfaces/include/interfaces/interfaces/msg/detail/camera_location_list__rosidl_typesupport_fastrtps_cpp.hpp
[3.982s] -- Installing: /home/ALEX/anytrack/ros/install/interfaces/include/interfaces/interfaces/msg/detail/object2d__rosidl_typesupport_fastrtps_cpp.hpp
[3.982s] -- Installing: /home/ALEX/anytrack/ros/install/interfaces/include/interfaces/interfaces/msg/detail/camera_location__rosidl_typesupport_fastrtps_cpp.hpp
[3.982s] -- Installing: /home/ALEX/anytrack/ros/install/interfaces/include/interfaces/interfaces/msg/detail/object2d_list__rosidl_typesupport_fastrtps_cpp.hpp
[3.982s] -- Up-to-date: /home/ALEX/anytrack/ros/install/interfaces/include/interfaces/interfaces/msg/detail/dds_fastrtps
[3.982s] -- Installing: /home/ALEX/anytrack/ros/install/interfaces/lib/libinterfaces__rosidl_typesupport_fastrtps_cpp.so
[3.982s] -- Set runtime path of "/home/ALEX/anytrack/ros/install/interfaces/lib/libinterfaces__rosidl_typesupport_fastrtps_cpp.so" to ""
[3.983s] -- Up-to-date: /home/ALEX/anytrack/ros/install/interfaces/include/interfaces/interfaces
[3.983s] -- Up-to-date: /home/ALEX/anytrack/ros/install/interfaces/include/interfaces/interfaces/msg
[3.983s] -- Up-to-date: /home/ALEX/anytrack/ros/install/interfaces/include/interfaces/interfaces/msg/detail
[3.983s] -- Installing: /home/ALEX/anytrack/ros/install/interfaces/include/interfaces/interfaces/msg/detail/camera_location__type_support.cpp
[3.983s] -- Installing: /home/ALEX/anytrack/ros/install/interfaces/include/interfaces/interfaces/msg/detail/camera_location_list__rosidl_typesupport_introspection_cpp.hpp
[3.983s] -- Installing: /home/ALEX/anytrack/ros/install/interfaces/include/interfaces/interfaces/msg/detail/object2d_list__type_support.cpp
[3.983s] -- Installing: /home/ALEX/anytrack/ros/install/interfaces/include/interfaces/interfaces/msg/detail/object2d__rosidl_typesupport_introspection_cpp.hpp
[3.983s] -- Installing: /home/ALEX/anytrack/ros/install/interfaces/include/interfaces/interfaces/msg/detail/camera_location__rosidl_typesupport_introspection_cpp.hpp
[3.984s] -- Installing: /home/ALEX/anytrack/ros/install/interfaces/include/interfaces/interfaces/msg/detail/object2d__type_support.cpp
[3.984s] -- Installing: /home/ALEX/anytrack/ros/install/interfaces/include/interfaces/interfaces/msg/detail/camera_location_list__type_support.cpp
[3.984s] -- Installing: /home/ALEX/anytrack/ros/install/interfaces/include/interfaces/interfaces/msg/detail/object2d_list__rosidl_typesupport_introspection_cpp.hpp
[3.984s] -- Installing: /home/ALEX/anytrack/ros/install/interfaces/lib/libinterfaces__rosidl_typesupport_introspection_cpp.so
[3.984s] -- Set runtime path of "/home/ALEX/anytrack/ros/install/interfaces/lib/libinterfaces__rosidl_typesupport_introspection_cpp.so" to ""
[3.984s] -- Installing: /home/ALEX/anytrack/ros/install/interfaces/lib/libinterfaces__rosidl_typesupport_cpp.so
[3.984s] -- Set runtime path of "/home/ALEX/anytrack/ros/install/interfaces/lib/libinterfaces__rosidl_typesupport_cpp.so" to ""
[3.985s] -- Up-to-date: /home/ALEX/anytrack/ros/install/interfaces/share/interfaces/environment/pythonpath.sh
[3.985s] -- Installing: /home/ALEX/anytrack/ros/install/interfaces/share/interfaces/environment/pythonpath.dsv
[3.985s] -- Up-to-date: /home/ALEX/anytrack/ros/install/interfaces/local/lib/python3.10/dist-packages/interfaces-0.0.0-py3.10.egg-info
[3.985s] -- Installing: /home/ALEX/anytrack/ros/install/interfaces/local/lib/python3.10/dist-packages/interfaces-0.0.0-py3.10.egg-info/dependency_links.txt
[3.985s] -- Installing: /home/ALEX/anytrack/ros/install/interfaces/local/lib/python3.10/dist-packages/interfaces-0.0.0-py3.10.egg-info/PKG-INFO
[3.985s] -- Installing: /home/ALEX/anytrack/ros/install/interfaces/local/lib/python3.10/dist-packages/interfaces-0.0.0-py3.10.egg-info/top_level.txt
[3.985s] -- Installing: /home/ALEX/anytrack/ros/install/interfaces/local/lib/python3.10/dist-packages/interfaces-0.0.0-py3.10.egg-info/SOURCES.txt
[3.985s] -- Up-to-date: /home/ALEX/anytrack/ros/install/interfaces/local/lib/python3.10/dist-packages/interfaces
[3.985s] -- Installing: /home/ALEX/anytrack/ros/install/interfaces/local/lib/python3.10/dist-packages/interfaces/interfaces_s__rosidl_typesupport_c.cpython-310-x86_64-linux-gnu.so
[3.985s] -- Installing: /home/ALEX/anytrack/ros/install/interfaces/local/lib/python3.10/dist-packages/interfaces/_interfaces_s.ep.rosidl_typesupport_c.c
[3.985s] -- Installing: /home/ALEX/anytrack/ros/install/interfaces/local/lib/python3.10/dist-packages/interfaces/_interfaces_s.ep.rosidl_typesupport_fastrtps_c.c
[3.986s] -- Installing: /home/ALEX/anytrack/ros/install/interfaces/local/lib/python3.10/dist-packages/interfaces/interfaces_s__rosidl_typesupport_fastrtps_c.cpython-310-x86_64-linux-gnu.so
[3.986s] -- Installing: /home/ALEX/anytrack/ros/install/interfaces/local/lib/python3.10/dist-packages/interfaces/interfaces_s__rosidl_typesupport_introspection_c.cpython-310-x86_64-linux-gnu.so
[3.986s] -- Installing: /home/ALEX/anytrack/ros/install/interfaces/local/lib/python3.10/dist-packages/interfaces/libinterfaces__rosidl_generator_py.so
[3.986s] -- Installing: /home/ALEX/anytrack/ros/install/interfaces/local/lib/python3.10/dist-packages/interfaces/_interfaces_s.ep.rosidl_typesupport_introspection_c.c
[3.986s] -- Up-to-date: /home/ALEX/anytrack/ros/install/interfaces/local/lib/python3.10/dist-packages/interfaces/msg
[3.986s] -- Installing: /home/ALEX/anytrack/ros/install/interfaces/local/lib/python3.10/dist-packages/interfaces/msg/_camera_location_list_s.c
[3.986s] -- Installing: /home/ALEX/anytrack/ros/install/interfaces/local/lib/python3.10/dist-packages/interfaces/msg/_object2d_s.c
[3.986s] -- Installing: /home/ALEX/anytrack/ros/install/interfaces/local/lib/python3.10/dist-packages/interfaces/msg/_object2d_list_s.c
[3.986s] -- Installing: /home/ALEX/anytrack/ros/install/interfaces/local/lib/python3.10/dist-packages/interfaces/msg/_object2d_list.py
[3.986s] -- Installing: /home/ALEX/anytrack/ros/install/interfaces/local/lib/python3.10/dist-packages/interfaces/msg/_camera_location_s.c
[3.987s] -- Installing: /home/ALEX/anytrack/ros/install/interfaces/local/lib/python3.10/dist-packages/interfaces/msg/_camera_location_list.py
[3.987s] -- Installing: /home/ALEX/anytrack/ros/install/interfaces/local/lib/python3.10/dist-packages/interfaces/msg/_camera_location.py
[3.987s] -- Installing: /home/ALEX/anytrack/ros/install/interfaces/local/lib/python3.10/dist-packages/interfaces/msg/_object2d.py
[3.987s] -- Installing: /home/ALEX/anytrack/ros/install/interfaces/local/lib/python3.10/dist-packages/interfaces/msg/__init__.py
[3.987s] -- Installing: /home/ALEX/anytrack/ros/install/interfaces/local/lib/python3.10/dist-packages/interfaces/__init__.py
[4.022s] Listing '/home/ALEX/anytrack/ros/install/interfaces/local/lib/python3.10/dist-packages/interfaces'...
[4.022s] Compiling '/home/ALEX/anytrack/ros/install/interfaces/local/lib/python3.10/dist-packages/interfaces/__init__.py'...
[4.022s] Listing '/home/ALEX/anytrack/ros/install/interfaces/local/lib/python3.10/dist-packages/interfaces/msg'...
[4.022s] Compiling '/home/ALEX/anytrack/ros/install/interfaces/local/lib/python3.10/dist-packages/interfaces/msg/__init__.py'...
[4.022s] Compiling '/home/ALEX/anytrack/ros/install/interfaces/local/lib/python3.10/dist-packages/interfaces/msg/_camera_location.py'...
[4.022s] Compiling '/home/ALEX/anytrack/ros/install/interfaces/local/lib/python3.10/dist-packages/interfaces/msg/_camera_location_list.py'...
[4.022s] Compiling '/home/ALEX/anytrack/ros/install/interfaces/local/lib/python3.10/dist-packages/interfaces/msg/_object2d.py'...
[4.022s] Compiling '/home/ALEX/anytrack/ros/install/interfaces/local/lib/python3.10/dist-packages/interfaces/msg/_object2d_list.py'...
[4.025s] -- Installing: /home/ALEX/anytrack/ros/install/interfaces/local/lib/python3.10/dist-packages/interfaces/interfaces_s__rosidl_typesupport_fastrtps_c.cpython-310-x86_64-linux-gnu.so
[4.026s] -- Set runtime path of "/home/ALEX/anytrack/ros/install/interfaces/local/lib/python3.10/dist-packages/interfaces/interfaces_s__rosidl_typesupport_fastrtps_c.cpython-310-x86_64-linux-gnu.so" to ""
[4.026s] -- Installing: /home/ALEX/anytrack/ros/install/interfaces/local/lib/python3.10/dist-packages/interfaces/interfaces_s__rosidl_typesupport_introspection_c.cpython-310-x86_64-linux-gnu.so
[4.026s] -- Set runtime path of "/home/ALEX/anytrack/ros/install/interfaces/local/lib/python3.10/dist-packages/interfaces/interfaces_s__rosidl_typesupport_introspection_c.cpython-310-x86_64-linux-gnu.so" to ""
[4.026s] -- Installing: /home/ALEX/anytrack/ros/install/interfaces/local/lib/python3.10/dist-packages/interfaces/interfaces_s__rosidl_typesupport_c.cpython-310-x86_64-linux-gnu.so
[4.026s] -- Set runtime path of "/home/ALEX/anytrack/ros/install/interfaces/local/lib/python3.10/dist-packages/interfaces/interfaces_s__rosidl_typesupport_c.cpython-310-x86_64-linux-gnu.so" to ""
[4.027s] -- Installing: /home/ALEX/anytrack/ros/install/interfaces/lib/libinterfaces__rosidl_generator_py.so
[4.027s] -- Set runtime path of "/home/ALEX/anytrack/ros/install/interfaces/lib/libinterfaces__rosidl_generator_py.so" to ""
[4.027s] -- Up-to-date: /home/ALEX/anytrack/ros/install/interfaces/share/interfaces/msg/Object2d.idl
[4.027s] -- Up-to-date: /home/ALEX/anytrack/ros/install/interfaces/share/interfaces/msg/Object2dList.idl
[4.027s] -- Installing: /home/ALEX/anytrack/ros/install/interfaces/share/interfaces/msg/CameraLocation.idl
[4.027s] -- Up-to-date: /home/ALEX/anytrack/ros/install/interfaces/share/interfaces/msg/CameraLocationList.idl
[4.027s] -- Up-to-date: /home/ALEX/anytrack/ros/install/interfaces/share/interfaces/msg/Object2d.msg
[4.027s] -- Up-to-date: /home/ALEX/anytrack/ros/install/interfaces/share/interfaces/msg/Object2dList.msg
[4.027s] -- Installing: /home/ALEX/anytrack/ros/install/interfaces/share/interfaces/msg/CameraLocation.msg
[4.028s] -- Up-to-date: /home/ALEX/anytrack/ros/install/interfaces/share/interfaces/msg/CameraLocationList.msg
[4.028s] -- Up-to-date: /home/ALEX/anytrack/ros/install/interfaces/share/ament_index/resource_index/package_run_dependencies/interfaces
[4.028s] -- Up-to-date: /home/ALEX/anytrack/ros/install/interfaces/share/ament_index/resource_index/parent_prefix_path/interfaces
[4.028s] -- Up-to-date: /home/ALEX/anytrack/ros/install/interfaces/share/interfaces/environment/ament_prefix_path.sh
[4.028s] -- Installing: /home/ALEX/anytrack/ros/install/interfaces/share/interfaces/environment/ament_prefix_path.dsv
[4.028s] -- Up-to-date: /home/ALEX/anytrack/ros/install/interfaces/share/interfaces/environment/path.sh
[4.028s] -- Installing: /home/ALEX/anytrack/ros/install/interfaces/share/interfaces/environment/path.dsv
[4.028s] -- Up-to-date: /home/ALEX/anytrack/ros/install/interfaces/share/interfaces/local_setup.bash
[4.028s] -- Up-to-date: /home/ALEX/anytrack/ros/install/interfaces/share/interfaces/local_setup.sh
[4.028s] -- Up-to-date: /home/ALEX/anytrack/ros/install/interfaces/share/interfaces/local_setup.zsh
[4.028s] -- Installing: /home/ALEX/anytrack/ros/install/interfaces/share/interfaces/local_setup.dsv
[4.028s] -- Installing: /home/ALEX/anytrack/ros/install/interfaces/share/interfaces/package.dsv
[4.028s] -- Up-to-date: /home/ALEX/anytrack/ros/install/interfaces/share/ament_index/resource_index/packages/interfaces
[4.028s] -- Up-to-date: /home/ALEX/anytrack/ros/install/interfaces/share/interfaces/cmake/export_interfaces__rosidl_generator_cExport.cmake
[4.029s] -- Up-to-date: /home/ALEX/anytrack/ros/install/interfaces/share/interfaces/cmake/export_interfaces__rosidl_generator_cExport-noconfig.cmake
[4.029s] -- Up-to-date: /home/ALEX/anytrack/ros/install/interfaces/share/interfaces/cmake/export_interfaces__rosidl_typesupport_fastrtps_cExport.cmake
[4.029s] -- Up-to-date: /home/ALEX/anytrack/ros/install/interfaces/share/interfaces/cmake/export_interfaces__rosidl_typesupport_fastrtps_cExport-noconfig.cmake
[4.029s] -- Up-to-date: /home/ALEX/anytrack/ros/install/interfaces/share/interfaces/cmake/interfaces__rosidl_typesupport_introspection_cExport.cmake
[4.029s] -- Up-to-date: /home/ALEX/anytrack/ros/install/interfaces/share/interfaces/cmake/interfaces__rosidl_typesupport_introspection_cExport-noconfig.cmake
[4.029s] -- Up-to-date: /home/ALEX/anytrack/ros/install/interfaces/share/interfaces/cmake/interfaces__rosidl_typesupport_cExport.cmake
[4.029s] -- Up-to-date: /home/ALEX/anytrack/ros/install/interfaces/share/interfaces/cmake/interfaces__rosidl_typesupport_cExport-noconfig.cmake
[4.029s] -- Up-to-date: /home/ALEX/anytrack/ros/install/interfaces/share/interfaces/cmake/export_interfaces__rosidl_generator_cppExport.cmake
[4.029s] -- Up-to-date: /home/ALEX/anytrack/ros/install/interfaces/share/interfaces/cmake/export_interfaces__rosidl_typesupport_fastrtps_cppExport.cmake
[4.029s] -- Up-to-date: /home/ALEX/anytrack/ros/install/interfaces/share/interfaces/cmake/export_interfaces__rosidl_typesupport_fastrtps_cppExport-noconfig.cmake
[4.029s] -- Up-to-date: /home/ALEX/anytrack/ros/install/interfaces/share/interfaces/cmake/interfaces__rosidl_typesupport_introspection_cppExport.cmake
[4.029s] -- Up-to-date: /home/ALEX/anytrack/ros/install/interfaces/share/interfaces/cmake/interfaces__rosidl_typesupport_introspection_cppExport-noconfig.cmake
[4.029s] -- Up-to-date: /home/ALEX/anytrack/ros/install/interfaces/share/interfaces/cmake/interfaces__rosidl_typesupport_cppExport.cmake
[4.030s] -- Up-to-date: /home/ALEX/anytrack/ros/install/interfaces/share/interfaces/cmake/interfaces__rosidl_typesupport_cppExport-noconfig.cmake
[4.030s] -- Up-to-date: /home/ALEX/anytrack/ros/install/interfaces/share/interfaces/cmake/export_interfaces__rosidl_generator_pyExport.cmake
[4.030s] -- Up-to-date: /home/ALEX/anytrack/ros/install/interfaces/share/interfaces/cmake/export_interfaces__rosidl_generator_pyExport-noconfig.cmake
[4.030s] -- Up-to-date: /home/ALEX/anytrack/ros/install/interfaces/share/interfaces/cmake/rosidl_cmake-extras.cmake
[4.030s] -- Up-to-date: /home/ALEX/anytrack/ros/install/interfaces/share/interfaces/cmake/ament_cmake_export_dependencies-extras.cmake
[4.030s] -- Up-to-date: /home/ALEX/anytrack/ros/install/interfaces/share/interfaces/cmake/ament_cmake_export_include_directories-extras.cmake
[4.030s] -- Up-to-date: /home/ALEX/anytrack/ros/install/interfaces/share/interfaces/cmake/ament_cmake_export_libraries-extras.cmake
[4.030s] -- Up-to-date: /home/ALEX/anytrack/ros/install/interfaces/share/interfaces/cmake/ament_cmake_export_targets-extras.cmake
[4.030s] -- Up-to-date: /home/ALEX/anytrack/ros/install/interfaces/share/interfaces/cmake/rosidl_cmake_export_typesupport_targets-extras.cmake
[4.030s] -- Up-to-date: /home/ALEX/anytrack/ros/install/interfaces/share/interfaces/cmake/rosidl_cmake_export_typesupport_libraries-extras.cmake
[4.030s] -- Up-to-date: /home/ALEX/anytrack/ros/install/interfaces/share/interfaces/cmake/interfacesConfig.cmake
[4.030s] -- Up-to-date: /home/ALEX/anytrack/ros/install/interfaces/share/interfaces/cmake/interfacesConfig-version.cmake
[4.030s] -- Up-to-date: /home/ALEX/anytrack/ros/install/interfaces/share/interfaces/package.xml
[4.031s] Invoked command in '/home/ALEX/anytrack/ros/build/interfaces' returned '0': CMAKE_PREFIX_PATH=${CMAKE_PREFIX_PATH}:/home/ALEX/anytrack/ros/install/anytrack:/home/ALEX/xray/ros/install/xray:/opt/ros/humble /usr/bin/cmake --install /home/ALEX/anytrack/ros/build/interfaces
