[0.040s] Invoking command in '/home/ALEX/3dev/ros/build/ros2_shared': CMAKE_PREFIX_PATH=${CMAKE_PREFIX_PATH}:/home/ALEX/3dev/ros/install/test_py_pkg:/home/ALEX/3dev/ros/install/scanner:/opt/ros/humble /usr/bin/cmake /home/ALEX/3dev/ros/src/ros2_shared -DCMAKE_INSTALL_PREFIX=/home/ALEX/3dev/ros/install/ros2_shared
[0.292s] -- The C compiler identification is GNU 11.3.0
[0.292s] -- The CXX compiler identification is GNU 11.3.0
[0.292s] -- Detecting C compiler ABI info
[0.293s] -- Detecting C compiler ABI info - done
[0.293s] -- Check for working C compiler: /usr/bin/cc - skipped
[0.293s] -- Detecting C compile features
[0.293s] -- Detecting C compile features - done
[0.293s] -- Detecting CXX compiler ABI info
[0.294s] -- Detecting CXX compiler ABI info - done
[0.294s] -- Check for working CXX compiler: /usr/bin/c++ - skipped
[0.294s] -- Detecting CXX compile features
[0.294s] -- Detecting CXX compile features - done
[0.294s] -- Found ament_cmake: 1.3.2 (/opt/ros/humble/share/ament_cmake/cmake)
[0.467s] -- Found Python3: /usr/bin/python3.10 (found version "3.10.6") found components: Interpreter 
[0.560s] -- Found rclcpp: 16.0.1 (/opt/ros/humble/share/rclcpp/cmake)
[0.619s] -- Found rosidl_generator_c: 3.1.3 (/opt/ros/humble/share/rosidl_generator_c/cmake)
[0.625s] -- Found rosidl_adapter: 3.1.3 (/opt/ros/humble/share/rosidl_adapter/cmake)
[0.636s] -- Found rosidl_generator_cpp: 3.1.3 (/opt/ros/humble/share/rosidl_generator_cpp/cmake)
[0.653s] -- Using all available rosidl_typesupport_c: rosidl_typesupport_fastrtps_c;rosidl_typesupport_introspection_c
[0.676s] -- Using all available rosidl_typesupport_cpp: rosidl_typesupport_fastrtps_cpp;rosidl_typesupport_introspection_cpp
[0.755s] -- Found rmw_implementation_cmake: 6.1.0 (/opt/ros/humble/share/rmw_implementation_cmake/cmake)
[0.758s] -- Found rmw_fastrtps_cpp: 6.2.1 (/opt/ros/humble/share/rmw_fastrtps_cpp/cmake)
[0.860s] -- Found OpenSSL: /usr/lib/x86_64-linux-gnu/libcrypto.so (found version "3.0.2")  
[0.901s] -- Found FastRTPS: /opt/ros/humble/include  
[0.953s] -- Using RMW implementation 'rmw_fastrtps_cpp' as default
[1.206s] -- Configuring done
[1.210s] -- Generating done
[1.212s] -- Build files have been written to: /home/ALEX/3dev/ros/build/ros2_shared
[1.217s] Invoked command in '/home/ALEX/3dev/ros/build/ros2_shared' returned '0': CMAKE_PREFIX_PATH=${CMAKE_PREFIX_PATH}:/home/ALEX/3dev/ros/install/test_py_pkg:/home/ALEX/3dev/ros/install/scanner:/opt/ros/humble /usr/bin/cmake /home/ALEX/3dev/ros/src/ros2_shared -DCMAKE_INSTALL_PREFIX=/home/ALEX/3dev/ros/install/ros2_shared
[1.218s] Invoking command in '/home/ALEX/3dev/ros/build/ros2_shared': CMAKE_PREFIX_PATH=${CMAKE_PREFIX_PATH}:/home/ALEX/3dev/ros/install/test_py_pkg:/home/ALEX/3dev/ros/install/scanner:/opt/ros/humble /usr/bin/cmake --build /home/ALEX/3dev/ros/build/ros2_shared -- -j12 -l12
[1.251s] Invoked command in '/home/ALEX/3dev/ros/build/ros2_shared' returned '0': CMAKE_PREFIX_PATH=${CMAKE_PREFIX_PATH}:/home/ALEX/3dev/ros/install/test_py_pkg:/home/ALEX/3dev/ros/install/scanner:/opt/ros/humble /usr/bin/cmake --build /home/ALEX/3dev/ros/build/ros2_shared -- -j12 -l12
[1.267s] Invoking command in '/home/ALEX/3dev/ros/build/ros2_shared': CMAKE_PREFIX_PATH=${CMAKE_PREFIX_PATH}:/home/ALEX/3dev/ros/install/test_py_pkg:/home/ALEX/3dev/ros/install/scanner:/opt/ros/humble /usr/bin/cmake --install /home/ALEX/3dev/ros/build/ros2_shared
[1.273s] -- Install configuration: ""
[1.273s] -- Installing: /home/ALEX/3dev/ros/install/ros2_shared/include
[1.273s] -- Installing: /home/ALEX/3dev/ros/install/ros2_shared/include/ros2_shared
[1.273s] -- Installing: /home/ALEX/3dev/ros/install/ros2_shared/include/ros2_shared/param_macros.hpp
[1.274s] -- Installing: /home/ALEX/3dev/ros/install/ros2_shared/include/ros2_shared/context_macros.hpp
[1.274s] -- Installing: /home/ALEX/3dev/ros/install/ros2_shared/include/ros2_shared/string_printf.hpp
[1.274s] -- Installing: /home/ALEX/3dev/ros/install/ros2_shared/share/ament_index/resource_index/package_run_dependencies/ros2_shared
[1.274s] -- Installing: /home/ALEX/3dev/ros/install/ros2_shared/share/ament_index/resource_index/parent_prefix_path/ros2_shared
[1.274s] -- Installing: /home/ALEX/3dev/ros/install/ros2_shared/share/ros2_shared/environment/ament_prefix_path.sh
[1.274s] -- Installing: /home/ALEX/3dev/ros/install/ros2_shared/share/ros2_shared/environment/ament_prefix_path.dsv
[1.274s] -- Installing: /home/ALEX/3dev/ros/install/ros2_shared/share/ros2_shared/environment/path.sh
[1.274s] -- Installing: /home/ALEX/3dev/ros/install/ros2_shared/share/ros2_shared/environment/path.dsv
[1.275s] -- Installing: /home/ALEX/3dev/ros/install/ros2_shared/share/ros2_shared/local_setup.bash
[1.275s] -- Installing: /home/ALEX/3dev/ros/install/ros2_shared/share/ros2_shared/local_setup.sh
[1.275s] -- Installing: /home/ALEX/3dev/ros/install/ros2_shared/share/ros2_shared/local_setup.zsh
[1.275s] -- Installing: /home/ALEX/3dev/ros/install/ros2_shared/share/ros2_shared/local_setup.dsv
[1.275s] -- Installing: /home/ALEX/3dev/ros/install/ros2_shared/share/ros2_shared/package.dsv
[1.275s] -- Installing: /home/ALEX/3dev/ros/install/ros2_shared/share/ament_index/resource_index/packages/ros2_shared
[1.276s] -- Installing: /home/ALEX/3dev/ros/install/ros2_shared/share/ros2_shared/cmake/ros2_shared_targetsExport.cmake
[1.276s] -- Installing: /home/ALEX/3dev/ros/install/ros2_shared/share/ros2_shared/cmake/ament_cmake_export_targets-extras.cmake
[1.276s] -- Installing: /home/ALEX/3dev/ros/install/ros2_shared/share/ros2_shared/cmake/ament_cmake_export_dependencies-extras.cmake
[1.276s] -- Installing: /home/ALEX/3dev/ros/install/ros2_shared/share/ros2_shared/cmake/ros2_sharedConfig.cmake
[1.276s] -- Installing: /home/ALEX/3dev/ros/install/ros2_shared/share/ros2_shared/cmake/ros2_sharedConfig-version.cmake
[1.276s] -- Installing: /home/ALEX/3dev/ros/install/ros2_shared/share/ros2_shared/package.xml
[1.280s] Invoked command in '/home/ALEX/3dev/ros/build/ros2_shared' returned '0': CMAKE_PREFIX_PATH=${CMAKE_PREFIX_PATH}:/home/ALEX/3dev/ros/install/test_py_pkg:/home/ALEX/3dev/ros/install/scanner:/opt/ros/humble /usr/bin/cmake --install /home/ALEX/3dev/ros/build/ros2_shared
