[0.013s] Invoking command in '/home/ALEX/anytrack/ros/build/simulation': CMAKE_PREFIX_PATH=${CMAKE_PREFIX_PATH}:/home/ALEX/anytrack/ros/install/test_py_pkg:/home/ALEX/anytrack/ros/install/scannerV2:/home/ALEX/anytrack/ros/install/scanner:/home/ALEX/anytrack/ros/install/anytrack:/opt/ros/humble /usr/bin/cmake /home/ALEX/anytrack/ros/src/simulation -DAMENT_CMAKE_SYMLINK_INSTALL=1 -DCMAKE_INSTALL_PREFIX=/home/ALEX/anytrack/ros/install/simulation
[0.094s] -- The C compiler identification is GNU 11.3.0
[0.161s] -- The CXX compiler identification is GNU 11.3.0
[0.169s] -- Detecting C compiler ABI info
[0.222s] -- Detecting C compiler ABI info - done
[0.230s] -- Check for working C compiler: /usr/bin/cc - skipped
[0.230s] -- Detecting C compile features
[0.231s] -- Detecting C compile features - done
[0.234s] -- Detecting CXX compiler ABI info
[0.295s] -- Detecting CXX compiler ABI info - done
[0.303s] -- Check for working CXX compiler: /usr/bin/c++ - skipped
[0.304s] -- Detecting CXX compile features
[0.304s] -- Detecting CXX compile features - done
[0.307s] -- Found ament_cmake: 1.3.3 (/opt/ros/humble/share/ament_cmake/cmake)
[0.453s] -- Found Python3: /usr/bin/python3.10 (found version "3.10.6") found components: Interpreter 
[0.512s] -- Override CMake install command with custom implementation using symlinks instead of copying resources
[0.547s] -- Found ament_lint_auto: 0.12.5 (/opt/ros/humble/share/ament_lint_auto/cmake)
[0.621s] -- Added test 'flake8' to check Python code syntax and style conventions
[0.621s] -- Added test 'lint_cmake' to check CMake code style
[0.622s] -- Added test 'pep257' to check Python code against some of the docstring style conventions in PEP 257
[0.623s] -- Added test 'xmllint' to check XML markup files
[0.625s] -- Configuring done
[0.628s] -- Generating done
[0.629s] -- Build files have been written to: /home/ALEX/anytrack/ros/build/simulation
[0.632s] Invoked command in '/home/ALEX/anytrack/ros/build/simulation' returned '0': CMAKE_PREFIX_PATH=${CMAKE_PREFIX_PATH}:/home/ALEX/anytrack/ros/install/test_py_pkg:/home/ALEX/anytrack/ros/install/scannerV2:/home/ALEX/anytrack/ros/install/scanner:/home/ALEX/anytrack/ros/install/anytrack:/opt/ros/humble /usr/bin/cmake /home/ALEX/anytrack/ros/src/simulation -DAMENT_CMAKE_SYMLINK_INSTALL=1 -DCMAKE_INSTALL_PREFIX=/home/ALEX/anytrack/ros/install/simulation
[0.633s] Invoking command in '/home/ALEX/anytrack/ros/build/simulation': CMAKE_PREFIX_PATH=${CMAKE_PREFIX_PATH}:/home/ALEX/anytrack/ros/install/test_py_pkg:/home/ALEX/anytrack/ros/install/scannerV2:/home/ALEX/anytrack/ros/install/scanner:/home/ALEX/anytrack/ros/install/anytrack:/opt/ros/humble /usr/bin/cmake --build /home/ALEX/anytrack/ros/build/simulation -- -j12 -l12
[0.661s] Invoked command in '/home/ALEX/anytrack/ros/build/simulation' returned '0': CMAKE_PREFIX_PATH=${CMAKE_PREFIX_PATH}:/home/ALEX/anytrack/ros/install/test_py_pkg:/home/ALEX/anytrack/ros/install/scannerV2:/home/ALEX/anytrack/ros/install/scanner:/home/ALEX/anytrack/ros/install/anytrack:/opt/ros/humble /usr/bin/cmake --build /home/ALEX/anytrack/ros/build/simulation -- -j12 -l12
[0.683s] Invoking command in '/home/ALEX/anytrack/ros/build/simulation': CMAKE_PREFIX_PATH=${CMAKE_PREFIX_PATH}:/home/ALEX/anytrack/ros/install/test_py_pkg:/home/ALEX/anytrack/ros/install/scannerV2:/home/ALEX/anytrack/ros/install/scanner:/home/ALEX/anytrack/ros/install/anytrack:/opt/ros/humble /usr/bin/cmake --install /home/ALEX/anytrack/ros/build/simulation
[0.688s] -- Install configuration: ""
[0.689s] -- Execute custom install script
[0.689s] -- Symlinking: /home/ALEX/anytrack/ros/install/simulation/share/simulation/description/gazebo.xacro
[0.696s] -- Symlinking: /home/ALEX/anytrack/ros/install/simulation/share/simulation/description/include.xacro
[0.702s] -- Symlinking: /home/ALEX/anytrack/ros/install/simulation/share/simulation/description/scene.urdf.xacro
[0.709s] -- Symlinking: /home/ALEX/anytrack/ros/install/simulation/share/simulation/description/simulation.urdf.xacro
[0.715s] -- Symlinking: /home/ALEX/anytrack/ros/install/simulation/share/simulation/launch/gazebo.launch.py
[0.721s] -- Symlinking: /home/ALEX/anytrack/ros/install/simulation/share/simulation/launch/simulation.launch.py
[0.728s] -- Symlinking: /home/ALEX/anytrack/ros/install/simulation/share/simulation/worlds/gazebo_test.sdf
[0.734s] -- Symlinking: /home/ALEX/anytrack/ros/install/simulation/share/ament_index/resource_index/package_run_dependencies/simulation
[0.741s] -- Symlinking: /home/ALEX/anytrack/ros/install/simulation/share/ament_index/resource_index/parent_prefix_path/simulation
[0.747s] -- Symlinking: /home/ALEX/anytrack/ros/install/simulation/share/simulation/environment/ament_prefix_path.sh
[0.754s] -- Symlinking: /home/ALEX/anytrack/ros/install/simulation/share/simulation/environment/ament_prefix_path.dsv
[0.760s] -- Symlinking: /home/ALEX/anytrack/ros/install/simulation/share/simulation/environment/path.sh
[0.767s] -- Symlinking: /home/ALEX/anytrack/ros/install/simulation/share/simulation/environment/path.dsv
[0.773s] -- Symlinking: /home/ALEX/anytrack/ros/install/simulation/share/simulation/local_setup.bash
[0.780s] -- Symlinking: /home/ALEX/anytrack/ros/install/simulation/share/simulation/local_setup.sh
[0.786s] -- Symlinking: /home/ALEX/anytrack/ros/install/simulation/share/simulation/local_setup.zsh
[0.792s] -- Symlinking: /home/ALEX/anytrack/ros/install/simulation/share/simulation/local_setup.dsv
[0.799s] -- Symlinking: /home/ALEX/anytrack/ros/install/simulation/share/simulation/package.dsv
[0.805s] -- Symlinking: /home/ALEX/anytrack/ros/install/simulation/share/ament_index/resource_index/packages/simulation
[0.812s] -- Symlinking: /home/ALEX/anytrack/ros/install/simulation/share/simulation/cmake/simulationConfig.cmake
[0.818s] -- Symlinking: /home/ALEX/anytrack/ros/install/simulation/share/simulation/cmake/simulationConfig-version.cmake
[0.825s] -- Symlinking: /home/ALEX/anytrack/ros/install/simulation/share/simulation/package.xml
[0.833s] Invoked command in '/home/ALEX/anytrack/ros/build/simulation' returned '0': CMAKE_PREFIX_PATH=${CMAKE_PREFIX_PATH}:/home/ALEX/anytrack/ros/install/test_py_pkg:/home/ALEX/anytrack/ros/install/scannerV2:/home/ALEX/anytrack/ros/install/scanner:/home/ALEX/anytrack/ros/install/anytrack:/opt/ros/humble /usr/bin/cmake --install /home/ALEX/anytrack/ros/build/simulation
