[0.256s] Invoking command in '/home/ALEX/3dev/ros/build/scanner_interfaces': CMAKE_PREFIX_PATH=${CMAKE_PREFIX_PATH}:/home/ALEX/3dev/ros/install/test_py_pkg:/home/ALEX/3dev/ros/install/scanner:/opt/ros/humble /usr/bin/cmake --build /home/ALEX/3dev/ros/build/scanner_interfaces -- -j12 -l12
[0.315s] -- Found ament_cmake: 1.3.2 (/opt/ros/humble/share/ament_cmake/cmake)
[0.460s] -- Found rosidl_default_generators: 1.2.0 (/opt/ros/humble/share/rosidl_default_generators/cmake)
[0.463s] -- Using all available rosidl_typesupport_c: rosidl_typesupport_fastrtps_c;rosidl_typesupport_introspection_c
[0.467s] -- Found rosidl_adapter: 3.1.3 (/opt/ros/humble/share/rosidl_adapter/cmake)
[0.504s] -- Using all available rosidl_typesupport_cpp: rosidl_typesupport_fastrtps_cpp;rosidl_typesupport_introspection_cpp
[0.780s] -- Found ament_cmake_ros: 0.10.0 (/opt/ros/humble/share/ament_cmake_ros/cmake)
[0.944s] -- Using all available rosidl_typesupport_c: rosidl_typesupport_fastrtps_c;rosidl_typesupport_introspection_c
[1.147s] -- Using all available rosidl_typesupport_cpp: rosidl_typesupport_fastrtps_cpp;rosidl_typesupport_introspection_cpp
[1.167s] -- Found python_cmake_module: 0.10.0 (/opt/ros/humble/share/python_cmake_module/cmake)
[1.187s] -- Using PYTHON_EXECUTABLE: /usr/bin/python3
[1.187s] -- Using PYTHON_INCLUDE_DIRS: /usr/include/python3.10
[1.187s] -- Using PYTHON_LIBRARIES: /usr/lib/x86_64-linux-gnu/libpython3.10.so
[1.207s] -- Configuring done
[1.244s] -- Generating done
[1.246s] -- Build files have been written to: /home/ALEX/3dev/ros/build/scanner_interfaces
[1.265s] [  3%] [34m[1mGenerating C code for ROS interfaces[0m
[1.274s] [  6%] [34m[1mGenerating C++ code for ROS interfaces[0m
[1.282s] [  6%] Built target ament_cmake_python_copy_scanner_interfaces
[1.517s] running egg_info
[1.518s] writing scanner_interfaces.egg-info/PKG-INFO
[1.518s] writing dependency_links to scanner_interfaces.egg-info/dependency_links.txt
[1.519s] writing top-level names to scanner_interfaces.egg-info/top_level.txt
[1.519s] [35m[1mConsolidate compiler generated dependencies of target scanner_interfaces__rosidl_generator_c[0m
[1.521s] reading manifest file 'scanner_interfaces.egg-info/SOURCES.txt'
[1.523s] writing manifest file 'scanner_interfaces.egg-info/SOURCES.txt'
[1.531s] [  6%] Built target scanner_interfaces__cpp
[1.533s] [  9%] [32mBuilding C object CMakeFiles/scanner_interfaces__rosidl_generator_c.dir/rosidl_generator_c/scanner_interfaces/msg/detail/camera_xy__functions.c.o[0m
[1.541s] [ 16%] [34m[1mGenerating C++ type support dispatch for ROS interfaces[0m
[1.541s] [ 16%] [34m[1mGenerating C++ introspection for ROS interfaces[0m
[1.541s] [ 19%] [34m[1mGenerating C++ type support for eProsima Fast-RTPS[0m
[1.564s] [ 19%] Built target ament_cmake_python_build_scanner_interfaces_egg
[1.610s] [ 22%] [32m[1mLinking C shared library libscanner_interfaces__rosidl_generator_c.so[0m
[1.651s] [ 22%] Built target scanner_interfaces__rosidl_generator_c
[1.673s] [ 25%] [34m[1mGenerating C type support for eProsima Fast-RTPS[0m
[1.675s] [ 29%] [34m[1mGenerating C type support dispatch for ROS interfaces[0m
[1.678s] [ 32%] [34m[1mGenerating C introspection for ROS interfaces[0m
[1.785s] [35m[1mConsolidate compiler generated dependencies of target scanner_interfaces__rosidl_typesupport_cpp[0m
[1.800s] [ 35%] [32mBuilding CXX object CMakeFiles/scanner_interfaces__rosidl_typesupport_cpp.dir/rosidl_typesupport_cpp/scanner_interfaces/msg/camera_xy__type_support.cpp.o[0m
[1.809s] [35m[1mConsolidate compiler generated dependencies of target scanner_interfaces__rosidl_typesupport_fastrtps_cpp[0m
[1.820s] [ 38%] [32mBuilding CXX object CMakeFiles/scanner_interfaces__rosidl_typesupport_fastrtps_cpp.dir/rosidl_typesupport_fastrtps_cpp/scanner_interfaces/msg/detail/dds_fastrtps/camera_xy__type_support.cpp.o[0m
[1.859s] [35m[1mConsolidate compiler generated dependencies of target scanner_interfaces__rosidl_typesupport_introspection_cpp[0m
[1.875s] [ 41%] [32mBuilding CXX object CMakeFiles/scanner_interfaces__rosidl_typesupport_introspection_cpp.dir/rosidl_typesupport_introspection_cpp/scanner_interfaces/msg/detail/camera_xy__type_support.cpp.o[0m
[1.945s] [35m[1mConsolidate compiler generated dependencies of target scanner_interfaces__rosidl_typesupport_fastrtps_c[0m
[1.946s] [35m[1mConsolidate compiler generated dependencies of target scanner_interfaces__rosidl_typesupport_introspection_c[0m
[1.953s] [35m[1mConsolidate compiler generated dependencies of target scanner_interfaces__rosidl_typesupport_c[0m
[1.959s] [ 45%] [32mBuilding C object CMakeFiles/scanner_interfaces__rosidl_typesupport_introspection_c.dir/rosidl_typesupport_introspection_c/scanner_interfaces/msg/detail/camera_xy__type_support.c.o[0m
[1.961s] [ 48%] [32mBuilding CXX object CMakeFiles/scanner_interfaces__rosidl_typesupport_fastrtps_c.dir/rosidl_typesupport_fastrtps_c/scanner_interfaces/msg/detail/camera_xy__type_support_c.cpp.o[0m
[1.966s] [ 51%] [32mBuilding CXX object CMakeFiles/scanner_interfaces__rosidl_typesupport_c.dir/rosidl_typesupport_c/scanner_interfaces/msg/camera_xy__type_support.cpp.o[0m
[1.997s] [ 54%] [32m[1mLinking CXX shared library libscanner_interfaces__rosidl_typesupport_c.so[0m
[2.001s] [ 58%] [32m[1mLinking C shared library libscanner_interfaces__rosidl_typesupport_introspection_c.so[0m
[2.045s] [ 58%] Built target scanner_interfaces__rosidl_typesupport_introspection_c
[2.053s] [ 58%] Built target scanner_interfaces__rosidl_typesupport_c
[2.077s] [ 61%] [32m[1mLinking CXX shared library libscanner_interfaces__rosidl_typesupport_cpp.so[0m
[2.127s] [ 61%] Built target scanner_interfaces__rosidl_typesupport_cpp
[2.250s] [ 64%] [32m[1mLinking CXX shared library libscanner_interfaces__rosidl_typesupport_fastrtps_cpp.so[0m
[2.275s] [ 67%] [32m[1mLinking CXX shared library libscanner_interfaces__rosidl_typesupport_introspection_cpp.so[0m
[2.316s] [ 67%] Built target scanner_interfaces__rosidl_typesupport_introspection_cpp
[2.334s] [ 67%] Built target scanner_interfaces__rosidl_typesupport_fastrtps_cpp
[2.368s] [ 70%] [32m[1mLinking CXX shared library libscanner_interfaces__rosidl_typesupport_fastrtps_c.so[0m
[2.444s] [ 70%] Built target scanner_interfaces__rosidl_typesupport_fastrtps_c
[2.462s] [ 70%] Built target scanner_interfaces
[2.479s] [ 74%] [34m[1mGenerating Python code for ROS interfaces[0m
[2.856s] [ 74%] Built target scanner_interfaces__py
[2.868s] [35m[1mConsolidate compiler generated dependencies of target scanner_interfaces__rosidl_generator_py[0m
[2.882s] [ 77%] [32mBuilding C object CMakeFiles/scanner_interfaces__rosidl_generator_py.dir/rosidl_generator_py/scanner_interfaces/msg/_camera_xy_s.c.o[0m
[2.974s] [ 80%] [32m[1mLinking C shared library rosidl_generator_py/scanner_interfaces/libscanner_interfaces__rosidl_generator_py.so[0m
[3.007s] [ 80%] Built target scanner_interfaces__rosidl_generator_py
[3.016s] [35m[1mConsolidate compiler generated dependencies of target scanner_interfaces__rosidl_typesupport_fastrtps_c__pyext[0m
[3.017s] [35m[1mConsolidate compiler generated dependencies of target scanner_interfaces__rosidl_typesupport_introspection_c__pyext[0m
[3.017s] [35m[1mConsolidate compiler generated dependencies of target scanner_interfaces__rosidl_typesupport_c__pyext[0m
[3.028s] [ 87%] [32mBuilding C object CMakeFiles/scanner_interfaces__rosidl_typesupport_c__pyext.dir/rosidl_generator_py/scanner_interfaces/_scanner_interfaces_s.ep.rosidl_typesupport_c.c.o[0m
[3.029s] [ 87%] [32mBuilding C object CMakeFiles/scanner_interfaces__rosidl_typesupport_introspection_c__pyext.dir/rosidl_generator_py/scanner_interfaces/_scanner_interfaces_s.ep.rosidl_typesupport_introspection_c.c.o[0m
[3.029s] [ 90%] [32mBuilding C object CMakeFiles/scanner_interfaces__rosidl_typesupport_fastrtps_c__pyext.dir/rosidl_generator_py/scanner_interfaces/_scanner_interfaces_s.ep.rosidl_typesupport_fastrtps_c.c.o[0m
[3.112s] [ 93%] [32m[1mLinking C shared library rosidl_generator_py/scanner_interfaces/scanner_interfaces_s__rosidl_typesupport_c.cpython-310-x86_64-linux-gnu.so[0m
[3.115s] [ 96%] [32m[1mLinking C shared library rosidl_generator_py/scanner_interfaces/scanner_interfaces_s__rosidl_typesupport_introspection_c.cpython-310-x86_64-linux-gnu.so[0m
[3.122s] [100%] [32m[1mLinking C shared library rosidl_generator_py/scanner_interfaces/scanner_interfaces_s__rosidl_typesupport_fastrtps_c.cpython-310-x86_64-linux-gnu.so[0m
[3.144s] [100%] Built target scanner_interfaces__rosidl_typesupport_c__pyext
[3.145s] [100%] Built target scanner_interfaces__rosidl_typesupport_introspection_c__pyext
[3.151s] [100%] Built target scanner_interfaces__rosidl_typesupport_fastrtps_c__pyext
[3.161s] Invoked command in '/home/ALEX/3dev/ros/build/scanner_interfaces' returned '0': CMAKE_PREFIX_PATH=${CMAKE_PREFIX_PATH}:/home/ALEX/3dev/ros/install/test_py_pkg:/home/ALEX/3dev/ros/install/scanner:/opt/ros/humble /usr/bin/cmake --build /home/ALEX/3dev/ros/build/scanner_interfaces -- -j12 -l12
[3.205s] Invoking command in '/home/ALEX/3dev/ros/build/scanner_interfaces': CMAKE_PREFIX_PATH=${CMAKE_PREFIX_PATH}:/home/ALEX/3dev/ros/install/test_py_pkg:/home/ALEX/3dev/ros/install/scanner:/opt/ros/humble /usr/bin/cmake --install /home/ALEX/3dev/ros/build/scanner_interfaces
[3.212s] -- Install configuration: ""
[3.212s] -- Up-to-date: /home/ALEX/3dev/ros/install/scanner_interfaces/share/ament_index/resource_index/rosidl_interfaces/scanner_interfaces
[3.212s] -- Up-to-date: /home/ALEX/3dev/ros/install/scanner_interfaces/include/scanner_interfaces/scanner_interfaces
[3.212s] -- Up-to-date: /home/ALEX/3dev/ros/install/scanner_interfaces/include/scanner_interfaces/scanner_interfaces/msg
[3.212s] -- Installing: /home/ALEX/3dev/ros/install/scanner_interfaces/include/scanner_interfaces/scanner_interfaces/msg/camera_xy.h
[3.213s] -- Up-to-date: /home/ALEX/3dev/ros/install/scanner_interfaces/include/scanner_interfaces/scanner_interfaces/msg/rosidl_generator_c__visibility_control.h
[3.213s] -- Up-to-date: /home/ALEX/3dev/ros/install/scanner_interfaces/include/scanner_interfaces/scanner_interfaces/msg/detail
[3.213s] -- Installing: /home/ALEX/3dev/ros/install/scanner_interfaces/include/scanner_interfaces/scanner_interfaces/msg/detail/camera_xy__struct.h
[3.213s] -- Installing: /home/ALEX/3dev/ros/install/scanner_interfaces/include/scanner_interfaces/scanner_interfaces/msg/detail/camera_xy__functions.h
[3.213s] -- Installing: /home/ALEX/3dev/ros/install/scanner_interfaces/include/scanner_interfaces/scanner_interfaces/msg/detail/camera_xy__type_support.h
[3.213s] -- Installing: /home/ALEX/3dev/ros/install/scanner_interfaces/include/scanner_interfaces/scanner_interfaces/msg/detail/camera_xy__functions.c
[3.213s] -- Up-to-date: /home/ALEX/3dev/ros/install/scanner_interfaces/share/scanner_interfaces/environment/library_path.sh
[3.213s] -- Installing: /home/ALEX/3dev/ros/install/scanner_interfaces/share/scanner_interfaces/environment/library_path.dsv
[3.213s] -- Installing: /home/ALEX/3dev/ros/install/scanner_interfaces/lib/libscanner_interfaces__rosidl_generator_c.so
[3.214s] -- Set runtime path of "/home/ALEX/3dev/ros/install/scanner_interfaces/lib/libscanner_interfaces__rosidl_generator_c.so" to ""
[3.214s] -- Up-to-date: /home/ALEX/3dev/ros/install/scanner_interfaces/include/scanner_interfaces/scanner_interfaces
[3.214s] -- Up-to-date: /home/ALEX/3dev/ros/install/scanner_interfaces/include/scanner_interfaces/scanner_interfaces/msg
[3.214s] -- Up-to-date: /home/ALEX/3dev/ros/install/scanner_interfaces/include/scanner_interfaces/scanner_interfaces/msg/rosidl_typesupport_fastrtps_c__visibility_control.h
[3.214s] -- Up-to-date: /home/ALEX/3dev/ros/install/scanner_interfaces/include/scanner_interfaces/scanner_interfaces/msg/detail
[3.214s] -- Installing: /home/ALEX/3dev/ros/install/scanner_interfaces/include/scanner_interfaces/scanner_interfaces/msg/detail/camera_xy__rosidl_typesupport_fastrtps_c.h
[3.214s] -- Installing: /home/ALEX/3dev/ros/install/scanner_interfaces/lib/libscanner_interfaces__rosidl_typesupport_fastrtps_c.so
[3.215s] -- Set runtime path of "/home/ALEX/3dev/ros/install/scanner_interfaces/lib/libscanner_interfaces__rosidl_typesupport_fastrtps_c.so" to ""
[3.215s] -- Up-to-date: /home/ALEX/3dev/ros/install/scanner_interfaces/include/scanner_interfaces/scanner_interfaces
[3.215s] -- Up-to-date: /home/ALEX/3dev/ros/install/scanner_interfaces/include/scanner_interfaces/scanner_interfaces/msg
[3.215s] -- Up-to-date: /home/ALEX/3dev/ros/install/scanner_interfaces/include/scanner_interfaces/scanner_interfaces/msg/rosidl_typesupport_introspection_c__visibility_control.h
[3.215s] -- Up-to-date: /home/ALEX/3dev/ros/install/scanner_interfaces/include/scanner_interfaces/scanner_interfaces/msg/detail
[3.215s] -- Installing: /home/ALEX/3dev/ros/install/scanner_interfaces/include/scanner_interfaces/scanner_interfaces/msg/detail/camera_xy__rosidl_typesupport_introspection_c.h
[3.215s] -- Installing: /home/ALEX/3dev/ros/install/scanner_interfaces/include/scanner_interfaces/scanner_interfaces/msg/detail/camera_xy__type_support.c
[3.215s] -- Installing: /home/ALEX/3dev/ros/install/scanner_interfaces/lib/libscanner_interfaces__rosidl_typesupport_introspection_c.so
[3.215s] -- Set runtime path of "/home/ALEX/3dev/ros/install/scanner_interfaces/lib/libscanner_interfaces__rosidl_typesupport_introspection_c.so" to ""
[3.216s] -- Installing: /home/ALEX/3dev/ros/install/scanner_interfaces/lib/libscanner_interfaces__rosidl_typesupport_c.so
[3.216s] -- Set runtime path of "/home/ALEX/3dev/ros/install/scanner_interfaces/lib/libscanner_interfaces__rosidl_typesupport_c.so" to ""
[3.216s] -- Up-to-date: /home/ALEX/3dev/ros/install/scanner_interfaces/include/scanner_interfaces/scanner_interfaces
[3.216s] -- Up-to-date: /home/ALEX/3dev/ros/install/scanner_interfaces/include/scanner_interfaces/scanner_interfaces/msg
[3.216s] -- Installing: /home/ALEX/3dev/ros/install/scanner_interfaces/include/scanner_interfaces/scanner_interfaces/msg/camera_xy.hpp
[3.217s] -- Up-to-date: /home/ALEX/3dev/ros/install/scanner_interfaces/include/scanner_interfaces/scanner_interfaces/msg/detail
[3.217s] -- Installing: /home/ALEX/3dev/ros/install/scanner_interfaces/include/scanner_interfaces/scanner_interfaces/msg/detail/camera_xy__builder.hpp
[3.217s] -- Installing: /home/ALEX/3dev/ros/install/scanner_interfaces/include/scanner_interfaces/scanner_interfaces/msg/detail/camera_xy__traits.hpp
[3.217s] -- Installing: /home/ALEX/3dev/ros/install/scanner_interfaces/include/scanner_interfaces/scanner_interfaces/msg/detail/camera_xy__struct.hpp
[3.217s] -- Up-to-date: /home/ALEX/3dev/ros/install/scanner_interfaces/include/scanner_interfaces/scanner_interfaces
[3.217s] -- Up-to-date: /home/ALEX/3dev/ros/install/scanner_interfaces/include/scanner_interfaces/scanner_interfaces/msg
[3.217s] -- Up-to-date: /home/ALEX/3dev/ros/install/scanner_interfaces/include/scanner_interfaces/scanner_interfaces/msg/rosidl_typesupport_fastrtps_cpp__visibility_control.h
[3.217s] -- Up-to-date: /home/ALEX/3dev/ros/install/scanner_interfaces/include/scanner_interfaces/scanner_interfaces/msg/detail
[3.218s] -- Installing: /home/ALEX/3dev/ros/install/scanner_interfaces/include/scanner_interfaces/scanner_interfaces/msg/detail/camera_xy__rosidl_typesupport_fastrtps_cpp.hpp
[3.218s] -- Up-to-date: /home/ALEX/3dev/ros/install/scanner_interfaces/include/scanner_interfaces/scanner_interfaces/msg/detail/dds_fastrtps
[3.218s] -- Installing: /home/ALEX/3dev/ros/install/scanner_interfaces/lib/libscanner_interfaces__rosidl_typesupport_fastrtps_cpp.so
[3.218s] -- Set runtime path of "/home/ALEX/3dev/ros/install/scanner_interfaces/lib/libscanner_interfaces__rosidl_typesupport_fastrtps_cpp.so" to ""
[3.218s] -- Up-to-date: /home/ALEX/3dev/ros/install/scanner_interfaces/include/scanner_interfaces/scanner_interfaces
[3.218s] -- Up-to-date: /home/ALEX/3dev/ros/install/scanner_interfaces/include/scanner_interfaces/scanner_interfaces/msg
[3.218s] -- Up-to-date: /home/ALEX/3dev/ros/install/scanner_interfaces/include/scanner_interfaces/scanner_interfaces/msg/detail
[3.218s] -- Installing: /home/ALEX/3dev/ros/install/scanner_interfaces/include/scanner_interfaces/scanner_interfaces/msg/detail/camera_xy__rosidl_typesupport_introspection_cpp.hpp
[3.218s] -- Installing: /home/ALEX/3dev/ros/install/scanner_interfaces/include/scanner_interfaces/scanner_interfaces/msg/detail/camera_xy__type_support.cpp
[3.219s] -- Installing: /home/ALEX/3dev/ros/install/scanner_interfaces/lib/libscanner_interfaces__rosidl_typesupport_introspection_cpp.so
[3.219s] -- Set runtime path of "/home/ALEX/3dev/ros/install/scanner_interfaces/lib/libscanner_interfaces__rosidl_typesupport_introspection_cpp.so" to ""
[3.219s] -- Installing: /home/ALEX/3dev/ros/install/scanner_interfaces/lib/libscanner_interfaces__rosidl_typesupport_cpp.so
[3.219s] -- Set runtime path of "/home/ALEX/3dev/ros/install/scanner_interfaces/lib/libscanner_interfaces__rosidl_typesupport_cpp.so" to ""
[3.219s] -- Up-to-date: /home/ALEX/3dev/ros/install/scanner_interfaces/share/scanner_interfaces/environment/pythonpath.sh
[3.219s] -- Installing: /home/ALEX/3dev/ros/install/scanner_interfaces/share/scanner_interfaces/environment/pythonpath.dsv
[3.220s] -- Up-to-date: /home/ALEX/3dev/ros/install/scanner_interfaces/local/lib/python3.10/dist-packages/scanner_interfaces-0.0.0-py3.10.egg-info
[3.220s] -- Installing: /home/ALEX/3dev/ros/install/scanner_interfaces/local/lib/python3.10/dist-packages/scanner_interfaces-0.0.0-py3.10.egg-info/PKG-INFO
[3.220s] -- Installing: /home/ALEX/3dev/ros/install/scanner_interfaces/local/lib/python3.10/dist-packages/scanner_interfaces-0.0.0-py3.10.egg-info/dependency_links.txt
[3.220s] -- Installing: /home/ALEX/3dev/ros/install/scanner_interfaces/local/lib/python3.10/dist-packages/scanner_interfaces-0.0.0-py3.10.egg-info/SOURCES.txt
[3.220s] -- Installing: /home/ALEX/3dev/ros/install/scanner_interfaces/local/lib/python3.10/dist-packages/scanner_interfaces-0.0.0-py3.10.egg-info/top_level.txt
[3.220s] -- Up-to-date: /home/ALEX/3dev/ros/install/scanner_interfaces/local/lib/python3.10/dist-packages/scanner_interfaces
[3.220s] -- Installing: /home/ALEX/3dev/ros/install/scanner_interfaces/local/lib/python3.10/dist-packages/scanner_interfaces/_scanner_interfaces_s.ep.rosidl_typesupport_introspection_c.c
[3.220s] -- Installing: /home/ALEX/3dev/ros/install/scanner_interfaces/local/lib/python3.10/dist-packages/scanner_interfaces/scanner_interfaces_s__rosidl_typesupport_c.cpython-310-x86_64-linux-gnu.so
[3.221s] -- Installing: /home/ALEX/3dev/ros/install/scanner_interfaces/local/lib/python3.10/dist-packages/scanner_interfaces/__init__.py
[3.221s] -- Installing: /home/ALEX/3dev/ros/install/scanner_interfaces/local/lib/python3.10/dist-packages/scanner_interfaces/libscanner_interfaces__rosidl_generator_py.so
[3.221s] -- Installing: /home/ALEX/3dev/ros/install/scanner_interfaces/local/lib/python3.10/dist-packages/scanner_interfaces/_scanner_interfaces_s.ep.rosidl_typesupport_c.c
[3.221s] -- Installing: /home/ALEX/3dev/ros/install/scanner_interfaces/local/lib/python3.10/dist-packages/scanner_interfaces/_scanner_interfaces_s.ep.rosidl_typesupport_fastrtps_c.c
[3.221s] -- Up-to-date: /home/ALEX/3dev/ros/install/scanner_interfaces/local/lib/python3.10/dist-packages/scanner_interfaces/msg
[3.221s] -- Installing: /home/ALEX/3dev/ros/install/scanner_interfaces/local/lib/python3.10/dist-packages/scanner_interfaces/msg/_camera_xy_s.c
[3.221s] -- Installing: /home/ALEX/3dev/ros/install/scanner_interfaces/local/lib/python3.10/dist-packages/scanner_interfaces/msg/_camera_xy.py
[3.222s] -- Installing: /home/ALEX/3dev/ros/install/scanner_interfaces/local/lib/python3.10/dist-packages/scanner_interfaces/msg/__init__.py
[3.222s] -- Installing: /home/ALEX/3dev/ros/install/scanner_interfaces/local/lib/python3.10/dist-packages/scanner_interfaces/scanner_interfaces_s__rosidl_typesupport_fastrtps_c.cpython-310-x86_64-linux-gnu.so
[3.222s] -- Installing: /home/ALEX/3dev/ros/install/scanner_interfaces/local/lib/python3.10/dist-packages/scanner_interfaces/scanner_interfaces_s__rosidl_typesupport_introspection_c.cpython-310-x86_64-linux-gnu.so
[3.255s] Listing '/home/ALEX/3dev/ros/install/scanner_interfaces/local/lib/python3.10/dist-packages/scanner_interfaces'...
[3.255s] Compiling '/home/ALEX/3dev/ros/install/scanner_interfaces/local/lib/python3.10/dist-packages/scanner_interfaces/__init__.py'...
[3.256s] Listing '/home/ALEX/3dev/ros/install/scanner_interfaces/local/lib/python3.10/dist-packages/scanner_interfaces/msg'...
[3.256s] Compiling '/home/ALEX/3dev/ros/install/scanner_interfaces/local/lib/python3.10/dist-packages/scanner_interfaces/msg/__init__.py'...
[3.256s] Compiling '/home/ALEX/3dev/ros/install/scanner_interfaces/local/lib/python3.10/dist-packages/scanner_interfaces/msg/_camera_xy.py'...
[3.259s] -- Installing: /home/ALEX/3dev/ros/install/scanner_interfaces/local/lib/python3.10/dist-packages/scanner_interfaces/scanner_interfaces_s__rosidl_typesupport_fastrtps_c.cpython-310-x86_64-linux-gnu.so
[3.260s] -- Set runtime path of "/home/ALEX/3dev/ros/install/scanner_interfaces/local/lib/python3.10/dist-packages/scanner_interfaces/scanner_interfaces_s__rosidl_typesupport_fastrtps_c.cpython-310-x86_64-linux-gnu.so" to ""
[3.260s] -- Installing: /home/ALEX/3dev/ros/install/scanner_interfaces/local/lib/python3.10/dist-packages/scanner_interfaces/scanner_interfaces_s__rosidl_typesupport_introspection_c.cpython-310-x86_64-linux-gnu.so
[3.260s] -- Set runtime path of "/home/ALEX/3dev/ros/install/scanner_interfaces/local/lib/python3.10/dist-packages/scanner_interfaces/scanner_interfaces_s__rosidl_typesupport_introspection_c.cpython-310-x86_64-linux-gnu.so" to ""
[3.260s] -- Installing: /home/ALEX/3dev/ros/install/scanner_interfaces/local/lib/python3.10/dist-packages/scanner_interfaces/scanner_interfaces_s__rosidl_typesupport_c.cpython-310-x86_64-linux-gnu.so
[3.261s] -- Set runtime path of "/home/ALEX/3dev/ros/install/scanner_interfaces/local/lib/python3.10/dist-packages/scanner_interfaces/scanner_interfaces_s__rosidl_typesupport_c.cpython-310-x86_64-linux-gnu.so" to ""
[3.261s] -- Installing: /home/ALEX/3dev/ros/install/scanner_interfaces/lib/libscanner_interfaces__rosidl_generator_py.so
[3.261s] -- Set runtime path of "/home/ALEX/3dev/ros/install/scanner_interfaces/lib/libscanner_interfaces__rosidl_generator_py.so" to ""
[3.262s] -- Installing: /home/ALEX/3dev/ros/install/scanner_interfaces/share/scanner_interfaces/msg/CameraXY.idl
[3.262s] -- Installing: /home/ALEX/3dev/ros/install/scanner_interfaces/share/scanner_interfaces/msg/CameraXY.msg
[3.262s] -- Up-to-date: /home/ALEX/3dev/ros/install/scanner_interfaces/share/ament_index/resource_index/package_run_dependencies/scanner_interfaces
[3.262s] -- Installing: /home/ALEX/3dev/ros/install/scanner_interfaces/share/ament_index/resource_index/parent_prefix_path/scanner_interfaces
[3.262s] -- Up-to-date: /home/ALEX/3dev/ros/install/scanner_interfaces/share/scanner_interfaces/environment/ament_prefix_path.sh
[3.262s] -- Installing: /home/ALEX/3dev/ros/install/scanner_interfaces/share/scanner_interfaces/environment/ament_prefix_path.dsv
[3.262s] -- Up-to-date: /home/ALEX/3dev/ros/install/scanner_interfaces/share/scanner_interfaces/environment/path.sh
[3.263s] -- Installing: /home/ALEX/3dev/ros/install/scanner_interfaces/share/scanner_interfaces/environment/path.dsv
[3.263s] -- Up-to-date: /home/ALEX/3dev/ros/install/scanner_interfaces/share/scanner_interfaces/local_setup.bash
[3.263s] -- Up-to-date: /home/ALEX/3dev/ros/install/scanner_interfaces/share/scanner_interfaces/local_setup.sh
[3.263s] -- Up-to-date: /home/ALEX/3dev/ros/install/scanner_interfaces/share/scanner_interfaces/local_setup.zsh
[3.263s] -- Installing: /home/ALEX/3dev/ros/install/scanner_interfaces/share/scanner_interfaces/local_setup.dsv
[3.263s] -- Installing: /home/ALEX/3dev/ros/install/scanner_interfaces/share/scanner_interfaces/package.dsv
[3.263s] -- Up-to-date: /home/ALEX/3dev/ros/install/scanner_interfaces/share/ament_index/resource_index/packages/scanner_interfaces
[3.263s] -- Up-to-date: /home/ALEX/3dev/ros/install/scanner_interfaces/share/scanner_interfaces/cmake/export_scanner_interfaces__rosidl_generator_cExport.cmake
[3.264s] -- Up-to-date: /home/ALEX/3dev/ros/install/scanner_interfaces/share/scanner_interfaces/cmake/export_scanner_interfaces__rosidl_generator_cExport-noconfig.cmake
[3.264s] -- Up-to-date: /home/ALEX/3dev/ros/install/scanner_interfaces/share/scanner_interfaces/cmake/export_scanner_interfaces__rosidl_typesupport_fastrtps_cExport.cmake
[3.264s] -- Up-to-date: /home/ALEX/3dev/ros/install/scanner_interfaces/share/scanner_interfaces/cmake/export_scanner_interfaces__rosidl_typesupport_fastrtps_cExport-noconfig.cmake
[3.264s] -- Up-to-date: /home/ALEX/3dev/ros/install/scanner_interfaces/share/scanner_interfaces/cmake/scanner_interfaces__rosidl_typesupport_introspection_cExport.cmake
[3.264s] -- Up-to-date: /home/ALEX/3dev/ros/install/scanner_interfaces/share/scanner_interfaces/cmake/scanner_interfaces__rosidl_typesupport_introspection_cExport-noconfig.cmake
[3.264s] -- Up-to-date: /home/ALEX/3dev/ros/install/scanner_interfaces/share/scanner_interfaces/cmake/scanner_interfaces__rosidl_typesupport_cExport.cmake
[3.264s] -- Up-to-date: /home/ALEX/3dev/ros/install/scanner_interfaces/share/scanner_interfaces/cmake/scanner_interfaces__rosidl_typesupport_cExport-noconfig.cmake
[3.265s] -- Up-to-date: /home/ALEX/3dev/ros/install/scanner_interfaces/share/scanner_interfaces/cmake/export_scanner_interfaces__rosidl_generator_cppExport.cmake
[3.265s] -- Up-to-date: /home/ALEX/3dev/ros/install/scanner_interfaces/share/scanner_interfaces/cmake/export_scanner_interfaces__rosidl_typesupport_fastrtps_cppExport.cmake
[3.265s] -- Up-to-date: /home/ALEX/3dev/ros/install/scanner_interfaces/share/scanner_interfaces/cmake/export_scanner_interfaces__rosidl_typesupport_fastrtps_cppExport-noconfig.cmake
[3.265s] -- Up-to-date: /home/ALEX/3dev/ros/install/scanner_interfaces/share/scanner_interfaces/cmake/scanner_interfaces__rosidl_typesupport_introspection_cppExport.cmake
[3.265s] -- Up-to-date: /home/ALEX/3dev/ros/install/scanner_interfaces/share/scanner_interfaces/cmake/scanner_interfaces__rosidl_typesupport_introspection_cppExport-noconfig.cmake
[3.265s] -- Up-to-date: /home/ALEX/3dev/ros/install/scanner_interfaces/share/scanner_interfaces/cmake/scanner_interfaces__rosidl_typesupport_cppExport.cmake
[3.265s] -- Up-to-date: /home/ALEX/3dev/ros/install/scanner_interfaces/share/scanner_interfaces/cmake/scanner_interfaces__rosidl_typesupport_cppExport-noconfig.cmake
[3.265s] -- Up-to-date: /home/ALEX/3dev/ros/install/scanner_interfaces/share/scanner_interfaces/cmake/export_scanner_interfaces__rosidl_generator_pyExport.cmake
[3.266s] -- Up-to-date: /home/ALEX/3dev/ros/install/scanner_interfaces/share/scanner_interfaces/cmake/export_scanner_interfaces__rosidl_generator_pyExport-noconfig.cmake
[3.266s] -- Up-to-date: /home/ALEX/3dev/ros/install/scanner_interfaces/share/scanner_interfaces/cmake/rosidl_cmake-extras.cmake
[3.266s] -- Up-to-date: /home/ALEX/3dev/ros/install/scanner_interfaces/share/scanner_interfaces/cmake/ament_cmake_export_include_directories-extras.cmake
[3.266s] -- Up-to-date: /home/ALEX/3dev/ros/install/scanner_interfaces/share/scanner_interfaces/cmake/ament_cmake_export_libraries-extras.cmake
[3.266s] -- Up-to-date: /home/ALEX/3dev/ros/install/scanner_interfaces/share/scanner_interfaces/cmake/ament_cmake_export_targets-extras.cmake
[3.266s] -- Up-to-date: /home/ALEX/3dev/ros/install/scanner_interfaces/share/scanner_interfaces/cmake/rosidl_cmake_export_typesupport_targets-extras.cmake
[3.266s] -- Up-to-date: /home/ALEX/3dev/ros/install/scanner_interfaces/share/scanner_interfaces/cmake/ament_cmake_export_dependencies-extras.cmake
[3.266s] -- Up-to-date: /home/ALEX/3dev/ros/install/scanner_interfaces/share/scanner_interfaces/cmake/rosidl_cmake_export_typesupport_libraries-extras.cmake
[3.266s] -- Up-to-date: /home/ALEX/3dev/ros/install/scanner_interfaces/share/scanner_interfaces/cmake/scanner_interfacesConfig.cmake
[3.266s] -- Up-to-date: /home/ALEX/3dev/ros/install/scanner_interfaces/share/scanner_interfaces/cmake/scanner_interfacesConfig-version.cmake
[3.267s] -- Up-to-date: /home/ALEX/3dev/ros/install/scanner_interfaces/share/scanner_interfaces/package.xml
[3.270s] Invoked command in '/home/ALEX/3dev/ros/build/scanner_interfaces' returned '0': CMAKE_PREFIX_PATH=${CMAKE_PREFIX_PATH}:/home/ALEX/3dev/ros/install/test_py_pkg:/home/ALEX/3dev/ros/install/scanner:/opt/ros/humble /usr/bin/cmake --install /home/ALEX/3dev/ros/build/scanner_interfaces
