[0.727s] DEBUG:colcon:Command line arguments: ['/usr/bin/colcon', 'build']
[0.727s] DEBUG:colcon:Parsed command line arguments: Namespace(log_base=None, log_level=None, verb_name='build', build_base='build', install_base='install', merge_install=False, symlink_install=False, test_result_base=None, continue_on_error=False, executor='parallel', parallel_workers=4, event_handlers=None, ignore_user_meta=False, metas=['./colcon.meta'], base_paths=['.'], packages_ignore=None, packages_ignore_regex=None, paths=None, packages_up_to=None, packages_up_to_regex=None, packages_above=None, packages_above_and_dependencies=None, packages_above_depth=None, packages_select_by_dep=None, packages_skip_by_dep=None, packages_skip_up_to=None, packages_select_build_failed=False, packages_skip_build_finished=False, packages_select_test_failures=False, packages_skip_test_passed=False, packages_select=None, packages_skip=None, packages_select_regex=None, packages_skip_regex=None, packages_start=None, packages_end=None, allow_overriding=[], cmake_args=None, cmake_target=None, cmake_target_skip_unavailable=False, cmake_clean_cache=False, cmake_clean_first=False, cmake_force_configure=False, ament_cmake_args=None, catkin_cmake_args=None, catkin_skip_building_tests=False, verb_parser=<colcon_defaults.argument_parser.defaults.DefaultArgumentsDecorator object at 0xffffa1b34e50>, verb_extension=<colcon_core.verb.build.BuildVerb object at 0xffffa1b348e0>, main=<bound method BuildVerb.main of <colcon_core.verb.build.BuildVerb object at 0xffffa1b348e0>>)
[0.856s] Level 1:colcon.colcon_core.package_discovery:discover_packages(colcon_meta) check parameters
[0.856s] Level 1:colcon.colcon_core.package_discovery:discover_packages(recursive) check parameters
[0.856s] Level 1:colcon.colcon_core.package_discovery:discover_packages(ignore) check parameters
[0.857s] Level 1:colcon.colcon_core.package_discovery:discover_packages(path) check parameters
[0.857s] Level 1:colcon.colcon_core.package_discovery:discover_packages(colcon_meta) discover
[0.857s] Level 1:colcon.colcon_core.package_discovery:discover_packages(recursive) discover
[0.857s] INFO:colcon.colcon_core.package_discovery:Crawling recursively for packages in '/home/ALEX/anytrack/ros'
[0.858s] Level 1:colcon.colcon_core.package_identification:_identify(.) by extensions ['ignore', 'ignore_ament_install']
[0.858s] Level 1:colcon.colcon_core.package_identification:_identify(.) by extension 'ignore'
[0.858s] Level 1:colcon.colcon_core.package_identification:_identify(.) by extension 'ignore_ament_install'
[0.859s] Level 1:colcon.colcon_core.package_identification:_identify(.) by extensions ['colcon_pkg']
[0.859s] Level 1:colcon.colcon_core.package_identification:_identify(.) by extension 'colcon_pkg'
[0.859s] Level 1:colcon.colcon_core.package_identification:_identify(.) by extensions ['colcon_meta']
[0.859s] Level 1:colcon.colcon_core.package_identification:_identify(.) by extension 'colcon_meta'
[0.859s] Level 1:colcon.colcon_core.package_identification:_identify(.) by extensions ['ros']
[0.860s] Level 1:colcon.colcon_core.package_identification:_identify(.) by extension 'ros'
[0.909s] Level 1:colcon.colcon_core.package_identification:_identify(.) by extensions ['cmake', 'python']
[0.909s] Level 1:colcon.colcon_core.package_identification:_identify(.) by extension 'cmake'
[0.909s] Level 1:colcon.colcon_core.package_identification:_identify(.) by extension 'python'
[0.910s] Level 1:colcon.colcon_core.package_identification:_identify(.) by extensions ['python_setup_py']
[0.910s] Level 1:colcon.colcon_core.package_identification:_identify(.) by extension 'python_setup_py'
[0.910s] Level 1:colcon.colcon_core.package_identification:_identify(build) by extensions ['ignore', 'ignore_ament_install']
[0.911s] Level 1:colcon.colcon_core.package_identification:_identify(build) by extension 'ignore'
[0.911s] Level 1:colcon.colcon_core.package_identification:_identify(build) ignored
[0.912s] Level 1:colcon.colcon_core.package_identification:_identify(install) by extensions ['ignore', 'ignore_ament_install']
[0.912s] Level 1:colcon.colcon_core.package_identification:_identify(install) by extension 'ignore'
[0.912s] Level 1:colcon.colcon_core.package_identification:_identify(install) ignored
[0.913s] Level 1:colcon.colcon_core.package_identification:_identify(log) by extensions ['ignore', 'ignore_ament_install']
[0.914s] Level 1:colcon.colcon_core.package_identification:_identify(log) by extension 'ignore'
[0.914s] Level 1:colcon.colcon_core.package_identification:_identify(log) ignored
[0.914s] Level 1:colcon.colcon_core.package_identification:_identify(src) by extensions ['ignore', 'ignore_ament_install']
[0.915s] Level 1:colcon.colcon_core.package_identification:_identify(src) by extension 'ignore'
[0.915s] Level 1:colcon.colcon_core.package_identification:_identify(src) by extension 'ignore_ament_install'
[0.915s] Level 1:colcon.colcon_core.package_identification:_identify(src) by extensions ['colcon_pkg']
[0.915s] Level 1:colcon.colcon_core.package_identification:_identify(src) by extension 'colcon_pkg'
[0.916s] Level 1:colcon.colcon_core.package_identification:_identify(src) by extensions ['colcon_meta']
[0.916s] Level 1:colcon.colcon_core.package_identification:_identify(src) by extension 'colcon_meta'
[0.916s] Level 1:colcon.colcon_core.package_identification:_identify(src) by extensions ['ros']
[0.916s] Level 1:colcon.colcon_core.package_identification:_identify(src) by extension 'ros'
[0.916s] Level 1:colcon.colcon_core.package_identification:_identify(src) by extensions ['cmake', 'python']
[0.917s] Level 1:colcon.colcon_core.package_identification:_identify(src) by extension 'cmake'
[0.917s] Level 1:colcon.colcon_core.package_identification:_identify(src) by extension 'python'
[0.917s] Level 1:colcon.colcon_core.package_identification:_identify(src) by extensions ['python_setup_py']
[0.917s] Level 1:colcon.colcon_core.package_identification:_identify(src) by extension 'python_setup_py'
[0.918s] Level 1:colcon.colcon_core.package_identification:_identify(src/test_cpp_pkg) by extensions ['ignore', 'ignore_ament_install']
[0.918s] Level 1:colcon.colcon_core.package_identification:_identify(src/test_cpp_pkg) by extension 'ignore'
[0.918s] Level 1:colcon.colcon_core.package_identification:_identify(src/test_cpp_pkg) by extension 'ignore_ament_install'
[0.919s] Level 1:colcon.colcon_core.package_identification:_identify(src/test_cpp_pkg) by extensions ['colcon_pkg']
[0.919s] Level 1:colcon.colcon_core.package_identification:_identify(src/test_cpp_pkg) by extension 'colcon_pkg'
[0.919s] Level 1:colcon.colcon_core.package_identification:_identify(src/test_cpp_pkg) by extensions ['colcon_meta']
[0.919s] Level 1:colcon.colcon_core.package_identification:_identify(src/test_cpp_pkg) by extension 'colcon_meta'
[0.919s] Level 1:colcon.colcon_core.package_identification:_identify(src/test_cpp_pkg) by extensions ['ros']
[0.920s] Level 1:colcon.colcon_core.package_identification:_identify(src/test_cpp_pkg) by extension 'ros'
[0.930s] DEBUG:colcon.colcon_core.package_identification:Package 'src/test_cpp_pkg' with type 'ros.ament_cmake' and name 'test_cpp_pkg'
[0.930s] Level 1:colcon.colcon_core.package_identification:_identify(src/test_py_pkg) by extensions ['ignore', 'ignore_ament_install']
[0.931s] Level 1:colcon.colcon_core.package_identification:_identify(src/test_py_pkg) by extension 'ignore'
[0.931s] Level 1:colcon.colcon_core.package_identification:_identify(src/test_py_pkg) by extension 'ignore_ament_install'
[0.931s] Level 1:colcon.colcon_core.package_identification:_identify(src/test_py_pkg) by extensions ['colcon_pkg']
[0.931s] Level 1:colcon.colcon_core.package_identification:_identify(src/test_py_pkg) by extension 'colcon_pkg'
[0.932s] Level 1:colcon.colcon_core.package_identification:_identify(src/test_py_pkg) by extensions ['colcon_meta']
[0.932s] Level 1:colcon.colcon_core.package_identification:_identify(src/test_py_pkg) by extension 'colcon_meta'
[0.932s] Level 1:colcon.colcon_core.package_identification:_identify(src/test_py_pkg) by extensions ['ros']
[0.932s] Level 1:colcon.colcon_core.package_identification:_identify(src/test_py_pkg) by extension 'ros'
[0.935s] DEBUG:colcon.colcon_core.package_identification:Package 'src/test_py_pkg' with type 'ros.ament_python' and name 'test_py_pkg'
[0.935s] Level 1:colcon.colcon_core.package_discovery:discover_packages(recursive) using defaults
[0.935s] Level 1:colcon.colcon_core.package_discovery:discover_packages(ignore) discover
[0.935s] Level 1:colcon.colcon_core.package_discovery:discover_packages(ignore) using defaults
[0.936s] Level 1:colcon.colcon_core.package_discovery:discover_packages(path) discover
[0.936s] Level 1:colcon.colcon_core.package_discovery:discover_packages(path) using defaults
[1.044s] Level 1:colcon.colcon_core.package_discovery:discover_packages(prefix_path) check parameters
[1.044s] Level 1:colcon.colcon_core.package_discovery:discover_packages(prefix_path) discover
[1.057s] DEBUG:colcon.colcon_installed_package_information.package_discovery:Found 2 installed packages in /home/ALEX/anytrack/ros/install
[1.067s] DEBUG:colcon.colcon_installed_package_information.package_discovery:Found 180 installed packages in /opt/ros/humble
[1.072s] Level 1:colcon.colcon_core.package_discovery:discover_packages(prefix_path) using defaults
[1.263s] Level 5:colcon.colcon_core.verb:set package 'test_cpp_pkg' build argument 'cmake_args' from command line to 'None'
[1.263s] Level 5:colcon.colcon_core.verb:set package 'test_cpp_pkg' build argument 'cmake_target' from command line to 'None'
[1.263s] Level 5:colcon.colcon_core.verb:set package 'test_cpp_pkg' build argument 'cmake_target_skip_unavailable' from command line to 'False'
[1.263s] Level 5:colcon.colcon_core.verb:set package 'test_cpp_pkg' build argument 'cmake_clean_cache' from command line to 'False'
[1.264s] Level 5:colcon.colcon_core.verb:set package 'test_cpp_pkg' build argument 'cmake_clean_first' from command line to 'False'
[1.264s] Level 5:colcon.colcon_core.verb:set package 'test_cpp_pkg' build argument 'cmake_force_configure' from command line to 'False'
[1.264s] Level 5:colcon.colcon_core.verb:set package 'test_cpp_pkg' build argument 'ament_cmake_args' from command line to 'None'
[1.264s] Level 5:colcon.colcon_core.verb:set package 'test_cpp_pkg' build argument 'catkin_cmake_args' from command line to 'None'
[1.264s] Level 5:colcon.colcon_core.verb:set package 'test_cpp_pkg' build argument 'catkin_skip_building_tests' from command line to 'False'
[1.264s] DEBUG:colcon.colcon_core.verb:Building package 'test_cpp_pkg' with the following arguments: {'ament_cmake_args': None, 'build_base': '/home/ALEX/anytrack/ros/build/test_cpp_pkg', 'catkin_cmake_args': None, 'catkin_skip_building_tests': False, 'cmake_args': None, 'cmake_clean_cache': False, 'cmake_clean_first': False, 'cmake_force_configure': False, 'cmake_target': None, 'cmake_target_skip_unavailable': False, 'install_base': '/home/ALEX/anytrack/ros/install/test_cpp_pkg', 'merge_install': False, 'path': '/home/ALEX/anytrack/ros/src/test_cpp_pkg', 'symlink_install': False, 'test_result_base': None}
[1.269s] Level 5:colcon.colcon_core.verb:set package 'test_py_pkg' build argument 'cmake_args' from command line to 'None'
[1.269s] Level 5:colcon.colcon_core.verb:set package 'test_py_pkg' build argument 'cmake_target' from command line to 'None'
[1.269s] Level 5:colcon.colcon_core.verb:set package 'test_py_pkg' build argument 'cmake_target_skip_unavailable' from command line to 'False'
[1.270s] Level 5:colcon.colcon_core.verb:set package 'test_py_pkg' build argument 'cmake_clean_cache' from command line to 'False'
[1.270s] Level 5:colcon.colcon_core.verb:set package 'test_py_pkg' build argument 'cmake_clean_first' from command line to 'False'
[1.270s] Level 5:colcon.colcon_core.verb:set package 'test_py_pkg' build argument 'cmake_force_configure' from command line to 'False'
[1.270s] Level 5:colcon.colcon_core.verb:set package 'test_py_pkg' build argument 'ament_cmake_args' from command line to 'None'
[1.270s] Level 5:colcon.colcon_core.verb:set package 'test_py_pkg' build argument 'catkin_cmake_args' from command line to 'None'
[1.270s] Level 5:colcon.colcon_core.verb:set package 'test_py_pkg' build argument 'catkin_skip_building_tests' from command line to 'False'
[1.270s] DEBUG:colcon.colcon_core.verb:Building package 'test_py_pkg' with the following arguments: {'ament_cmake_args': None, 'build_base': '/home/ALEX/anytrack/ros/build/test_py_pkg', 'catkin_cmake_args': None, 'catkin_skip_building_tests': False, 'cmake_args': None, 'cmake_clean_cache': False, 'cmake_clean_first': False, 'cmake_force_configure': False, 'cmake_target': None, 'cmake_target_skip_unavailable': False, 'install_base': '/home/ALEX/anytrack/ros/install/test_py_pkg', 'merge_install': False, 'path': '/home/ALEX/anytrack/ros/src/test_py_pkg', 'symlink_install': False, 'test_result_base': None}
[1.273s] INFO:colcon.colcon_core.executor:Executing jobs using 'parallel' executor
[1.291s] DEBUG:colcon.colcon_parallel_executor.executor.parallel:run_until_complete
[1.292s] INFO:colcon.colcon_ros.task.ament_cmake.build:Building ROS package in '/home/ALEX/anytrack/ros/src/test_cpp_pkg' with build type 'ament_cmake'
[1.293s] INFO:colcon.colcon_cmake.task.cmake.build:Building CMake package in '/home/ALEX/anytrack/ros/src/test_cpp_pkg'
[1.316s] INFO:colcon.colcon_core.plugin_system:Skipping extension 'colcon_core.shell.bat': Not used on non-Windows systems
[1.317s] INFO:colcon.colcon_core.shell:Skip shell extension 'powershell' for command environment: Not usable outside of PowerShell
[1.317s] DEBUG:colcon.colcon_core.shell:Skip shell extension 'dsv' for command environment
[1.340s] INFO:colcon.colcon_ros.task.ament_python.build:Building ROS package in '/home/ALEX/anytrack/ros/src/test_py_pkg' with build type 'ament_python'
[1.343s] Level 1:colcon.colcon_core.shell:create_environment_hook('test_py_pkg', 'ament_prefix_path')
[1.351s] INFO:colcon.colcon_core.shell:Creating environment hook '/home/ALEX/anytrack/ros/install/test_py_pkg/share/test_py_pkg/hook/ament_prefix_path.ps1'
[1.354s] INFO:colcon.colcon_core.shell:Creating environment descriptor '/home/ALEX/anytrack/ros/install/test_py_pkg/share/test_py_pkg/hook/ament_prefix_path.dsv'
[1.357s] INFO:colcon.colcon_core.shell:Creating environment hook '/home/ALEX/anytrack/ros/install/test_py_pkg/share/test_py_pkg/hook/ament_prefix_path.sh'
[1.365s] INFO:colcon.colcon_core.shell:Skip shell extension 'powershell' for command environment: Not usable outside of PowerShell
[1.365s] DEBUG:colcon.colcon_core.shell:Skip shell extension 'dsv' for command environment
[1.417s] DEBUG:colcon.colcon_core.event_handler.log_command:Invoking command in '/home/ALEX/anytrack/ros/build/test_cpp_pkg': CMAKE_PREFIX_PATH=${CMAKE_PREFIX_PATH}:/home/ALEX/anytrack/ros/install/test_py_pkg:/opt/ros/humble /usr/bin/cmake --build /home/ALEX/anytrack/ros/build/test_cpp_pkg -- -j4 -l4
[3.270s] INFO:colcon.colcon_core.task.python.build:Building Python package in '/home/ALEX/anytrack/ros/src/test_py_pkg'
[3.279s] INFO:colcon.colcon_core.shell:Skip shell extension 'powershell' for command environment: Not usable outside of PowerShell
[3.279s] DEBUG:colcon.colcon_core.shell:Skip shell extension 'dsv' for command environment
[3.324s] DEBUG:colcon.colcon_core.event_handler.log_command:Invoked command in '/home/ALEX/anytrack/ros/build/test_cpp_pkg' returned '0': CMAKE_PREFIX_PATH=${CMAKE_PREFIX_PATH}:/home/ALEX/anytrack/ros/install/test_py_pkg:/opt/ros/humble /usr/bin/cmake --build /home/ALEX/anytrack/ros/build/test_cpp_pkg -- -j4 -l4
[3.525s] DEBUG:colcon.colcon_core.event_handler.log_command:Invoking command in '/home/ALEX/anytrack/ros/build/test_cpp_pkg': CMAKE_PREFIX_PATH=${CMAKE_PREFIX_PATH}:/home/ALEX/anytrack/ros/install/test_py_pkg:/opt/ros/humble /usr/bin/cmake --install /home/ALEX/anytrack/ros/build/test_cpp_pkg
[3.587s] Level 1:colcon.colcon_core.environment:create_environment_scripts_only(test_cpp_pkg)
[3.619s] DEBUG:colcon.colcon_core.event_handler.log_command:Invoked command in '/home/ALEX/anytrack/ros/build/test_cpp_pkg' returned '0': CMAKE_PREFIX_PATH=${CMAKE_PREFIX_PATH}:/home/ALEX/anytrack/ros/install/test_py_pkg:/opt/ros/humble /usr/bin/cmake --install /home/ALEX/anytrack/ros/build/test_cpp_pkg
[3.638s] Level 1:colcon.colcon_core.environment:checking '/home/ALEX/anytrack/ros/install/test_cpp_pkg' for CMake module files
[3.645s] Level 1:colcon.colcon_core.environment:checking '/home/ALEX/anytrack/ros/install/test_cpp_pkg' for CMake config files
[3.649s] Level 1:colcon.colcon_core.shell:create_environment_hook('test_cpp_pkg', 'cmake_prefix_path')
[3.658s] INFO:colcon.colcon_core.shell:Creating environment hook '/home/ALEX/anytrack/ros/install/test_cpp_pkg/share/test_cpp_pkg/hook/cmake_prefix_path.ps1'
[3.662s] INFO:colcon.colcon_core.shell:Creating environment descriptor '/home/ALEX/anytrack/ros/install/test_cpp_pkg/share/test_cpp_pkg/hook/cmake_prefix_path.dsv'
[3.667s] INFO:colcon.colcon_core.shell:Creating environment hook '/home/ALEX/anytrack/ros/install/test_cpp_pkg/share/test_cpp_pkg/hook/cmake_prefix_path.sh'
[3.673s] Level 1:colcon.colcon_core.environment:checking '/home/ALEX/anytrack/ros/install/test_cpp_pkg/bin'
[3.674s] Level 1:colcon.colcon_core.environment:checking '/home/ALEX/anytrack/ros/install/test_cpp_pkg/lib/pkgconfig/test_cpp_pkg.pc'
[3.676s] Level 1:colcon.colcon_core.environment:checking '/home/ALEX/anytrack/ros/install/test_cpp_pkg/lib/python3.10/site-packages'
[3.679s] Level 1:colcon.colcon_core.environment:checking '/home/ALEX/anytrack/ros/install/test_cpp_pkg/bin'
[3.690s] INFO:colcon.colcon_core.shell:Creating package script '/home/ALEX/anytrack/ros/install/test_cpp_pkg/share/test_cpp_pkg/package.ps1'
[3.696s] INFO:colcon.colcon_core.shell:Creating package descriptor '/home/ALEX/anytrack/ros/install/test_cpp_pkg/share/test_cpp_pkg/package.dsv'
[3.701s] INFO:colcon.colcon_core.shell:Creating package script '/home/ALEX/anytrack/ros/install/test_cpp_pkg/share/test_cpp_pkg/package.sh'
[3.709s] INFO:colcon.colcon_core.shell:Creating package script '/home/ALEX/anytrack/ros/install/test_cpp_pkg/share/test_cpp_pkg/package.bash'
[3.715s] INFO:colcon.colcon_core.shell:Creating package script '/home/ALEX/anytrack/ros/install/test_cpp_pkg/share/test_cpp_pkg/package.zsh'
[3.721s] Level 1:colcon.colcon_core.environment:create_file_with_runtime_dependencies(/home/ALEX/anytrack/ros/install/test_cpp_pkg/share/colcon-core/packages/test_cpp_pkg)
[3.911s] Level 1:colcon.colcon_core.environment:create_environment_scripts_only(test_cpp_pkg)
[3.926s] Level 1:colcon.colcon_core.environment:checking '/home/ALEX/anytrack/ros/install/test_cpp_pkg' for CMake module files
[3.930s] Level 1:colcon.colcon_core.environment:checking '/home/ALEX/anytrack/ros/install/test_cpp_pkg' for CMake config files
[3.933s] Level 1:colcon.colcon_core.shell:create_environment_hook('test_cpp_pkg', 'cmake_prefix_path')
[3.941s] INFO:colcon.colcon_core.shell:Creating environment hook '/home/ALEX/anytrack/ros/install/test_cpp_pkg/share/test_cpp_pkg/hook/cmake_prefix_path.ps1'
[3.945s] INFO:colcon.colcon_core.shell:Creating environment descriptor '/home/ALEX/anytrack/ros/install/test_cpp_pkg/share/test_cpp_pkg/hook/cmake_prefix_path.dsv'
[3.949s] INFO:colcon.colcon_core.shell:Creating environment hook '/home/ALEX/anytrack/ros/install/test_cpp_pkg/share/test_cpp_pkg/hook/cmake_prefix_path.sh'
[3.958s] Level 1:colcon.colcon_core.environment:checking '/home/ALEX/anytrack/ros/install/test_cpp_pkg/bin'
[3.962s] Level 1:colcon.colcon_core.environment:checking '/home/ALEX/anytrack/ros/install/test_cpp_pkg/lib/pkgconfig/test_cpp_pkg.pc'
[3.964s] Level 1:colcon.colcon_core.environment:checking '/home/ALEX/anytrack/ros/install/test_cpp_pkg/lib/python3.10/site-packages'
[3.966s] Level 1:colcon.colcon_core.environment:checking '/home/ALEX/anytrack/ros/install/test_cpp_pkg/bin'
[3.977s] INFO:colcon.colcon_core.shell:Creating package script '/home/ALEX/anytrack/ros/install/test_cpp_pkg/share/test_cpp_pkg/package.ps1'
[3.982s] INFO:colcon.colcon_core.shell:Creating package descriptor '/home/ALEX/anytrack/ros/install/test_cpp_pkg/share/test_cpp_pkg/package.dsv'
[3.988s] INFO:colcon.colcon_core.shell:Creating package script '/home/ALEX/anytrack/ros/install/test_cpp_pkg/share/test_cpp_pkg/package.sh'
[3.992s] INFO:colcon.colcon_core.shell:Creating package script '/home/ALEX/anytrack/ros/install/test_cpp_pkg/share/test_cpp_pkg/package.bash'
[3.996s] INFO:colcon.colcon_core.shell:Creating package script '/home/ALEX/anytrack/ros/install/test_cpp_pkg/share/test_cpp_pkg/package.zsh'
[4.000s] Level 1:colcon.colcon_core.environment:create_file_with_runtime_dependencies(/home/ALEX/anytrack/ros/install/test_cpp_pkg/share/colcon-core/packages/test_cpp_pkg)
[5.507s] DEBUG:colcon.colcon_core.event_handler.log_command:Invoking command in '/home/ALEX/anytrack/ros/src/test_py_pkg': PYTHONPATH=/home/ALEX/anytrack/ros/build/test_py_pkg/prefix_override:/home/ALEX/anytrack/ros/install/test_py_pkg/lib/python3.10/site-packages:${PYTHONPATH} /usr/bin/python3 setup.py egg_info --egg-base ../../build/test_py_pkg build --build-base /home/ALEX/anytrack/ros/build/test_py_pkg/build install --record /home/ALEX/anytrack/ros/build/test_py_pkg/install.log --single-version-externally-managed
[6.948s] Level 1:colcon.colcon_core.environment:checking '/home/ALEX/anytrack/ros/install/test_py_pkg' for CMake module files
[6.950s] DEBUG:colcon.colcon_core.event_handler.log_command:Invoked command in '/home/ALEX/anytrack/ros/src/test_py_pkg' returned '0': PYTHONPATH=/home/ALEX/anytrack/ros/build/test_py_pkg/prefix_override:/home/ALEX/anytrack/ros/install/test_py_pkg/lib/python3.10/site-packages:${PYTHONPATH} /usr/bin/python3 setup.py egg_info --egg-base ../../build/test_py_pkg build --build-base /home/ALEX/anytrack/ros/build/test_py_pkg/build install --record /home/ALEX/anytrack/ros/build/test_py_pkg/install.log --single-version-externally-managed
[6.952s] Level 1:colcon.colcon_core.environment:checking '/home/ALEX/anytrack/ros/install/test_py_pkg' for CMake config files
[6.956s] Level 1:colcon.colcon_core.environment:checking '/home/ALEX/anytrack/ros/install/test_py_pkg/lib'
[6.957s] Level 1:colcon.colcon_core.environment:checking '/home/ALEX/anytrack/ros/install/test_py_pkg/bin'
[6.957s] Level 1:colcon.colcon_core.environment:checking '/home/ALEX/anytrack/ros/install/test_py_pkg/lib/pkgconfig/test_py_pkg.pc'
[6.958s] Level 1:colcon.colcon_core.environment:checking '/home/ALEX/anytrack/ros/install/test_py_pkg/lib/python3.10/site-packages'
[6.959s] Level 1:colcon.colcon_core.shell:create_environment_hook('test_py_pkg', 'pythonpath')
[6.965s] INFO:colcon.colcon_core.shell:Creating environment hook '/home/ALEX/anytrack/ros/install/test_py_pkg/share/test_py_pkg/hook/pythonpath.ps1'
[6.967s] INFO:colcon.colcon_core.shell:Creating environment descriptor '/home/ALEX/anytrack/ros/install/test_py_pkg/share/test_py_pkg/hook/pythonpath.dsv'
[6.968s] INFO:colcon.colcon_core.shell:Creating environment hook '/home/ALEX/anytrack/ros/install/test_py_pkg/share/test_py_pkg/hook/pythonpath.sh'
[6.971s] Level 1:colcon.colcon_core.environment:checking '/home/ALEX/anytrack/ros/install/test_py_pkg/bin'
[6.972s] Level 1:colcon.colcon_core.environment:create_environment_scripts_only(test_py_pkg)
[6.978s] INFO:colcon.colcon_core.shell:Creating package script '/home/ALEX/anytrack/ros/install/test_py_pkg/share/test_py_pkg/package.ps1'
[6.980s] INFO:colcon.colcon_core.shell:Creating package descriptor '/home/ALEX/anytrack/ros/install/test_py_pkg/share/test_py_pkg/package.dsv'
[6.982s] INFO:colcon.colcon_core.shell:Creating package script '/home/ALEX/anytrack/ros/install/test_py_pkg/share/test_py_pkg/package.sh'
[6.985s] INFO:colcon.colcon_core.shell:Creating package script '/home/ALEX/anytrack/ros/install/test_py_pkg/share/test_py_pkg/package.bash'
[6.987s] INFO:colcon.colcon_core.shell:Creating package script '/home/ALEX/anytrack/ros/install/test_py_pkg/share/test_py_pkg/package.zsh'
[6.993s] Level 1:colcon.colcon_core.environment:create_file_with_runtime_dependencies(/home/ALEX/anytrack/ros/install/test_py_pkg/share/colcon-core/packages/test_py_pkg)
[6.995s] DEBUG:colcon.colcon_parallel_executor.executor.parallel:closing loop
[6.997s] DEBUG:colcon.colcon_parallel_executor.executor.parallel:loop closed
[6.998s] DEBUG:colcon.colcon_parallel_executor.executor.parallel:run_until_complete finished with '0'
[6.998s] DEBUG:colcon.colcon_core.event_reactor:joining thread
[7.030s] INFO:colcon.colcon_core.plugin_system:Skipping extension 'colcon_notification.desktop_notification.notify_send': Could not find 'notify-send'
[7.030s] INFO:colcon.colcon_core.plugin_system:Skipping extension 'colcon_notification.desktop_notification.terminal_notifier': Not used on non-Darwin systems
[7.031s] INFO:colcon.colcon_core.plugin_system:Skipping extension 'colcon_notification.desktop_notification.win32': Not used on non-Windows systems
[7.031s] INFO:colcon.colcon_notification.desktop_notification:Sending desktop notification using 'notify2'
[7.034s] DEBUG:colcon.colcon_notification.desktop_notification.notify2:Failed to initialize notify2: org.freedesktop.DBus.Error.ServiceUnknown: The name org.freedesktop.Notifications was not provided by any .service files
[7.035s] DEBUG:colcon.colcon_core.event_reactor:joined thread
[7.041s] INFO:colcon.colcon_core.shell:Creating prefix script '/home/ALEX/anytrack/ros/install/local_setup.ps1'
[7.046s] INFO:colcon.colcon_core.shell:Creating prefix util module '/home/ALEX/anytrack/ros/install/_local_setup_util_ps1.py'
[7.054s] INFO:colcon.colcon_core.shell:Creating prefix chain script '/home/ALEX/anytrack/ros/install/setup.ps1'
[7.061s] INFO:colcon.colcon_core.shell:Creating prefix script '/home/ALEX/anytrack/ros/install/local_setup.sh'
[7.064s] INFO:colcon.colcon_core.shell:Creating prefix util module '/home/ALEX/anytrack/ros/install/_local_setup_util_sh.py'
[7.066s] INFO:colcon.colcon_core.shell:Creating prefix chain script '/home/ALEX/anytrack/ros/install/setup.sh'
[7.073s] INFO:colcon.colcon_core.shell:Creating prefix script '/home/ALEX/anytrack/ros/install/local_setup.bash'
[7.075s] INFO:colcon.colcon_core.shell:Creating prefix chain script '/home/ALEX/anytrack/ros/install/setup.bash'
[7.082s] INFO:colcon.colcon_core.shell:Creating prefix script '/home/ALEX/anytrack/ros/install/local_setup.zsh'
[7.085s] INFO:colcon.colcon_core.shell:Creating prefix chain script '/home/ALEX/anytrack/ros/install/setup.zsh'
