[0.014s] Invoking command in '/home/ALEX/anytrack/ros/build/interfaces': CMAKE_PREFIX_PATH=${CMAKE_PREFIX_PATH}:/home/ALEX/anytrack/ros/install/test_py_pkg:/home/ALEX/anytrack/ros/install/scannerV2:/home/ALEX/anytrack/ros/install/scanner:/home/ALEX/anytrack/ros/install/anytrack:/opt/ros/humble /usr/bin/cmake --build /home/ALEX/anytrack/ros/build/interfaces -- -j12 -l12
[0.045s] [35m[1mConsolidate compiler generated dependencies of target interfaces__rosidl_generator_c[0m
[0.052s] [  1%] Built target interfaces__cpp
[0.055s] [ 12%] Built target interfaces__rosidl_generator_c
[0.060s] [ 12%] Built target ament_cmake_python_copy_interfaces
[0.061s] [35m[1mConsolidate compiler generated dependencies of target interfaces__rosidl_typesupport_cpp[0m
[0.061s] [35m[1mConsolidate compiler generated dependencies of target interfaces__rosidl_typesupport_introspection_cpp[0m
[0.061s] [35m[1mConsolidate compiler generated dependencies of target interfaces__rosidl_typesupport_fastrtps_cpp[0m
[0.065s] [35m[1mConsolidate compiler generated dependencies of target interfaces__rosidl_typesupport_c[0m
[0.065s] [35m[1mConsolidate compiler generated dependencies of target interfaces__rosidl_typesupport_introspection_c[0m
[0.066s] [35m[1mConsolidate compiler generated dependencies of target interfaces__rosidl_typesupport_fastrtps_c[0m
[0.074s] [ 23%] Built target interfaces__rosidl_typesupport_cpp
[0.074s] [ 34%] Built target interfaces__rosidl_typesupport_introspection_cpp
[0.074s] [ 56%] Built target interfaces__rosidl_typesupport_c
[0.075s] [ 56%] Built target interfaces__rosidl_typesupport_fastrtps_cpp
[0.076s] [ 67%] Built target interfaces__rosidl_typesupport_introspection_c
[0.079s] [ 78%] Built target interfaces__rosidl_typesupport_fastrtps_c
[0.093s] [ 78%] Built target interfaces
[0.110s] [ 80%] Built target interfaces__py
[0.118s] [35m[1mConsolidate compiler generated dependencies of target interfaces__rosidl_generator_py[0m
[0.130s] [ 89%] Built target interfaces__rosidl_generator_py
[0.138s] [35m[1mConsolidate compiler generated dependencies of target interfaces__rosidl_typesupport_fastrtps_c__pyext[0m
[0.138s] [35m[1mConsolidate compiler generated dependencies of target interfaces__rosidl_typesupport_introspection_c__pyext[0m
[0.138s] [35m[1mConsolidate compiler generated dependencies of target interfaces__rosidl_typesupport_c__pyext[0m
[0.149s] [ 98%] Built target interfaces__rosidl_typesupport_fastrtps_c__pyext
[0.149s] [100%] Built target interfaces__rosidl_typesupport_c__pyext
[0.149s] [100%] Built target interfaces__rosidl_typesupport_introspection_c__pyext
[0.297s] running egg_info
[0.297s] writing interfaces.egg-info/PKG-INFO
[0.297s] writing dependency_links to interfaces.egg-info/dependency_links.txt
[0.297s] writing top-level names to interfaces.egg-info/top_level.txt
[0.299s] reading manifest file 'interfaces.egg-info/SOURCES.txt'
[0.300s] writing manifest file 'interfaces.egg-info/SOURCES.txt'
[0.320s] [100%] Built target ament_cmake_python_build_interfaces_egg
[0.328s] Invoked command in '/home/ALEX/anytrack/ros/build/interfaces' returned '0': CMAKE_PREFIX_PATH=${CMAKE_PREFIX_PATH}:/home/ALEX/anytrack/ros/install/test_py_pkg:/home/ALEX/anytrack/ros/install/scannerV2:/home/ALEX/anytrack/ros/install/scanner:/home/ALEX/anytrack/ros/install/anytrack:/opt/ros/humble /usr/bin/cmake --build /home/ALEX/anytrack/ros/build/interfaces -- -j12 -l12
[0.409s] Invoking command in '/home/ALEX/anytrack/ros/build/interfaces': CMAKE_PREFIX_PATH=${CMAKE_PREFIX_PATH}:/home/ALEX/anytrack/ros/install/test_py_pkg:/home/ALEX/anytrack/ros/install/scannerV2:/home/ALEX/anytrack/ros/install/scanner:/home/ALEX/anytrack/ros/install/anytrack:/opt/ros/humble /usr/bin/cmake --install /home/ALEX/anytrack/ros/build/interfaces
[0.415s] -- Install configuration: ""
[0.415s] -- Up-to-date: /home/ALEX/anytrack/ros/install/interfaces/share/ament_index/resource_index/rosidl_interfaces/interfaces
[0.416s] -- Up-to-date: /home/ALEX/anytrack/ros/install/interfaces/include/interfaces/interfaces
[0.416s] -- Up-to-date: /home/ALEX/anytrack/ros/install/interfaces/include/interfaces/interfaces/msg
[0.416s] -- Up-to-date: /home/ALEX/anytrack/ros/install/interfaces/include/interfaces/interfaces/msg/tracks.h
[0.416s] -- Up-to-date: /home/ALEX/anytrack/ros/install/interfaces/include/interfaces/interfaces/msg/camera_locations.h
[0.416s] -- Up-to-date: /home/ALEX/anytrack/ros/install/interfaces/include/interfaces/interfaces/msg/rosidl_generator_c__visibility_control.h
[0.416s] -- Up-to-date: /home/ALEX/anytrack/ros/install/interfaces/include/interfaces/interfaces/msg/object.h
[0.416s] -- Up-to-date: /home/ALEX/anytrack/ros/install/interfaces/include/interfaces/interfaces/msg/detail
[0.416s] -- Up-to-date: /home/ALEX/anytrack/ros/install/interfaces/include/interfaces/interfaces/msg/detail/tracks__type_support.h
[0.416s] -- Up-to-date: /home/ALEX/anytrack/ros/install/interfaces/include/interfaces/interfaces/msg/detail/tracks__struct.h
[0.416s] -- Up-to-date: /home/ALEX/anytrack/ros/install/interfaces/include/interfaces/interfaces/msg/detail/tracks__functions.c
[0.416s] -- Up-to-date: /home/ALEX/anytrack/ros/install/interfaces/include/interfaces/interfaces/msg/detail/camera_locations__functions.c
[0.417s] -- Up-to-date: /home/ALEX/anytrack/ros/install/interfaces/include/interfaces/interfaces/msg/detail/location__type_support.h
[0.417s] -- Up-to-date: /home/ALEX/anytrack/ros/install/interfaces/include/interfaces/interfaces/msg/detail/object__functions.h
[0.417s] -- Up-to-date: /home/ALEX/anytrack/ros/install/interfaces/include/interfaces/interfaces/msg/detail/camera_locations__type_support.h
[0.417s] -- Up-to-date: /home/ALEX/anytrack/ros/install/interfaces/include/interfaces/interfaces/msg/detail/object__struct.h
[0.417s] -- Up-to-date: /home/ALEX/anytrack/ros/install/interfaces/include/interfaces/interfaces/msg/detail/location__struct.h
[0.417s] -- Up-to-date: /home/ALEX/anytrack/ros/install/interfaces/include/interfaces/interfaces/msg/detail/object__functions.c
[0.417s] -- Up-to-date: /home/ALEX/anytrack/ros/install/interfaces/include/interfaces/interfaces/msg/detail/location__functions.c
[0.417s] -- Up-to-date: /home/ALEX/anytrack/ros/install/interfaces/include/interfaces/interfaces/msg/detail/object__type_support.h
[0.417s] -- Up-to-date: /home/ALEX/anytrack/ros/install/interfaces/include/interfaces/interfaces/msg/detail/tracks__functions.h
[0.417s] -- Up-to-date: /home/ALEX/anytrack/ros/install/interfaces/include/interfaces/interfaces/msg/detail/location__functions.h
[0.417s] -- Up-to-date: /home/ALEX/anytrack/ros/install/interfaces/include/interfaces/interfaces/msg/detail/camera_locations__functions.h
[0.417s] -- Up-to-date: /home/ALEX/anytrack/ros/install/interfaces/include/interfaces/interfaces/msg/detail/camera_locations__struct.h
[0.417s] -- Up-to-date: /home/ALEX/anytrack/ros/install/interfaces/include/interfaces/interfaces/msg/location.h
[0.418s] -- Up-to-date: /home/ALEX/anytrack/ros/install/interfaces/share/interfaces/environment/library_path.sh
[0.418s] -- Up-to-date: /home/ALEX/anytrack/ros/install/interfaces/share/interfaces/environment/library_path.dsv
[0.418s] -- Up-to-date: /home/ALEX/anytrack/ros/install/interfaces/lib/libinterfaces__rosidl_generator_c.so
[0.418s] -- Up-to-date: /home/ALEX/anytrack/ros/install/interfaces/include/interfaces/interfaces
[0.418s] -- Up-to-date: /home/ALEX/anytrack/ros/install/interfaces/include/interfaces/interfaces/msg
[0.418s] -- Up-to-date: /home/ALEX/anytrack/ros/install/interfaces/include/interfaces/interfaces/msg/rosidl_typesupport_fastrtps_c__visibility_control.h
[0.418s] -- Up-to-date: /home/ALEX/anytrack/ros/install/interfaces/include/interfaces/interfaces/msg/detail
[0.418s] -- Up-to-date: /home/ALEX/anytrack/ros/install/interfaces/include/interfaces/interfaces/msg/detail/tracks__rosidl_typesupport_fastrtps_c.h
[0.418s] -- Up-to-date: /home/ALEX/anytrack/ros/install/interfaces/include/interfaces/interfaces/msg/detail/object__rosidl_typesupport_fastrtps_c.h
[0.418s] -- Up-to-date: /home/ALEX/anytrack/ros/install/interfaces/include/interfaces/interfaces/msg/detail/camera_locations__rosidl_typesupport_fastrtps_c.h
[0.418s] -- Up-to-date: /home/ALEX/anytrack/ros/install/interfaces/include/interfaces/interfaces/msg/detail/location__rosidl_typesupport_fastrtps_c.h
[0.419s] -- Up-to-date: /home/ALEX/anytrack/ros/install/interfaces/lib/libinterfaces__rosidl_typesupport_fastrtps_c.so
[0.419s] -- Up-to-date: /home/ALEX/anytrack/ros/install/interfaces/include/interfaces/interfaces
[0.419s] -- Up-to-date: /home/ALEX/anytrack/ros/install/interfaces/include/interfaces/interfaces/msg
[0.419s] -- Up-to-date: /home/ALEX/anytrack/ros/install/interfaces/include/interfaces/interfaces/msg/detail
[0.419s] -- Up-to-date: /home/ALEX/anytrack/ros/install/interfaces/include/interfaces/interfaces/msg/detail/location__rosidl_typesupport_introspection_c.h
[0.419s] -- Up-to-date: /home/ALEX/anytrack/ros/install/interfaces/include/interfaces/interfaces/msg/detail/location__type_support.c
[0.419s] -- Up-to-date: /home/ALEX/anytrack/ros/install/interfaces/include/interfaces/interfaces/msg/detail/camera_locations__rosidl_typesupport_introspection_c.h
[0.419s] -- Up-to-date: /home/ALEX/anytrack/ros/install/interfaces/include/interfaces/interfaces/msg/detail/camera_locations__type_support.c
[0.419s] -- Up-to-date: /home/ALEX/anytrack/ros/install/interfaces/include/interfaces/interfaces/msg/detail/tracks__type_support.c
[0.419s] -- Up-to-date: /home/ALEX/anytrack/ros/install/interfaces/include/interfaces/interfaces/msg/detail/object__rosidl_typesupport_introspection_c.h
[0.419s] -- Up-to-date: /home/ALEX/anytrack/ros/install/interfaces/include/interfaces/interfaces/msg/detail/object__type_support.c
[0.419s] -- Up-to-date: /home/ALEX/anytrack/ros/install/interfaces/include/interfaces/interfaces/msg/detail/tracks__rosidl_typesupport_introspection_c.h
[0.419s] -- Up-to-date: /home/ALEX/anytrack/ros/install/interfaces/include/interfaces/interfaces/msg/rosidl_typesupport_introspection_c__visibility_control.h
[0.420s] -- Up-to-date: /home/ALEX/anytrack/ros/install/interfaces/lib/libinterfaces__rosidl_typesupport_introspection_c.so
[0.420s] -- Up-to-date: /home/ALEX/anytrack/ros/install/interfaces/lib/libinterfaces__rosidl_typesupport_c.so
[0.420s] -- Up-to-date: /home/ALEX/anytrack/ros/install/interfaces/include/interfaces/interfaces
[0.420s] -- Up-to-date: /home/ALEX/anytrack/ros/install/interfaces/include/interfaces/interfaces/msg
[0.420s] -- Up-to-date: /home/ALEX/anytrack/ros/install/interfaces/include/interfaces/interfaces/msg/tracks.hpp
[0.420s] -- Up-to-date: /home/ALEX/anytrack/ros/install/interfaces/include/interfaces/interfaces/msg/detail
[0.420s] -- Up-to-date: /home/ALEX/anytrack/ros/install/interfaces/include/interfaces/interfaces/msg/detail/location__struct.hpp
[0.420s] -- Up-to-date: /home/ALEX/anytrack/ros/install/interfaces/include/interfaces/interfaces/msg/detail/tracks__struct.hpp
[0.420s] -- Up-to-date: /home/ALEX/anytrack/ros/install/interfaces/include/interfaces/interfaces/msg/detail/object__traits.hpp
[0.420s] -- Up-to-date: /home/ALEX/anytrack/ros/install/interfaces/include/interfaces/interfaces/msg/detail/tracks__traits.hpp
[0.420s] -- Up-to-date: /home/ALEX/anytrack/ros/install/interfaces/include/interfaces/interfaces/msg/detail/location__traits.hpp
[0.420s] -- Up-to-date: /home/ALEX/anytrack/ros/install/interfaces/include/interfaces/interfaces/msg/detail/camera_locations__builder.hpp
[0.420s] -- Up-to-date: /home/ALEX/anytrack/ros/install/interfaces/include/interfaces/interfaces/msg/detail/camera_locations__struct.hpp
[0.420s] -- Up-to-date: /home/ALEX/anytrack/ros/install/interfaces/include/interfaces/interfaces/msg/detail/location__builder.hpp
[0.420s] -- Up-to-date: /home/ALEX/anytrack/ros/install/interfaces/include/interfaces/interfaces/msg/detail/tracks__builder.hpp
[0.421s] -- Up-to-date: /home/ALEX/anytrack/ros/install/interfaces/include/interfaces/interfaces/msg/detail/camera_locations__traits.hpp
[0.421s] -- Up-to-date: /home/ALEX/anytrack/ros/install/interfaces/include/interfaces/interfaces/msg/detail/object__builder.hpp
[0.421s] -- Up-to-date: /home/ALEX/anytrack/ros/install/interfaces/include/interfaces/interfaces/msg/detail/object__struct.hpp
[0.421s] -- Up-to-date: /home/ALEX/anytrack/ros/install/interfaces/include/interfaces/interfaces/msg/camera_locations.hpp
[0.421s] -- Up-to-date: /home/ALEX/anytrack/ros/install/interfaces/include/interfaces/interfaces/msg/object.hpp
[0.421s] -- Up-to-date: /home/ALEX/anytrack/ros/install/interfaces/include/interfaces/interfaces/msg/location.hpp
[0.421s] -- Up-to-date: /home/ALEX/anytrack/ros/install/interfaces/include/interfaces/interfaces
[0.421s] -- Up-to-date: /home/ALEX/anytrack/ros/install/interfaces/include/interfaces/interfaces/msg
[0.421s] -- Up-to-date: /home/ALEX/anytrack/ros/install/interfaces/include/interfaces/interfaces/msg/rosidl_typesupport_fastrtps_cpp__visibility_control.h
[0.421s] -- Up-to-date: /home/ALEX/anytrack/ros/install/interfaces/include/interfaces/interfaces/msg/detail
[0.421s] -- Up-to-date: /home/ALEX/anytrack/ros/install/interfaces/include/interfaces/interfaces/msg/detail/location__rosidl_typesupport_fastrtps_cpp.hpp
[0.422s] -- Up-to-date: /home/ALEX/anytrack/ros/install/interfaces/include/interfaces/interfaces/msg/detail/tracks__rosidl_typesupport_fastrtps_cpp.hpp
[0.422s] -- Up-to-date: /home/ALEX/anytrack/ros/install/interfaces/include/interfaces/interfaces/msg/detail/dds_fastrtps
[0.422s] -- Up-to-date: /home/ALEX/anytrack/ros/install/interfaces/include/interfaces/interfaces/msg/detail/object__rosidl_typesupport_fastrtps_cpp.hpp
[0.422s] -- Up-to-date: /home/ALEX/anytrack/ros/install/interfaces/include/interfaces/interfaces/msg/detail/camera_locations__rosidl_typesupport_fastrtps_cpp.hpp
[0.422s] -- Up-to-date: /home/ALEX/anytrack/ros/install/interfaces/lib/libinterfaces__rosidl_typesupport_fastrtps_cpp.so
[0.422s] -- Up-to-date: /home/ALEX/anytrack/ros/install/interfaces/include/interfaces/interfaces
[0.422s] -- Up-to-date: /home/ALEX/anytrack/ros/install/interfaces/include/interfaces/interfaces/msg
[0.422s] -- Up-to-date: /home/ALEX/anytrack/ros/install/interfaces/include/interfaces/interfaces/msg/detail
[0.422s] -- Up-to-date: /home/ALEX/anytrack/ros/install/interfaces/include/interfaces/interfaces/msg/detail/location__type_support.cpp
[0.422s] -- Up-to-date: /home/ALEX/anytrack/ros/install/interfaces/include/interfaces/interfaces/msg/detail/object__type_support.cpp
[0.422s] -- Up-to-date: /home/ALEX/anytrack/ros/install/interfaces/include/interfaces/interfaces/msg/detail/location__rosidl_typesupport_introspection_cpp.hpp
[0.422s] -- Up-to-date: /home/ALEX/anytrack/ros/install/interfaces/include/interfaces/interfaces/msg/detail/tracks__type_support.cpp
[0.422s] -- Up-to-date: /home/ALEX/anytrack/ros/install/interfaces/include/interfaces/interfaces/msg/detail/camera_locations__rosidl_typesupport_introspection_cpp.hpp
[0.422s] -- Up-to-date: /home/ALEX/anytrack/ros/install/interfaces/include/interfaces/interfaces/msg/detail/object__rosidl_typesupport_introspection_cpp.hpp
[0.422s] -- Up-to-date: /home/ALEX/anytrack/ros/install/interfaces/include/interfaces/interfaces/msg/detail/camera_locations__type_support.cpp
[0.422s] -- Up-to-date: /home/ALEX/anytrack/ros/install/interfaces/include/interfaces/interfaces/msg/detail/tracks__rosidl_typesupport_introspection_cpp.hpp
[0.422s] -- Up-to-date: /home/ALEX/anytrack/ros/install/interfaces/lib/libinterfaces__rosidl_typesupport_introspection_cpp.so
[0.423s] -- Up-to-date: /home/ALEX/anytrack/ros/install/interfaces/lib/libinterfaces__rosidl_typesupport_cpp.so
[0.423s] -- Up-to-date: /home/ALEX/anytrack/ros/install/interfaces/share/interfaces/environment/pythonpath.sh
[0.423s] -- Up-to-date: /home/ALEX/anytrack/ros/install/interfaces/share/interfaces/environment/pythonpath.dsv
[0.423s] -- Up-to-date: /home/ALEX/anytrack/ros/install/interfaces/local/lib/python3.10/dist-packages/interfaces-0.0.0-py3.10.egg-info
[0.423s] -- Installing: /home/ALEX/anytrack/ros/install/interfaces/local/lib/python3.10/dist-packages/interfaces-0.0.0-py3.10.egg-info/dependency_links.txt
[0.423s] -- Installing: /home/ALEX/anytrack/ros/install/interfaces/local/lib/python3.10/dist-packages/interfaces-0.0.0-py3.10.egg-info/PKG-INFO
[0.423s] -- Installing: /home/ALEX/anytrack/ros/install/interfaces/local/lib/python3.10/dist-packages/interfaces-0.0.0-py3.10.egg-info/top_level.txt
[0.423s] -- Installing: /home/ALEX/anytrack/ros/install/interfaces/local/lib/python3.10/dist-packages/interfaces-0.0.0-py3.10.egg-info/SOURCES.txt
[0.423s] -- Up-to-date: /home/ALEX/anytrack/ros/install/interfaces/local/lib/python3.10/dist-packages/interfaces
[0.423s] -- Up-to-date: /home/ALEX/anytrack/ros/install/interfaces/local/lib/python3.10/dist-packages/interfaces/interfaces_s__rosidl_typesupport_c.cpython-310-x86_64-linux-gnu.so
[0.423s] -- Up-to-date: /home/ALEX/anytrack/ros/install/interfaces/local/lib/python3.10/dist-packages/interfaces/_interfaces_s.ep.rosidl_typesupport_c.c
[0.423s] -- Up-to-date: /home/ALEX/anytrack/ros/install/interfaces/local/lib/python3.10/dist-packages/interfaces/_interfaces_s.ep.rosidl_typesupport_fastrtps_c.c
[0.423s] -- Up-to-date: /home/ALEX/anytrack/ros/install/interfaces/local/lib/python3.10/dist-packages/interfaces/interfaces_s__rosidl_typesupport_fastrtps_c.cpython-310-x86_64-linux-gnu.so
[0.423s] -- Up-to-date: /home/ALEX/anytrack/ros/install/interfaces/local/lib/python3.10/dist-packages/interfaces/interfaces_s__rosidl_typesupport_introspection_c.cpython-310-x86_64-linux-gnu.so
[0.423s] -- Up-to-date: /home/ALEX/anytrack/ros/install/interfaces/local/lib/python3.10/dist-packages/interfaces/libinterfaces__rosidl_generator_py.so
[0.423s] -- Up-to-date: /home/ALEX/anytrack/ros/install/interfaces/local/lib/python3.10/dist-packages/interfaces/_interfaces_s.ep.rosidl_typesupport_introspection_c.c
[0.424s] -- Up-to-date: /home/ALEX/anytrack/ros/install/interfaces/local/lib/python3.10/dist-packages/interfaces/msg
[0.424s] -- Up-to-date: /home/ALEX/anytrack/ros/install/interfaces/local/lib/python3.10/dist-packages/interfaces/msg/_camera_locations.py
[0.424s] -- Up-to-date: /home/ALEX/anytrack/ros/install/interfaces/local/lib/python3.10/dist-packages/interfaces/msg/_tracks_s.c
[0.424s] -- Up-to-date: /home/ALEX/anytrack/ros/install/interfaces/local/lib/python3.10/dist-packages/interfaces/msg/_camera_locations_s.c
[0.424s] -- Up-to-date: /home/ALEX/anytrack/ros/install/interfaces/local/lib/python3.10/dist-packages/interfaces/msg/_object_s.c
[0.424s] -- Up-to-date: /home/ALEX/anytrack/ros/install/interfaces/local/lib/python3.10/dist-packages/interfaces/msg/_tracks.py
[0.424s] -- Up-to-date: /home/ALEX/anytrack/ros/install/interfaces/local/lib/python3.10/dist-packages/interfaces/msg/_location_s.c
[0.424s] -- Up-to-date: /home/ALEX/anytrack/ros/install/interfaces/local/lib/python3.10/dist-packages/interfaces/msg/_location.py
[0.424s] -- Up-to-date: /home/ALEX/anytrack/ros/install/interfaces/local/lib/python3.10/dist-packages/interfaces/msg/_object.py
[0.424s] -- Up-to-date: /home/ALEX/anytrack/ros/install/interfaces/local/lib/python3.10/dist-packages/interfaces/msg/__init__.py
[0.424s] -- Up-to-date: /home/ALEX/anytrack/ros/install/interfaces/local/lib/python3.10/dist-packages/interfaces/__init__.py
[0.448s] Listing '/home/ALEX/anytrack/ros/install/interfaces/local/lib/python3.10/dist-packages/interfaces'...
[0.448s] Listing '/home/ALEX/anytrack/ros/install/interfaces/local/lib/python3.10/dist-packages/interfaces/msg'...
[0.451s] -- Up-to-date: /home/ALEX/anytrack/ros/install/interfaces/local/lib/python3.10/dist-packages/interfaces/interfaces_s__rosidl_typesupport_fastrtps_c.cpython-310-x86_64-linux-gnu.so
[0.451s] -- Up-to-date: /home/ALEX/anytrack/ros/install/interfaces/local/lib/python3.10/dist-packages/interfaces/interfaces_s__rosidl_typesupport_introspection_c.cpython-310-x86_64-linux-gnu.so
[0.451s] -- Up-to-date: /home/ALEX/anytrack/ros/install/interfaces/local/lib/python3.10/dist-packages/interfaces/interfaces_s__rosidl_typesupport_c.cpython-310-x86_64-linux-gnu.so
[0.452s] -- Up-to-date: /home/ALEX/anytrack/ros/install/interfaces/lib/libinterfaces__rosidl_generator_py.so
[0.452s] -- Up-to-date: /home/ALEX/anytrack/ros/install/interfaces/share/interfaces/msg/Object.idl
[0.452s] -- Up-to-date: /home/ALEX/anytrack/ros/install/interfaces/share/interfaces/msg/Tracks.idl
[0.452s] -- Up-to-date: /home/ALEX/anytrack/ros/install/interfaces/share/interfaces/msg/Location.idl
[0.452s] -- Up-to-date: /home/ALEX/anytrack/ros/install/interfaces/share/interfaces/msg/CameraLocations.idl
[0.452s] -- Up-to-date: /home/ALEX/anytrack/ros/install/interfaces/share/interfaces/msg/Object.msg
[0.452s] -- Up-to-date: /home/ALEX/anytrack/ros/install/interfaces/share/interfaces/msg/Tracks.msg
[0.452s] -- Up-to-date: /home/ALEX/anytrack/ros/install/interfaces/share/interfaces/msg/Location.msg
[0.452s] -- Up-to-date: /home/ALEX/anytrack/ros/install/interfaces/share/interfaces/msg/CameraLocations.msg
[0.452s] -- Up-to-date: /home/ALEX/anytrack/ros/install/interfaces/share/ament_index/resource_index/package_run_dependencies/interfaces
[0.452s] -- Up-to-date: /home/ALEX/anytrack/ros/install/interfaces/share/ament_index/resource_index/parent_prefix_path/interfaces
[0.453s] -- Up-to-date: /home/ALEX/anytrack/ros/install/interfaces/share/interfaces/environment/ament_prefix_path.sh
[0.453s] -- Up-to-date: /home/ALEX/anytrack/ros/install/interfaces/share/interfaces/environment/ament_prefix_path.dsv
[0.453s] -- Up-to-date: /home/ALEX/anytrack/ros/install/interfaces/share/interfaces/environment/path.sh
[0.453s] -- Up-to-date: /home/ALEX/anytrack/ros/install/interfaces/share/interfaces/environment/path.dsv
[0.453s] -- Up-to-date: /home/ALEX/anytrack/ros/install/interfaces/share/interfaces/local_setup.bash
[0.453s] -- Up-to-date: /home/ALEX/anytrack/ros/install/interfaces/share/interfaces/local_setup.sh
[0.453s] -- Up-to-date: /home/ALEX/anytrack/ros/install/interfaces/share/interfaces/local_setup.zsh
[0.453s] -- Up-to-date: /home/ALEX/anytrack/ros/install/interfaces/share/interfaces/local_setup.dsv
[0.453s] -- Installing: /home/ALEX/anytrack/ros/install/interfaces/share/interfaces/package.dsv
[0.453s] -- Up-to-date: /home/ALEX/anytrack/ros/install/interfaces/share/ament_index/resource_index/packages/interfaces
[0.453s] -- Up-to-date: /home/ALEX/anytrack/ros/install/interfaces/share/interfaces/cmake/export_interfaces__rosidl_generator_cExport.cmake
[0.453s] -- Up-to-date: /home/ALEX/anytrack/ros/install/interfaces/share/interfaces/cmake/export_interfaces__rosidl_generator_cExport-noconfig.cmake
[0.453s] -- Up-to-date: /home/ALEX/anytrack/ros/install/interfaces/share/interfaces/cmake/export_interfaces__rosidl_typesupport_fastrtps_cExport.cmake
[0.453s] -- Up-to-date: /home/ALEX/anytrack/ros/install/interfaces/share/interfaces/cmake/export_interfaces__rosidl_typesupport_fastrtps_cExport-noconfig.cmake
[0.453s] -- Up-to-date: /home/ALEX/anytrack/ros/install/interfaces/share/interfaces/cmake/interfaces__rosidl_typesupport_introspection_cExport.cmake
[0.454s] -- Up-to-date: /home/ALEX/anytrack/ros/install/interfaces/share/interfaces/cmake/interfaces__rosidl_typesupport_introspection_cExport-noconfig.cmake
[0.454s] -- Up-to-date: /home/ALEX/anytrack/ros/install/interfaces/share/interfaces/cmake/interfaces__rosidl_typesupport_cExport.cmake
[0.454s] -- Up-to-date: /home/ALEX/anytrack/ros/install/interfaces/share/interfaces/cmake/interfaces__rosidl_typesupport_cExport-noconfig.cmake
[0.454s] -- Up-to-date: /home/ALEX/anytrack/ros/install/interfaces/share/interfaces/cmake/export_interfaces__rosidl_generator_cppExport.cmake
[0.454s] -- Up-to-date: /home/ALEX/anytrack/ros/install/interfaces/share/interfaces/cmake/export_interfaces__rosidl_typesupport_fastrtps_cppExport.cmake
[0.454s] -- Up-to-date: /home/ALEX/anytrack/ros/install/interfaces/share/interfaces/cmake/export_interfaces__rosidl_typesupport_fastrtps_cppExport-noconfig.cmake
[0.454s] -- Up-to-date: /home/ALEX/anytrack/ros/install/interfaces/share/interfaces/cmake/interfaces__rosidl_typesupport_introspection_cppExport.cmake
[0.454s] -- Up-to-date: /home/ALEX/anytrack/ros/install/interfaces/share/interfaces/cmake/interfaces__rosidl_typesupport_introspection_cppExport-noconfig.cmake
[0.454s] -- Up-to-date: /home/ALEX/anytrack/ros/install/interfaces/share/interfaces/cmake/interfaces__rosidl_typesupport_cppExport.cmake
[0.454s] -- Up-to-date: /home/ALEX/anytrack/ros/install/interfaces/share/interfaces/cmake/interfaces__rosidl_typesupport_cppExport-noconfig.cmake
[0.454s] -- Up-to-date: /home/ALEX/anytrack/ros/install/interfaces/share/interfaces/cmake/export_interfaces__rosidl_generator_pyExport.cmake
[0.454s] -- Up-to-date: /home/ALEX/anytrack/ros/install/interfaces/share/interfaces/cmake/export_interfaces__rosidl_generator_pyExport-noconfig.cmake
[0.454s] -- Up-to-date: /home/ALEX/anytrack/ros/install/interfaces/share/interfaces/cmake/rosidl_cmake-extras.cmake
[0.454s] -- Up-to-date: /home/ALEX/anytrack/ros/install/interfaces/share/interfaces/cmake/ament_cmake_export_dependencies-extras.cmake
[0.454s] -- Up-to-date: /home/ALEX/anytrack/ros/install/interfaces/share/interfaces/cmake/ament_cmake_export_include_directories-extras.cmake
[0.455s] -- Up-to-date: /home/ALEX/anytrack/ros/install/interfaces/share/interfaces/cmake/ament_cmake_export_libraries-extras.cmake
[0.455s] -- Up-to-date: /home/ALEX/anytrack/ros/install/interfaces/share/interfaces/cmake/ament_cmake_export_targets-extras.cmake
[0.455s] -- Up-to-date: /home/ALEX/anytrack/ros/install/interfaces/share/interfaces/cmake/rosidl_cmake_export_typesupport_targets-extras.cmake
[0.455s] -- Up-to-date: /home/ALEX/anytrack/ros/install/interfaces/share/interfaces/cmake/rosidl_cmake_export_typesupport_libraries-extras.cmake
[0.455s] -- Up-to-date: /home/ALEX/anytrack/ros/install/interfaces/share/interfaces/cmake/interfacesConfig.cmake
[0.455s] -- Up-to-date: /home/ALEX/anytrack/ros/install/interfaces/share/interfaces/cmake/interfacesConfig-version.cmake
[0.455s] -- Up-to-date: /home/ALEX/anytrack/ros/install/interfaces/share/interfaces/package.xml
[0.456s] Invoked command in '/home/ALEX/anytrack/ros/build/interfaces' returned '0': CMAKE_PREFIX_PATH=${CMAKE_PREFIX_PATH}:/home/ALEX/anytrack/ros/install/test_py_pkg:/home/ALEX/anytrack/ros/install/scannerV2:/home/ALEX/anytrack/ros/install/scanner:/home/ALEX/anytrack/ros/install/anytrack:/opt/ros/humble /usr/bin/cmake --install /home/ALEX/anytrack/ros/build/interfaces
