[0.159s] DEBUG:colcon:Command line arguments: ['/usr/bin/colcon', 'build']
[0.159s] DEBUG:colcon:Parsed command line arguments: Namespace(log_base=None, log_level=None, verb_name='build', build_base='build', install_base='install', merge_install=False, symlink_install=False, test_result_base=None, continue_on_error=False, executor='parallel', parallel_workers=12, event_handlers=None, ignore_user_meta=False, metas=['./colcon.meta'], base_paths=['.'], packages_ignore=None, packages_ignore_regex=None, paths=None, packages_up_to=None, packages_up_to_regex=None, packages_above=None, packages_above_and_dependencies=None, packages_above_depth=None, packages_select_by_dep=None, packages_skip_by_dep=None, packages_skip_up_to=None, packages_select_build_failed=False, packages_skip_build_finished=False, packages_select_test_failures=False, packages_skip_test_passed=False, packages_select=None, packages_skip=None, packages_select_regex=None, packages_skip_regex=None, packages_start=None, packages_end=None, cmake_args=None, cmake_target=None, cmake_target_skip_unavailable=False, cmake_clean_cache=False, cmake_clean_first=False, cmake_force_configure=False, ament_cmake_args=None, catkin_cmake_args=None, catkin_skip_building_tests=False, mixin_files=None, mixin=None, verb_parser=<colcon_mixin.mixin.mixin_argument.MixinArgumentDecorator object at 0x7fb9d57cd000>, verb_extension=<colcon_core.verb.build.BuildVerb object at 0x7fb9d57cc970>, main=<bound method BuildVerb.main of <colcon_core.verb.build.BuildVerb object at 0x7fb9d57cc970>>, mixin_verb=('build',))
[0.185s] Level 1:colcon.colcon_core.package_discovery:discover_packages(colcon_meta) check parameters
[0.186s] INFO:colcon.colcon_metadata.package_discovery.colcon_meta:Using configuration from '/root/.colcon/metadata/default/Gazebo.meta'
[0.187s] INFO:colcon.colcon_metadata.package_discovery.colcon_meta:Using configuration from '/root/.colcon/metadata/default/fastrtps.meta'
[0.187s] Level 1:colcon.colcon_core.package_discovery:discover_packages(recursive) check parameters
[0.187s] Level 1:colcon.colcon_core.package_discovery:discover_packages(ignore) check parameters
[0.187s] Level 1:colcon.colcon_core.package_discovery:discover_packages(path) check parameters
[0.187s] Level 1:colcon.colcon_core.package_discovery:discover_packages(colcon_meta) discover
[0.187s] Level 1:colcon.colcon_core.package_discovery:discover_packages(recursive) discover
[0.187s] INFO:colcon.colcon_core.package_discovery:Crawling recursively for packages in '/home/ALEX/anytrack/ros'
[0.187s] Level 1:colcon.colcon_core.package_identification:_identify(.) by extensions ['ignore', 'ignore_ament_install']
[0.187s] Level 1:colcon.colcon_core.package_identification:_identify(.) by extension 'ignore'
[0.187s] Level 1:colcon.colcon_core.package_identification:_identify(.) by extension 'ignore_ament_install'
[0.187s] Level 1:colcon.colcon_core.package_identification:_identify(.) by extensions ['colcon_pkg']
[0.187s] Level 1:colcon.colcon_core.package_identification:_identify(.) by extension 'colcon_pkg'
[0.187s] Level 1:colcon.colcon_core.package_identification:_identify(.) by extensions ['colcon_meta']
[0.187s] Level 1:colcon.colcon_core.package_identification:_identify(.) by extension 'colcon_meta'
[0.187s] Level 1:colcon.colcon_core.package_identification:_identify(.) by extensions ['ros']
[0.187s] Level 1:colcon.colcon_core.package_identification:_identify(.) by extension 'ros'
[0.197s] Level 1:colcon.colcon_core.package_identification:_identify(.) by extensions ['cmake', 'python']
[0.197s] Level 1:colcon.colcon_core.package_identification:_identify(.) by extension 'cmake'
[0.198s] Level 1:colcon.colcon_core.package_identification:_identify(.) by extension 'python'
[0.198s] Level 1:colcon.colcon_core.package_identification:_identify(.) by extensions ['python_setup_py']
[0.198s] Level 1:colcon.colcon_core.package_identification:_identify(.) by extension 'python_setup_py'
[0.198s] Level 1:colcon.colcon_core.package_identification:_identify(build) by extensions ['ignore', 'ignore_ament_install']
[0.198s] Level 1:colcon.colcon_core.package_identification:_identify(build) by extension 'ignore'
[0.198s] Level 1:colcon.colcon_core.package_identification:_identify(build) ignored
[0.198s] Level 1:colcon.colcon_core.package_identification:_identify(install) by extensions ['ignore', 'ignore_ament_install']
[0.198s] Level 1:colcon.colcon_core.package_identification:_identify(install) by extension 'ignore'
[0.198s] Level 1:colcon.colcon_core.package_identification:_identify(install) ignored
[0.198s] Level 1:colcon.colcon_core.package_identification:_identify(log) by extensions ['ignore', 'ignore_ament_install']
[0.198s] Level 1:colcon.colcon_core.package_identification:_identify(log) by extension 'ignore'
[0.198s] Level 1:colcon.colcon_core.package_identification:_identify(log) ignored
[0.199s] Level 1:colcon.colcon_core.package_identification:_identify(src) by extensions ['ignore', 'ignore_ament_install']
[0.199s] Level 1:colcon.colcon_core.package_identification:_identify(src) by extension 'ignore'
[0.199s] Level 1:colcon.colcon_core.package_identification:_identify(src) by extension 'ignore_ament_install'
[0.199s] Level 1:colcon.colcon_core.package_identification:_identify(src) by extensions ['colcon_pkg']
[0.199s] Level 1:colcon.colcon_core.package_identification:_identify(src) by extension 'colcon_pkg'
[0.199s] Level 1:colcon.colcon_core.package_identification:_identify(src) by extensions ['colcon_meta']
[0.199s] Level 1:colcon.colcon_core.package_identification:_identify(src) by extension 'colcon_meta'
[0.199s] Level 1:colcon.colcon_core.package_identification:_identify(src) by extensions ['ros']
[0.199s] Level 1:colcon.colcon_core.package_identification:_identify(src) by extension 'ros'
[0.199s] Level 1:colcon.colcon_core.package_identification:_identify(src) by extensions ['cmake', 'python']
[0.199s] Level 1:colcon.colcon_core.package_identification:_identify(src) by extension 'cmake'
[0.199s] Level 1:colcon.colcon_core.package_identification:_identify(src) by extension 'python'
[0.199s] Level 1:colcon.colcon_core.package_identification:_identify(src) by extensions ['python_setup_py']
[0.199s] Level 1:colcon.colcon_core.package_identification:_identify(src) by extension 'python_setup_py'
[0.199s] Level 1:colcon.colcon_core.package_identification:_identify(src/opencv_cam) by extensions ['ignore', 'ignore_ament_install']
[0.199s] Level 1:colcon.colcon_core.package_identification:_identify(src/opencv_cam) by extension 'ignore'
[0.199s] Level 1:colcon.colcon_core.package_identification:_identify(src/opencv_cam) by extension 'ignore_ament_install'
[0.199s] Level 1:colcon.colcon_core.package_identification:_identify(src/opencv_cam) by extensions ['colcon_pkg']
[0.200s] Level 1:colcon.colcon_core.package_identification:_identify(src/opencv_cam) by extension 'colcon_pkg'
[0.200s] Level 1:colcon.colcon_core.package_identification:_identify(src/opencv_cam) by extensions ['colcon_meta']
[0.200s] Level 1:colcon.colcon_core.package_identification:_identify(src/opencv_cam) by extension 'colcon_meta'
[0.200s] Level 1:colcon.colcon_core.package_identification:_identify(src/opencv_cam) by extensions ['ros']
[0.200s] Level 1:colcon.colcon_core.package_identification:_identify(src/opencv_cam) by extension 'ros'
[0.203s] DEBUG:colcon.colcon_core.package_identification:Package 'src/opencv_cam' with type 'ros.ament_cmake' and name 'opencv_cam'
[0.203s] Level 1:colcon.colcon_core.package_identification:_identify(src/ros2_shared) by extensions ['ignore', 'ignore_ament_install']
[0.203s] Level 1:colcon.colcon_core.package_identification:_identify(src/ros2_shared) by extension 'ignore'
[0.203s] Level 1:colcon.colcon_core.package_identification:_identify(src/ros2_shared) by extension 'ignore_ament_install'
[0.203s] Level 1:colcon.colcon_core.package_identification:_identify(src/ros2_shared) by extensions ['colcon_pkg']
[0.203s] Level 1:colcon.colcon_core.package_identification:_identify(src/ros2_shared) by extension 'colcon_pkg'
[0.203s] Level 1:colcon.colcon_core.package_identification:_identify(src/ros2_shared) by extensions ['colcon_meta']
[0.203s] Level 1:colcon.colcon_core.package_identification:_identify(src/ros2_shared) by extension 'colcon_meta'
[0.203s] Level 1:colcon.colcon_core.package_identification:_identify(src/ros2_shared) by extensions ['ros']
[0.204s] Level 1:colcon.colcon_core.package_identification:_identify(src/ros2_shared) by extension 'ros'
[0.204s] DEBUG:colcon.colcon_core.package_identification:Package 'src/ros2_shared' with type 'ros.ament_cmake' and name 'ros2_shared'
[0.204s] Level 1:colcon.colcon_core.package_identification:_identify(src/scanner) by extensions ['ignore', 'ignore_ament_install']
[0.204s] Level 1:colcon.colcon_core.package_identification:_identify(src/scanner) by extension 'ignore'
[0.204s] Level 1:colcon.colcon_core.package_identification:_identify(src/scanner) by extension 'ignore_ament_install'
[0.204s] Level 1:colcon.colcon_core.package_identification:_identify(src/scanner) by extensions ['colcon_pkg']
[0.204s] Level 1:colcon.colcon_core.package_identification:_identify(src/scanner) by extension 'colcon_pkg'
[0.204s] Level 1:colcon.colcon_core.package_identification:_identify(src/scanner) by extensions ['colcon_meta']
[0.204s] Level 1:colcon.colcon_core.package_identification:_identify(src/scanner) by extension 'colcon_meta'
[0.204s] Level 1:colcon.colcon_core.package_identification:_identify(src/scanner) by extensions ['ros']
[0.204s] Level 1:colcon.colcon_core.package_identification:_identify(src/scanner) by extension 'ros'
[0.205s] DEBUG:colcon.colcon_core.package_identification:Package 'src/scanner' with type 'ros.ament_python' and name 'scanner'
[0.205s] Level 1:colcon.colcon_core.package_identification:_identify(src/scanner_interfaces) by extensions ['ignore', 'ignore_ament_install']
[0.205s] Level 1:colcon.colcon_core.package_identification:_identify(src/scanner_interfaces) by extension 'ignore'
[0.205s] Level 1:colcon.colcon_core.package_identification:_identify(src/scanner_interfaces) by extension 'ignore_ament_install'
[0.205s] Level 1:colcon.colcon_core.package_identification:_identify(src/scanner_interfaces) by extensions ['colcon_pkg']
[0.205s] Level 1:colcon.colcon_core.package_identification:_identify(src/scanner_interfaces) by extension 'colcon_pkg'
[0.205s] Level 1:colcon.colcon_core.package_identification:_identify(src/scanner_interfaces) by extensions ['colcon_meta']
[0.205s] Level 1:colcon.colcon_core.package_identification:_identify(src/scanner_interfaces) by extension 'colcon_meta'
[0.205s] Level 1:colcon.colcon_core.package_identification:_identify(src/scanner_interfaces) by extensions ['ros']
[0.205s] Level 1:colcon.colcon_core.package_identification:_identify(src/scanner_interfaces) by extension 'ros'
[0.206s] DEBUG:colcon.colcon_core.package_identification:Package 'src/scanner_interfaces' with type 'ros.ament_cmake' and name 'scanner_interfaces'
[0.206s] Level 1:colcon.colcon_core.package_identification:_identify(src/test_cpp_pkg) by extensions ['ignore', 'ignore_ament_install']
[0.206s] Level 1:colcon.colcon_core.package_identification:_identify(src/test_cpp_pkg) by extension 'ignore'
[0.206s] Level 1:colcon.colcon_core.package_identification:_identify(src/test_cpp_pkg) by extension 'ignore_ament_install'
[0.206s] Level 1:colcon.colcon_core.package_identification:_identify(src/test_cpp_pkg) by extensions ['colcon_pkg']
[0.206s] Level 1:colcon.colcon_core.package_identification:_identify(src/test_cpp_pkg) by extension 'colcon_pkg'
[0.206s] Level 1:colcon.colcon_core.package_identification:_identify(src/test_cpp_pkg) by extensions ['colcon_meta']
[0.206s] Level 1:colcon.colcon_core.package_identification:_identify(src/test_cpp_pkg) by extension 'colcon_meta'
[0.206s] Level 1:colcon.colcon_core.package_identification:_identify(src/test_cpp_pkg) by extensions ['ros']
[0.206s] Level 1:colcon.colcon_core.package_identification:_identify(src/test_cpp_pkg) by extension 'ros'
[0.207s] DEBUG:colcon.colcon_core.package_identification:Package 'src/test_cpp_pkg' with type 'ros.ament_cmake' and name 'test_cpp_pkg'
[0.207s] Level 1:colcon.colcon_core.package_identification:_identify(src/test_py_pkg) by extensions ['ignore', 'ignore_ament_install']
[0.207s] Level 1:colcon.colcon_core.package_identification:_identify(src/test_py_pkg) by extension 'ignore'
[0.207s] Level 1:colcon.colcon_core.package_identification:_identify(src/test_py_pkg) by extension 'ignore_ament_install'
[0.207s] Level 1:colcon.colcon_core.package_identification:_identify(src/test_py_pkg) by extensions ['colcon_pkg']
[0.207s] Level 1:colcon.colcon_core.package_identification:_identify(src/test_py_pkg) by extension 'colcon_pkg'
[0.207s] Level 1:colcon.colcon_core.package_identification:_identify(src/test_py_pkg) by extensions ['colcon_meta']
[0.207s] Level 1:colcon.colcon_core.package_identification:_identify(src/test_py_pkg) by extension 'colcon_meta'
[0.207s] Level 1:colcon.colcon_core.package_identification:_identify(src/test_py_pkg) by extensions ['ros']
[0.207s] Level 1:colcon.colcon_core.package_identification:_identify(src/test_py_pkg) by extension 'ros'
[0.208s] DEBUG:colcon.colcon_core.package_identification:Package 'src/test_py_pkg' with type 'ros.ament_python' and name 'test_py_pkg'
[0.208s] Level 1:colcon.colcon_core.package_discovery:discover_packages(recursive) using defaults
[0.208s] Level 1:colcon.colcon_core.package_discovery:discover_packages(ignore) discover
[0.208s] Level 1:colcon.colcon_core.package_discovery:discover_packages(ignore) using defaults
[0.208s] Level 1:colcon.colcon_core.package_discovery:discover_packages(path) discover
[0.208s] Level 1:colcon.colcon_core.package_discovery:discover_packages(path) using defaults
[0.231s] Level 5:colcon.colcon_core.verb:set package 'ros2_shared' build argument 'cmake_args' from command line to 'None'
[0.231s] Level 5:colcon.colcon_core.verb:set package 'ros2_shared' build argument 'cmake_target' from command line to 'None'
[0.231s] Level 5:colcon.colcon_core.verb:set package 'ros2_shared' build argument 'cmake_target_skip_unavailable' from command line to 'False'
[0.231s] Level 5:colcon.colcon_core.verb:set package 'ros2_shared' build argument 'cmake_clean_cache' from command line to 'False'
[0.231s] Level 5:colcon.colcon_core.verb:set package 'ros2_shared' build argument 'cmake_clean_first' from command line to 'False'
[0.231s] Level 5:colcon.colcon_core.verb:set package 'ros2_shared' build argument 'cmake_force_configure' from command line to 'False'
[0.231s] Level 5:colcon.colcon_core.verb:set package 'ros2_shared' build argument 'ament_cmake_args' from command line to 'None'
[0.231s] Level 5:colcon.colcon_core.verb:set package 'ros2_shared' build argument 'catkin_cmake_args' from command line to 'None'
[0.231s] Level 5:colcon.colcon_core.verb:set package 'ros2_shared' build argument 'catkin_skip_building_tests' from command line to 'False'
[0.231s] DEBUG:colcon.colcon_core.verb:Building package 'ros2_shared' with the following arguments: {'ament_cmake_args': None, 'build_base': '/home/ALEX/anytrack/ros/build/ros2_shared', 'catkin_cmake_args': None, 'catkin_skip_building_tests': False, 'cmake_args': None, 'cmake_clean_cache': False, 'cmake_clean_first': False, 'cmake_force_configure': False, 'cmake_target': None, 'cmake_target_skip_unavailable': False, 'install_base': '/home/ALEX/anytrack/ros/install/ros2_shared', 'merge_install': False, 'path': '/home/ALEX/anytrack/ros/src/ros2_shared', 'symlink_install': False, 'test_result_base': None}
[0.232s] Level 5:colcon.colcon_core.verb:set package 'scanner' build argument 'cmake_args' from command line to 'None'
[0.232s] Level 5:colcon.colcon_core.verb:set package 'scanner' build argument 'cmake_target' from command line to 'None'
[0.232s] Level 5:colcon.colcon_core.verb:set package 'scanner' build argument 'cmake_target_skip_unavailable' from command line to 'False'
[0.232s] Level 5:colcon.colcon_core.verb:set package 'scanner' build argument 'cmake_clean_cache' from command line to 'False'
[0.232s] Level 5:colcon.colcon_core.verb:set package 'scanner' build argument 'cmake_clean_first' from command line to 'False'
[0.232s] Level 5:colcon.colcon_core.verb:set package 'scanner' build argument 'cmake_force_configure' from command line to 'False'
[0.232s] Level 5:colcon.colcon_core.verb:set package 'scanner' build argument 'ament_cmake_args' from command line to 'None'
[0.232s] Level 5:colcon.colcon_core.verb:set package 'scanner' build argument 'catkin_cmake_args' from command line to 'None'
[0.232s] Level 5:colcon.colcon_core.verb:set package 'scanner' build argument 'catkin_skip_building_tests' from command line to 'False'
[0.232s] DEBUG:colcon.colcon_core.verb:Building package 'scanner' with the following arguments: {'ament_cmake_args': None, 'build_base': '/home/ALEX/anytrack/ros/build/scanner', 'catkin_cmake_args': None, 'catkin_skip_building_tests': False, 'cmake_args': None, 'cmake_clean_cache': False, 'cmake_clean_first': False, 'cmake_force_configure': False, 'cmake_target': None, 'cmake_target_skip_unavailable': False, 'install_base': '/home/ALEX/anytrack/ros/install/scanner', 'merge_install': False, 'path': '/home/ALEX/anytrack/ros/src/scanner', 'symlink_install': False, 'test_result_base': None}
[0.233s] Level 5:colcon.colcon_core.verb:set package 'scanner_interfaces' build argument 'cmake_args' from command line to 'None'
[0.233s] Level 5:colcon.colcon_core.verb:set package 'scanner_interfaces' build argument 'cmake_target' from command line to 'None'
[0.233s] Level 5:colcon.colcon_core.verb:set package 'scanner_interfaces' build argument 'cmake_target_skip_unavailable' from command line to 'False'
[0.233s] Level 5:colcon.colcon_core.verb:set package 'scanner_interfaces' build argument 'cmake_clean_cache' from command line to 'False'
[0.233s] Level 5:colcon.colcon_core.verb:set package 'scanner_interfaces' build argument 'cmake_clean_first' from command line to 'False'
[0.233s] Level 5:colcon.colcon_core.verb:set package 'scanner_interfaces' build argument 'cmake_force_configure' from command line to 'False'
[0.233s] Level 5:colcon.colcon_core.verb:set package 'scanner_interfaces' build argument 'ament_cmake_args' from command line to 'None'
[0.233s] Level 5:colcon.colcon_core.verb:set package 'scanner_interfaces' build argument 'catkin_cmake_args' from command line to 'None'
[0.233s] Level 5:colcon.colcon_core.verb:set package 'scanner_interfaces' build argument 'catkin_skip_building_tests' from command line to 'False'
[0.233s] DEBUG:colcon.colcon_core.verb:Building package 'scanner_interfaces' with the following arguments: {'ament_cmake_args': None, 'build_base': '/home/ALEX/anytrack/ros/build/scanner_interfaces', 'catkin_cmake_args': None, 'catkin_skip_building_tests': False, 'cmake_args': None, 'cmake_clean_cache': False, 'cmake_clean_first': False, 'cmake_force_configure': False, 'cmake_target': None, 'cmake_target_skip_unavailable': False, 'install_base': '/home/ALEX/anytrack/ros/install/scanner_interfaces', 'merge_install': False, 'path': '/home/ALEX/anytrack/ros/src/scanner_interfaces', 'symlink_install': False, 'test_result_base': None}
[0.234s] Level 5:colcon.colcon_core.verb:set package 'test_cpp_pkg' build argument 'cmake_args' from command line to 'None'
[0.234s] Level 5:colcon.colcon_core.verb:set package 'test_cpp_pkg' build argument 'cmake_target' from command line to 'None'
[0.234s] Level 5:colcon.colcon_core.verb:set package 'test_cpp_pkg' build argument 'cmake_target_skip_unavailable' from command line to 'False'
[0.234s] Level 5:colcon.colcon_core.verb:set package 'test_cpp_pkg' build argument 'cmake_clean_cache' from command line to 'False'
[0.234s] Level 5:colcon.colcon_core.verb:set package 'test_cpp_pkg' build argument 'cmake_clean_first' from command line to 'False'
[0.234s] Level 5:colcon.colcon_core.verb:set package 'test_cpp_pkg' build argument 'cmake_force_configure' from command line to 'False'
[0.234s] Level 5:colcon.colcon_core.verb:set package 'test_cpp_pkg' build argument 'ament_cmake_args' from command line to 'None'
[0.234s] Level 5:colcon.colcon_core.verb:set package 'test_cpp_pkg' build argument 'catkin_cmake_args' from command line to 'None'
[0.234s] Level 5:colcon.colcon_core.verb:set package 'test_cpp_pkg' build argument 'catkin_skip_building_tests' from command line to 'False'
[0.234s] DEBUG:colcon.colcon_core.verb:Building package 'test_cpp_pkg' with the following arguments: {'ament_cmake_args': None, 'build_base': '/home/ALEX/anytrack/ros/build/test_cpp_pkg', 'catkin_cmake_args': None, 'catkin_skip_building_tests': False, 'cmake_args': None, 'cmake_clean_cache': False, 'cmake_clean_first': False, 'cmake_force_configure': False, 'cmake_target': None, 'cmake_target_skip_unavailable': False, 'install_base': '/home/ALEX/anytrack/ros/install/test_cpp_pkg', 'merge_install': False, 'path': '/home/ALEX/anytrack/ros/src/test_cpp_pkg', 'symlink_install': False, 'test_result_base': None}
[0.235s] Level 5:colcon.colcon_core.verb:set package 'test_py_pkg' build argument 'cmake_args' from command line to 'None'
[0.235s] Level 5:colcon.colcon_core.verb:set package 'test_py_pkg' build argument 'cmake_target' from command line to 'None'
[0.235s] Level 5:colcon.colcon_core.verb:set package 'test_py_pkg' build argument 'cmake_target_skip_unavailable' from command line to 'False'
[0.235s] Level 5:colcon.colcon_core.verb:set package 'test_py_pkg' build argument 'cmake_clean_cache' from command line to 'False'
[0.235s] Level 5:colcon.colcon_core.verb:set package 'test_py_pkg' build argument 'cmake_clean_first' from command line to 'False'
[0.236s] Level 5:colcon.colcon_core.verb:set package 'test_py_pkg' build argument 'cmake_force_configure' from command line to 'False'
[0.236s] Level 5:colcon.colcon_core.verb:set package 'test_py_pkg' build argument 'ament_cmake_args' from command line to 'None'
[0.236s] Level 5:colcon.colcon_core.verb:set package 'test_py_pkg' build argument 'catkin_cmake_args' from command line to 'None'
[0.236s] Level 5:colcon.colcon_core.verb:set package 'test_py_pkg' build argument 'catkin_skip_building_tests' from command line to 'False'
[0.236s] DEBUG:colcon.colcon_core.verb:Building package 'test_py_pkg' with the following arguments: {'ament_cmake_args': None, 'build_base': '/home/ALEX/anytrack/ros/build/test_py_pkg', 'catkin_cmake_args': None, 'catkin_skip_building_tests': False, 'cmake_args': None, 'cmake_clean_cache': False, 'cmake_clean_first': False, 'cmake_force_configure': False, 'cmake_target': None, 'cmake_target_skip_unavailable': False, 'install_base': '/home/ALEX/anytrack/ros/install/test_py_pkg', 'merge_install': False, 'path': '/home/ALEX/anytrack/ros/src/test_py_pkg', 'symlink_install': False, 'test_result_base': None}
[0.237s] Level 5:colcon.colcon_core.verb:set package 'opencv_cam' build argument 'cmake_args' from command line to 'None'
[0.237s] Level 5:colcon.colcon_core.verb:set package 'opencv_cam' build argument 'cmake_target' from command line to 'None'
[0.237s] Level 5:colcon.colcon_core.verb:set package 'opencv_cam' build argument 'cmake_target_skip_unavailable' from command line to 'False'
[0.237s] Level 5:colcon.colcon_core.verb:set package 'opencv_cam' build argument 'cmake_clean_cache' from command line to 'False'
[0.237s] Level 5:colcon.colcon_core.verb:set package 'opencv_cam' build argument 'cmake_clean_first' from command line to 'False'
[0.237s] Level 5:colcon.colcon_core.verb:set package 'opencv_cam' build argument 'cmake_force_configure' from command line to 'False'
[0.237s] Level 5:colcon.colcon_core.verb:set package 'opencv_cam' build argument 'ament_cmake_args' from command line to 'None'
[0.237s] Level 5:colcon.colcon_core.verb:set package 'opencv_cam' build argument 'catkin_cmake_args' from command line to 'None'
[0.237s] Level 5:colcon.colcon_core.verb:set package 'opencv_cam' build argument 'catkin_skip_building_tests' from command line to 'False'
[0.237s] DEBUG:colcon.colcon_core.verb:Building package 'opencv_cam' with the following arguments: {'ament_cmake_args': None, 'build_base': '/home/ALEX/anytrack/ros/build/opencv_cam', 'catkin_cmake_args': None, 'catkin_skip_building_tests': False, 'cmake_args': None, 'cmake_clean_cache': False, 'cmake_clean_first': False, 'cmake_force_configure': False, 'cmake_target': None, 'cmake_target_skip_unavailable': False, 'install_base': '/home/ALEX/anytrack/ros/install/opencv_cam', 'merge_install': False, 'path': '/home/ALEX/anytrack/ros/src/opencv_cam', 'symlink_install': False, 'test_result_base': None}
[0.237s] INFO:colcon.colcon_core.executor:Executing jobs using 'parallel' executor
[0.241s] DEBUG:colcon.colcon_parallel_executor.executor.parallel:run_until_complete
[0.242s] INFO:colcon.colcon_ros.task.ament_cmake.build:Building ROS package in '/home/ALEX/anytrack/ros/src/ros2_shared' with build type 'ament_cmake'
[0.242s] INFO:colcon.colcon_cmake.task.cmake.build:Building CMake package in '/home/ALEX/anytrack/ros/src/ros2_shared'
[0.246s] INFO:colcon.colcon_core.plugin_system:Skipping extension 'colcon_core.shell.bat': Not used on non-Windows systems
[0.246s] INFO:colcon.colcon_core.shell:Skip shell extension 'powershell' for command environment: Not usable outside of PowerShell
[0.246s] DEBUG:colcon.colcon_core.shell:Skip shell extension 'dsv' for command environment
[0.251s] INFO:colcon.colcon_ros.task.ament_python.build:Building ROS package in '/home/ALEX/anytrack/ros/src/scanner' with build type 'ament_python'
[0.252s] Level 1:colcon.colcon_core.shell:create_environment_hook('scanner', 'ament_prefix_path')
[0.253s] INFO:colcon.colcon_core.shell:Creating environment hook '/home/ALEX/anytrack/ros/install/scanner/share/scanner/hook/ament_prefix_path.ps1'
[0.253s] INFO:colcon.colcon_core.shell:Creating environment descriptor '/home/ALEX/anytrack/ros/install/scanner/share/scanner/hook/ament_prefix_path.dsv'
[0.254s] INFO:colcon.colcon_core.shell:Creating environment hook '/home/ALEX/anytrack/ros/install/scanner/share/scanner/hook/ament_prefix_path.sh'
[0.255s] INFO:colcon.colcon_core.shell:Skip shell extension 'powershell' for command environment: Not usable outside of PowerShell
[0.255s] DEBUG:colcon.colcon_core.shell:Skip shell extension 'dsv' for command environment
[0.260s] INFO:colcon.colcon_ros.task.ament_cmake.build:Building ROS package in '/home/ALEX/anytrack/ros/src/scanner_interfaces' with build type 'ament_cmake'
[0.260s] INFO:colcon.colcon_cmake.task.cmake.build:Building CMake package in '/home/ALEX/anytrack/ros/src/scanner_interfaces'
[0.261s] INFO:colcon.colcon_core.shell:Skip shell extension 'powershell' for command environment: Not usable outside of PowerShell
[0.261s] DEBUG:colcon.colcon_core.shell:Skip shell extension 'dsv' for command environment
[0.265s] INFO:colcon.colcon_ros.task.ament_cmake.build:Building ROS package in '/home/ALEX/anytrack/ros/src/test_cpp_pkg' with build type 'ament_cmake'
[0.265s] INFO:colcon.colcon_cmake.task.cmake.build:Building CMake package in '/home/ALEX/anytrack/ros/src/test_cpp_pkg'
[0.266s] INFO:colcon.colcon_core.shell:Skip shell extension 'powershell' for command environment: Not usable outside of PowerShell
[0.266s] DEBUG:colcon.colcon_core.shell:Skip shell extension 'dsv' for command environment
[0.270s] INFO:colcon.colcon_ros.task.ament_python.build:Building ROS package in '/home/ALEX/anytrack/ros/src/test_py_pkg' with build type 'ament_python'
[0.270s] Level 1:colcon.colcon_core.shell:create_environment_hook('test_py_pkg', 'ament_prefix_path')
[0.272s] INFO:colcon.colcon_core.shell:Creating environment hook '/home/ALEX/anytrack/ros/install/test_py_pkg/share/test_py_pkg/hook/ament_prefix_path.ps1'
[0.272s] INFO:colcon.colcon_core.shell:Creating environment descriptor '/home/ALEX/anytrack/ros/install/test_py_pkg/share/test_py_pkg/hook/ament_prefix_path.dsv'
[0.272s] INFO:colcon.colcon_core.shell:Creating environment hook '/home/ALEX/anytrack/ros/install/test_py_pkg/share/test_py_pkg/hook/ament_prefix_path.sh'
[0.274s] INFO:colcon.colcon_core.shell:Skip shell extension 'powershell' for command environment: Not usable outside of PowerShell
[0.274s] DEBUG:colcon.colcon_core.shell:Skip shell extension 'dsv' for command environment
[0.282s] DEBUG:colcon.colcon_core.event_handler.log_command:Invoking command in '/home/ALEX/anytrack/ros/build/ros2_shared': CMAKE_PREFIX_PATH=${CMAKE_PREFIX_PATH}:/home/ALEX/anytrack/ros/install/test_py_pkg:/home/ALEX/anytrack/ros/install/scanner:/opt/ros/humble /usr/bin/cmake --build /home/ALEX/anytrack/ros/build/ros2_shared -- -j12 -l12
[0.549s] INFO:colcon.colcon_core.task.python.build:Building Python package in '/home/ALEX/anytrack/ros/src/scanner'
[0.550s] INFO:colcon.colcon_core.shell:Skip shell extension 'powershell' for command environment: Not usable outside of PowerShell
[0.550s] DEBUG:colcon.colcon_core.shell:Skip shell extension 'dsv' for command environment
[0.557s] DEBUG:colcon.colcon_core.event_handler.log_command:Invoking command in '/home/ALEX/anytrack/ros/build/scanner_interfaces': CMAKE_PREFIX_PATH=${CMAKE_PREFIX_PATH}:/home/ALEX/anytrack/ros/install/test_py_pkg:/home/ALEX/anytrack/ros/install/scanner:/opt/ros/humble /usr/bin/cmake --build /home/ALEX/anytrack/ros/build/scanner_interfaces -- -j12 -l12
[0.560s] DEBUG:colcon.colcon_core.event_handler.log_command:Invoking command in '/home/ALEX/anytrack/ros/build/test_cpp_pkg': CMAKE_PREFIX_PATH=${CMAKE_PREFIX_PATH}:/home/ALEX/anytrack/ros/install/test_py_pkg:/home/ALEX/anytrack/ros/install/scanner:/opt/ros/humble /usr/bin/cmake --build /home/ALEX/anytrack/ros/build/test_cpp_pkg -- -j12 -l12
[0.829s] INFO:colcon.colcon_core.task.python.build:Building Python package in '/home/ALEX/anytrack/ros/src/test_py_pkg'
[0.830s] INFO:colcon.colcon_core.shell:Skip shell extension 'powershell' for command environment: Not usable outside of PowerShell
[0.830s] DEBUG:colcon.colcon_core.shell:Skip shell extension 'dsv' for command environment
[0.836s] DEBUG:colcon.colcon_core.event_handler.log_command:Invoked command in '/home/ALEX/anytrack/ros/build/ros2_shared' returned '0': CMAKE_PREFIX_PATH=${CMAKE_PREFIX_PATH}:/home/ALEX/anytrack/ros/install/test_py_pkg:/home/ALEX/anytrack/ros/install/scanner:/opt/ros/humble /usr/bin/cmake --build /home/ALEX/anytrack/ros/build/ros2_shared -- -j12 -l12
[0.839s] DEBUG:colcon.colcon_core.event_handler.log_command:Invoked command in '/home/ALEX/anytrack/ros/build/test_cpp_pkg' returned '0': CMAKE_PREFIX_PATH=${CMAKE_PREFIX_PATH}:/home/ALEX/anytrack/ros/install/test_py_pkg:/home/ALEX/anytrack/ros/install/scanner:/opt/ros/humble /usr/bin/cmake --build /home/ALEX/anytrack/ros/build/test_cpp_pkg -- -j12 -l12
[0.861s] DEBUG:colcon.colcon_core.event_handler.log_command:Invoking command in '/home/ALEX/anytrack/ros/build/ros2_shared': CMAKE_PREFIX_PATH=${CMAKE_PREFIX_PATH}:/home/ALEX/anytrack/ros/install/test_py_pkg:/home/ALEX/anytrack/ros/install/scanner:/opt/ros/humble /usr/bin/cmake --install /home/ALEX/anytrack/ros/build/ros2_shared
[0.869s] Level 1:colcon.colcon_core.environment:create_environment_scripts_only(ros2_shared)
[0.873s] DEBUG:colcon.colcon_core.event_handler.log_command:Invoked command in '/home/ALEX/anytrack/ros/build/ros2_shared' returned '0': CMAKE_PREFIX_PATH=${CMAKE_PREFIX_PATH}:/home/ALEX/anytrack/ros/install/test_py_pkg:/home/ALEX/anytrack/ros/install/scanner:/opt/ros/humble /usr/bin/cmake --install /home/ALEX/anytrack/ros/build/ros2_shared
[0.877s] Level 1:colcon.colcon_core.environment:checking '/home/ALEX/anytrack/ros/install/ros2_shared' for CMake module files
[0.877s] Level 1:colcon.colcon_core.environment:checking '/home/ALEX/anytrack/ros/install/ros2_shared' for CMake config files
[0.877s] Level 1:colcon.colcon_core.shell:create_environment_hook('ros2_shared', 'cmake_prefix_path')
[0.879s] INFO:colcon.colcon_core.shell:Creating environment hook '/home/ALEX/anytrack/ros/install/ros2_shared/share/ros2_shared/hook/cmake_prefix_path.ps1'
[0.879s] INFO:colcon.colcon_core.shell:Creating environment descriptor '/home/ALEX/anytrack/ros/install/ros2_shared/share/ros2_shared/hook/cmake_prefix_path.dsv'
[0.879s] INFO:colcon.colcon_core.shell:Creating environment hook '/home/ALEX/anytrack/ros/install/ros2_shared/share/ros2_shared/hook/cmake_prefix_path.sh'
[0.880s] Level 1:colcon.colcon_core.environment:checking '/home/ALEX/anytrack/ros/install/ros2_shared/bin'
[0.880s] Level 1:colcon.colcon_core.environment:checking '/home/ALEX/anytrack/ros/install/ros2_shared/lib/pkgconfig/ros2_shared.pc'
[0.880s] Level 1:colcon.colcon_core.environment:checking '/home/ALEX/anytrack/ros/install/ros2_shared/lib/python3.10/site-packages'
[0.880s] Level 1:colcon.colcon_core.environment:checking '/home/ALEX/anytrack/ros/install/ros2_shared/bin'
[0.882s] INFO:colcon.colcon_core.shell:Creating package script '/home/ALEX/anytrack/ros/install/ros2_shared/share/ros2_shared/package.ps1'
[0.883s] INFO:colcon.colcon_core.shell:Creating package descriptor '/home/ALEX/anytrack/ros/install/ros2_shared/share/ros2_shared/package.dsv'
[0.883s] INFO:colcon.colcon_core.shell:Creating package script '/home/ALEX/anytrack/ros/install/ros2_shared/share/ros2_shared/package.sh'
[0.884s] INFO:colcon.colcon_core.shell:Creating package script '/home/ALEX/anytrack/ros/install/ros2_shared/share/ros2_shared/package.bash'
[0.885s] INFO:colcon.colcon_core.shell:Creating package script '/home/ALEX/anytrack/ros/install/ros2_shared/share/ros2_shared/package.zsh'
[0.885s] Level 1:colcon.colcon_core.environment:create_file_with_runtime_dependencies(/home/ALEX/anytrack/ros/install/ros2_shared/share/colcon-core/packages/ros2_shared)
[0.888s] DEBUG:colcon.colcon_core.event_handler.log_command:Invoking command in '/home/ALEX/anytrack/ros/build/test_cpp_pkg': CMAKE_PREFIX_PATH=${CMAKE_PREFIX_PATH}:/home/ALEX/anytrack/ros/install/test_py_pkg:/home/ALEX/anytrack/ros/install/scanner:/opt/ros/humble /usr/bin/cmake --install /home/ALEX/anytrack/ros/build/test_cpp_pkg
[0.898s] Level 1:colcon.colcon_core.environment:create_environment_scripts_only(test_cpp_pkg)
[0.901s] Level 1:colcon.colcon_core.environment:checking '/home/ALEX/anytrack/ros/install/test_cpp_pkg' for CMake module files
[0.902s] DEBUG:colcon.colcon_core.event_handler.log_command:Invoked command in '/home/ALEX/anytrack/ros/build/test_cpp_pkg' returned '0': CMAKE_PREFIX_PATH=${CMAKE_PREFIX_PATH}:/home/ALEX/anytrack/ros/install/test_py_pkg:/home/ALEX/anytrack/ros/install/scanner:/opt/ros/humble /usr/bin/cmake --install /home/ALEX/anytrack/ros/build/test_cpp_pkg
[0.902s] Level 1:colcon.colcon_core.environment:checking '/home/ALEX/anytrack/ros/install/test_cpp_pkg' for CMake config files
[0.902s] Level 1:colcon.colcon_core.shell:create_environment_hook('test_cpp_pkg', 'cmake_prefix_path')
[0.903s] INFO:colcon.colcon_core.shell:Creating environment hook '/home/ALEX/anytrack/ros/install/test_cpp_pkg/share/test_cpp_pkg/hook/cmake_prefix_path.ps1'
[0.904s] INFO:colcon.colcon_core.shell:Creating environment descriptor '/home/ALEX/anytrack/ros/install/test_cpp_pkg/share/test_cpp_pkg/hook/cmake_prefix_path.dsv'
[0.904s] INFO:colcon.colcon_core.shell:Creating environment hook '/home/ALEX/anytrack/ros/install/test_cpp_pkg/share/test_cpp_pkg/hook/cmake_prefix_path.sh'
[0.905s] Level 1:colcon.colcon_core.environment:checking '/home/ALEX/anytrack/ros/install/test_cpp_pkg/lib'
[0.905s] Level 1:colcon.colcon_core.environment:checking '/home/ALEX/anytrack/ros/install/test_cpp_pkg/bin'
[0.905s] Level 1:colcon.colcon_core.environment:checking '/home/ALEX/anytrack/ros/install/test_cpp_pkg/lib/pkgconfig/test_cpp_pkg.pc'
[0.905s] Level 1:colcon.colcon_core.environment:checking '/home/ALEX/anytrack/ros/install/test_cpp_pkg/lib/python3.10/site-packages'
[0.905s] Level 1:colcon.colcon_core.environment:checking '/home/ALEX/anytrack/ros/install/test_cpp_pkg/bin'
[0.907s] INFO:colcon.colcon_core.shell:Creating package script '/home/ALEX/anytrack/ros/install/test_cpp_pkg/share/test_cpp_pkg/package.ps1'
[0.907s] INFO:colcon.colcon_core.shell:Creating package descriptor '/home/ALEX/anytrack/ros/install/test_cpp_pkg/share/test_cpp_pkg/package.dsv'
[0.907s] INFO:colcon.colcon_core.shell:Creating package script '/home/ALEX/anytrack/ros/install/test_cpp_pkg/share/test_cpp_pkg/package.sh'
[0.908s] INFO:colcon.colcon_core.shell:Creating package script '/home/ALEX/anytrack/ros/install/test_cpp_pkg/share/test_cpp_pkg/package.bash'
[0.908s] INFO:colcon.colcon_core.shell:Creating package script '/home/ALEX/anytrack/ros/install/test_cpp_pkg/share/test_cpp_pkg/package.zsh'
[0.908s] Level 1:colcon.colcon_core.environment:create_file_with_runtime_dependencies(/home/ALEX/anytrack/ros/install/test_cpp_pkg/share/colcon-core/packages/test_cpp_pkg)
[0.911s] Level 1:colcon.colcon_core.environment:create_environment_scripts_only(ros2_shared)
[0.912s] Level 1:colcon.colcon_core.environment:checking '/home/ALEX/anytrack/ros/install/ros2_shared' for CMake module files
[0.913s] Level 1:colcon.colcon_core.environment:checking '/home/ALEX/anytrack/ros/install/ros2_shared' for CMake config files
[0.913s] Level 1:colcon.colcon_core.shell:create_environment_hook('ros2_shared', 'cmake_prefix_path')
[0.914s] INFO:colcon.colcon_core.shell:Creating environment hook '/home/ALEX/anytrack/ros/install/ros2_shared/share/ros2_shared/hook/cmake_prefix_path.ps1'
[0.915s] INFO:colcon.colcon_core.shell:Creating environment descriptor '/home/ALEX/anytrack/ros/install/ros2_shared/share/ros2_shared/hook/cmake_prefix_path.dsv'
[0.915s] INFO:colcon.colcon_core.shell:Creating environment hook '/home/ALEX/anytrack/ros/install/ros2_shared/share/ros2_shared/hook/cmake_prefix_path.sh'
[0.915s] Level 1:colcon.colcon_core.environment:checking '/home/ALEX/anytrack/ros/install/ros2_shared/bin'
[0.916s] Level 1:colcon.colcon_core.environment:checking '/home/ALEX/anytrack/ros/install/ros2_shared/lib/pkgconfig/ros2_shared.pc'
[0.916s] Level 1:colcon.colcon_core.environment:checking '/home/ALEX/anytrack/ros/install/ros2_shared/lib/python3.10/site-packages'
[0.916s] Level 1:colcon.colcon_core.environment:checking '/home/ALEX/anytrack/ros/install/ros2_shared/bin'
[0.917s] INFO:colcon.colcon_core.shell:Creating package script '/home/ALEX/anytrack/ros/install/ros2_shared/share/ros2_shared/package.ps1'
[0.918s] INFO:colcon.colcon_core.shell:Creating package descriptor '/home/ALEX/anytrack/ros/install/ros2_shared/share/ros2_shared/package.dsv'
[0.918s] INFO:colcon.colcon_core.shell:Creating package script '/home/ALEX/anytrack/ros/install/ros2_shared/share/ros2_shared/package.sh'
[0.918s] INFO:colcon.colcon_core.shell:Creating package script '/home/ALEX/anytrack/ros/install/ros2_shared/share/ros2_shared/package.bash'
[0.919s] INFO:colcon.colcon_core.shell:Creating package script '/home/ALEX/anytrack/ros/install/ros2_shared/share/ros2_shared/package.zsh'
[0.919s] Level 1:colcon.colcon_core.environment:create_file_with_runtime_dependencies(/home/ALEX/anytrack/ros/install/ros2_shared/share/colcon-core/packages/ros2_shared)
[0.919s] INFO:colcon.colcon_ros.task.ament_cmake.build:Building ROS package in '/home/ALEX/anytrack/ros/src/opencv_cam' with build type 'ament_cmake'
[0.919s] INFO:colcon.colcon_cmake.task.cmake.build:Building CMake package in '/home/ALEX/anytrack/ros/src/opencv_cam'
[0.921s] INFO:colcon.colcon_core.shell:Skip shell extension 'powershell' for command environment: Not usable outside of PowerShell
[0.921s] DEBUG:colcon.colcon_core.shell:Skip shell extension 'dsv' for command environment
[0.926s] DEBUG:colcon.colcon_core.event_handler.log_command:Invoked command in '/home/ALEX/anytrack/ros/build/scanner_interfaces' returned '0': CMAKE_PREFIX_PATH=${CMAKE_PREFIX_PATH}:/home/ALEX/anytrack/ros/install/test_py_pkg:/home/ALEX/anytrack/ros/install/scanner:/opt/ros/humble /usr/bin/cmake --build /home/ALEX/anytrack/ros/build/scanner_interfaces -- -j12 -l12
[0.929s] DEBUG:colcon.colcon_core.event_handler.log_command:Invoking command in '/home/ALEX/anytrack/ros/build/opencv_cam': CMAKE_PREFIX_PATH=${CMAKE_PREFIX_PATH}:/home/ALEX/anytrack/ros/install/test_py_pkg:/home/ALEX/anytrack/ros/install/scanner:/opt/ros/humble /usr/bin/cmake --build /home/ALEX/anytrack/ros/build/opencv_cam -- -j12 -l12
[0.942s] Level 1:colcon.colcon_core.environment:create_environment_scripts_only(test_cpp_pkg)
[0.943s] Level 1:colcon.colcon_core.environment:checking '/home/ALEX/anytrack/ros/install/test_cpp_pkg' for CMake module files
[0.944s] Level 1:colcon.colcon_core.environment:checking '/home/ALEX/anytrack/ros/install/test_cpp_pkg' for CMake config files
[0.944s] Level 1:colcon.colcon_core.shell:create_environment_hook('test_cpp_pkg', 'cmake_prefix_path')
[0.945s] INFO:colcon.colcon_core.shell:Creating environment hook '/home/ALEX/anytrack/ros/install/test_cpp_pkg/share/test_cpp_pkg/hook/cmake_prefix_path.ps1'
[0.946s] INFO:colcon.colcon_core.shell:Creating environment descriptor '/home/ALEX/anytrack/ros/install/test_cpp_pkg/share/test_cpp_pkg/hook/cmake_prefix_path.dsv'
[0.946s] INFO:colcon.colcon_core.shell:Creating environment hook '/home/ALEX/anytrack/ros/install/test_cpp_pkg/share/test_cpp_pkg/hook/cmake_prefix_path.sh'
[0.946s] Level 1:colcon.colcon_core.environment:checking '/home/ALEX/anytrack/ros/install/test_cpp_pkg/lib'
[0.947s] Level 1:colcon.colcon_core.environment:checking '/home/ALEX/anytrack/ros/install/test_cpp_pkg/bin'
[0.947s] Level 1:colcon.colcon_core.environment:checking '/home/ALEX/anytrack/ros/install/test_cpp_pkg/lib/pkgconfig/test_cpp_pkg.pc'
[0.947s] Level 1:colcon.colcon_core.environment:checking '/home/ALEX/anytrack/ros/install/test_cpp_pkg/lib/python3.10/site-packages'
[0.947s] Level 1:colcon.colcon_core.environment:checking '/home/ALEX/anytrack/ros/install/test_cpp_pkg/bin'
[0.948s] INFO:colcon.colcon_core.shell:Creating package script '/home/ALEX/anytrack/ros/install/test_cpp_pkg/share/test_cpp_pkg/package.ps1'
[0.949s] INFO:colcon.colcon_core.shell:Creating package descriptor '/home/ALEX/anytrack/ros/install/test_cpp_pkg/share/test_cpp_pkg/package.dsv'
[0.949s] INFO:colcon.colcon_core.shell:Creating package script '/home/ALEX/anytrack/ros/install/test_cpp_pkg/share/test_cpp_pkg/package.sh'
[0.949s] INFO:colcon.colcon_core.shell:Creating package script '/home/ALEX/anytrack/ros/install/test_cpp_pkg/share/test_cpp_pkg/package.bash'
[0.950s] INFO:colcon.colcon_core.shell:Creating package script '/home/ALEX/anytrack/ros/install/test_cpp_pkg/share/test_cpp_pkg/package.zsh'
[0.950s] Level 1:colcon.colcon_core.environment:create_file_with_runtime_dependencies(/home/ALEX/anytrack/ros/install/test_cpp_pkg/share/colcon-core/packages/test_cpp_pkg)
[0.970s] DEBUG:colcon.colcon_core.event_handler.log_command:Invoking command in '/home/ALEX/anytrack/ros/build/scanner_interfaces': CMAKE_PREFIX_PATH=${CMAKE_PREFIX_PATH}:/home/ALEX/anytrack/ros/install/test_py_pkg:/home/ALEX/anytrack/ros/install/scanner:/opt/ros/humble /usr/bin/cmake --install /home/ALEX/anytrack/ros/build/scanner_interfaces
[1.020s] Level 1:colcon.colcon_core.environment:create_environment_scripts_only(scanner_interfaces)
[1.022s] Level 1:colcon.colcon_core.environment:checking '/home/ALEX/anytrack/ros/install/scanner_interfaces' for CMake module files
[1.022s] DEBUG:colcon.colcon_core.event_handler.log_command:Invoked command in '/home/ALEX/anytrack/ros/build/scanner_interfaces' returned '0': CMAKE_PREFIX_PATH=${CMAKE_PREFIX_PATH}:/home/ALEX/anytrack/ros/install/test_py_pkg:/home/ALEX/anytrack/ros/install/scanner:/opt/ros/humble /usr/bin/cmake --install /home/ALEX/anytrack/ros/build/scanner_interfaces
[1.023s] Level 1:colcon.colcon_core.environment:checking '/home/ALEX/anytrack/ros/install/scanner_interfaces' for CMake config files
[1.023s] Level 1:colcon.colcon_core.shell:create_environment_hook('scanner_interfaces', 'cmake_prefix_path')
[1.025s] INFO:colcon.colcon_core.shell:Creating environment hook '/home/ALEX/anytrack/ros/install/scanner_interfaces/share/scanner_interfaces/hook/cmake_prefix_path.ps1'
[1.025s] INFO:colcon.colcon_core.shell:Creating environment descriptor '/home/ALEX/anytrack/ros/install/scanner_interfaces/share/scanner_interfaces/hook/cmake_prefix_path.dsv'
[1.025s] INFO:colcon.colcon_core.shell:Creating environment hook '/home/ALEX/anytrack/ros/install/scanner_interfaces/share/scanner_interfaces/hook/cmake_prefix_path.sh'
[1.026s] Level 1:colcon.colcon_core.environment:checking '/home/ALEX/anytrack/ros/install/scanner_interfaces/lib'
[1.026s] Level 1:colcon.colcon_core.shell:create_environment_hook('scanner_interfaces', 'ld_library_path_lib')
[1.027s] INFO:colcon.colcon_core.shell:Creating environment hook '/home/ALEX/anytrack/ros/install/scanner_interfaces/share/scanner_interfaces/hook/ld_library_path_lib.ps1'
[1.027s] INFO:colcon.colcon_core.shell:Creating environment descriptor '/home/ALEX/anytrack/ros/install/scanner_interfaces/share/scanner_interfaces/hook/ld_library_path_lib.dsv'
[1.027s] INFO:colcon.colcon_core.shell:Creating environment hook '/home/ALEX/anytrack/ros/install/scanner_interfaces/share/scanner_interfaces/hook/ld_library_path_lib.sh'
[1.028s] Level 1:colcon.colcon_core.environment:checking '/home/ALEX/anytrack/ros/install/scanner_interfaces/bin'
[1.028s] Level 1:colcon.colcon_core.environment:checking '/home/ALEX/anytrack/ros/install/scanner_interfaces/lib/pkgconfig/scanner_interfaces.pc'
[1.028s] Level 1:colcon.colcon_core.environment:checking '/home/ALEX/anytrack/ros/install/scanner_interfaces/lib/python3.10/site-packages'
[1.028s] Level 1:colcon.colcon_core.environment:checking '/home/ALEX/anytrack/ros/install/scanner_interfaces/bin'
[1.029s] INFO:colcon.colcon_core.shell:Creating package script '/home/ALEX/anytrack/ros/install/scanner_interfaces/share/scanner_interfaces/package.ps1'
[1.030s] INFO:colcon.colcon_core.shell:Creating package descriptor '/home/ALEX/anytrack/ros/install/scanner_interfaces/share/scanner_interfaces/package.dsv'
[1.030s] INFO:colcon.colcon_core.shell:Creating package script '/home/ALEX/anytrack/ros/install/scanner_interfaces/share/scanner_interfaces/package.sh'
[1.031s] INFO:colcon.colcon_core.shell:Creating package script '/home/ALEX/anytrack/ros/install/scanner_interfaces/share/scanner_interfaces/package.bash'
[1.031s] INFO:colcon.colcon_core.shell:Creating package script '/home/ALEX/anytrack/ros/install/scanner_interfaces/share/scanner_interfaces/package.zsh'
[1.031s] Level 1:colcon.colcon_core.environment:create_file_with_runtime_dependencies(/home/ALEX/anytrack/ros/install/scanner_interfaces/share/colcon-core/packages/scanner_interfaces)
[1.073s] Level 1:colcon.colcon_core.environment:create_environment_scripts_only(scanner_interfaces)
[1.074s] Level 1:colcon.colcon_core.environment:checking '/home/ALEX/anytrack/ros/install/scanner_interfaces' for CMake module files
[1.075s] Level 1:colcon.colcon_core.environment:checking '/home/ALEX/anytrack/ros/install/scanner_interfaces' for CMake config files
[1.075s] Level 1:colcon.colcon_core.shell:create_environment_hook('scanner_interfaces', 'cmake_prefix_path')
[1.076s] INFO:colcon.colcon_core.shell:Creating environment hook '/home/ALEX/anytrack/ros/install/scanner_interfaces/share/scanner_interfaces/hook/cmake_prefix_path.ps1'
[1.077s] INFO:colcon.colcon_core.shell:Creating environment descriptor '/home/ALEX/anytrack/ros/install/scanner_interfaces/share/scanner_interfaces/hook/cmake_prefix_path.dsv'
[1.077s] INFO:colcon.colcon_core.shell:Creating environment hook '/home/ALEX/anytrack/ros/install/scanner_interfaces/share/scanner_interfaces/hook/cmake_prefix_path.sh'
[1.078s] Level 1:colcon.colcon_core.environment:checking '/home/ALEX/anytrack/ros/install/scanner_interfaces/lib'
[1.078s] Level 1:colcon.colcon_core.shell:create_environment_hook('scanner_interfaces', 'ld_library_path_lib')
[1.079s] INFO:colcon.colcon_core.shell:Creating environment hook '/home/ALEX/anytrack/ros/install/scanner_interfaces/share/scanner_interfaces/hook/ld_library_path_lib.ps1'
[1.079s] INFO:colcon.colcon_core.shell:Creating environment descriptor '/home/ALEX/anytrack/ros/install/scanner_interfaces/share/scanner_interfaces/hook/ld_library_path_lib.dsv'
[1.079s] INFO:colcon.colcon_core.shell:Creating environment hook '/home/ALEX/anytrack/ros/install/scanner_interfaces/share/scanner_interfaces/hook/ld_library_path_lib.sh'
[1.080s] Level 1:colcon.colcon_core.environment:checking '/home/ALEX/anytrack/ros/install/scanner_interfaces/bin'
[1.080s] Level 1:colcon.colcon_core.environment:checking '/home/ALEX/anytrack/ros/install/scanner_interfaces/lib/pkgconfig/scanner_interfaces.pc'
[1.080s] Level 1:colcon.colcon_core.environment:checking '/home/ALEX/anytrack/ros/install/scanner_interfaces/lib/python3.10/site-packages'
[1.080s] Level 1:colcon.colcon_core.environment:checking '/home/ALEX/anytrack/ros/install/scanner_interfaces/bin'
[1.082s] INFO:colcon.colcon_core.shell:Creating package script '/home/ALEX/anytrack/ros/install/scanner_interfaces/share/scanner_interfaces/package.ps1'
[1.082s] INFO:colcon.colcon_core.shell:Creating package descriptor '/home/ALEX/anytrack/ros/install/scanner_interfaces/share/scanner_interfaces/package.dsv'
[1.083s] INFO:colcon.colcon_core.shell:Creating package script '/home/ALEX/anytrack/ros/install/scanner_interfaces/share/scanner_interfaces/package.sh'
[1.083s] INFO:colcon.colcon_core.shell:Creating package script '/home/ALEX/anytrack/ros/install/scanner_interfaces/share/scanner_interfaces/package.bash'
[1.083s] INFO:colcon.colcon_core.shell:Creating package script '/home/ALEX/anytrack/ros/install/scanner_interfaces/share/scanner_interfaces/package.zsh'
[1.084s] Level 1:colcon.colcon_core.environment:create_file_with_runtime_dependencies(/home/ALEX/anytrack/ros/install/scanner_interfaces/share/colcon-core/packages/scanner_interfaces)
[1.158s] DEBUG:colcon.colcon_core.event_handler.log_command:Invoking command in '/home/ALEX/anytrack/ros/build/test_py_pkg': PYTHONPATH=/home/ALEX/anytrack/ros/install/test_py_pkg/lib/python3.10/site-packages:${PYTHONPATH} /usr/bin/python3 setup.py develop --prefix /home/ALEX/anytrack/ros/install/test_py_pkg --uninstall --editable --build-directory /home/ALEX/anytrack/ros/build/test_py_pkg/build
[1.173s] DEBUG:colcon.colcon_core.event_handler.log_command:Invoking command in '/home/ALEX/anytrack/ros/build/scanner': PYTHONPATH=/home/ALEX/anytrack/ros/install/scanner/lib/python3.10/site-packages:${PYTHONPATH} /usr/bin/python3 setup.py develop --prefix /home/ALEX/anytrack/ros/install/scanner --uninstall --editable --build-directory /home/ALEX/anytrack/ros/build/scanner/build
[1.235s] DEBUG:colcon.colcon_core.event_handler.log_command:Invoked command in '/home/ALEX/anytrack/ros/build/opencv_cam' returned '2': CMAKE_PREFIX_PATH=${CMAKE_PREFIX_PATH}:/home/ALEX/anytrack/ros/install/test_py_pkg:/home/ALEX/anytrack/ros/install/scanner:/opt/ros/humble /usr/bin/cmake --build /home/ALEX/anytrack/ros/build/opencv_cam -- -j12 -l12
[1.260s] Level 1:colcon.colcon_core.environment:create_environment_scripts_only(opencv_cam)
[1.261s] Level 1:colcon.colcon_core.environment:checking '/home/ALEX/anytrack/ros/install/opencv_cam' for CMake module files
[1.262s] Level 1:colcon.colcon_core.environment:checking '/home/ALEX/anytrack/ros/install/opencv_cam' for CMake config files
[1.262s] Level 1:colcon.colcon_core.environment:checking '/home/ALEX/anytrack/ros/install/opencv_cam/bin'
[1.262s] Level 1:colcon.colcon_core.environment:checking '/home/ALEX/anytrack/ros/install/opencv_cam/lib/pkgconfig/opencv_cam.pc'
[1.262s] Level 1:colcon.colcon_core.environment:checking '/home/ALEX/anytrack/ros/install/opencv_cam/lib/python3.10/site-packages'
[1.262s] Level 1:colcon.colcon_core.environment:checking '/home/ALEX/anytrack/ros/install/opencv_cam/bin'
[1.264s] INFO:colcon.colcon_core.shell:Creating package script '/home/ALEX/anytrack/ros/install/opencv_cam/share/opencv_cam/package.ps1'
[1.264s] INFO:colcon.colcon_core.shell:Creating package descriptor '/home/ALEX/anytrack/ros/install/opencv_cam/share/opencv_cam/package.dsv'
[1.264s] INFO:colcon.colcon_core.shell:Creating package script '/home/ALEX/anytrack/ros/install/opencv_cam/share/opencv_cam/package.sh'
[1.265s] INFO:colcon.colcon_core.shell:Creating package script '/home/ALEX/anytrack/ros/install/opencv_cam/share/opencv_cam/package.bash'
[1.265s] INFO:colcon.colcon_core.shell:Creating package script '/home/ALEX/anytrack/ros/install/opencv_cam/share/opencv_cam/package.zsh'
[1.265s] Level 1:colcon.colcon_core.environment:create_file_with_runtime_dependencies(/home/ALEX/anytrack/ros/install/opencv_cam/share/colcon-core/packages/opencv_cam)
[1.638s] DEBUG:colcon.colcon_parallel_executor.executor.parallel:closing loop
[1.638s] DEBUG:colcon.colcon_parallel_executor.executor.parallel:loop closed
[1.638s] DEBUG:colcon.colcon_parallel_executor.executor.parallel:run_until_complete finished with '2'
[1.639s] DEBUG:colcon.colcon_core.event_reactor:joining thread
[1.645s] INFO:colcon.colcon_core.plugin_system:Skipping extension 'colcon_notification.desktop_notification.notify_send': Could not find 'notify-send'
[1.645s] INFO:colcon.colcon_core.plugin_system:Skipping extension 'colcon_notification.desktop_notification.terminal_notifier': Not used on non-Darwin systems
[1.645s] INFO:colcon.colcon_core.plugin_system:Skipping extension 'colcon_notification.desktop_notification.win32': Not used on non-Windows systems
[1.645s] INFO:colcon.colcon_notification.desktop_notification:Sending desktop notification using 'notify2'
[1.647s] DEBUG:colcon.colcon_notification.desktop_notification.notify2:Failed to initialize notify2: org.freedesktop.DBus.Error.Spawn.ExecFailed: /usr/bin/dbus-launch terminated abnormally without any error message
[1.647s] DEBUG:colcon.colcon_core.event_reactor:joined thread
[1.649s] INFO:colcon.colcon_core.shell:Creating prefix script '/home/ALEX/anytrack/ros/install/local_setup.ps1'
[1.649s] INFO:colcon.colcon_core.shell:Creating prefix util module '/home/ALEX/anytrack/ros/install/_local_setup_util_ps1.py'
[1.651s] INFO:colcon.colcon_core.shell:Creating prefix chain script '/home/ALEX/anytrack/ros/install/setup.ps1'
[1.652s] INFO:colcon.colcon_core.shell:Creating prefix script '/home/ALEX/anytrack/ros/install/local_setup.sh'
[1.652s] INFO:colcon.colcon_core.shell:Creating prefix util module '/home/ALEX/anytrack/ros/install/_local_setup_util_sh.py'
[1.653s] INFO:colcon.colcon_core.shell:Creating prefix chain script '/home/ALEX/anytrack/ros/install/setup.sh'
[1.654s] INFO:colcon.colcon_core.shell:Creating prefix script '/home/ALEX/anytrack/ros/install/local_setup.bash'
[1.654s] INFO:colcon.colcon_core.shell:Creating prefix chain script '/home/ALEX/anytrack/ros/install/setup.bash'
[1.656s] INFO:colcon.colcon_core.shell:Creating prefix script '/home/ALEX/anytrack/ros/install/local_setup.zsh'
[1.656s] INFO:colcon.colcon_core.shell:Creating prefix chain script '/home/ALEX/anytrack/ros/install/setup.zsh'
