[0.594s] Invoking command in '/home/ALEX/anytrack/ros/build/scannerV2': PYTHONPATH=/home/ALEX/anytrack/ros/install/scannerV2/lib/python3.10/site-packages:${PYTHONPATH} /usr/bin/python3 setup.py develop --prefix /home/ALEX/anytrack/ros/install/scannerV2 --editable --build-directory /home/ALEX/anytrack/ros/build/scannerV2/build --no-deps install_data --install-dir /home/ALEX/anytrack/ros/install/scannerV2
[0.847s] running develop
[0.990s] running egg_info
[0.990s] writing scannerV2.egg-info/PKG-INFO
[0.990s] writing dependency_links to scannerV2.egg-info/dependency_links.txt
[0.990s] writing entry points to scannerV2.egg-info/entry_points.txt
[0.990s] writing requirements to scannerV2.egg-info/requires.txt
[0.990s] writing top-level names to scannerV2.egg-info/top_level.txt
[0.992s] reading manifest file 'scannerV2.egg-info/SOURCES.txt'
[0.992s] writing manifest file 'scannerV2.egg-info/SOURCES.txt'
[0.993s] running build_ext
[0.994s] Creating /home/ALEX/anytrack/ros/install/scannerV2/lib/python3.10/site-packages/scannerV2.egg-link (link to .)
[0.994s] Installing camera_info script to /home/ALEX/anytrack/ros/install/scannerV2/lib/scannerV2
[0.994s] Installing camera_vector script to /home/ALEX/anytrack/ros/install/scannerV2/lib/scannerV2
[0.994s] Installing manager script to /home/ALEX/anytrack/ros/install/scannerV2/lib/scannerV2
[0.995s] Installing position_manager script to /home/ALEX/anytrack/ros/install/scannerV2/lib/scannerV2
[0.995s] Installing test script to /home/ALEX/anytrack/ros/install/scannerV2/lib/scannerV2
[0.995s] Installing tracker2D script to /home/ALEX/anytrack/ros/install/scannerV2/lib/scannerV2
[0.995s] 
[0.995s] Installed /home/ALEX/anytrack/ros/build/scannerV2
[0.995s] running install_data
[1.024s] Invoked command in '/home/ALEX/anytrack/ros/build/scannerV2' returned '0': PYTHONPATH=/home/ALEX/anytrack/ros/install/scannerV2/lib/python3.10/site-packages:${PYTHONPATH} /usr/bin/python3 setup.py develop --prefix /home/ALEX/anytrack/ros/install/scannerV2 --editable --build-directory /home/ALEX/anytrack/ros/build/scannerV2/build --no-deps install_data --install-dir /home/ALEX/anytrack/ros/install/scannerV2
