[0.158s] DEBUG:colcon:Command line arguments: ['/usr/bin/colcon', 'build', '--packages-select', 'scanner_interfaces']
[0.158s] DEBUG:colcon:Parsed command line arguments: Namespace(log_base=None, log_level=None, verb_name='build', build_base='build', install_base='install', merge_install=False, symlink_install=False, test_result_base=None, continue_on_error=False, executor='parallel', parallel_workers=12, event_handlers=None, ignore_user_meta=False, metas=['./colcon.meta'], base_paths=['.'], packages_ignore=None, packages_ignore_regex=None, paths=None, packages_up_to=None, packages_up_to_regex=None, packages_above=None, packages_above_and_dependencies=None, packages_above_depth=None, packages_select_by_dep=None, packages_skip_by_dep=None, packages_skip_up_to=None, packages_select_build_failed=False, packages_skip_build_finished=False, packages_select_test_failures=False, packages_skip_test_passed=False, packages_select=['scanner_interfaces'], packages_skip=None, packages_select_regex=None, packages_skip_regex=None, packages_start=None, packages_end=None, cmake_args=None, cmake_target=None, cmake_target_skip_unavailable=False, cmake_clean_cache=False, cmake_clean_first=False, cmake_force_configure=False, ament_cmake_args=None, catkin_cmake_args=None, catkin_skip_building_tests=False, mixin_files=None, mixin=None, verb_parser=<colcon_mixin.mixin.mixin_argument.MixinArgumentDecorator object at 0x7f8a93820a90>, verb_extension=<colcon_core.verb.build.BuildVerb object at 0x7f8a93820400>, main=<bound method BuildVerb.main of <colcon_core.verb.build.BuildVerb object at 0x7f8a93820400>>, mixin_verb=('build',))
[0.184s] Level 1:colcon.colcon_core.package_discovery:discover_packages(colcon_meta) check parameters
[0.185s] INFO:colcon.colcon_metadata.package_discovery.colcon_meta:Using configuration from '/root/.colcon/metadata/default/Gazebo.meta'
[0.185s] INFO:colcon.colcon_metadata.package_discovery.colcon_meta:Using configuration from '/root/.colcon/metadata/default/fastrtps.meta'
[0.185s] Level 1:colcon.colcon_core.package_discovery:discover_packages(recursive) check parameters
[0.186s] Level 1:colcon.colcon_core.package_discovery:discover_packages(ignore) check parameters
[0.186s] Level 1:colcon.colcon_core.package_discovery:discover_packages(path) check parameters
[0.186s] Level 1:colcon.colcon_core.package_discovery:discover_packages(colcon_meta) discover
[0.186s] Level 1:colcon.colcon_core.package_discovery:discover_packages(recursive) discover
[0.186s] INFO:colcon.colcon_core.package_discovery:Crawling recursively for packages in '/home/ALEX/3dev/ros'
[0.186s] Level 1:colcon.colcon_core.package_identification:_identify(.) by extensions ['ignore', 'ignore_ament_install']
[0.186s] Level 1:colcon.colcon_core.package_identification:_identify(.) by extension 'ignore'
[0.186s] Level 1:colcon.colcon_core.package_identification:_identify(.) by extension 'ignore_ament_install'
[0.186s] Level 1:colcon.colcon_core.package_identification:_identify(.) by extensions ['colcon_pkg']
[0.186s] Level 1:colcon.colcon_core.package_identification:_identify(.) by extension 'colcon_pkg'
[0.186s] Level 1:colcon.colcon_core.package_identification:_identify(.) by extensions ['colcon_meta']
[0.186s] Level 1:colcon.colcon_core.package_identification:_identify(.) by extension 'colcon_meta'
[0.186s] Level 1:colcon.colcon_core.package_identification:_identify(.) by extensions ['ros']
[0.186s] Level 1:colcon.colcon_core.package_identification:_identify(.) by extension 'ros'
[0.196s] Level 1:colcon.colcon_core.package_identification:_identify(.) by extensions ['cmake', 'python']
[0.196s] Level 1:colcon.colcon_core.package_identification:_identify(.) by extension 'cmake'
[0.196s] Level 1:colcon.colcon_core.package_identification:_identify(.) by extension 'python'
[0.196s] Level 1:colcon.colcon_core.package_identification:_identify(.) by extensions ['python_setup_py']
[0.196s] Level 1:colcon.colcon_core.package_identification:_identify(.) by extension 'python_setup_py'
[0.196s] Level 1:colcon.colcon_core.package_identification:_identify(build) by extensions ['ignore', 'ignore_ament_install']
[0.196s] Level 1:colcon.colcon_core.package_identification:_identify(build) by extension 'ignore'
[0.196s] Level 1:colcon.colcon_core.package_identification:_identify(build) ignored
[0.196s] Level 1:colcon.colcon_core.package_identification:_identify(install) by extensions ['ignore', 'ignore_ament_install']
[0.197s] Level 1:colcon.colcon_core.package_identification:_identify(install) by extension 'ignore'
[0.197s] Level 1:colcon.colcon_core.package_identification:_identify(install) ignored
[0.197s] Level 1:colcon.colcon_core.package_identification:_identify(log) by extensions ['ignore', 'ignore_ament_install']
[0.197s] Level 1:colcon.colcon_core.package_identification:_identify(log) by extension 'ignore'
[0.197s] Level 1:colcon.colcon_core.package_identification:_identify(log) ignored
[0.197s] Level 1:colcon.colcon_core.package_identification:_identify(src) by extensions ['ignore', 'ignore_ament_install']
[0.197s] Level 1:colcon.colcon_core.package_identification:_identify(src) by extension 'ignore'
[0.197s] Level 1:colcon.colcon_core.package_identification:_identify(src) by extension 'ignore_ament_install'
[0.197s] Level 1:colcon.colcon_core.package_identification:_identify(src) by extensions ['colcon_pkg']
[0.197s] Level 1:colcon.colcon_core.package_identification:_identify(src) by extension 'colcon_pkg'
[0.197s] Level 1:colcon.colcon_core.package_identification:_identify(src) by extensions ['colcon_meta']
[0.197s] Level 1:colcon.colcon_core.package_identification:_identify(src) by extension 'colcon_meta'
[0.197s] Level 1:colcon.colcon_core.package_identification:_identify(src) by extensions ['ros']
[0.197s] Level 1:colcon.colcon_core.package_identification:_identify(src) by extension 'ros'
[0.197s] Level 1:colcon.colcon_core.package_identification:_identify(src) by extensions ['cmake', 'python']
[0.197s] Level 1:colcon.colcon_core.package_identification:_identify(src) by extension 'cmake'
[0.197s] Level 1:colcon.colcon_core.package_identification:_identify(src) by extension 'python'
[0.197s] Level 1:colcon.colcon_core.package_identification:_identify(src) by extensions ['python_setup_py']
[0.197s] Level 1:colcon.colcon_core.package_identification:_identify(src) by extension 'python_setup_py'
[0.198s] Level 1:colcon.colcon_core.package_identification:_identify(src/scanner) by extensions ['ignore', 'ignore_ament_install']
[0.198s] Level 1:colcon.colcon_core.package_identification:_identify(src/scanner) by extension 'ignore'
[0.198s] Level 1:colcon.colcon_core.package_identification:_identify(src/scanner) by extension 'ignore_ament_install'
[0.198s] Level 1:colcon.colcon_core.package_identification:_identify(src/scanner) by extensions ['colcon_pkg']
[0.198s] Level 1:colcon.colcon_core.package_identification:_identify(src/scanner) by extension 'colcon_pkg'
[0.198s] Level 1:colcon.colcon_core.package_identification:_identify(src/scanner) by extensions ['colcon_meta']
[0.198s] Level 1:colcon.colcon_core.package_identification:_identify(src/scanner) by extension 'colcon_meta'
[0.198s] Level 1:colcon.colcon_core.package_identification:_identify(src/scanner) by extensions ['ros']
[0.198s] Level 1:colcon.colcon_core.package_identification:_identify(src/scanner) by extension 'ros'
[0.201s] DEBUG:colcon.colcon_core.package_identification:Package 'src/scanner' with type 'ros.ament_python' and name 'scanner'
[0.201s] Level 1:colcon.colcon_core.package_identification:_identify(src/scanner_interfaces) by extensions ['ignore', 'ignore_ament_install']
[0.201s] Level 1:colcon.colcon_core.package_identification:_identify(src/scanner_interfaces) by extension 'ignore'
[0.201s] Level 1:colcon.colcon_core.package_identification:_identify(src/scanner_interfaces) by extension 'ignore_ament_install'
[0.201s] Level 1:colcon.colcon_core.package_identification:_identify(src/scanner_interfaces) by extensions ['colcon_pkg']
[0.201s] Level 1:colcon.colcon_core.package_identification:_identify(src/scanner_interfaces) by extension 'colcon_pkg'
[0.201s] Level 1:colcon.colcon_core.package_identification:_identify(src/scanner_interfaces) by extensions ['colcon_meta']
[0.201s] Level 1:colcon.colcon_core.package_identification:_identify(src/scanner_interfaces) by extension 'colcon_meta'
[0.201s] Level 1:colcon.colcon_core.package_identification:_identify(src/scanner_interfaces) by extensions ['ros']
[0.201s] Level 1:colcon.colcon_core.package_identification:_identify(src/scanner_interfaces) by extension 'ros'
[0.202s] DEBUG:colcon.colcon_core.package_identification:Package 'src/scanner_interfaces' with type 'ros.ament_cmake' and name 'scanner_interfaces'
[0.202s] Level 1:colcon.colcon_core.package_identification:_identify(src/test_cpp_pkg) by extensions ['ignore', 'ignore_ament_install']
[0.202s] Level 1:colcon.colcon_core.package_identification:_identify(src/test_cpp_pkg) by extension 'ignore'
[0.202s] Level 1:colcon.colcon_core.package_identification:_identify(src/test_cpp_pkg) by extension 'ignore_ament_install'
[0.202s] Level 1:colcon.colcon_core.package_identification:_identify(src/test_cpp_pkg) by extensions ['colcon_pkg']
[0.202s] Level 1:colcon.colcon_core.package_identification:_identify(src/test_cpp_pkg) by extension 'colcon_pkg'
[0.202s] Level 1:colcon.colcon_core.package_identification:_identify(src/test_cpp_pkg) by extensions ['colcon_meta']
[0.202s] Level 1:colcon.colcon_core.package_identification:_identify(src/test_cpp_pkg) by extension 'colcon_meta'
[0.202s] Level 1:colcon.colcon_core.package_identification:_identify(src/test_cpp_pkg) by extensions ['ros']
[0.202s] Level 1:colcon.colcon_core.package_identification:_identify(src/test_cpp_pkg) by extension 'ros'
[0.203s] DEBUG:colcon.colcon_core.package_identification:Package 'src/test_cpp_pkg' with type 'ros.ament_cmake' and name 'test_cpp_pkg'
[0.203s] Level 1:colcon.colcon_core.package_identification:_identify(src/test_py_pkg) by extensions ['ignore', 'ignore_ament_install']
[0.203s] Level 1:colcon.colcon_core.package_identification:_identify(src/test_py_pkg) by extension 'ignore'
[0.203s] Level 1:colcon.colcon_core.package_identification:_identify(src/test_py_pkg) by extension 'ignore_ament_install'
[0.203s] Level 1:colcon.colcon_core.package_identification:_identify(src/test_py_pkg) by extensions ['colcon_pkg']
[0.203s] Level 1:colcon.colcon_core.package_identification:_identify(src/test_py_pkg) by extension 'colcon_pkg'
[0.203s] Level 1:colcon.colcon_core.package_identification:_identify(src/test_py_pkg) by extensions ['colcon_meta']
[0.203s] Level 1:colcon.colcon_core.package_identification:_identify(src/test_py_pkg) by extension 'colcon_meta'
[0.203s] Level 1:colcon.colcon_core.package_identification:_identify(src/test_py_pkg) by extensions ['ros']
[0.203s] Level 1:colcon.colcon_core.package_identification:_identify(src/test_py_pkg) by extension 'ros'
[0.204s] DEBUG:colcon.colcon_core.package_identification:Package 'src/test_py_pkg' with type 'ros.ament_python' and name 'test_py_pkg'
[0.204s] Level 1:colcon.colcon_core.package_discovery:discover_packages(recursive) using defaults
[0.204s] Level 1:colcon.colcon_core.package_discovery:discover_packages(ignore) discover
[0.204s] Level 1:colcon.colcon_core.package_discovery:discover_packages(ignore) using defaults
[0.204s] Level 1:colcon.colcon_core.package_discovery:discover_packages(path) discover
[0.204s] Level 1:colcon.colcon_core.package_discovery:discover_packages(path) using defaults
[0.225s] INFO:colcon.colcon_core.package_selection:Skipping not selected package 'scanner' in 'src/scanner'
[0.225s] INFO:colcon.colcon_core.package_selection:Skipping not selected package 'test_cpp_pkg' in 'src/test_cpp_pkg'
[0.225s] INFO:colcon.colcon_core.package_selection:Skipping not selected package 'test_py_pkg' in 'src/test_py_pkg'
[0.226s] Level 5:colcon.colcon_core.verb:set package 'scanner_interfaces' build argument 'cmake_args' from command line to 'None'
[0.226s] Level 5:colcon.colcon_core.verb:set package 'scanner_interfaces' build argument 'cmake_target' from command line to 'None'
[0.226s] Level 5:colcon.colcon_core.verb:set package 'scanner_interfaces' build argument 'cmake_target_skip_unavailable' from command line to 'False'
[0.226s] Level 5:colcon.colcon_core.verb:set package 'scanner_interfaces' build argument 'cmake_clean_cache' from command line to 'False'
[0.226s] Level 5:colcon.colcon_core.verb:set package 'scanner_interfaces' build argument 'cmake_clean_first' from command line to 'False'
[0.226s] Level 5:colcon.colcon_core.verb:set package 'scanner_interfaces' build argument 'cmake_force_configure' from command line to 'False'
[0.226s] Level 5:colcon.colcon_core.verb:set package 'scanner_interfaces' build argument 'ament_cmake_args' from command line to 'None'
[0.226s] Level 5:colcon.colcon_core.verb:set package 'scanner_interfaces' build argument 'catkin_cmake_args' from command line to 'None'
[0.226s] Level 5:colcon.colcon_core.verb:set package 'scanner_interfaces' build argument 'catkin_skip_building_tests' from command line to 'False'
[0.226s] DEBUG:colcon.colcon_core.verb:Building package 'scanner_interfaces' with the following arguments: {'ament_cmake_args': None, 'build_base': '/home/ALEX/3dev/ros/build/scanner_interfaces', 'catkin_cmake_args': None, 'catkin_skip_building_tests': False, 'cmake_args': None, 'cmake_clean_cache': False, 'cmake_clean_first': False, 'cmake_force_configure': False, 'cmake_target': None, 'cmake_target_skip_unavailable': False, 'install_base': '/home/ALEX/3dev/ros/install/scanner_interfaces', 'merge_install': False, 'path': '/home/ALEX/3dev/ros/src/scanner_interfaces', 'symlink_install': False, 'test_result_base': None}
[0.226s] INFO:colcon.colcon_core.executor:Executing jobs using 'parallel' executor
[0.230s] DEBUG:colcon.colcon_parallel_executor.executor.parallel:run_until_complete
[0.231s] INFO:colcon.colcon_ros.task.ament_cmake.build:Building ROS package in '/home/ALEX/3dev/ros/src/scanner_interfaces' with build type 'ament_cmake'
[0.231s] INFO:colcon.colcon_cmake.task.cmake.build:Building CMake package in '/home/ALEX/3dev/ros/src/scanner_interfaces'
[0.235s] INFO:colcon.colcon_core.plugin_system:Skipping extension 'colcon_core.shell.bat': Not used on non-Windows systems
[0.235s] INFO:colcon.colcon_core.shell:Skip shell extension 'powershell' for command environment: Not usable outside of PowerShell
[0.235s] DEBUG:colcon.colcon_core.shell:Skip shell extension 'dsv' for command environment
[0.245s] DEBUG:colcon.colcon_core.event_handler.log_command:Invoking command in '/home/ALEX/3dev/ros/build/scanner_interfaces': CMAKE_PREFIX_PATH=${CMAKE_PREFIX_PATH}:/home/ALEX/3dev/ros/install/test_py_pkg:/home/ALEX/3dev/ros/install/scanner:/opt/ros/humble /usr/bin/cmake /home/ALEX/3dev/ros/src/scanner_interfaces -DCMAKE_INSTALL_PREFIX=/home/ALEX/3dev/ros/install/scanner_interfaces
[1.527s] DEBUG:colcon.colcon_core.event_handler.log_command:Invoked command in '/home/ALEX/3dev/ros/build/scanner_interfaces' returned '0': CMAKE_PREFIX_PATH=${CMAKE_PREFIX_PATH}:/home/ALEX/3dev/ros/install/test_py_pkg:/home/ALEX/3dev/ros/install/scanner:/opt/ros/humble /usr/bin/cmake /home/ALEX/3dev/ros/src/scanner_interfaces -DCMAKE_INSTALL_PREFIX=/home/ALEX/3dev/ros/install/scanner_interfaces
[1.528s] DEBUG:colcon.colcon_core.event_handler.log_command:Invoking command in '/home/ALEX/3dev/ros/build/scanner_interfaces': CMAKE_PREFIX_PATH=${CMAKE_PREFIX_PATH}:/home/ALEX/3dev/ros/install/test_py_pkg:/home/ALEX/3dev/ros/install/scanner:/opt/ros/humble /usr/bin/cmake --build /home/ALEX/3dev/ros/build/scanner_interfaces -- -j12 -l12
[3.141s] DEBUG:colcon.colcon_core.event_handler.log_command:Invoked command in '/home/ALEX/3dev/ros/build/scanner_interfaces' returned '0': CMAKE_PREFIX_PATH=${CMAKE_PREFIX_PATH}:/home/ALEX/3dev/ros/install/test_py_pkg:/home/ALEX/3dev/ros/install/scanner:/opt/ros/humble /usr/bin/cmake --build /home/ALEX/3dev/ros/build/scanner_interfaces -- -j12 -l12
[3.185s] DEBUG:colcon.colcon_core.event_handler.log_command:Invoking command in '/home/ALEX/3dev/ros/build/scanner_interfaces': CMAKE_PREFIX_PATH=${CMAKE_PREFIX_PATH}:/home/ALEX/3dev/ros/install/test_py_pkg:/home/ALEX/3dev/ros/install/scanner:/opt/ros/humble /usr/bin/cmake --install /home/ALEX/3dev/ros/build/scanner_interfaces
[3.242s] Level 1:colcon.colcon_core.environment:create_environment_scripts_only(scanner_interfaces)
[3.243s] DEBUG:colcon.colcon_core.event_handler.log_command:Invoked command in '/home/ALEX/3dev/ros/build/scanner_interfaces' returned '0': CMAKE_PREFIX_PATH=${CMAKE_PREFIX_PATH}:/home/ALEX/3dev/ros/install/test_py_pkg:/home/ALEX/3dev/ros/install/scanner:/opt/ros/humble /usr/bin/cmake --install /home/ALEX/3dev/ros/build/scanner_interfaces
[3.247s] Level 1:colcon.colcon_core.environment:checking '/home/ALEX/3dev/ros/install/scanner_interfaces' for CMake module files
[3.248s] Level 1:colcon.colcon_core.environment:checking '/home/ALEX/3dev/ros/install/scanner_interfaces' for CMake config files
[3.248s] Level 1:colcon.colcon_core.shell:create_environment_hook('scanner_interfaces', 'cmake_prefix_path')
[3.249s] INFO:colcon.colcon_core.shell:Creating environment hook '/home/ALEX/3dev/ros/install/scanner_interfaces/share/scanner_interfaces/hook/cmake_prefix_path.ps1'
[3.258s] INFO:colcon.colcon_core.shell:Creating environment descriptor '/home/ALEX/3dev/ros/install/scanner_interfaces/share/scanner_interfaces/hook/cmake_prefix_path.dsv'
[3.258s] INFO:colcon.colcon_core.shell:Creating environment hook '/home/ALEX/3dev/ros/install/scanner_interfaces/share/scanner_interfaces/hook/cmake_prefix_path.sh'
[3.259s] Level 1:colcon.colcon_core.environment:checking '/home/ALEX/3dev/ros/install/scanner_interfaces/lib'
[3.259s] Level 1:colcon.colcon_core.shell:create_environment_hook('scanner_interfaces', 'ld_library_path_lib')
[3.261s] INFO:colcon.colcon_core.shell:Creating environment hook '/home/ALEX/3dev/ros/install/scanner_interfaces/share/scanner_interfaces/hook/ld_library_path_lib.ps1'
[3.261s] INFO:colcon.colcon_core.shell:Creating environment descriptor '/home/ALEX/3dev/ros/install/scanner_interfaces/share/scanner_interfaces/hook/ld_library_path_lib.dsv'
[3.261s] INFO:colcon.colcon_core.shell:Creating environment hook '/home/ALEX/3dev/ros/install/scanner_interfaces/share/scanner_interfaces/hook/ld_library_path_lib.sh'
[3.261s] Level 1:colcon.colcon_core.environment:checking '/home/ALEX/3dev/ros/install/scanner_interfaces/bin'
[3.261s] Level 1:colcon.colcon_core.environment:checking '/home/ALEX/3dev/ros/install/scanner_interfaces/lib/pkgconfig/scanner_interfaces.pc'
[3.262s] Level 1:colcon.colcon_core.environment:checking '/home/ALEX/3dev/ros/install/scanner_interfaces/lib/python3.10/site-packages'
[3.262s] Level 1:colcon.colcon_core.environment:checking '/home/ALEX/3dev/ros/install/scanner_interfaces/bin'
[3.264s] INFO:colcon.colcon_core.shell:Creating package script '/home/ALEX/3dev/ros/install/scanner_interfaces/share/scanner_interfaces/package.ps1'
[3.264s] INFO:colcon.colcon_core.shell:Creating package descriptor '/home/ALEX/3dev/ros/install/scanner_interfaces/share/scanner_interfaces/package.dsv'
[3.265s] INFO:colcon.colcon_core.shell:Creating package script '/home/ALEX/3dev/ros/install/scanner_interfaces/share/scanner_interfaces/package.sh'
[3.266s] INFO:colcon.colcon_core.shell:Creating package script '/home/ALEX/3dev/ros/install/scanner_interfaces/share/scanner_interfaces/package.bash'
[3.266s] INFO:colcon.colcon_core.shell:Creating package script '/home/ALEX/3dev/ros/install/scanner_interfaces/share/scanner_interfaces/package.zsh'
[3.267s] Level 1:colcon.colcon_core.environment:create_file_with_runtime_dependencies(/home/ALEX/3dev/ros/install/scanner_interfaces/share/colcon-core/packages/scanner_interfaces)
[3.305s] Level 1:colcon.colcon_core.environment:create_environment_scripts_only(scanner_interfaces)
[3.307s] Level 1:colcon.colcon_core.environment:checking '/home/ALEX/3dev/ros/install/scanner_interfaces' for CMake module files
[3.307s] Level 1:colcon.colcon_core.environment:checking '/home/ALEX/3dev/ros/install/scanner_interfaces' for CMake config files
[3.308s] Level 1:colcon.colcon_core.shell:create_environment_hook('scanner_interfaces', 'cmake_prefix_path')
[3.309s] INFO:colcon.colcon_core.shell:Creating environment hook '/home/ALEX/3dev/ros/install/scanner_interfaces/share/scanner_interfaces/hook/cmake_prefix_path.ps1'
[3.309s] INFO:colcon.colcon_core.shell:Creating environment descriptor '/home/ALEX/3dev/ros/install/scanner_interfaces/share/scanner_interfaces/hook/cmake_prefix_path.dsv'
[3.309s] INFO:colcon.colcon_core.shell:Creating environment hook '/home/ALEX/3dev/ros/install/scanner_interfaces/share/scanner_interfaces/hook/cmake_prefix_path.sh'
[3.310s] Level 1:colcon.colcon_core.environment:checking '/home/ALEX/3dev/ros/install/scanner_interfaces/lib'
[3.310s] Level 1:colcon.colcon_core.shell:create_environment_hook('scanner_interfaces', 'ld_library_path_lib')
[3.311s] INFO:colcon.colcon_core.shell:Creating environment hook '/home/ALEX/3dev/ros/install/scanner_interfaces/share/scanner_interfaces/hook/ld_library_path_lib.ps1'
[3.311s] INFO:colcon.colcon_core.shell:Creating environment descriptor '/home/ALEX/3dev/ros/install/scanner_interfaces/share/scanner_interfaces/hook/ld_library_path_lib.dsv'
[3.311s] INFO:colcon.colcon_core.shell:Creating environment hook '/home/ALEX/3dev/ros/install/scanner_interfaces/share/scanner_interfaces/hook/ld_library_path_lib.sh'
[3.312s] Level 1:colcon.colcon_core.environment:checking '/home/ALEX/3dev/ros/install/scanner_interfaces/bin'
[3.312s] Level 1:colcon.colcon_core.environment:checking '/home/ALEX/3dev/ros/install/scanner_interfaces/lib/pkgconfig/scanner_interfaces.pc'
[3.312s] Level 1:colcon.colcon_core.environment:checking '/home/ALEX/3dev/ros/install/scanner_interfaces/lib/python3.10/site-packages'
[3.312s] Level 1:colcon.colcon_core.environment:checking '/home/ALEX/3dev/ros/install/scanner_interfaces/bin'
[3.313s] INFO:colcon.colcon_core.shell:Creating package script '/home/ALEX/3dev/ros/install/scanner_interfaces/share/scanner_interfaces/package.ps1'
[3.314s] INFO:colcon.colcon_core.shell:Creating package descriptor '/home/ALEX/3dev/ros/install/scanner_interfaces/share/scanner_interfaces/package.dsv'
[3.314s] INFO:colcon.colcon_core.shell:Creating package script '/home/ALEX/3dev/ros/install/scanner_interfaces/share/scanner_interfaces/package.sh'
[3.314s] INFO:colcon.colcon_core.shell:Creating package script '/home/ALEX/3dev/ros/install/scanner_interfaces/share/scanner_interfaces/package.bash'
[3.315s] INFO:colcon.colcon_core.shell:Creating package script '/home/ALEX/3dev/ros/install/scanner_interfaces/share/scanner_interfaces/package.zsh'
[3.315s] Level 1:colcon.colcon_core.environment:create_file_with_runtime_dependencies(/home/ALEX/3dev/ros/install/scanner_interfaces/share/colcon-core/packages/scanner_interfaces)
[3.315s] DEBUG:colcon.colcon_parallel_executor.executor.parallel:closing loop
[3.315s] DEBUG:colcon.colcon_parallel_executor.executor.parallel:loop closed
[3.316s] DEBUG:colcon.colcon_parallel_executor.executor.parallel:run_until_complete finished with '0'
[3.316s] DEBUG:colcon.colcon_core.event_reactor:joining thread
[3.323s] INFO:colcon.colcon_core.plugin_system:Skipping extension 'colcon_notification.desktop_notification.notify_send': Could not find 'notify-send'
[3.323s] INFO:colcon.colcon_core.plugin_system:Skipping extension 'colcon_notification.desktop_notification.terminal_notifier': Not used on non-Darwin systems
[3.323s] INFO:colcon.colcon_core.plugin_system:Skipping extension 'colcon_notification.desktop_notification.win32': Not used on non-Windows systems
[3.323s] INFO:colcon.colcon_notification.desktop_notification:Sending desktop notification using 'notify2'
[3.326s] DEBUG:colcon.colcon_notification.desktop_notification.notify2:Failed to initialize notify2: org.freedesktop.DBus.Error.Spawn.ExecFailed: /usr/bin/dbus-launch terminated abnormally without any error message
[3.326s] DEBUG:colcon.colcon_core.event_reactor:joined thread
[3.328s] INFO:colcon.colcon_core.shell:Creating prefix script '/home/ALEX/3dev/ros/install/local_setup.ps1'
[3.329s] INFO:colcon.colcon_core.shell:Creating prefix util module '/home/ALEX/3dev/ros/install/_local_setup_util_ps1.py'
[3.331s] INFO:colcon.colcon_core.shell:Creating prefix chain script '/home/ALEX/3dev/ros/install/setup.ps1'
[3.332s] INFO:colcon.colcon_core.shell:Creating prefix script '/home/ALEX/3dev/ros/install/local_setup.sh'
[3.332s] INFO:colcon.colcon_core.shell:Creating prefix util module '/home/ALEX/3dev/ros/install/_local_setup_util_sh.py'
[3.333s] INFO:colcon.colcon_core.shell:Creating prefix chain script '/home/ALEX/3dev/ros/install/setup.sh'
[3.334s] INFO:colcon.colcon_core.shell:Creating prefix script '/home/ALEX/3dev/ros/install/local_setup.bash'
[3.334s] INFO:colcon.colcon_core.shell:Creating prefix chain script '/home/ALEX/3dev/ros/install/setup.bash'
[3.336s] INFO:colcon.colcon_core.shell:Creating prefix script '/home/ALEX/3dev/ros/install/local_setup.zsh'
[3.336s] INFO:colcon.colcon_core.shell:Creating prefix chain script '/home/ALEX/3dev/ros/install/setup.zsh'
