[0.016s] Invoking command in '/home/ALEX/3dev/ros/build/simulation': CMAKE_PREFIX_PATH=${CMAKE_PREFIX_PATH}:/home/ALEX/3dev/ros/install/test_py_pkg:/home/ALEX/3dev/ros/install/scannerV2:/home/ALEX/3dev/ros/install/scanner:/opt/ros/humble /usr/bin/cmake --build /home/ALEX/3dev/ros/build/simulation -- -j12 -l12
[0.046s] Invoked command in '/home/ALEX/3dev/ros/build/simulation' returned '0': CMAKE_PREFIX_PATH=${CMAKE_PREFIX_PATH}:/home/ALEX/3dev/ros/install/test_py_pkg:/home/ALEX/3dev/ros/install/scannerV2:/home/ALEX/3dev/ros/install/scanner:/opt/ros/humble /usr/bin/cmake --build /home/ALEX/3dev/ros/build/simulation -- -j12 -l12
[0.071s] Invoking command in '/home/ALEX/3dev/ros/build/simulation': CMAKE_PREFIX_PATH=${CMAKE_PREFIX_PATH}:/home/ALEX/3dev/ros/install/test_py_pkg:/home/ALEX/3dev/ros/install/scannerV2:/home/ALEX/3dev/ros/install/scanner:/opt/ros/humble /usr/bin/cmake --install /home/ALEX/3dev/ros/build/simulation
[0.076s] -- Install configuration: ""
[0.077s] -- Execute custom install script
[0.077s] -- Up-to-date symlink: /home/ALEX/3dev/ros/install/simulation/share/simulation/description/example_gazebo.xacro
[0.077s] -- Up-to-date symlink: /home/ALEX/3dev/ros/install/simulation/share/simulation/description/example_include.xacro
[0.077s] -- Up-to-date symlink: /home/ALEX/3dev/ros/install/simulation/share/simulation/description/example_robot.urdf.xacro
[0.078s] -- Symlinking: /home/ALEX/3dev/ros/install/simulation/share/simulation/description/gazebo.xacro
[0.085s] -- Up-to-date symlink: /home/ALEX/3dev/ros/install/simulation/share/simulation/description/include.xacro
[0.085s] -- Up-to-date symlink: /home/ALEX/3dev/ros/install/simulation/share/simulation/description/scene.urdf.xacro
[0.085s] -- Up-to-date symlink: /home/ALEX/3dev/ros/install/simulation/share/simulation/launch/gazebo.launch.py
[0.085s] -- Up-to-date symlink: /home/ALEX/3dev/ros/install/simulation/share/simulation/launch/simulation.launch.py
[0.086s] -- Up-to-date symlink: /home/ALEX/3dev/ros/install/simulation/share/simulation/worlds/gazebo_test.sdf
[0.086s] -- Up-to-date symlink: /home/ALEX/3dev/ros/install/simulation/share/ament_index/resource_index/package_run_dependencies/simulation
[0.086s] -- Up-to-date symlink: /home/ALEX/3dev/ros/install/simulation/share/ament_index/resource_index/parent_prefix_path/simulation
[0.086s] -- Up-to-date symlink: /home/ALEX/3dev/ros/install/simulation/share/simulation/environment/ament_prefix_path.sh
[0.086s] -- Up-to-date symlink: /home/ALEX/3dev/ros/install/simulation/share/simulation/environment/ament_prefix_path.dsv
[0.086s] -- Up-to-date symlink: /home/ALEX/3dev/ros/install/simulation/share/simulation/environment/path.sh
[0.087s] -- Up-to-date symlink: /home/ALEX/3dev/ros/install/simulation/share/simulation/environment/path.dsv
[0.087s] -- Up-to-date symlink: /home/ALEX/3dev/ros/install/simulation/share/simulation/local_setup.bash
[0.087s] -- Up-to-date symlink: /home/ALEX/3dev/ros/install/simulation/share/simulation/local_setup.sh
[0.087s] -- Up-to-date symlink: /home/ALEX/3dev/ros/install/simulation/share/simulation/local_setup.zsh
[0.087s] -- Up-to-date symlink: /home/ALEX/3dev/ros/install/simulation/share/simulation/local_setup.dsv
[0.087s] -- Symlinking: /home/ALEX/3dev/ros/install/simulation/share/simulation/package.dsv
[0.094s] -- Up-to-date symlink: /home/ALEX/3dev/ros/install/simulation/share/ament_index/resource_index/packages/simulation
[0.094s] -- Up-to-date symlink: /home/ALEX/3dev/ros/install/simulation/share/simulation/cmake/simulationConfig.cmake
[0.095s] -- Up-to-date symlink: /home/ALEX/3dev/ros/install/simulation/share/simulation/cmake/simulationConfig-version.cmake
[0.095s] -- Up-to-date symlink: /home/ALEX/3dev/ros/install/simulation/share/simulation/package.xml
[0.096s] Invoked command in '/home/ALEX/3dev/ros/build/simulation' returned '0': CMAKE_PREFIX_PATH=${CMAKE_PREFIX_PATH}:/home/ALEX/3dev/ros/install/test_py_pkg:/home/ALEX/3dev/ros/install/scannerV2:/home/ALEX/3dev/ros/install/scanner:/opt/ros/humble /usr/bin/cmake --install /home/ALEX/3dev/ros/build/simulation
