[0.444s] DEBUG:colcon:Command line arguments: ['/usr/bin/colcon', 'build']
[0.444s] DEBUG:colcon:Parsed command line arguments: Namespace(log_base=None, log_level=None, verb_name='build', build_base='build', install_base='install', merge_install=False, symlink_install=False, test_result_base=None, continue_on_error=False, executor='parallel', parallel_workers=12, event_handlers=None, ignore_user_meta=False, metas=['./colcon.meta'], base_paths=['.'], packages_ignore=None, packages_ignore_regex=None, paths=None, packages_up_to=None, packages_up_to_regex=None, packages_above=None, packages_above_and_dependencies=None, packages_above_depth=None, packages_select_by_dep=None, packages_skip_by_dep=None, packages_skip_up_to=None, packages_select_build_failed=False, packages_skip_build_finished=False, packages_select_test_failures=False, packages_skip_test_passed=False, packages_select=None, packages_skip=None, packages_select_regex=None, packages_skip_regex=None, packages_start=None, packages_end=None, cmake_args=None, cmake_target=None, cmake_target_skip_unavailable=False, cmake_clean_cache=False, cmake_clean_first=False, cmake_force_configure=False, ament_cmake_args=None, catkin_cmake_args=None, catkin_skip_building_tests=False, mixin_files=None, mixin=None, verb_parser=<colcon_mixin.mixin.mixin_argument.MixinArgumentDecorator object at 0x7f0040d72140>, verb_extension=<colcon_core.verb.build.BuildVerb object at 0x7f0040b81180>, main=<bound method BuildVerb.main of <colcon_core.verb.build.BuildVerb object at 0x7f0040b81180>>, mixin_verb=('build',))
[0.477s] Level 1:colcon.colcon_core.package_discovery:discover_packages(colcon_meta) check parameters
[0.478s] INFO:colcon.colcon_metadata.package_discovery.colcon_meta:Using configuration from '/root/.colcon/metadata/default/Gazebo.meta'
[0.479s] INFO:colcon.colcon_metadata.package_discovery.colcon_meta:Using configuration from '/root/.colcon/metadata/default/fastrtps.meta'
[0.479s] Level 1:colcon.colcon_core.package_discovery:discover_packages(recursive) check parameters
[0.479s] Level 1:colcon.colcon_core.package_discovery:discover_packages(ignore) check parameters
[0.479s] Level 1:colcon.colcon_core.package_discovery:discover_packages(path) check parameters
[0.479s] Level 1:colcon.colcon_core.package_discovery:discover_packages(colcon_meta) discover
[0.479s] Level 1:colcon.colcon_core.package_discovery:discover_packages(recursive) discover
[0.479s] INFO:colcon.colcon_core.package_discovery:Crawling recursively for packages in '/home/ALEX/anytrack/ros'
[0.479s] Level 1:colcon.colcon_core.package_identification:_identify(.) by extensions ['ignore', 'ignore_ament_install']
[0.479s] Level 1:colcon.colcon_core.package_identification:_identify(.) by extension 'ignore'
[0.479s] Level 1:colcon.colcon_core.package_identification:_identify(.) by extension 'ignore_ament_install'
[0.479s] Level 1:colcon.colcon_core.package_identification:_identify(.) by extensions ['colcon_pkg']
[0.479s] Level 1:colcon.colcon_core.package_identification:_identify(.) by extension 'colcon_pkg'
[0.479s] Level 1:colcon.colcon_core.package_identification:_identify(.) by extensions ['colcon_meta']
[0.479s] Level 1:colcon.colcon_core.package_identification:_identify(.) by extension 'colcon_meta'
[0.479s] Level 1:colcon.colcon_core.package_identification:_identify(.) by extensions ['ros']
[0.479s] Level 1:colcon.colcon_core.package_identification:_identify(.) by extension 'ros'
[0.491s] Level 1:colcon.colcon_core.package_identification:_identify(.) by extensions ['cmake', 'python']
[0.491s] Level 1:colcon.colcon_core.package_identification:_identify(.) by extension 'cmake'
[0.491s] Level 1:colcon.colcon_core.package_identification:_identify(.) by extension 'python'
[0.491s] Level 1:colcon.colcon_core.package_identification:_identify(.) by extensions ['python_setup_py']
[0.491s] Level 1:colcon.colcon_core.package_identification:_identify(.) by extension 'python_setup_py'
[0.492s] Level 1:colcon.colcon_core.package_identification:_identify(build) by extensions ['ignore', 'ignore_ament_install']
[0.492s] Level 1:colcon.colcon_core.package_identification:_identify(build) by extension 'ignore'
[0.492s] Level 1:colcon.colcon_core.package_identification:_identify(build) ignored
[0.492s] Level 1:colcon.colcon_core.package_identification:_identify(install) by extensions ['ignore', 'ignore_ament_install']
[0.492s] Level 1:colcon.colcon_core.package_identification:_identify(install) by extension 'ignore'
[0.492s] Level 1:colcon.colcon_core.package_identification:_identify(install) ignored
[0.492s] Level 1:colcon.colcon_core.package_identification:_identify(log) by extensions ['ignore', 'ignore_ament_install']
[0.492s] Level 1:colcon.colcon_core.package_identification:_identify(log) by extension 'ignore'
[0.492s] Level 1:colcon.colcon_core.package_identification:_identify(log) ignored
[0.492s] Level 1:colcon.colcon_core.package_identification:_identify(src) by extensions ['ignore', 'ignore_ament_install']
[0.492s] Level 1:colcon.colcon_core.package_identification:_identify(src) by extension 'ignore'
[0.492s] Level 1:colcon.colcon_core.package_identification:_identify(src) by extension 'ignore_ament_install'
[0.492s] Level 1:colcon.colcon_core.package_identification:_identify(src) by extensions ['colcon_pkg']
[0.493s] Level 1:colcon.colcon_core.package_identification:_identify(src) by extension 'colcon_pkg'
[0.493s] Level 1:colcon.colcon_core.package_identification:_identify(src) by extensions ['colcon_meta']
[0.493s] Level 1:colcon.colcon_core.package_identification:_identify(src) by extension 'colcon_meta'
[0.493s] Level 1:colcon.colcon_core.package_identification:_identify(src) by extensions ['ros']
[0.493s] Level 1:colcon.colcon_core.package_identification:_identify(src) by extension 'ros'
[0.493s] Level 1:colcon.colcon_core.package_identification:_identify(src) by extensions ['cmake', 'python']
[0.493s] Level 1:colcon.colcon_core.package_identification:_identify(src) by extension 'cmake'
[0.493s] Level 1:colcon.colcon_core.package_identification:_identify(src) by extension 'python'
[0.493s] Level 1:colcon.colcon_core.package_identification:_identify(src) by extensions ['python_setup_py']
[0.493s] Level 1:colcon.colcon_core.package_identification:_identify(src) by extension 'python_setup_py'
[0.493s] Level 1:colcon.colcon_core.package_identification:_identify(src/scanner) by extensions ['ignore', 'ignore_ament_install']
[0.493s] Level 1:colcon.colcon_core.package_identification:_identify(src/scanner) by extension 'ignore'
[0.493s] Level 1:colcon.colcon_core.package_identification:_identify(src/scanner) by extension 'ignore_ament_install'
[0.493s] Level 1:colcon.colcon_core.package_identification:_identify(src/scanner) by extensions ['colcon_pkg']
[0.493s] Level 1:colcon.colcon_core.package_identification:_identify(src/scanner) by extension 'colcon_pkg'
[0.493s] Level 1:colcon.colcon_core.package_identification:_identify(src/scanner) by extensions ['colcon_meta']
[0.493s] Level 1:colcon.colcon_core.package_identification:_identify(src/scanner) by extension 'colcon_meta'
[0.493s] Level 1:colcon.colcon_core.package_identification:_identify(src/scanner) by extensions ['ros']
[0.493s] Level 1:colcon.colcon_core.package_identification:_identify(src/scanner) by extension 'ros'
[0.496s] DEBUG:colcon.colcon_core.package_identification:Package 'src/scanner' with type 'ros.ament_python' and name 'scanner'
[0.496s] Level 1:colcon.colcon_core.package_identification:_identify(src/scannerV2) by extensions ['ignore', 'ignore_ament_install']
[0.496s] Level 1:colcon.colcon_core.package_identification:_identify(src/scannerV2) by extension 'ignore'
[0.496s] Level 1:colcon.colcon_core.package_identification:_identify(src/scannerV2) by extension 'ignore_ament_install'
[0.496s] Level 1:colcon.colcon_core.package_identification:_identify(src/scannerV2) by extensions ['colcon_pkg']
[0.496s] Level 1:colcon.colcon_core.package_identification:_identify(src/scannerV2) by extension 'colcon_pkg'
[0.496s] Level 1:colcon.colcon_core.package_identification:_identify(src/scannerV2) by extensions ['colcon_meta']
[0.496s] Level 1:colcon.colcon_core.package_identification:_identify(src/scannerV2) by extension 'colcon_meta'
[0.497s] Level 1:colcon.colcon_core.package_identification:_identify(src/scannerV2) by extensions ['ros']
[0.497s] Level 1:colcon.colcon_core.package_identification:_identify(src/scannerV2) by extension 'ros'
[0.497s] DEBUG:colcon.colcon_core.package_identification:Package 'src/scannerV2' with type 'ros.ament_python' and name 'scannerV2'
[0.497s] Level 1:colcon.colcon_core.package_identification:_identify(src/scanner_interfaces) by extensions ['ignore', 'ignore_ament_install']
[0.497s] Level 1:colcon.colcon_core.package_identification:_identify(src/scanner_interfaces) by extension 'ignore'
[0.497s] Level 1:colcon.colcon_core.package_identification:_identify(src/scanner_interfaces) by extension 'ignore_ament_install'
[0.497s] Level 1:colcon.colcon_core.package_identification:_identify(src/scanner_interfaces) by extensions ['colcon_pkg']
[0.497s] Level 1:colcon.colcon_core.package_identification:_identify(src/scanner_interfaces) by extension 'colcon_pkg'
[0.497s] Level 1:colcon.colcon_core.package_identification:_identify(src/scanner_interfaces) by extensions ['colcon_meta']
[0.498s] Level 1:colcon.colcon_core.package_identification:_identify(src/scanner_interfaces) by extension 'colcon_meta'
[0.498s] Level 1:colcon.colcon_core.package_identification:_identify(src/scanner_interfaces) by extensions ['ros']
[0.498s] Level 1:colcon.colcon_core.package_identification:_identify(src/scanner_interfaces) by extension 'ros'
[0.498s] DEBUG:colcon.colcon_core.package_identification:Package 'src/scanner_interfaces' with type 'ros.ament_cmake' and name 'scanner_interfaces'
[0.498s] Level 1:colcon.colcon_core.package_identification:_identify(src/test_cpp_pkg) by extensions ['ignore', 'ignore_ament_install']
[0.498s] Level 1:colcon.colcon_core.package_identification:_identify(src/test_cpp_pkg) by extension 'ignore'
[0.498s] Level 1:colcon.colcon_core.package_identification:_identify(src/test_cpp_pkg) by extension 'ignore_ament_install'
[0.498s] Level 1:colcon.colcon_core.package_identification:_identify(src/test_cpp_pkg) by extensions ['colcon_pkg']
[0.498s] Level 1:colcon.colcon_core.package_identification:_identify(src/test_cpp_pkg) by extension 'colcon_pkg'
[0.498s] Level 1:colcon.colcon_core.package_identification:_identify(src/test_cpp_pkg) by extensions ['colcon_meta']
[0.498s] Level 1:colcon.colcon_core.package_identification:_identify(src/test_cpp_pkg) by extension 'colcon_meta'
[0.499s] Level 1:colcon.colcon_core.package_identification:_identify(src/test_cpp_pkg) by extensions ['ros']
[0.499s] Level 1:colcon.colcon_core.package_identification:_identify(src/test_cpp_pkg) by extension 'ros'
[0.499s] DEBUG:colcon.colcon_core.package_identification:Package 'src/test_cpp_pkg' with type 'ros.ament_cmake' and name 'test_cpp_pkg'
[0.499s] Level 1:colcon.colcon_core.package_identification:_identify(src/test_py_pkg) by extensions ['ignore', 'ignore_ament_install']
[0.499s] Level 1:colcon.colcon_core.package_identification:_identify(src/test_py_pkg) by extension 'ignore'
[0.499s] Level 1:colcon.colcon_core.package_identification:_identify(src/test_py_pkg) by extension 'ignore_ament_install'
[0.499s] Level 1:colcon.colcon_core.package_identification:_identify(src/test_py_pkg) by extensions ['colcon_pkg']
[0.499s] Level 1:colcon.colcon_core.package_identification:_identify(src/test_py_pkg) by extension 'colcon_pkg'
[0.499s] Level 1:colcon.colcon_core.package_identification:_identify(src/test_py_pkg) by extensions ['colcon_meta']
[0.499s] Level 1:colcon.colcon_core.package_identification:_identify(src/test_py_pkg) by extension 'colcon_meta'
[0.499s] Level 1:colcon.colcon_core.package_identification:_identify(src/test_py_pkg) by extensions ['ros']
[0.500s] Level 1:colcon.colcon_core.package_identification:_identify(src/test_py_pkg) by extension 'ros'
[0.500s] DEBUG:colcon.colcon_core.package_identification:Package 'src/test_py_pkg' with type 'ros.ament_python' and name 'test_py_pkg'
[0.500s] Level 1:colcon.colcon_core.package_identification:_identify(src/urdf_example) by extensions ['ignore', 'ignore_ament_install']
[0.500s] Level 1:colcon.colcon_core.package_identification:_identify(src/urdf_example) by extension 'ignore'
[0.500s] Level 1:colcon.colcon_core.package_identification:_identify(src/urdf_example) by extension 'ignore_ament_install'
[0.500s] Level 1:colcon.colcon_core.package_identification:_identify(src/urdf_example) by extensions ['colcon_pkg']
[0.500s] Level 1:colcon.colcon_core.package_identification:_identify(src/urdf_example) by extension 'colcon_pkg'
[0.501s] Level 1:colcon.colcon_core.package_identification:_identify(src/urdf_example) by extensions ['colcon_meta']
[0.501s] Level 1:colcon.colcon_core.package_identification:_identify(src/urdf_example) by extension 'colcon_meta'
[0.501s] Level 1:colcon.colcon_core.package_identification:_identify(src/urdf_example) by extensions ['ros']
[0.501s] Level 1:colcon.colcon_core.package_identification:_identify(src/urdf_example) by extension 'ros'
[0.501s] DEBUG:colcon.colcon_core.package_identification:Package 'src/urdf_example' with type 'ros.ament_cmake' and name 'urdf_example'
[0.501s] Level 1:colcon.colcon_core.package_discovery:discover_packages(recursive) using defaults
[0.501s] Level 1:colcon.colcon_core.package_discovery:discover_packages(ignore) discover
[0.501s] Level 1:colcon.colcon_core.package_discovery:discover_packages(ignore) using defaults
[0.501s] Level 1:colcon.colcon_core.package_discovery:discover_packages(path) discover
[0.501s] Level 1:colcon.colcon_core.package_discovery:discover_packages(path) using defaults
[0.536s] Level 5:colcon.colcon_core.verb:set package 'scanner' build argument 'cmake_args' from command line to 'None'
[0.536s] Level 5:colcon.colcon_core.verb:set package 'scanner' build argument 'cmake_target' from command line to 'None'
[0.536s] Level 5:colcon.colcon_core.verb:set package 'scanner' build argument 'cmake_target_skip_unavailable' from command line to 'False'
[0.536s] Level 5:colcon.colcon_core.verb:set package 'scanner' build argument 'cmake_clean_cache' from command line to 'False'
[0.536s] Level 5:colcon.colcon_core.verb:set package 'scanner' build argument 'cmake_clean_first' from command line to 'False'
[0.536s] Level 5:colcon.colcon_core.verb:set package 'scanner' build argument 'cmake_force_configure' from command line to 'False'
[0.536s] Level 5:colcon.colcon_core.verb:set package 'scanner' build argument 'ament_cmake_args' from command line to 'None'
[0.536s] Level 5:colcon.colcon_core.verb:set package 'scanner' build argument 'catkin_cmake_args' from command line to 'None'
[0.536s] Level 5:colcon.colcon_core.verb:set package 'scanner' build argument 'catkin_skip_building_tests' from command line to 'False'
[0.536s] DEBUG:colcon.colcon_core.verb:Building package 'scanner' with the following arguments: {'ament_cmake_args': None, 'build_base': '/home/ALEX/anytrack/ros/build/scanner', 'catkin_cmake_args': None, 'catkin_skip_building_tests': False, 'cmake_args': None, 'cmake_clean_cache': False, 'cmake_clean_first': False, 'cmake_force_configure': False, 'cmake_target': None, 'cmake_target_skip_unavailable': False, 'install_base': '/home/ALEX/anytrack/ros/install/scanner', 'merge_install': False, 'path': '/home/ALEX/anytrack/ros/src/scanner', 'symlink_install': False, 'test_result_base': None}
[0.538s] Level 5:colcon.colcon_core.verb:set package 'scannerV2' build argument 'cmake_args' from command line to 'None'
[0.538s] Level 5:colcon.colcon_core.verb:set package 'scannerV2' build argument 'cmake_target' from command line to 'None'
[0.538s] Level 5:colcon.colcon_core.verb:set package 'scannerV2' build argument 'cmake_target_skip_unavailable' from command line to 'False'
[0.538s] Level 5:colcon.colcon_core.verb:set package 'scannerV2' build argument 'cmake_clean_cache' from command line to 'False'
[0.538s] Level 5:colcon.colcon_core.verb:set package 'scannerV2' build argument 'cmake_clean_first' from command line to 'False'
[0.538s] Level 5:colcon.colcon_core.verb:set package 'scannerV2' build argument 'cmake_force_configure' from command line to 'False'
[0.538s] Level 5:colcon.colcon_core.verb:set package 'scannerV2' build argument 'ament_cmake_args' from command line to 'None'
[0.538s] Level 5:colcon.colcon_core.verb:set package 'scannerV2' build argument 'catkin_cmake_args' from command line to 'None'
[0.538s] Level 5:colcon.colcon_core.verb:set package 'scannerV2' build argument 'catkin_skip_building_tests' from command line to 'False'
[0.538s] DEBUG:colcon.colcon_core.verb:Building package 'scannerV2' with the following arguments: {'ament_cmake_args': None, 'build_base': '/home/ALEX/anytrack/ros/build/scannerV2', 'catkin_cmake_args': None, 'catkin_skip_building_tests': False, 'cmake_args': None, 'cmake_clean_cache': False, 'cmake_clean_first': False, 'cmake_force_configure': False, 'cmake_target': None, 'cmake_target_skip_unavailable': False, 'install_base': '/home/ALEX/anytrack/ros/install/scannerV2', 'merge_install': False, 'path': '/home/ALEX/anytrack/ros/src/scannerV2', 'symlink_install': False, 'test_result_base': None}
[0.539s] Level 5:colcon.colcon_core.verb:set package 'scanner_interfaces' build argument 'cmake_args' from command line to 'None'
[0.539s] Level 5:colcon.colcon_core.verb:set package 'scanner_interfaces' build argument 'cmake_target' from command line to 'None'
[0.539s] Level 5:colcon.colcon_core.verb:set package 'scanner_interfaces' build argument 'cmake_target_skip_unavailable' from command line to 'False'
[0.539s] Level 5:colcon.colcon_core.verb:set package 'scanner_interfaces' build argument 'cmake_clean_cache' from command line to 'False'
[0.539s] Level 5:colcon.colcon_core.verb:set package 'scanner_interfaces' build argument 'cmake_clean_first' from command line to 'False'
[0.539s] Level 5:colcon.colcon_core.verb:set package 'scanner_interfaces' build argument 'cmake_force_configure' from command line to 'False'
[0.539s] Level 5:colcon.colcon_core.verb:set package 'scanner_interfaces' build argument 'ament_cmake_args' from command line to 'None'
[0.539s] Level 5:colcon.colcon_core.verb:set package 'scanner_interfaces' build argument 'catkin_cmake_args' from command line to 'None'
[0.539s] Level 5:colcon.colcon_core.verb:set package 'scanner_interfaces' build argument 'catkin_skip_building_tests' from command line to 'False'
[0.539s] DEBUG:colcon.colcon_core.verb:Building package 'scanner_interfaces' with the following arguments: {'ament_cmake_args': None, 'build_base': '/home/ALEX/anytrack/ros/build/scanner_interfaces', 'catkin_cmake_args': None, 'catkin_skip_building_tests': False, 'cmake_args': None, 'cmake_clean_cache': False, 'cmake_clean_first': False, 'cmake_force_configure': False, 'cmake_target': None, 'cmake_target_skip_unavailable': False, 'install_base': '/home/ALEX/anytrack/ros/install/scanner_interfaces', 'merge_install': False, 'path': '/home/ALEX/anytrack/ros/src/scanner_interfaces', 'symlink_install': False, 'test_result_base': None}
[0.540s] Level 5:colcon.colcon_core.verb:set package 'test_cpp_pkg' build argument 'cmake_args' from command line to 'None'
[0.540s] Level 5:colcon.colcon_core.verb:set package 'test_cpp_pkg' build argument 'cmake_target' from command line to 'None'
[0.540s] Level 5:colcon.colcon_core.verb:set package 'test_cpp_pkg' build argument 'cmake_target_skip_unavailable' from command line to 'False'
[0.540s] Level 5:colcon.colcon_core.verb:set package 'test_cpp_pkg' build argument 'cmake_clean_cache' from command line to 'False'
[0.540s] Level 5:colcon.colcon_core.verb:set package 'test_cpp_pkg' build argument 'cmake_clean_first' from command line to 'False'
[0.540s] Level 5:colcon.colcon_core.verb:set package 'test_cpp_pkg' build argument 'cmake_force_configure' from command line to 'False'
[0.540s] Level 5:colcon.colcon_core.verb:set package 'test_cpp_pkg' build argument 'ament_cmake_args' from command line to 'None'
[0.540s] Level 5:colcon.colcon_core.verb:set package 'test_cpp_pkg' build argument 'catkin_cmake_args' from command line to 'None'
[0.540s] Level 5:colcon.colcon_core.verb:set package 'test_cpp_pkg' build argument 'catkin_skip_building_tests' from command line to 'False'
[0.540s] DEBUG:colcon.colcon_core.verb:Building package 'test_cpp_pkg' with the following arguments: {'ament_cmake_args': None, 'build_base': '/home/ALEX/anytrack/ros/build/test_cpp_pkg', 'catkin_cmake_args': None, 'catkin_skip_building_tests': False, 'cmake_args': None, 'cmake_clean_cache': False, 'cmake_clean_first': False, 'cmake_force_configure': False, 'cmake_target': None, 'cmake_target_skip_unavailable': False, 'install_base': '/home/ALEX/anytrack/ros/install/test_cpp_pkg', 'merge_install': False, 'path': '/home/ALEX/anytrack/ros/src/test_cpp_pkg', 'symlink_install': False, 'test_result_base': None}
[0.541s] Level 5:colcon.colcon_core.verb:set package 'test_py_pkg' build argument 'cmake_args' from command line to 'None'
[0.541s] Level 5:colcon.colcon_core.verb:set package 'test_py_pkg' build argument 'cmake_target' from command line to 'None'
[0.541s] Level 5:colcon.colcon_core.verb:set package 'test_py_pkg' build argument 'cmake_target_skip_unavailable' from command line to 'False'
[0.541s] Level 5:colcon.colcon_core.verb:set package 'test_py_pkg' build argument 'cmake_clean_cache' from command line to 'False'
[0.541s] Level 5:colcon.colcon_core.verb:set package 'test_py_pkg' build argument 'cmake_clean_first' from command line to 'False'
[0.541s] Level 5:colcon.colcon_core.verb:set package 'test_py_pkg' build argument 'cmake_force_configure' from command line to 'False'
[0.541s] Level 5:colcon.colcon_core.verb:set package 'test_py_pkg' build argument 'ament_cmake_args' from command line to 'None'
[0.541s] Level 5:colcon.colcon_core.verb:set package 'test_py_pkg' build argument 'catkin_cmake_args' from command line to 'None'
[0.541s] Level 5:colcon.colcon_core.verb:set package 'test_py_pkg' build argument 'catkin_skip_building_tests' from command line to 'False'
[0.541s] DEBUG:colcon.colcon_core.verb:Building package 'test_py_pkg' with the following arguments: {'ament_cmake_args': None, 'build_base': '/home/ALEX/anytrack/ros/build/test_py_pkg', 'catkin_cmake_args': None, 'catkin_skip_building_tests': False, 'cmake_args': None, 'cmake_clean_cache': False, 'cmake_clean_first': False, 'cmake_force_configure': False, 'cmake_target': None, 'cmake_target_skip_unavailable': False, 'install_base': '/home/ALEX/anytrack/ros/install/test_py_pkg', 'merge_install': False, 'path': '/home/ALEX/anytrack/ros/src/test_py_pkg', 'symlink_install': False, 'test_result_base': None}
[0.542s] Level 5:colcon.colcon_core.verb:set package 'urdf_example' build argument 'cmake_args' from command line to 'None'
[0.542s] Level 5:colcon.colcon_core.verb:set package 'urdf_example' build argument 'cmake_target' from command line to 'None'
[0.542s] Level 5:colcon.colcon_core.verb:set package 'urdf_example' build argument 'cmake_target_skip_unavailable' from command line to 'False'
[0.542s] Level 5:colcon.colcon_core.verb:set package 'urdf_example' build argument 'cmake_clean_cache' from command line to 'False'
[0.542s] Level 5:colcon.colcon_core.verb:set package 'urdf_example' build argument 'cmake_clean_first' from command line to 'False'
[0.542s] Level 5:colcon.colcon_core.verb:set package 'urdf_example' build argument 'cmake_force_configure' from command line to 'False'
[0.542s] Level 5:colcon.colcon_core.verb:set package 'urdf_example' build argument 'ament_cmake_args' from command line to 'None'
[0.542s] Level 5:colcon.colcon_core.verb:set package 'urdf_example' build argument 'catkin_cmake_args' from command line to 'None'
[0.542s] Level 5:colcon.colcon_core.verb:set package 'urdf_example' build argument 'catkin_skip_building_tests' from command line to 'False'
[0.542s] DEBUG:colcon.colcon_core.verb:Building package 'urdf_example' with the following arguments: {'ament_cmake_args': None, 'build_base': '/home/ALEX/anytrack/ros/build/urdf_example', 'catkin_cmake_args': None, 'catkin_skip_building_tests': False, 'cmake_args': None, 'cmake_clean_cache': False, 'cmake_clean_first': False, 'cmake_force_configure': False, 'cmake_target': None, 'cmake_target_skip_unavailable': False, 'install_base': '/home/ALEX/anytrack/ros/install/urdf_example', 'merge_install': False, 'path': '/home/ALEX/anytrack/ros/src/urdf_example', 'symlink_install': False, 'test_result_base': None}
[0.543s] INFO:colcon.colcon_core.executor:Executing jobs using 'parallel' executor
[0.546s] DEBUG:colcon.colcon_parallel_executor.executor.parallel:run_until_complete
[0.546s] INFO:colcon.colcon_ros.task.ament_python.build:Building ROS package in '/home/ALEX/anytrack/ros/src/scanner' with build type 'ament_python'
[0.547s] Level 1:colcon.colcon_core.shell:create_environment_hook('scanner', 'ament_prefix_path')
[0.552s] INFO:colcon.colcon_core.plugin_system:Skipping extension 'colcon_core.shell.bat': Not used on non-Windows systems
[0.553s] INFO:colcon.colcon_core.shell:Creating environment hook '/home/ALEX/anytrack/ros/install/scanner/share/scanner/hook/ament_prefix_path.ps1'
[0.553s] INFO:colcon.colcon_core.shell:Creating environment descriptor '/home/ALEX/anytrack/ros/install/scanner/share/scanner/hook/ament_prefix_path.dsv'
[0.554s] INFO:colcon.colcon_core.shell:Creating environment hook '/home/ALEX/anytrack/ros/install/scanner/share/scanner/hook/ament_prefix_path.sh'
[0.555s] INFO:colcon.colcon_core.shell:Skip shell extension 'powershell' for command environment: Not usable outside of PowerShell
[0.555s] DEBUG:colcon.colcon_core.shell:Skip shell extension 'dsv' for command environment
[0.562s] INFO:colcon.colcon_ros.task.ament_python.build:Building ROS package in '/home/ALEX/anytrack/ros/src/scannerV2' with build type 'ament_python'
[0.562s] Level 1:colcon.colcon_core.shell:create_environment_hook('scannerV2', 'ament_prefix_path')
[0.563s] INFO:colcon.colcon_core.shell:Creating environment hook '/home/ALEX/anytrack/ros/install/scannerV2/share/scannerV2/hook/ament_prefix_path.ps1'
[0.564s] INFO:colcon.colcon_core.shell:Creating environment descriptor '/home/ALEX/anytrack/ros/install/scannerV2/share/scannerV2/hook/ament_prefix_path.dsv'
[0.564s] INFO:colcon.colcon_core.shell:Creating environment hook '/home/ALEX/anytrack/ros/install/scannerV2/share/scannerV2/hook/ament_prefix_path.sh'
[0.566s] INFO:colcon.colcon_core.shell:Skip shell extension 'powershell' for command environment: Not usable outside of PowerShell
[0.566s] DEBUG:colcon.colcon_core.shell:Skip shell extension 'dsv' for command environment
[0.570s] INFO:colcon.colcon_ros.task.ament_cmake.build:Building ROS package in '/home/ALEX/anytrack/ros/src/scanner_interfaces' with build type 'ament_cmake'
[0.570s] INFO:colcon.colcon_cmake.task.cmake.build:Building CMake package in '/home/ALEX/anytrack/ros/src/scanner_interfaces'
[0.571s] INFO:colcon.colcon_core.shell:Skip shell extension 'powershell' for command environment: Not usable outside of PowerShell
[0.572s] DEBUG:colcon.colcon_core.shell:Skip shell extension 'dsv' for command environment
[0.575s] INFO:colcon.colcon_ros.task.ament_cmake.build:Building ROS package in '/home/ALEX/anytrack/ros/src/test_cpp_pkg' with build type 'ament_cmake'
[0.576s] INFO:colcon.colcon_cmake.task.cmake.build:Building CMake package in '/home/ALEX/anytrack/ros/src/test_cpp_pkg'
[0.577s] INFO:colcon.colcon_core.shell:Skip shell extension 'powershell' for command environment: Not usable outside of PowerShell
[0.577s] DEBUG:colcon.colcon_core.shell:Skip shell extension 'dsv' for command environment
[0.581s] INFO:colcon.colcon_ros.task.ament_python.build:Building ROS package in '/home/ALEX/anytrack/ros/src/test_py_pkg' with build type 'ament_python'
[0.581s] Level 1:colcon.colcon_core.shell:create_environment_hook('test_py_pkg', 'ament_prefix_path')
[0.583s] INFO:colcon.colcon_core.shell:Creating environment hook '/home/ALEX/anytrack/ros/install/test_py_pkg/share/test_py_pkg/hook/ament_prefix_path.ps1'
[0.584s] INFO:colcon.colcon_core.shell:Creating environment descriptor '/home/ALEX/anytrack/ros/install/test_py_pkg/share/test_py_pkg/hook/ament_prefix_path.dsv'
[0.584s] INFO:colcon.colcon_core.shell:Creating environment hook '/home/ALEX/anytrack/ros/install/test_py_pkg/share/test_py_pkg/hook/ament_prefix_path.sh'
[0.586s] INFO:colcon.colcon_core.shell:Skip shell extension 'powershell' for command environment: Not usable outside of PowerShell
[0.586s] DEBUG:colcon.colcon_core.shell:Skip shell extension 'dsv' for command environment
[0.591s] INFO:colcon.colcon_ros.task.ament_cmake.build:Building ROS package in '/home/ALEX/anytrack/ros/src/urdf_example' with build type 'ament_cmake'
[0.591s] INFO:colcon.colcon_cmake.task.cmake.build:Building CMake package in '/home/ALEX/anytrack/ros/src/urdf_example'
[0.592s] INFO:colcon.colcon_core.shell:Skip shell extension 'powershell' for command environment: Not usable outside of PowerShell
[0.592s] DEBUG:colcon.colcon_core.shell:Skip shell extension 'dsv' for command environment
[0.844s] INFO:colcon.colcon_core.task.python.build:Building Python package in '/home/ALEX/anytrack/ros/src/scanner'
[0.845s] INFO:colcon.colcon_core.shell:Skip shell extension 'powershell' for command environment: Not usable outside of PowerShell
[0.845s] DEBUG:colcon.colcon_core.shell:Skip shell extension 'dsv' for command environment
[1.099s] INFO:colcon.colcon_core.task.python.build:Building Python package in '/home/ALEX/anytrack/ros/src/scannerV2'
[1.100s] INFO:colcon.colcon_core.shell:Skip shell extension 'powershell' for command environment: Not usable outside of PowerShell
[1.101s] DEBUG:colcon.colcon_core.shell:Skip shell extension 'dsv' for command environment
[1.107s] DEBUG:colcon.colcon_core.event_handler.log_command:Invoking command in '/home/ALEX/anytrack/ros/build/scanner_interfaces': CMAKE_PREFIX_PATH=${CMAKE_PREFIX_PATH}:/home/ALEX/anytrack/ros/install/test_py_pkg:/home/ALEX/anytrack/ros/install/scannerV2:/home/ALEX/anytrack/ros/install/scanner:/opt/ros/humble /usr/bin/cmake --build /home/ALEX/anytrack/ros/build/scanner_interfaces -- -j12 -l12
[1.112s] DEBUG:colcon.colcon_core.event_handler.log_command:Invoking command in '/home/ALEX/anytrack/ros/build/test_cpp_pkg': CMAKE_PREFIX_PATH=${CMAKE_PREFIX_PATH}:/home/ALEX/anytrack/ros/install/test_py_pkg:/home/ALEX/anytrack/ros/install/scannerV2:/home/ALEX/anytrack/ros/install/scanner:/opt/ros/humble /usr/bin/cmake --build /home/ALEX/anytrack/ros/build/test_cpp_pkg -- -j12 -l12
[1.351s] INFO:colcon.colcon_core.task.python.build:Building Python package in '/home/ALEX/anytrack/ros/src/test_py_pkg'
[1.352s] INFO:colcon.colcon_core.shell:Skip shell extension 'powershell' for command environment: Not usable outside of PowerShell
[1.352s] DEBUG:colcon.colcon_core.shell:Skip shell extension 'dsv' for command environment
[1.362s] DEBUG:colcon.colcon_core.event_handler.log_command:Invoking command in '/home/ALEX/anytrack/ros/build/urdf_example': CMAKE_PREFIX_PATH=${CMAKE_PREFIX_PATH}:/home/ALEX/anytrack/ros/install/test_py_pkg:/home/ALEX/anytrack/ros/install/scannerV2:/home/ALEX/anytrack/ros/install/scanner:/opt/ros/humble /usr/bin/cmake /home/ALEX/anytrack/ros/src/urdf_example -DCMAKE_INSTALL_PREFIX=/home/ALEX/anytrack/ros/install/urdf_example
[1.719s] DEBUG:colcon.colcon_core.event_handler.log_command:Invoking command in '/home/ALEX/anytrack/ros/build/test_py_pkg': PYTHONPATH=/home/ALEX/anytrack/ros/build/test_py_pkg/prefix_override:/home/ALEX/anytrack/ros/install/test_py_pkg/lib/python3.10/site-packages:${PYTHONPATH} /usr/bin/python3 setup.py develop --uninstall --editable --build-directory /home/ALEX/anytrack/ros/build/test_py_pkg/build
[1.726s] DEBUG:colcon.colcon_core.event_handler.log_command:Invoking command in '/home/ALEX/anytrack/ros/build/scanner': PYTHONPATH=/home/ALEX/anytrack/ros/build/scanner/prefix_override:/home/ALEX/anytrack/ros/install/scanner/lib/python3.10/site-packages:${PYTHONPATH} /usr/bin/python3 setup.py develop --uninstall --editable --build-directory /home/ALEX/anytrack/ros/build/scanner/build
[1.742s] DEBUG:colcon.colcon_core.event_handler.log_command:Invoking command in '/home/ALEX/anytrack/ros/build/scannerV2': PYTHONPATH=/home/ALEX/anytrack/ros/build/scannerV2/prefix_override:/home/ALEX/anytrack/ros/install/scannerV2/lib/python3.10/site-packages:${PYTHONPATH} /usr/bin/python3 setup.py develop --uninstall --editable --build-directory /home/ALEX/anytrack/ros/build/scannerV2/build
[2.085s] DEBUG:colcon.colcon_core.event_handler.log_command:Invoked command in '/home/ALEX/anytrack/ros/build/urdf_example' returned '0': CMAKE_PREFIX_PATH=${CMAKE_PREFIX_PATH}:/home/ALEX/anytrack/ros/install/test_py_pkg:/home/ALEX/anytrack/ros/install/scannerV2:/home/ALEX/anytrack/ros/install/scanner:/opt/ros/humble /usr/bin/cmake /home/ALEX/anytrack/ros/src/urdf_example -DCMAKE_INSTALL_PREFIX=/home/ALEX/anytrack/ros/install/urdf_example
[2.087s] DEBUG:colcon.colcon_core.event_handler.log_command:Invoking command in '/home/ALEX/anytrack/ros/build/urdf_example': CMAKE_PREFIX_PATH=${CMAKE_PREFIX_PATH}:/home/ALEX/anytrack/ros/install/test_py_pkg:/home/ALEX/anytrack/ros/install/scannerV2:/home/ALEX/anytrack/ros/install/scanner:/opt/ros/humble /usr/bin/cmake --build /home/ALEX/anytrack/ros/build/urdf_example -- -j12 -l12
[2.118s] DEBUG:colcon.colcon_core.event_handler.log_command:Invoked command in '/home/ALEX/anytrack/ros/build/urdf_example' returned '0': CMAKE_PREFIX_PATH=${CMAKE_PREFIX_PATH}:/home/ALEX/anytrack/ros/install/test_py_pkg:/home/ALEX/anytrack/ros/install/scannerV2:/home/ALEX/anytrack/ros/install/scanner:/opt/ros/humble /usr/bin/cmake --build /home/ALEX/anytrack/ros/build/urdf_example -- -j12 -l12
[2.147s] DEBUG:colcon.colcon_core.event_handler.log_command:Invoking command in '/home/ALEX/anytrack/ros/build/urdf_example': CMAKE_PREFIX_PATH=${CMAKE_PREFIX_PATH}:/home/ALEX/anytrack/ros/install/test_py_pkg:/home/ALEX/anytrack/ros/install/scannerV2:/home/ALEX/anytrack/ros/install/scanner:/opt/ros/humble /usr/bin/cmake --install /home/ALEX/anytrack/ros/build/urdf_example
[2.148s] DEBUG:colcon.colcon_core.event_handler.log_command:Invoked command in '/home/ALEX/anytrack/ros/build/scanner' returned '0': PYTHONPATH=/home/ALEX/anytrack/ros/build/scanner/prefix_override:/home/ALEX/anytrack/ros/install/scanner/lib/python3.10/site-packages:${PYTHONPATH} /usr/bin/python3 setup.py develop --uninstall --editable --build-directory /home/ALEX/anytrack/ros/build/scanner/build
[2.150s] DEBUG:colcon.colcon_core.event_handler.log_command:Invoking command in '/home/ALEX/anytrack/ros/src/scanner': PYTHONPATH=/home/ALEX/anytrack/ros/build/scanner/prefix_override:/home/ALEX/anytrack/ros/install/scanner/lib/python3.10/site-packages:${PYTHONPATH} /usr/bin/python3 setup.py egg_info --egg-base ../../build/scanner build --build-base /home/ALEX/anytrack/ros/build/scanner/build install --record /home/ALEX/anytrack/ros/build/scanner/install.log --single-version-externally-managed
[2.157s] DEBUG:colcon.colcon_core.event_handler.log_command:Invoked command in '/home/ALEX/anytrack/ros/build/test_py_pkg' returned '0': PYTHONPATH=/home/ALEX/anytrack/ros/build/test_py_pkg/prefix_override:/home/ALEX/anytrack/ros/install/test_py_pkg/lib/python3.10/site-packages:${PYTHONPATH} /usr/bin/python3 setup.py develop --uninstall --editable --build-directory /home/ALEX/anytrack/ros/build/test_py_pkg/build
[2.158s] DEBUG:colcon.colcon_core.event_handler.log_command:Invoking command in '/home/ALEX/anytrack/ros/src/test_py_pkg': PYTHONPATH=/home/ALEX/anytrack/ros/build/test_py_pkg/prefix_override:/home/ALEX/anytrack/ros/install/test_py_pkg/lib/python3.10/site-packages:${PYTHONPATH} /usr/bin/python3 setup.py egg_info --egg-base ../../build/test_py_pkg build --build-base /home/ALEX/anytrack/ros/build/test_py_pkg/build install --record /home/ALEX/anytrack/ros/build/test_py_pkg/install.log --single-version-externally-managed
[2.160s] Level 1:colcon.colcon_core.environment:create_environment_scripts_only(urdf_example)
[2.161s] DEBUG:colcon.colcon_core.event_handler.log_command:Invoked command in '/home/ALEX/anytrack/ros/build/urdf_example' returned '0': CMAKE_PREFIX_PATH=${CMAKE_PREFIX_PATH}:/home/ALEX/anytrack/ros/install/test_py_pkg:/home/ALEX/anytrack/ros/install/scannerV2:/home/ALEX/anytrack/ros/install/scanner:/opt/ros/humble /usr/bin/cmake --install /home/ALEX/anytrack/ros/build/urdf_example
[2.170s] Level 1:colcon.colcon_core.environment:checking '/home/ALEX/anytrack/ros/install/urdf_example' for CMake module files
[2.171s] Level 1:colcon.colcon_core.environment:checking '/home/ALEX/anytrack/ros/install/urdf_example' for CMake config files
[2.171s] Level 1:colcon.colcon_core.shell:create_environment_hook('urdf_example', 'cmake_prefix_path')
[2.173s] INFO:colcon.colcon_core.shell:Creating environment hook '/home/ALEX/anytrack/ros/install/urdf_example/share/urdf_example/hook/cmake_prefix_path.ps1'
[2.174s] INFO:colcon.colcon_core.shell:Creating environment descriptor '/home/ALEX/anytrack/ros/install/urdf_example/share/urdf_example/hook/cmake_prefix_path.dsv'
[2.174s] INFO:colcon.colcon_core.shell:Creating environment hook '/home/ALEX/anytrack/ros/install/urdf_example/share/urdf_example/hook/cmake_prefix_path.sh'
[2.175s] Level 1:colcon.colcon_core.environment:checking '/home/ALEX/anytrack/ros/install/urdf_example/bin'
[2.175s] Level 1:colcon.colcon_core.environment:checking '/home/ALEX/anytrack/ros/install/urdf_example/lib/pkgconfig/urdf_example.pc'
[2.175s] Level 1:colcon.colcon_core.environment:checking '/home/ALEX/anytrack/ros/install/urdf_example/lib/python3.10/site-packages'
[2.176s] Level 1:colcon.colcon_core.environment:checking '/home/ALEX/anytrack/ros/install/urdf_example/bin'
[2.178s] INFO:colcon.colcon_core.shell:Creating package script '/home/ALEX/anytrack/ros/install/urdf_example/share/urdf_example/package.ps1'
[2.179s] INFO:colcon.colcon_core.shell:Creating package descriptor '/home/ALEX/anytrack/ros/install/urdf_example/share/urdf_example/package.dsv'
[2.180s] INFO:colcon.colcon_core.shell:Creating package script '/home/ALEX/anytrack/ros/install/urdf_example/share/urdf_example/package.sh'
[2.181s] INFO:colcon.colcon_core.shell:Creating package script '/home/ALEX/anytrack/ros/install/urdf_example/share/urdf_example/package.bash'
[2.188s] INFO:colcon.colcon_core.shell:Creating package script '/home/ALEX/anytrack/ros/install/urdf_example/share/urdf_example/package.zsh'
[2.190s] Level 1:colcon.colcon_core.environment:create_file_with_runtime_dependencies(/home/ALEX/anytrack/ros/install/urdf_example/share/colcon-core/packages/urdf_example)
[2.211s] DEBUG:colcon.colcon_core.event_handler.log_command:Invoked command in '/home/ALEX/anytrack/ros/build/scannerV2' returned '0': PYTHONPATH=/home/ALEX/anytrack/ros/build/scannerV2/prefix_override:/home/ALEX/anytrack/ros/install/scannerV2/lib/python3.10/site-packages:${PYTHONPATH} /usr/bin/python3 setup.py develop --uninstall --editable --build-directory /home/ALEX/anytrack/ros/build/scannerV2/build
[2.216s] DEBUG:colcon.colcon_core.event_handler.log_command:Invoking command in '/home/ALEX/anytrack/ros/src/scannerV2': PYTHONPATH=/home/ALEX/anytrack/ros/build/scannerV2/prefix_override:/home/ALEX/anytrack/ros/install/scannerV2/lib/python3.10/site-packages:${PYTHONPATH} /usr/bin/python3 setup.py egg_info --egg-base ../../build/scannerV2 build --build-base /home/ALEX/anytrack/ros/build/scannerV2/build install --record /home/ALEX/anytrack/ros/build/scannerV2/install.log --single-version-externally-managed
[2.333s] Level 1:colcon.colcon_core.environment:create_environment_scripts_only(urdf_example)
[2.336s] Level 1:colcon.colcon_core.environment:checking '/home/ALEX/anytrack/ros/install/urdf_example' for CMake module files
[2.337s] Level 1:colcon.colcon_core.environment:checking '/home/ALEX/anytrack/ros/install/urdf_example' for CMake config files
[2.337s] Level 1:colcon.colcon_core.shell:create_environment_hook('urdf_example', 'cmake_prefix_path')
[2.339s] INFO:colcon.colcon_core.shell:Creating environment hook '/home/ALEX/anytrack/ros/install/urdf_example/share/urdf_example/hook/cmake_prefix_path.ps1'
[2.339s] INFO:colcon.colcon_core.shell:Creating environment descriptor '/home/ALEX/anytrack/ros/install/urdf_example/share/urdf_example/hook/cmake_prefix_path.dsv'
[2.340s] INFO:colcon.colcon_core.shell:Creating environment hook '/home/ALEX/anytrack/ros/install/urdf_example/share/urdf_example/hook/cmake_prefix_path.sh'
[2.340s] Level 1:colcon.colcon_core.environment:checking '/home/ALEX/anytrack/ros/install/urdf_example/bin'
[2.340s] Level 1:colcon.colcon_core.environment:checking '/home/ALEX/anytrack/ros/install/urdf_example/lib/pkgconfig/urdf_example.pc'
[2.341s] Level 1:colcon.colcon_core.environment:checking '/home/ALEX/anytrack/ros/install/urdf_example/lib/python3.10/site-packages'
[2.341s] Level 1:colcon.colcon_core.environment:checking '/home/ALEX/anytrack/ros/install/urdf_example/bin'
[2.343s] INFO:colcon.colcon_core.shell:Creating package script '/home/ALEX/anytrack/ros/install/urdf_example/share/urdf_example/package.ps1'
[2.344s] INFO:colcon.colcon_core.shell:Creating package descriptor '/home/ALEX/anytrack/ros/install/urdf_example/share/urdf_example/package.dsv'
[2.344s] INFO:colcon.colcon_core.shell:Creating package script '/home/ALEX/anytrack/ros/install/urdf_example/share/urdf_example/package.sh'
[2.345s] INFO:colcon.colcon_core.shell:Creating package script '/home/ALEX/anytrack/ros/install/urdf_example/share/urdf_example/package.bash'
[2.345s] INFO:colcon.colcon_core.shell:Creating package script '/home/ALEX/anytrack/ros/install/urdf_example/share/urdf_example/package.zsh'
[2.346s] Level 1:colcon.colcon_core.environment:create_file_with_runtime_dependencies(/home/ALEX/anytrack/ros/install/urdf_example/share/colcon-core/packages/urdf_example)
[2.787s] Level 1:colcon.colcon_core.environment:checking '/home/ALEX/anytrack/ros/install/scanner' for CMake module files
[2.788s] Level 1:colcon.colcon_core.environment:checking '/home/ALEX/anytrack/ros/install/scanner' for CMake config files
[2.789s] Level 1:colcon.colcon_core.environment:checking '/home/ALEX/anytrack/ros/install/scanner/lib'
[2.789s] Level 1:colcon.colcon_core.environment:checking '/home/ALEX/anytrack/ros/install/scanner/bin'
[2.789s] Level 1:colcon.colcon_core.environment:checking '/home/ALEX/anytrack/ros/install/scanner/lib/pkgconfig/scanner.pc'
[2.790s] Level 1:colcon.colcon_core.environment:checking '/home/ALEX/anytrack/ros/install/scanner/lib/python3.10/site-packages'
[2.790s] DEBUG:colcon.colcon_core.event_handler.log_command:Invoked command in '/home/ALEX/anytrack/ros/src/scanner' returned '0': PYTHONPATH=/home/ALEX/anytrack/ros/build/scanner/prefix_override:/home/ALEX/anytrack/ros/install/scanner/lib/python3.10/site-packages:${PYTHONPATH} /usr/bin/python3 setup.py egg_info --egg-base ../../build/scanner build --build-base /home/ALEX/anytrack/ros/build/scanner/build install --record /home/ALEX/anytrack/ros/build/scanner/install.log --single-version-externally-managed
[2.790s] Level 1:colcon.colcon_core.shell:create_environment_hook('scanner', 'pythonpath')
[2.793s] INFO:colcon.colcon_core.shell:Creating environment hook '/home/ALEX/anytrack/ros/install/scanner/share/scanner/hook/pythonpath.ps1'
[2.795s] INFO:colcon.colcon_core.shell:Creating environment descriptor '/home/ALEX/anytrack/ros/install/scanner/share/scanner/hook/pythonpath.dsv'
[2.796s] INFO:colcon.colcon_core.shell:Creating environment hook '/home/ALEX/anytrack/ros/install/scanner/share/scanner/hook/pythonpath.sh'
[2.797s] Level 1:colcon.colcon_core.environment:checking '/home/ALEX/anytrack/ros/install/scanner/bin'
[2.797s] Level 1:colcon.colcon_core.environment:create_environment_scripts_only(scanner)
[2.799s] INFO:colcon.colcon_core.shell:Creating package script '/home/ALEX/anytrack/ros/install/scanner/share/scanner/package.ps1'
[2.809s] INFO:colcon.colcon_core.shell:Creating package descriptor '/home/ALEX/anytrack/ros/install/scanner/share/scanner/package.dsv'
[2.810s] INFO:colcon.colcon_core.shell:Creating package script '/home/ALEX/anytrack/ros/install/scanner/share/scanner/package.sh'
[2.810s] INFO:colcon.colcon_core.shell:Creating package script '/home/ALEX/anytrack/ros/install/scanner/share/scanner/package.bash'
[2.811s] INFO:colcon.colcon_core.shell:Creating package script '/home/ALEX/anytrack/ros/install/scanner/share/scanner/package.zsh'
[2.811s] Level 1:colcon.colcon_core.environment:create_file_with_runtime_dependencies(/home/ALEX/anytrack/ros/install/scanner/share/colcon-core/packages/scanner)
[2.837s] Level 1:colcon.colcon_core.environment:checking '/home/ALEX/anytrack/ros/install/test_py_pkg' for CMake module files
[2.838s] DEBUG:colcon.colcon_core.event_handler.log_command:Invoked command in '/home/ALEX/anytrack/ros/src/test_py_pkg' returned '0': PYTHONPATH=/home/ALEX/anytrack/ros/build/test_py_pkg/prefix_override:/home/ALEX/anytrack/ros/install/test_py_pkg/lib/python3.10/site-packages:${PYTHONPATH} /usr/bin/python3 setup.py egg_info --egg-base ../../build/test_py_pkg build --build-base /home/ALEX/anytrack/ros/build/test_py_pkg/build install --record /home/ALEX/anytrack/ros/build/test_py_pkg/install.log --single-version-externally-managed
[2.839s] Level 1:colcon.colcon_core.environment:checking '/home/ALEX/anytrack/ros/install/test_py_pkg' for CMake config files
[2.839s] Level 1:colcon.colcon_core.environment:checking '/home/ALEX/anytrack/ros/install/test_py_pkg/lib'
[2.839s] Level 1:colcon.colcon_core.environment:checking '/home/ALEX/anytrack/ros/install/test_py_pkg/bin'
[2.840s] Level 1:colcon.colcon_core.environment:checking '/home/ALEX/anytrack/ros/install/test_py_pkg/lib/pkgconfig/test_py_pkg.pc'
[2.840s] Level 1:colcon.colcon_core.environment:checking '/home/ALEX/anytrack/ros/install/test_py_pkg/lib/python3.10/site-packages'
[2.841s] Level 1:colcon.colcon_core.shell:create_environment_hook('test_py_pkg', 'pythonpath')
[2.844s] INFO:colcon.colcon_core.shell:Creating environment hook '/home/ALEX/anytrack/ros/install/test_py_pkg/share/test_py_pkg/hook/pythonpath.ps1'
[2.845s] INFO:colcon.colcon_core.shell:Creating environment descriptor '/home/ALEX/anytrack/ros/install/test_py_pkg/share/test_py_pkg/hook/pythonpath.dsv'
[2.845s] INFO:colcon.colcon_core.shell:Creating environment hook '/home/ALEX/anytrack/ros/install/test_py_pkg/share/test_py_pkg/hook/pythonpath.sh'
[2.846s] Level 1:colcon.colcon_core.environment:checking '/home/ALEX/anytrack/ros/install/test_py_pkg/bin'
[2.846s] Level 1:colcon.colcon_core.environment:create_environment_scripts_only(test_py_pkg)
[2.848s] INFO:colcon.colcon_core.shell:Creating package script '/home/ALEX/anytrack/ros/install/test_py_pkg/share/test_py_pkg/package.ps1'
[2.849s] INFO:colcon.colcon_core.shell:Creating package descriptor '/home/ALEX/anytrack/ros/install/test_py_pkg/share/test_py_pkg/package.dsv'
[2.870s] INFO:colcon.colcon_core.shell:Creating package script '/home/ALEX/anytrack/ros/install/test_py_pkg/share/test_py_pkg/package.sh'
[2.871s] INFO:colcon.colcon_core.shell:Creating package script '/home/ALEX/anytrack/ros/install/test_py_pkg/share/test_py_pkg/package.bash'
[2.871s] INFO:colcon.colcon_core.shell:Creating package script '/home/ALEX/anytrack/ros/install/test_py_pkg/share/test_py_pkg/package.zsh'
[2.872s] Level 1:colcon.colcon_core.environment:create_file_with_runtime_dependencies(/home/ALEX/anytrack/ros/install/test_py_pkg/share/colcon-core/packages/test_py_pkg)
[2.996s] Level 1:colcon.colcon_core.environment:checking '/home/ALEX/anytrack/ros/install/scannerV2' for CMake module files
[2.997s] Level 1:colcon.colcon_core.environment:checking '/home/ALEX/anytrack/ros/install/scannerV2' for CMake config files
[2.998s] Level 1:colcon.colcon_core.environment:checking '/home/ALEX/anytrack/ros/install/scannerV2/lib'
[2.998s] Level 1:colcon.colcon_core.environment:checking '/home/ALEX/anytrack/ros/install/scannerV2/bin'
[2.998s] Level 1:colcon.colcon_core.environment:checking '/home/ALEX/anytrack/ros/install/scannerV2/lib/pkgconfig/scannerV2.pc'
[2.998s] Level 1:colcon.colcon_core.environment:checking '/home/ALEX/anytrack/ros/install/scannerV2/lib/python3.10/site-packages'
[2.998s] Level 1:colcon.colcon_core.shell:create_environment_hook('scannerV2', 'pythonpath')
[3.000s] INFO:colcon.colcon_core.shell:Creating environment hook '/home/ALEX/anytrack/ros/install/scannerV2/share/scannerV2/hook/pythonpath.ps1'
[3.000s] DEBUG:colcon.colcon_core.event_handler.log_command:Invoked command in '/home/ALEX/anytrack/ros/src/scannerV2' returned '0': PYTHONPATH=/home/ALEX/anytrack/ros/build/scannerV2/prefix_override:/home/ALEX/anytrack/ros/install/scannerV2/lib/python3.10/site-packages:${PYTHONPATH} /usr/bin/python3 setup.py egg_info --egg-base ../../build/scannerV2 build --build-base /home/ALEX/anytrack/ros/build/scannerV2/build install --record /home/ALEX/anytrack/ros/build/scannerV2/install.log --single-version-externally-managed
[3.001s] INFO:colcon.colcon_core.shell:Creating environment descriptor '/home/ALEX/anytrack/ros/install/scannerV2/share/scannerV2/hook/pythonpath.dsv'
[3.001s] INFO:colcon.colcon_core.shell:Creating environment hook '/home/ALEX/anytrack/ros/install/scannerV2/share/scannerV2/hook/pythonpath.sh'
[3.002s] Level 1:colcon.colcon_core.environment:checking '/home/ALEX/anytrack/ros/install/scannerV2/bin'
[3.002s] Level 1:colcon.colcon_core.environment:create_environment_scripts_only(scannerV2)
[3.005s] INFO:colcon.colcon_core.shell:Creating package script '/home/ALEX/anytrack/ros/install/scannerV2/share/scannerV2/package.ps1'
[3.005s] INFO:colcon.colcon_core.shell:Creating package descriptor '/home/ALEX/anytrack/ros/install/scannerV2/share/scannerV2/package.dsv'
[3.006s] INFO:colcon.colcon_core.shell:Creating package script '/home/ALEX/anytrack/ros/install/scannerV2/share/scannerV2/package.sh'
[3.006s] INFO:colcon.colcon_core.shell:Creating package script '/home/ALEX/anytrack/ros/install/scannerV2/share/scannerV2/package.bash'
[3.007s] INFO:colcon.colcon_core.shell:Creating package script '/home/ALEX/anytrack/ros/install/scannerV2/share/scannerV2/package.zsh'
[3.007s] Level 1:colcon.colcon_core.environment:create_file_with_runtime_dependencies(/home/ALEX/anytrack/ros/install/scannerV2/share/colcon-core/packages/scannerV2)
[4.370s] DEBUG:colcon.colcon_core.event_handler.log_command:Invoked command in '/home/ALEX/anytrack/ros/build/scanner_interfaces' returned '0': CMAKE_PREFIX_PATH=${CMAKE_PREFIX_PATH}:/home/ALEX/anytrack/ros/install/test_py_pkg:/home/ALEX/anytrack/ros/install/scannerV2:/home/ALEX/anytrack/ros/install/scanner:/opt/ros/humble /usr/bin/cmake --build /home/ALEX/anytrack/ros/build/scanner_interfaces -- -j12 -l12
[4.466s] DEBUG:colcon.colcon_core.event_handler.log_command:Invoking command in '/home/ALEX/anytrack/ros/build/scanner_interfaces': CMAKE_PREFIX_PATH=${CMAKE_PREFIX_PATH}:/home/ALEX/anytrack/ros/install/test_py_pkg:/home/ALEX/anytrack/ros/install/scannerV2:/home/ALEX/anytrack/ros/install/scanner:/opt/ros/humble /usr/bin/cmake --install /home/ALEX/anytrack/ros/build/scanner_interfaces
[4.572s] Level 1:colcon.colcon_core.environment:create_environment_scripts_only(scanner_interfaces)
[4.575s] Level 1:colcon.colcon_core.environment:checking '/home/ALEX/anytrack/ros/install/scanner_interfaces' for CMake module files
[4.576s] DEBUG:colcon.colcon_core.event_handler.log_command:Invoked command in '/home/ALEX/anytrack/ros/build/scanner_interfaces' returned '0': CMAKE_PREFIX_PATH=${CMAKE_PREFIX_PATH}:/home/ALEX/anytrack/ros/install/test_py_pkg:/home/ALEX/anytrack/ros/install/scannerV2:/home/ALEX/anytrack/ros/install/scanner:/opt/ros/humble /usr/bin/cmake --install /home/ALEX/anytrack/ros/build/scanner_interfaces
[4.577s] Level 1:colcon.colcon_core.environment:checking '/home/ALEX/anytrack/ros/install/scanner_interfaces' for CMake config files
[4.578s] Level 1:colcon.colcon_core.shell:create_environment_hook('scanner_interfaces', 'cmake_prefix_path')
[4.580s] INFO:colcon.colcon_core.shell:Creating environment hook '/home/ALEX/anytrack/ros/install/scanner_interfaces/share/scanner_interfaces/hook/cmake_prefix_path.ps1'
[4.581s] INFO:colcon.colcon_core.shell:Creating environment descriptor '/home/ALEX/anytrack/ros/install/scanner_interfaces/share/scanner_interfaces/hook/cmake_prefix_path.dsv'
[4.581s] INFO:colcon.colcon_core.shell:Creating environment hook '/home/ALEX/anytrack/ros/install/scanner_interfaces/share/scanner_interfaces/hook/cmake_prefix_path.sh'
[4.582s] Level 1:colcon.colcon_core.environment:checking '/home/ALEX/anytrack/ros/install/scanner_interfaces/lib'
[4.582s] Level 1:colcon.colcon_core.shell:create_environment_hook('scanner_interfaces', 'ld_library_path_lib')
[4.584s] INFO:colcon.colcon_core.shell:Creating environment hook '/home/ALEX/anytrack/ros/install/scanner_interfaces/share/scanner_interfaces/hook/ld_library_path_lib.ps1'
[4.585s] INFO:colcon.colcon_core.shell:Creating environment descriptor '/home/ALEX/anytrack/ros/install/scanner_interfaces/share/scanner_interfaces/hook/ld_library_path_lib.dsv'
[4.585s] INFO:colcon.colcon_core.shell:Creating environment hook '/home/ALEX/anytrack/ros/install/scanner_interfaces/share/scanner_interfaces/hook/ld_library_path_lib.sh'
[4.586s] Level 1:colcon.colcon_core.environment:checking '/home/ALEX/anytrack/ros/install/scanner_interfaces/bin'
[4.586s] Level 1:colcon.colcon_core.environment:checking '/home/ALEX/anytrack/ros/install/scanner_interfaces/lib/pkgconfig/scanner_interfaces.pc'
[4.586s] Level 1:colcon.colcon_core.environment:checking '/home/ALEX/anytrack/ros/install/scanner_interfaces/lib/python3.10/site-packages'
[4.587s] Level 1:colcon.colcon_core.environment:checking '/home/ALEX/anytrack/ros/install/scanner_interfaces/bin'
[4.589s] INFO:colcon.colcon_core.shell:Creating package script '/home/ALEX/anytrack/ros/install/scanner_interfaces/share/scanner_interfaces/package.ps1'
[4.590s] INFO:colcon.colcon_core.shell:Creating package descriptor '/home/ALEX/anytrack/ros/install/scanner_interfaces/share/scanner_interfaces/package.dsv'
[4.591s] INFO:colcon.colcon_core.shell:Creating package script '/home/ALEX/anytrack/ros/install/scanner_interfaces/share/scanner_interfaces/package.sh'
[4.591s] INFO:colcon.colcon_core.shell:Creating package script '/home/ALEX/anytrack/ros/install/scanner_interfaces/share/scanner_interfaces/package.bash'
[4.592s] INFO:colcon.colcon_core.shell:Creating package script '/home/ALEX/anytrack/ros/install/scanner_interfaces/share/scanner_interfaces/package.zsh'
[4.592s] Level 1:colcon.colcon_core.environment:create_file_with_runtime_dependencies(/home/ALEX/anytrack/ros/install/scanner_interfaces/share/colcon-core/packages/scanner_interfaces)
[4.748s] Level 1:colcon.colcon_core.environment:create_environment_scripts_only(scanner_interfaces)
[4.751s] Level 1:colcon.colcon_core.environment:checking '/home/ALEX/anytrack/ros/install/scanner_interfaces' for CMake module files
[4.752s] Level 1:colcon.colcon_core.environment:checking '/home/ALEX/anytrack/ros/install/scanner_interfaces' for CMake config files
[4.753s] Level 1:colcon.colcon_core.shell:create_environment_hook('scanner_interfaces', 'cmake_prefix_path')
[4.755s] INFO:colcon.colcon_core.shell:Creating environment hook '/home/ALEX/anytrack/ros/install/scanner_interfaces/share/scanner_interfaces/hook/cmake_prefix_path.ps1'
[4.756s] INFO:colcon.colcon_core.shell:Creating environment descriptor '/home/ALEX/anytrack/ros/install/scanner_interfaces/share/scanner_interfaces/hook/cmake_prefix_path.dsv'
[4.757s] INFO:colcon.colcon_core.shell:Creating environment hook '/home/ALEX/anytrack/ros/install/scanner_interfaces/share/scanner_interfaces/hook/cmake_prefix_path.sh'
[4.757s] Level 1:colcon.colcon_core.environment:checking '/home/ALEX/anytrack/ros/install/scanner_interfaces/lib'
[4.757s] Level 1:colcon.colcon_core.shell:create_environment_hook('scanner_interfaces', 'ld_library_path_lib')
[4.760s] INFO:colcon.colcon_core.shell:Creating environment hook '/home/ALEX/anytrack/ros/install/scanner_interfaces/share/scanner_interfaces/hook/ld_library_path_lib.ps1'
[4.760s] INFO:colcon.colcon_core.shell:Creating environment descriptor '/home/ALEX/anytrack/ros/install/scanner_interfaces/share/scanner_interfaces/hook/ld_library_path_lib.dsv'
[4.761s] INFO:colcon.colcon_core.shell:Creating environment hook '/home/ALEX/anytrack/ros/install/scanner_interfaces/share/scanner_interfaces/hook/ld_library_path_lib.sh'
[4.761s] Level 1:colcon.colcon_core.environment:checking '/home/ALEX/anytrack/ros/install/scanner_interfaces/bin'
[4.761s] Level 1:colcon.colcon_core.environment:checking '/home/ALEX/anytrack/ros/install/scanner_interfaces/lib/pkgconfig/scanner_interfaces.pc'
[4.762s] Level 1:colcon.colcon_core.environment:checking '/home/ALEX/anytrack/ros/install/scanner_interfaces/lib/python3.10/site-packages'
[4.762s] Level 1:colcon.colcon_core.environment:checking '/home/ALEX/anytrack/ros/install/scanner_interfaces/bin'
[4.765s] INFO:colcon.colcon_core.shell:Creating package script '/home/ALEX/anytrack/ros/install/scanner_interfaces/share/scanner_interfaces/package.ps1'
[4.766s] INFO:colcon.colcon_core.shell:Creating package descriptor '/home/ALEX/anytrack/ros/install/scanner_interfaces/share/scanner_interfaces/package.dsv'
[4.767s] INFO:colcon.colcon_core.shell:Creating package script '/home/ALEX/anytrack/ros/install/scanner_interfaces/share/scanner_interfaces/package.sh'
[4.767s] INFO:colcon.colcon_core.shell:Creating package script '/home/ALEX/anytrack/ros/install/scanner_interfaces/share/scanner_interfaces/package.bash'
[4.768s] INFO:colcon.colcon_core.shell:Creating package script '/home/ALEX/anytrack/ros/install/scanner_interfaces/share/scanner_interfaces/package.zsh'
[4.768s] Level 1:colcon.colcon_core.environment:create_file_with_runtime_dependencies(/home/ALEX/anytrack/ros/install/scanner_interfaces/share/colcon-core/packages/scanner_interfaces)
[11.476s] DEBUG:colcon.colcon_core.event_handler.log_command:Invoked command in '/home/ALEX/anytrack/ros/build/test_cpp_pkg' returned '0': CMAKE_PREFIX_PATH=${CMAKE_PREFIX_PATH}:/home/ALEX/anytrack/ros/install/test_py_pkg:/home/ALEX/anytrack/ros/install/scannerV2:/home/ALEX/anytrack/ros/install/scanner:/opt/ros/humble /usr/bin/cmake --build /home/ALEX/anytrack/ros/build/test_cpp_pkg -- -j12 -l12
[11.506s] DEBUG:colcon.colcon_core.event_handler.log_command:Invoking command in '/home/ALEX/anytrack/ros/build/test_cpp_pkg': CMAKE_PREFIX_PATH=${CMAKE_PREFIX_PATH}:/home/ALEX/anytrack/ros/install/test_py_pkg:/home/ALEX/anytrack/ros/install/scannerV2:/home/ALEX/anytrack/ros/install/scanner:/opt/ros/humble /usr/bin/cmake --install /home/ALEX/anytrack/ros/build/test_cpp_pkg
[11.524s] Level 1:colcon.colcon_core.environment:create_environment_scripts_only(test_cpp_pkg)
[11.526s] Level 1:colcon.colcon_core.environment:checking '/home/ALEX/anytrack/ros/install/test_cpp_pkg' for CMake module files
[11.526s] DEBUG:colcon.colcon_core.event_handler.log_command:Invoked command in '/home/ALEX/anytrack/ros/build/test_cpp_pkg' returned '0': CMAKE_PREFIX_PATH=${CMAKE_PREFIX_PATH}:/home/ALEX/anytrack/ros/install/test_py_pkg:/home/ALEX/anytrack/ros/install/scannerV2:/home/ALEX/anytrack/ros/install/scanner:/opt/ros/humble /usr/bin/cmake --install /home/ALEX/anytrack/ros/build/test_cpp_pkg
[11.527s] Level 1:colcon.colcon_core.environment:checking '/home/ALEX/anytrack/ros/install/test_cpp_pkg' for CMake config files
[11.527s] Level 1:colcon.colcon_core.shell:create_environment_hook('test_cpp_pkg', 'cmake_prefix_path')
[11.528s] INFO:colcon.colcon_core.shell:Creating environment hook '/home/ALEX/anytrack/ros/install/test_cpp_pkg/share/test_cpp_pkg/hook/cmake_prefix_path.ps1'
[11.528s] INFO:colcon.colcon_core.shell:Creating environment descriptor '/home/ALEX/anytrack/ros/install/test_cpp_pkg/share/test_cpp_pkg/hook/cmake_prefix_path.dsv'
[11.529s] INFO:colcon.colcon_core.shell:Creating environment hook '/home/ALEX/anytrack/ros/install/test_cpp_pkg/share/test_cpp_pkg/hook/cmake_prefix_path.sh'
[11.529s] Level 1:colcon.colcon_core.environment:checking '/home/ALEX/anytrack/ros/install/test_cpp_pkg/lib'
[11.529s] Level 1:colcon.colcon_core.environment:checking '/home/ALEX/anytrack/ros/install/test_cpp_pkg/bin'
[11.529s] Level 1:colcon.colcon_core.environment:checking '/home/ALEX/anytrack/ros/install/test_cpp_pkg/lib/pkgconfig/test_cpp_pkg.pc'
[11.529s] Level 1:colcon.colcon_core.environment:checking '/home/ALEX/anytrack/ros/install/test_cpp_pkg/lib/python3.10/site-packages'
[11.530s] Level 1:colcon.colcon_core.environment:checking '/home/ALEX/anytrack/ros/install/test_cpp_pkg/bin'
[11.531s] INFO:colcon.colcon_core.shell:Creating package script '/home/ALEX/anytrack/ros/install/test_cpp_pkg/share/test_cpp_pkg/package.ps1'
[11.531s] INFO:colcon.colcon_core.shell:Creating package descriptor '/home/ALEX/anytrack/ros/install/test_cpp_pkg/share/test_cpp_pkg/package.dsv'
[11.531s] INFO:colcon.colcon_core.shell:Creating package script '/home/ALEX/anytrack/ros/install/test_cpp_pkg/share/test_cpp_pkg/package.sh'
[11.532s] INFO:colcon.colcon_core.shell:Creating package script '/home/ALEX/anytrack/ros/install/test_cpp_pkg/share/test_cpp_pkg/package.bash'
[11.532s] INFO:colcon.colcon_core.shell:Creating package script '/home/ALEX/anytrack/ros/install/test_cpp_pkg/share/test_cpp_pkg/package.zsh'
[11.532s] Level 1:colcon.colcon_core.environment:create_file_with_runtime_dependencies(/home/ALEX/anytrack/ros/install/test_cpp_pkg/share/colcon-core/packages/test_cpp_pkg)
[11.562s] Level 1:colcon.colcon_core.environment:create_environment_scripts_only(test_cpp_pkg)
[11.564s] Level 1:colcon.colcon_core.environment:checking '/home/ALEX/anytrack/ros/install/test_cpp_pkg' for CMake module files
[11.564s] Level 1:colcon.colcon_core.environment:checking '/home/ALEX/anytrack/ros/install/test_cpp_pkg' for CMake config files
[11.565s] Level 1:colcon.colcon_core.shell:create_environment_hook('test_cpp_pkg', 'cmake_prefix_path')
[11.566s] INFO:colcon.colcon_core.shell:Creating environment hook '/home/ALEX/anytrack/ros/install/test_cpp_pkg/share/test_cpp_pkg/hook/cmake_prefix_path.ps1'
[11.566s] INFO:colcon.colcon_core.shell:Creating environment descriptor '/home/ALEX/anytrack/ros/install/test_cpp_pkg/share/test_cpp_pkg/hook/cmake_prefix_path.dsv'
[11.566s] INFO:colcon.colcon_core.shell:Creating environment hook '/home/ALEX/anytrack/ros/install/test_cpp_pkg/share/test_cpp_pkg/hook/cmake_prefix_path.sh'
[11.567s] Level 1:colcon.colcon_core.environment:checking '/home/ALEX/anytrack/ros/install/test_cpp_pkg/lib'
[11.567s] Level 1:colcon.colcon_core.environment:checking '/home/ALEX/anytrack/ros/install/test_cpp_pkg/bin'
[11.567s] Level 1:colcon.colcon_core.environment:checking '/home/ALEX/anytrack/ros/install/test_cpp_pkg/lib/pkgconfig/test_cpp_pkg.pc'
[11.567s] Level 1:colcon.colcon_core.environment:checking '/home/ALEX/anytrack/ros/install/test_cpp_pkg/lib/python3.10/site-packages'
[11.567s] Level 1:colcon.colcon_core.environment:checking '/home/ALEX/anytrack/ros/install/test_cpp_pkg/bin'
[11.568s] INFO:colcon.colcon_core.shell:Creating package script '/home/ALEX/anytrack/ros/install/test_cpp_pkg/share/test_cpp_pkg/package.ps1'
[11.569s] INFO:colcon.colcon_core.shell:Creating package descriptor '/home/ALEX/anytrack/ros/install/test_cpp_pkg/share/test_cpp_pkg/package.dsv'
[11.569s] INFO:colcon.colcon_core.shell:Creating package script '/home/ALEX/anytrack/ros/install/test_cpp_pkg/share/test_cpp_pkg/package.sh'
[11.569s] INFO:colcon.colcon_core.shell:Creating package script '/home/ALEX/anytrack/ros/install/test_cpp_pkg/share/test_cpp_pkg/package.bash'
[11.570s] INFO:colcon.colcon_core.shell:Creating package script '/home/ALEX/anytrack/ros/install/test_cpp_pkg/share/test_cpp_pkg/package.zsh'
[11.570s] Level 1:colcon.colcon_core.environment:create_file_with_runtime_dependencies(/home/ALEX/anytrack/ros/install/test_cpp_pkg/share/colcon-core/packages/test_cpp_pkg)
[11.570s] DEBUG:colcon.colcon_parallel_executor.executor.parallel:closing loop
[11.570s] DEBUG:colcon.colcon_parallel_executor.executor.parallel:loop closed
[11.570s] DEBUG:colcon.colcon_parallel_executor.executor.parallel:run_until_complete finished with '0'
[11.571s] DEBUG:colcon.colcon_core.event_reactor:joining thread
[11.578s] INFO:colcon.colcon_core.plugin_system:Skipping extension 'colcon_notification.desktop_notification.notify_send': Could not find 'notify-send'
[11.578s] INFO:colcon.colcon_core.plugin_system:Skipping extension 'colcon_notification.desktop_notification.terminal_notifier': Not used on non-Darwin systems
[11.578s] INFO:colcon.colcon_core.plugin_system:Skipping extension 'colcon_notification.desktop_notification.win32': Not used on non-Windows systems
[11.578s] INFO:colcon.colcon_notification.desktop_notification:Sending desktop notification using 'notify2'
[11.580s] DEBUG:colcon.colcon_notification.desktop_notification.notify2:Failed to initialize notify2: org.freedesktop.DBus.Error.Spawn.ExecFailed: /usr/bin/dbus-launch terminated abnormally without any error message
[11.581s] DEBUG:colcon.colcon_core.event_reactor:joined thread
[11.582s] INFO:colcon.colcon_core.shell:Creating prefix script '/home/ALEX/anytrack/ros/install/local_setup.ps1'
[11.583s] INFO:colcon.colcon_core.shell:Creating prefix util module '/home/ALEX/anytrack/ros/install/_local_setup_util_ps1.py'
[11.584s] INFO:colcon.colcon_core.shell:Creating prefix chain script '/home/ALEX/anytrack/ros/install/setup.ps1'
[11.586s] INFO:colcon.colcon_core.shell:Creating prefix script '/home/ALEX/anytrack/ros/install/local_setup.sh'
[11.586s] INFO:colcon.colcon_core.shell:Creating prefix util module '/home/ALEX/anytrack/ros/install/_local_setup_util_sh.py'
[11.587s] INFO:colcon.colcon_core.shell:Creating prefix chain script '/home/ALEX/anytrack/ros/install/setup.sh'
[11.588s] INFO:colcon.colcon_core.shell:Creating prefix script '/home/ALEX/anytrack/ros/install/local_setup.bash'
[11.589s] INFO:colcon.colcon_core.shell:Creating prefix chain script '/home/ALEX/anytrack/ros/install/setup.bash'
[11.590s] INFO:colcon.colcon_core.shell:Creating prefix script '/home/ALEX/anytrack/ros/install/local_setup.zsh'
[11.591s] INFO:colcon.colcon_core.shell:Creating prefix chain script '/home/ALEX/anytrack/ros/install/setup.zsh'
