[0.910s] Invoking command in '/home/ALEX/anytrack/ros/build/scanner': PYTHONPATH=/home/ALEX/anytrack/ros/install/scanner/lib/python3.10/site-packages:${PYTHONPATH} /usr/bin/python3 setup.py develop --prefix /home/ALEX/anytrack/ros/install/scanner --uninstall --editable --build-directory /home/ALEX/anytrack/ros/build/scanner/build
[1.151s] running develop
[1.319s] Invoked command in '/home/ALEX/anytrack/ros/build/scanner' returned '0': PYTHONPATH=/home/ALEX/anytrack/ros/install/scanner/lib/python3.10/site-packages:${PYTHONPATH} /usr/bin/python3 setup.py develop --prefix /home/ALEX/anytrack/ros/install/scanner --uninstall --editable --build-directory /home/ALEX/anytrack/ros/build/scanner/build
[1.319s] Invoking command in '/home/ALEX/anytrack/ros/src/scanner': PYTHONPATH=/home/ALEX/anytrack/ros/install/scanner/lib/python3.10/site-packages:${PYTHONPATH} /usr/bin/python3 setup.py egg_info --egg-base ../../build/scanner build --build-base /home/ALEX/anytrack/ros/build/scanner/build install --prefix /home/ALEX/anytrack/ros/install/scanner --record /home/ALEX/anytrack/ros/build/scanner/install.log --single-version-externally-managed
[1.555s] running egg_info
[1.556s] writing ../../build/scanner/scanner.egg-info/PKG-INFO
[1.556s] writing dependency_links to ../../build/scanner/scanner.egg-info/dependency_links.txt
[1.556s] writing entry points to ../../build/scanner/scanner.egg-info/entry_points.txt
[1.556s] writing requirements to ../../build/scanner/scanner.egg-info/requires.txt
[1.556s] writing top-level names to ../../build/scanner/scanner.egg-info/top_level.txt
[1.558s] reading manifest file '../../build/scanner/scanner.egg-info/SOURCES.txt'
[1.559s] writing manifest file '../../build/scanner/scanner.egg-info/SOURCES.txt'
[1.559s] running build
[1.559s] running build_py
[1.559s] running install
[1.560s] running install_lib
[1.561s] running install_data
[1.561s] running install_egg_info
[1.563s] removing '/home/ALEX/anytrack/ros/install/scanner/lib/python3.10/site-packages/scanner-0.0.0-py3.10.egg-info' (and everything under it)
[1.563s] Copying ../../build/scanner/scanner.egg-info to /home/ALEX/anytrack/ros/install/scanner/lib/python3.10/site-packages/scanner-0.0.0-py3.10.egg-info
[1.564s] running install_scripts
[1.584s] Installing ball_scanner script to /home/ALEX/anytrack/ros/install/scanner/lib/scanner
[1.584s] Installing camera_info_publisher script to /home/ALEX/anytrack/ros/install/scanner/lib/scanner
[1.584s] Installing camera_publisher script to /home/ALEX/anytrack/ros/install/scanner/lib/scanner
[1.584s] Installing test_vec_publisher script to /home/ALEX/anytrack/ros/install/scanner/lib/scanner
[1.584s] Installing tf_broadcaster script to /home/ALEX/anytrack/ros/install/scanner/lib/scanner
[1.584s] writing list of installed files to '/home/ALEX/anytrack/ros/build/scanner/install.log'
[1.609s] Invoked command in '/home/ALEX/anytrack/ros/src/scanner' returned '0': PYTHONPATH=/home/ALEX/anytrack/ros/install/scanner/lib/python3.10/site-packages:${PYTHONPATH} /usr/bin/python3 setup.py egg_info --egg-base ../../build/scanner build --build-base /home/ALEX/anytrack/ros/build/scanner/build install --prefix /home/ALEX/anytrack/ros/install/scanner --record /home/ALEX/anytrack/ros/build/scanner/install.log --single-version-externally-managed
