[0.021s] Invoking command in '/home/ALEX/3dev/ros/build/scanner_interfaces': CMAKE_PREFIX_PATH=${CMAKE_PREFIX_PATH}:/home/ALEX/3dev/ros/install/test_py_pkg:/home/ALEX/3dev/ros/install/scannerV2:/home/ALEX/3dev/ros/install/scanner:/opt/ros/humble /usr/bin/cmake --build /home/ALEX/3dev/ros/build/scanner_interfaces -- -j12 -l12
[0.042s] -- Found ament_cmake: 1.3.2 (/opt/ros/humble/share/ament_cmake/cmake)
[0.173s] -- Found rosidl_default_generators: 1.2.0 (/opt/ros/humble/share/rosidl_default_generators/cmake)
[0.175s] -- Using all available rosidl_typesupport_c: rosidl_typesupport_fastrtps_c;rosidl_typesupport_introspection_c
[0.178s] -- Found rosidl_adapter: 3.1.3 (/opt/ros/humble/share/rosidl_adapter/cmake)
[0.208s] -- Using all available rosidl_typesupport_cpp: rosidl_typesupport_fastrtps_cpp;rosidl_typesupport_introspection_cpp
[0.464s] -- Found ament_cmake_ros: 0.10.0 (/opt/ros/humble/share/ament_cmake_ros/cmake)
[0.630s] -- Using all available rosidl_typesupport_c: rosidl_typesupport_fastrtps_c;rosidl_typesupport_introspection_c
[0.849s] -- Using all available rosidl_typesupport_cpp: rosidl_typesupport_fastrtps_cpp;rosidl_typesupport_introspection_cpp
[0.869s] -- Found python_cmake_module: 0.10.0 (/opt/ros/humble/share/python_cmake_module/cmake)
[0.889s] -- Using PYTHON_EXECUTABLE: /usr/bin/python3
[0.889s] -- Using PYTHON_INCLUDE_DIRS: /usr/include/python3.10
[0.889s] -- Using PYTHON_LIBRARIES: /usr/lib/x86_64-linux-gnu/libpython3.10.so
[0.908s] -- Configuring done
[0.943s] -- Generating done
[0.945s] -- Build files have been written to: /home/ALEX/3dev/ros/build/scanner_interfaces
[0.964s] [  1%] [34m[1mGenerating C code for ROS interfaces[0m
[0.972s] [  3%] [34m[1mGenerating C++ code for ROS interfaces[0m
[0.981s] [  3%] Built target ament_cmake_python_copy_scanner_interfaces
[1.217s] running egg_info
[1.218s] writing scanner_interfaces.egg-info/PKG-INFO
[1.218s] writing dependency_links to scanner_interfaces.egg-info/dependency_links.txt
[1.218s] writing top-level names to scanner_interfaces.egg-info/top_level.txt
[1.220s] reading manifest file 'scanner_interfaces.egg-info/SOURCES.txt'
[1.220s] writing manifest file 'scanner_interfaces.egg-info/SOURCES.txt'
[1.242s] [  3%] Built target ament_cmake_python_build_scanner_interfaces_egg
[1.382s] [35m[1mConsolidate compiler generated dependencies of target scanner_interfaces__rosidl_generator_c[0m
[1.392s] [  5%] [32mBuilding C object CMakeFiles/scanner_interfaces__rosidl_generator_c.dir/rosidl_generator_c/scanner_interfaces/msg/detail/object__functions.c.o[0m
[1.393s] [  5%] Built target scanner_interfaces__cpp
[1.393s] [  7%] [32mBuilding C object CMakeFiles/scanner_interfaces__rosidl_generator_c.dir/rosidl_generator_c/scanner_interfaces/msg/detail/tracks__functions.c.o[0m
[1.395s] [ 10%] [32mBuilding C object CMakeFiles/scanner_interfaces__rosidl_generator_c.dir/rosidl_generator_c/scanner_interfaces/msg/detail/camera_locations__functions.c.o[0m
[1.395s] [ 10%] [32mBuilding C object CMakeFiles/scanner_interfaces__rosidl_generator_c.dir/rosidl_generator_c/scanner_interfaces/msg/detail/location__functions.c.o[0m
[1.402s] [ 12%] [34m[1mGenerating C++ type support for eProsima Fast-RTPS[0m
[1.404s] [ 14%] [34m[1mGenerating C++ introspection for ROS interfaces[0m
[1.404s] [ 16%] [34m[1mGenerating C++ type support dispatch for ROS interfaces[0m
[1.450s] [ 18%] [32m[1mLinking C shared library libscanner_interfaces__rosidl_generator_c.so[0m
[1.485s] [ 18%] Built target scanner_interfaces__rosidl_generator_c
[1.495s] [ 20%] [34m[1mGenerating C type support dispatch for ROS interfaces[0m
[1.495s] [ 21%] [34m[1mGenerating C introspection for ROS interfaces[0m
[1.496s] [ 23%] [34m[1mGenerating C type support for eProsima Fast-RTPS[0m
[1.769s] [35m[1mConsolidate compiler generated dependencies of target scanner_interfaces__rosidl_typesupport_cpp[0m
[1.781s] [ 25%] [32mBuilding CXX object CMakeFiles/scanner_interfaces__rosidl_typesupport_cpp.dir/rosidl_typesupport_cpp/scanner_interfaces/msg/object__type_support.cpp.o[0m
[1.782s] [ 27%] [32mBuilding CXX object CMakeFiles/scanner_interfaces__rosidl_typesupport_cpp.dir/rosidl_typesupport_cpp/scanner_interfaces/msg/tracks__type_support.cpp.o[0m
[1.783s] [ 29%] [32mBuilding CXX object CMakeFiles/scanner_interfaces__rosidl_typesupport_cpp.dir/rosidl_typesupport_cpp/scanner_interfaces/msg/camera_locations__type_support.cpp.o[0m
[1.786s] [ 30%] [32mBuilding CXX object CMakeFiles/scanner_interfaces__rosidl_typesupport_cpp.dir/rosidl_typesupport_cpp/scanner_interfaces/msg/location__type_support.cpp.o[0m
[1.963s] [35m[1mConsolidate compiler generated dependencies of target scanner_interfaces__rosidl_typesupport_c[0m
[1.980s] [ 32%] [32mBuilding CXX object CMakeFiles/scanner_interfaces__rosidl_typesupport_c.dir/rosidl_typesupport_c/scanner_interfaces/msg/object__type_support.cpp.o[0m
[2.001s] [35m[1mConsolidate compiler generated dependencies of target scanner_interfaces__rosidl_typesupport_introspection_cpp[0m
[2.006s] [ 34%] [32mBuilding CXX object CMakeFiles/scanner_interfaces__rosidl_typesupport_c.dir/rosidl_typesupport_c/scanner_interfaces/msg/tracks__type_support.cpp.o[0m
[2.020s] [35m[1mConsolidate compiler generated dependencies of target scanner_interfaces__rosidl_typesupport_introspection_c[0m
[2.025s] [ 36%] [32mBuilding CXX object CMakeFiles/scanner_interfaces__rosidl_typesupport_introspection_cpp.dir/rosidl_typesupport_introspection_cpp/scanner_interfaces/msg/detail/object__type_support.cpp.o[0m
[2.030s] [ 38%] [32mBuilding CXX object CMakeFiles/scanner_interfaces__rosidl_typesupport_c.dir/rosidl_typesupport_c/scanner_interfaces/msg/location__type_support.cpp.o[0m
[2.031s] [35m[1mConsolidate compiler generated dependencies of target scanner_interfaces__rosidl_typesupport_fastrtps_cpp[0m
[2.036s] [ 40%] [32mBuilding CXX object CMakeFiles/scanner_interfaces__rosidl_typesupport_introspection_cpp.dir/rosidl_typesupport_introspection_cpp/scanner_interfaces/msg/detail/tracks__type_support.cpp.o[0m
[2.037s] [ 41%] [32mBuilding CXX object CMakeFiles/scanner_interfaces__rosidl_typesupport_c.dir/rosidl_typesupport_c/scanner_interfaces/msg/camera_locations__type_support.cpp.o[0m
[2.047s] [ 43%] [32mBuilding C object CMakeFiles/scanner_interfaces__rosidl_typesupport_introspection_c.dir/rosidl_typesupport_introspection_c/scanner_interfaces/msg/detail/object__type_support.c.o[0m
[2.049s] [ 45%] [32mBuilding CXX object CMakeFiles/scanner_interfaces__rosidl_typesupport_introspection_cpp.dir/rosidl_typesupport_introspection_cpp/scanner_interfaces/msg/detail/location__type_support.cpp.o[0m
[2.063s] [ 47%] [32mBuilding CXX object CMakeFiles/scanner_interfaces__rosidl_typesupport_fastrtps_cpp.dir/rosidl_typesupport_fastrtps_cpp/scanner_interfaces/msg/detail/dds_fastrtps/object__type_support.cpp.o[0m
[2.065s] [35m[1mConsolidate compiler generated dependencies of target scanner_interfaces__rosidl_typesupport_fastrtps_c[0m
[2.080s] [ 49%] [32mBuilding CXX object CMakeFiles/scanner_interfaces__rosidl_typesupport_introspection_cpp.dir/rosidl_typesupport_introspection_cpp/scanner_interfaces/msg/detail/camera_locations__type_support.cpp.o[0m
[2.086s] [ 50%] [32mBuilding C object CMakeFiles/scanner_interfaces__rosidl_typesupport_introspection_c.dir/rosidl_typesupport_introspection_c/scanner_interfaces/msg/detail/tracks__type_support.c.o[0m
[2.091s] [ 52%] [32mBuilding CXX object CMakeFiles/scanner_interfaces__rosidl_typesupport_fastrtps_c.dir/rosidl_typesupport_fastrtps_c/scanner_interfaces/msg/detail/object__type_support_c.cpp.o[0m
[2.093s] [ 54%] [32m[1mLinking CXX shared library libscanner_interfaces__rosidl_typesupport_c.so[0m
[2.135s] [ 56%] [32mBuilding C object CMakeFiles/scanner_interfaces__rosidl_typesupport_introspection_c.dir/rosidl_typesupport_introspection_c/scanner_interfaces/msg/detail/location__type_support.c.o[0m
[2.167s] [ 60%] [32mBuilding CXX object CMakeFiles/scanner_interfaces__rosidl_typesupport_fastrtps_c.dir/rosidl_typesupport_fastrtps_c/scanner_interfaces/msg/detail/tracks__type_support_c.cpp.o[0m
[2.168s] [ 60%] [32mBuilding CXX object CMakeFiles/scanner_interfaces__rosidl_typesupport_fastrtps_cpp.dir/rosidl_typesupport_fastrtps_cpp/scanner_interfaces/msg/detail/dds_fastrtps/tracks__type_support.cpp.o[0m
[2.177s] [ 61%] [32mBuilding C object CMakeFiles/scanner_interfaces__rosidl_typesupport_introspection_c.dir/rosidl_typesupport_introspection_c/scanner_interfaces/msg/detail/camera_locations__type_support.c.o[0m
[2.189s] [ 61%] Built target scanner_interfaces__rosidl_typesupport_c
[2.200s] [ 63%] [32mBuilding CXX object CMakeFiles/scanner_interfaces__rosidl_typesupport_fastrtps_c.dir/rosidl_typesupport_fastrtps_c/scanner_interfaces/msg/detail/location__type_support_c.cpp.o[0m
[2.200s] [ 65%] [32m[1mLinking CXX shared library libscanner_interfaces__rosidl_typesupport_cpp.so[0m
[2.213s] [ 67%] [32mBuilding CXX object CMakeFiles/scanner_interfaces__rosidl_typesupport_fastrtps_cpp.dir/rosidl_typesupport_fastrtps_cpp/scanner_interfaces/msg/detail/dds_fastrtps/location__type_support.cpp.o[0m
[2.266s] [ 69%] [32m[1mLinking C shared library libscanner_interfaces__rosidl_typesupport_introspection_c.so[0m
[2.299s] [ 69%] Built target scanner_interfaces__rosidl_typesupport_cpp
[2.330s] [ 70%] [32mBuilding CXX object CMakeFiles/scanner_interfaces__rosidl_typesupport_fastrtps_cpp.dir/rosidl_typesupport_fastrtps_cpp/scanner_interfaces/msg/detail/dds_fastrtps/camera_locations__type_support.cpp.o[0m
[2.372s] [ 70%] Built target scanner_interfaces__rosidl_typesupport_introspection_c
[2.415s] [ 72%] [32mBuilding CXX object CMakeFiles/scanner_interfaces__rosidl_typesupport_fastrtps_c.dir/rosidl_typesupport_fastrtps_c/scanner_interfaces/msg/detail/camera_locations__type_support_c.cpp.o[0m
[2.691s] [ 74%] [32m[1mLinking CXX shared library libscanner_interfaces__rosidl_typesupport_introspection_cpp.so[0m
[2.777s] [ 74%] Built target scanner_interfaces__rosidl_typesupport_introspection_cpp
[2.864s] [ 76%] [32m[1mLinking CXX shared library libscanner_interfaces__rosidl_typesupport_fastrtps_c.so[0m
[2.868s] [ 78%] [32m[1mLinking CXX shared library libscanner_interfaces__rosidl_typesupport_fastrtps_cpp.so[0m
[2.954s] [ 78%] Built target scanner_interfaces__rosidl_typesupport_fastrtps_c
[2.964s] [ 78%] Built target scanner_interfaces__rosidl_typesupport_fastrtps_cpp
[2.980s] [ 78%] Built target scanner_interfaces
[2.997s] [ 80%] [34m[1mGenerating Python code for ROS interfaces[0m
[3.700s] [ 80%] Built target scanner_interfaces__py
[3.709s] [35m[1mConsolidate compiler generated dependencies of target scanner_interfaces__rosidl_generator_py[0m
[3.721s] [ 83%] [32mBuilding C object CMakeFiles/scanner_interfaces__rosidl_generator_py.dir/rosidl_generator_py/scanner_interfaces/msg/_location_s.c.o[0m
[3.721s] [ 85%] [32mBuilding C object CMakeFiles/scanner_interfaces__rosidl_generator_py.dir/rosidl_generator_py/scanner_interfaces/msg/_object_s.c.o[0m
[3.721s] [ 85%] [32mBuilding C object CMakeFiles/scanner_interfaces__rosidl_generator_py.dir/rosidl_generator_py/scanner_interfaces/msg/_tracks_s.c.o[0m
[3.722s] [ 87%] [32mBuilding C object CMakeFiles/scanner_interfaces__rosidl_generator_py.dir/rosidl_generator_py/scanner_interfaces/msg/_camera_locations_s.c.o[0m
[3.817s] [ 89%] [32m[1mLinking C shared library rosidl_generator_py/scanner_interfaces/libscanner_interfaces__rosidl_generator_py.so[0m
[3.849s] [ 89%] Built target scanner_interfaces__rosidl_generator_py
[3.858s] [35m[1mConsolidate compiler generated dependencies of target scanner_interfaces__rosidl_typesupport_introspection_c__pyext[0m
[3.858s] [35m[1mConsolidate compiler generated dependencies of target scanner_interfaces__rosidl_typesupport_fastrtps_c__pyext[0m
[3.858s] [35m[1mConsolidate compiler generated dependencies of target scanner_interfaces__rosidl_typesupport_c__pyext[0m
[3.869s] [ 94%] [32mBuilding C object CMakeFiles/scanner_interfaces__rosidl_typesupport_fastrtps_c__pyext.dir/rosidl_generator_py/scanner_interfaces/_scanner_interfaces_s.ep.rosidl_typesupport_fastrtps_c.c.o[0m
[3.870s] [ 94%] [32mBuilding C object CMakeFiles/scanner_interfaces__rosidl_typesupport_c__pyext.dir/rosidl_generator_py/scanner_interfaces/_scanner_interfaces_s.ep.rosidl_typesupport_c.c.o[0m
[3.870s] [ 94%] [32mBuilding C object CMakeFiles/scanner_interfaces__rosidl_typesupport_introspection_c__pyext.dir/rosidl_generator_py/scanner_interfaces/_scanner_interfaces_s.ep.rosidl_typesupport_introspection_c.c.o[0m
[3.957s] [ 96%] [32m[1mLinking C shared library rosidl_generator_py/scanner_interfaces/scanner_interfaces_s__rosidl_typesupport_introspection_c.cpython-310-x86_64-linux-gnu.so[0m
[3.962s] [ 98%] [32m[1mLinking C shared library rosidl_generator_py/scanner_interfaces/scanner_interfaces_s__rosidl_typesupport_c.cpython-310-x86_64-linux-gnu.so[0m
[3.971s] [100%] [32m[1mLinking C shared library rosidl_generator_py/scanner_interfaces/scanner_interfaces_s__rosidl_typesupport_fastrtps_c.cpython-310-x86_64-linux-gnu.so[0m
[3.985s] [100%] Built target scanner_interfaces__rosidl_typesupport_introspection_c__pyext
[3.993s] [100%] Built target scanner_interfaces__rosidl_typesupport_c__pyext
[4.001s] [100%] Built target scanner_interfaces__rosidl_typesupport_fastrtps_c__pyext
[4.012s] Invoked command in '/home/ALEX/3dev/ros/build/scanner_interfaces' returned '0': CMAKE_PREFIX_PATH=${CMAKE_PREFIX_PATH}:/home/ALEX/3dev/ros/install/test_py_pkg:/home/ALEX/3dev/ros/install/scannerV2:/home/ALEX/3dev/ros/install/scanner:/opt/ros/humble /usr/bin/cmake --build /home/ALEX/3dev/ros/build/scanner_interfaces -- -j12 -l12
[4.098s] Invoking command in '/home/ALEX/3dev/ros/build/scanner_interfaces': CMAKE_PREFIX_PATH=${CMAKE_PREFIX_PATH}:/home/ALEX/3dev/ros/install/test_py_pkg:/home/ALEX/3dev/ros/install/scannerV2:/home/ALEX/3dev/ros/install/scanner:/opt/ros/humble /usr/bin/cmake --install /home/ALEX/3dev/ros/build/scanner_interfaces
[4.104s] -- Install configuration: ""
[4.104s] -- Installing: /home/ALEX/3dev/ros/install/scanner_interfaces/share/ament_index/resource_index/rosidl_interfaces/scanner_interfaces
[4.105s] -- Up-to-date: /home/ALEX/3dev/ros/install/scanner_interfaces/include/scanner_interfaces/scanner_interfaces
[4.105s] -- Up-to-date: /home/ALEX/3dev/ros/install/scanner_interfaces/include/scanner_interfaces/scanner_interfaces/msg
[4.105s] -- Up-to-date: /home/ALEX/3dev/ros/install/scanner_interfaces/include/scanner_interfaces/scanner_interfaces/msg/camera_xy.h
[4.105s] -- Installing: /home/ALEX/3dev/ros/install/scanner_interfaces/include/scanner_interfaces/scanner_interfaces/msg/location.h
[4.105s] -- Up-to-date: /home/ALEX/3dev/ros/install/scanner_interfaces/include/scanner_interfaces/scanner_interfaces/msg/rosidl_generator_c__visibility_control.h
[4.105s] -- Installing: /home/ALEX/3dev/ros/install/scanner_interfaces/include/scanner_interfaces/scanner_interfaces/msg/object.h
[4.105s] -- Up-to-date: /home/ALEX/3dev/ros/install/scanner_interfaces/include/scanner_interfaces/scanner_interfaces/msg/detail
[4.105s] -- Installing: /home/ALEX/3dev/ros/install/scanner_interfaces/include/scanner_interfaces/scanner_interfaces/msg/detail/tracks__functions.c
[4.105s] -- Installing: /home/ALEX/3dev/ros/install/scanner_interfaces/include/scanner_interfaces/scanner_interfaces/msg/detail/camera_locations__functions.c
[4.105s] -- Installing: /home/ALEX/3dev/ros/install/scanner_interfaces/include/scanner_interfaces/scanner_interfaces/msg/detail/object__type_support.h
[4.105s] -- Installing: /home/ALEX/3dev/ros/install/scanner_interfaces/include/scanner_interfaces/scanner_interfaces/msg/detail/object__functions.h
[4.105s] -- Installing: /home/ALEX/3dev/ros/install/scanner_interfaces/include/scanner_interfaces/scanner_interfaces/msg/detail/location__type_support.h
[4.106s] -- Up-to-date: /home/ALEX/3dev/ros/install/scanner_interfaces/include/scanner_interfaces/scanner_interfaces/msg/detail/camera_xy__struct.h
[4.106s] -- Up-to-date: /home/ALEX/3dev/ros/install/scanner_interfaces/include/scanner_interfaces/scanner_interfaces/msg/detail/camera_xy__functions.h
[4.106s] -- Installing: /home/ALEX/3dev/ros/install/scanner_interfaces/include/scanner_interfaces/scanner_interfaces/msg/detail/location__functions.c
[4.106s] -- Installing: /home/ALEX/3dev/ros/install/scanner_interfaces/include/scanner_interfaces/scanner_interfaces/msg/detail/tracks__type_support.h
[4.106s] -- Installing: /home/ALEX/3dev/ros/install/scanner_interfaces/include/scanner_interfaces/scanner_interfaces/msg/detail/camera_locations__functions.h
[4.106s] -- Installing: /home/ALEX/3dev/ros/install/scanner_interfaces/include/scanner_interfaces/scanner_interfaces/msg/detail/camera_locations__struct.h
[4.106s] -- Installing: /home/ALEX/3dev/ros/install/scanner_interfaces/include/scanner_interfaces/scanner_interfaces/msg/detail/camera_locations__type_support.h
[4.106s] -- Up-to-date: /home/ALEX/3dev/ros/install/scanner_interfaces/include/scanner_interfaces/scanner_interfaces/msg/detail/camera_xy__type_support.h
[4.106s] -- Installing: /home/ALEX/3dev/ros/install/scanner_interfaces/include/scanner_interfaces/scanner_interfaces/msg/detail/location__struct.h
[4.106s] -- Installing: /home/ALEX/3dev/ros/install/scanner_interfaces/include/scanner_interfaces/scanner_interfaces/msg/detail/object__functions.c
[4.107s] -- Installing: /home/ALEX/3dev/ros/install/scanner_interfaces/include/scanner_interfaces/scanner_interfaces/msg/detail/tracks__struct.h
[4.107s] -- Installing: /home/ALEX/3dev/ros/install/scanner_interfaces/include/scanner_interfaces/scanner_interfaces/msg/detail/object__struct.h
[4.107s] -- Installing: /home/ALEX/3dev/ros/install/scanner_interfaces/include/scanner_interfaces/scanner_interfaces/msg/detail/location__functions.h
[4.107s] -- Up-to-date: /home/ALEX/3dev/ros/install/scanner_interfaces/include/scanner_interfaces/scanner_interfaces/msg/detail/camera_xy__functions.c
[4.107s] -- Installing: /home/ALEX/3dev/ros/install/scanner_interfaces/include/scanner_interfaces/scanner_interfaces/msg/detail/tracks__functions.h
[4.107s] -- Installing: /home/ALEX/3dev/ros/install/scanner_interfaces/include/scanner_interfaces/scanner_interfaces/msg/tracks.h
[4.107s] -- Installing: /home/ALEX/3dev/ros/install/scanner_interfaces/include/scanner_interfaces/scanner_interfaces/msg/camera_locations.h
[4.107s] -- Up-to-date: /home/ALEX/3dev/ros/install/scanner_interfaces/share/scanner_interfaces/environment/library_path.sh
[4.107s] -- Installing: /home/ALEX/3dev/ros/install/scanner_interfaces/share/scanner_interfaces/environment/library_path.dsv
[4.121s] -- Installing: /home/ALEX/3dev/ros/install/scanner_interfaces/lib/libscanner_interfaces__rosidl_generator_c.so
[4.121s] -- Set runtime path of "/home/ALEX/3dev/ros/install/scanner_interfaces/lib/libscanner_interfaces__rosidl_generator_c.so" to ""
[4.121s] -- Up-to-date: /home/ALEX/3dev/ros/install/scanner_interfaces/include/scanner_interfaces/scanner_interfaces
[4.121s] -- Up-to-date: /home/ALEX/3dev/ros/install/scanner_interfaces/include/scanner_interfaces/scanner_interfaces/msg
[4.121s] -- Up-to-date: /home/ALEX/3dev/ros/install/scanner_interfaces/include/scanner_interfaces/scanner_interfaces/msg/rosidl_typesupport_fastrtps_c__visibility_control.h
[4.121s] -- Up-to-date: /home/ALEX/3dev/ros/install/scanner_interfaces/include/scanner_interfaces/scanner_interfaces/msg/detail
[4.121s] -- Installing: /home/ALEX/3dev/ros/install/scanner_interfaces/include/scanner_interfaces/scanner_interfaces/msg/detail/tracks__rosidl_typesupport_fastrtps_c.h
[4.121s] -- Installing: /home/ALEX/3dev/ros/install/scanner_interfaces/include/scanner_interfaces/scanner_interfaces/msg/detail/camera_locations__rosidl_typesupport_fastrtps_c.h
[4.121s] -- Installing: /home/ALEX/3dev/ros/install/scanner_interfaces/include/scanner_interfaces/scanner_interfaces/msg/detail/location__rosidl_typesupport_fastrtps_c.h
[4.121s] -- Up-to-date: /home/ALEX/3dev/ros/install/scanner_interfaces/include/scanner_interfaces/scanner_interfaces/msg/detail/camera_xy__rosidl_typesupport_fastrtps_c.h
[4.121s] -- Installing: /home/ALEX/3dev/ros/install/scanner_interfaces/include/scanner_interfaces/scanner_interfaces/msg/detail/object__rosidl_typesupport_fastrtps_c.h
[4.122s] -- Installing: /home/ALEX/3dev/ros/install/scanner_interfaces/lib/libscanner_interfaces__rosidl_typesupport_fastrtps_c.so
[4.122s] -- Set runtime path of "/home/ALEX/3dev/ros/install/scanner_interfaces/lib/libscanner_interfaces__rosidl_typesupport_fastrtps_c.so" to ""
[4.122s] -- Up-to-date: /home/ALEX/3dev/ros/install/scanner_interfaces/include/scanner_interfaces/scanner_interfaces
[4.122s] -- Up-to-date: /home/ALEX/3dev/ros/install/scanner_interfaces/include/scanner_interfaces/scanner_interfaces/msg
[4.122s] -- Up-to-date: /home/ALEX/3dev/ros/install/scanner_interfaces/include/scanner_interfaces/scanner_interfaces/msg/rosidl_typesupport_introspection_c__visibility_control.h
[4.122s] -- Up-to-date: /home/ALEX/3dev/ros/install/scanner_interfaces/include/scanner_interfaces/scanner_interfaces/msg/detail
[4.122s] -- Installing: /home/ALEX/3dev/ros/install/scanner_interfaces/include/scanner_interfaces/scanner_interfaces/msg/detail/object__type_support.c
[4.122s] -- Up-to-date: /home/ALEX/3dev/ros/install/scanner_interfaces/include/scanner_interfaces/scanner_interfaces/msg/detail/camera_xy__rosidl_typesupport_introspection_c.h
[4.122s] -- Installing: /home/ALEX/3dev/ros/install/scanner_interfaces/include/scanner_interfaces/scanner_interfaces/msg/detail/camera_locations__rosidl_typesupport_introspection_c.h
[4.123s] -- Installing: /home/ALEX/3dev/ros/install/scanner_interfaces/include/scanner_interfaces/scanner_interfaces/msg/detail/location__rosidl_typesupport_introspection_c.h
[4.123s] -- Installing: /home/ALEX/3dev/ros/install/scanner_interfaces/include/scanner_interfaces/scanner_interfaces/msg/detail/tracks__rosidl_typesupport_introspection_c.h
[4.123s] -- Installing: /home/ALEX/3dev/ros/install/scanner_interfaces/include/scanner_interfaces/scanner_interfaces/msg/detail/tracks__type_support.c
[4.123s] -- Installing: /home/ALEX/3dev/ros/install/scanner_interfaces/include/scanner_interfaces/scanner_interfaces/msg/detail/object__rosidl_typesupport_introspection_c.h
[4.123s] -- Up-to-date: /home/ALEX/3dev/ros/install/scanner_interfaces/include/scanner_interfaces/scanner_interfaces/msg/detail/camera_xy__type_support.c
[4.123s] -- Installing: /home/ALEX/3dev/ros/install/scanner_interfaces/include/scanner_interfaces/scanner_interfaces/msg/detail/camera_locations__type_support.c
[4.123s] -- Installing: /home/ALEX/3dev/ros/install/scanner_interfaces/include/scanner_interfaces/scanner_interfaces/msg/detail/location__type_support.c
[4.123s] -- Installing: /home/ALEX/3dev/ros/install/scanner_interfaces/lib/libscanner_interfaces__rosidl_typesupport_introspection_c.so
[4.123s] -- Set runtime path of "/home/ALEX/3dev/ros/install/scanner_interfaces/lib/libscanner_interfaces__rosidl_typesupport_introspection_c.so" to ""
[4.124s] -- Installing: /home/ALEX/3dev/ros/install/scanner_interfaces/lib/libscanner_interfaces__rosidl_typesupport_c.so
[4.124s] -- Set runtime path of "/home/ALEX/3dev/ros/install/scanner_interfaces/lib/libscanner_interfaces__rosidl_typesupport_c.so" to ""
[4.124s] -- Up-to-date: /home/ALEX/3dev/ros/install/scanner_interfaces/include/scanner_interfaces/scanner_interfaces
[4.124s] -- Up-to-date: /home/ALEX/3dev/ros/install/scanner_interfaces/include/scanner_interfaces/scanner_interfaces/msg
[4.124s] -- Installing: /home/ALEX/3dev/ros/install/scanner_interfaces/include/scanner_interfaces/scanner_interfaces/msg/object.hpp
[4.124s] -- Installing: /home/ALEX/3dev/ros/install/scanner_interfaces/include/scanner_interfaces/scanner_interfaces/msg/tracks.hpp
[4.124s] -- Installing: /home/ALEX/3dev/ros/install/scanner_interfaces/include/scanner_interfaces/scanner_interfaces/msg/camera_locations.hpp
[4.124s] -- Up-to-date: /home/ALEX/3dev/ros/install/scanner_interfaces/include/scanner_interfaces/scanner_interfaces/msg/camera_xy.hpp
[4.125s] -- Installing: /home/ALEX/3dev/ros/install/scanner_interfaces/include/scanner_interfaces/scanner_interfaces/msg/location.hpp
[4.125s] -- Up-to-date: /home/ALEX/3dev/ros/install/scanner_interfaces/include/scanner_interfaces/scanner_interfaces/msg/detail
[4.125s] -- Installing: /home/ALEX/3dev/ros/install/scanner_interfaces/include/scanner_interfaces/scanner_interfaces/msg/detail/tracks__builder.hpp
[4.125s] -- Up-to-date: /home/ALEX/3dev/ros/install/scanner_interfaces/include/scanner_interfaces/scanner_interfaces/msg/detail/camera_xy__builder.hpp
[4.125s] -- Installing: /home/ALEX/3dev/ros/install/scanner_interfaces/include/scanner_interfaces/scanner_interfaces/msg/detail/tracks__struct.hpp
[4.125s] -- Installing: /home/ALEX/3dev/ros/install/scanner_interfaces/include/scanner_interfaces/scanner_interfaces/msg/detail/camera_locations__builder.hpp
[4.125s] -- Installing: /home/ALEX/3dev/ros/install/scanner_interfaces/include/scanner_interfaces/scanner_interfaces/msg/detail/location__builder.hpp
[4.125s] -- Installing: /home/ALEX/3dev/ros/install/scanner_interfaces/include/scanner_interfaces/scanner_interfaces/msg/detail/object__builder.hpp
[4.125s] -- Up-to-date: /home/ALEX/3dev/ros/install/scanner_interfaces/include/scanner_interfaces/scanner_interfaces/msg/detail/camera_xy__traits.hpp
[4.125s] -- Installing: /home/ALEX/3dev/ros/install/scanner_interfaces/include/scanner_interfaces/scanner_interfaces/msg/detail/object__traits.hpp
[4.125s] -- Installing: /home/ALEX/3dev/ros/install/scanner_interfaces/include/scanner_interfaces/scanner_interfaces/msg/detail/location__struct.hpp
[4.125s] -- Installing: /home/ALEX/3dev/ros/install/scanner_interfaces/include/scanner_interfaces/scanner_interfaces/msg/detail/tracks__traits.hpp
[4.125s] -- Up-to-date: /home/ALEX/3dev/ros/install/scanner_interfaces/include/scanner_interfaces/scanner_interfaces/msg/detail/camera_xy__struct.hpp
[4.126s] -- Installing: /home/ALEX/3dev/ros/install/scanner_interfaces/include/scanner_interfaces/scanner_interfaces/msg/detail/camera_locations__traits.hpp
[4.126s] -- Installing: /home/ALEX/3dev/ros/install/scanner_interfaces/include/scanner_interfaces/scanner_interfaces/msg/detail/camera_locations__struct.hpp
[4.126s] -- Installing: /home/ALEX/3dev/ros/install/scanner_interfaces/include/scanner_interfaces/scanner_interfaces/msg/detail/object__struct.hpp
[4.126s] -- Installing: /home/ALEX/3dev/ros/install/scanner_interfaces/include/scanner_interfaces/scanner_interfaces/msg/detail/location__traits.hpp
[4.126s] -- Up-to-date: /home/ALEX/3dev/ros/install/scanner_interfaces/include/scanner_interfaces/scanner_interfaces
[4.126s] -- Up-to-date: /home/ALEX/3dev/ros/install/scanner_interfaces/include/scanner_interfaces/scanner_interfaces/msg
[4.126s] -- Up-to-date: /home/ALEX/3dev/ros/install/scanner_interfaces/include/scanner_interfaces/scanner_interfaces/msg/rosidl_typesupport_fastrtps_cpp__visibility_control.h
[4.126s] -- Up-to-date: /home/ALEX/3dev/ros/install/scanner_interfaces/include/scanner_interfaces/scanner_interfaces/msg/detail
[4.126s] -- Installing: /home/ALEX/3dev/ros/install/scanner_interfaces/include/scanner_interfaces/scanner_interfaces/msg/detail/camera_locations__rosidl_typesupport_fastrtps_cpp.hpp
[4.126s] -- Installing: /home/ALEX/3dev/ros/install/scanner_interfaces/include/scanner_interfaces/scanner_interfaces/msg/detail/tracks__rosidl_typesupport_fastrtps_cpp.hpp
[4.126s] -- Up-to-date: /home/ALEX/3dev/ros/install/scanner_interfaces/include/scanner_interfaces/scanner_interfaces/msg/detail/camera_xy__rosidl_typesupport_fastrtps_cpp.hpp
[4.127s] -- Installing: /home/ALEX/3dev/ros/install/scanner_interfaces/include/scanner_interfaces/scanner_interfaces/msg/detail/object__rosidl_typesupport_fastrtps_cpp.hpp
[4.127s] -- Installing: /home/ALEX/3dev/ros/install/scanner_interfaces/include/scanner_interfaces/scanner_interfaces/msg/detail/location__rosidl_typesupport_fastrtps_cpp.hpp
[4.127s] -- Installing: /home/ALEX/3dev/ros/install/scanner_interfaces/include/scanner_interfaces/scanner_interfaces/msg/detail/dds_fastrtps
[4.127s] -- Installing: /home/ALEX/3dev/ros/install/scanner_interfaces/lib/libscanner_interfaces__rosidl_typesupport_fastrtps_cpp.so
[4.127s] -- Set runtime path of "/home/ALEX/3dev/ros/install/scanner_interfaces/lib/libscanner_interfaces__rosidl_typesupport_fastrtps_cpp.so" to ""
[4.127s] -- Up-to-date: /home/ALEX/3dev/ros/install/scanner_interfaces/include/scanner_interfaces/scanner_interfaces
[4.128s] -- Up-to-date: /home/ALEX/3dev/ros/install/scanner_interfaces/include/scanner_interfaces/scanner_interfaces/msg
[4.128s] -- Up-to-date: /home/ALEX/3dev/ros/install/scanner_interfaces/include/scanner_interfaces/scanner_interfaces/msg/detail
[4.128s] -- Installing: /home/ALEX/3dev/ros/install/scanner_interfaces/include/scanner_interfaces/scanner_interfaces/msg/detail/location__type_support.cpp
[4.128s] -- Installing: /home/ALEX/3dev/ros/install/scanner_interfaces/include/scanner_interfaces/scanner_interfaces/msg/detail/tracks__rosidl_typesupport_introspection_cpp.hpp
[4.128s] -- Installing: /home/ALEX/3dev/ros/install/scanner_interfaces/include/scanner_interfaces/scanner_interfaces/msg/detail/object__rosidl_typesupport_introspection_cpp.hpp
[4.128s] -- Up-to-date: /home/ALEX/3dev/ros/install/scanner_interfaces/include/scanner_interfaces/scanner_interfaces/msg/detail/camera_xy__rosidl_typesupport_introspection_cpp.hpp
[4.128s] -- Installing: /home/ALEX/3dev/ros/install/scanner_interfaces/include/scanner_interfaces/scanner_interfaces/msg/detail/camera_locations__type_support.cpp
[4.128s] -- Up-to-date: /home/ALEX/3dev/ros/install/scanner_interfaces/include/scanner_interfaces/scanner_interfaces/msg/detail/camera_xy__type_support.cpp
[4.128s] -- Installing: /home/ALEX/3dev/ros/install/scanner_interfaces/include/scanner_interfaces/scanner_interfaces/msg/detail/tracks__type_support.cpp
[4.128s] -- Installing: /home/ALEX/3dev/ros/install/scanner_interfaces/include/scanner_interfaces/scanner_interfaces/msg/detail/location__rosidl_typesupport_introspection_cpp.hpp
[4.128s] -- Installing: /home/ALEX/3dev/ros/install/scanner_interfaces/include/scanner_interfaces/scanner_interfaces/msg/detail/camera_locations__rosidl_typesupport_introspection_cpp.hpp
[4.128s] -- Installing: /home/ALEX/3dev/ros/install/scanner_interfaces/include/scanner_interfaces/scanner_interfaces/msg/detail/object__type_support.cpp
[4.129s] -- Installing: /home/ALEX/3dev/ros/install/scanner_interfaces/lib/libscanner_interfaces__rosidl_typesupport_introspection_cpp.so
[4.129s] -- Set runtime path of "/home/ALEX/3dev/ros/install/scanner_interfaces/lib/libscanner_interfaces__rosidl_typesupport_introspection_cpp.so" to ""
[4.129s] -- Installing: /home/ALEX/3dev/ros/install/scanner_interfaces/lib/libscanner_interfaces__rosidl_typesupport_cpp.so
[4.130s] -- Set runtime path of "/home/ALEX/3dev/ros/install/scanner_interfaces/lib/libscanner_interfaces__rosidl_typesupport_cpp.so" to ""
[4.130s] -- Up-to-date: /home/ALEX/3dev/ros/install/scanner_interfaces/share/scanner_interfaces/environment/pythonpath.sh
[4.130s] -- Installing: /home/ALEX/3dev/ros/install/scanner_interfaces/share/scanner_interfaces/environment/pythonpath.dsv
[4.130s] -- Up-to-date: /home/ALEX/3dev/ros/install/scanner_interfaces/local/lib/python3.10/dist-packages/scanner_interfaces-0.0.0-py3.10.egg-info
[4.130s] -- Installing: /home/ALEX/3dev/ros/install/scanner_interfaces/local/lib/python3.10/dist-packages/scanner_interfaces-0.0.0-py3.10.egg-info/PKG-INFO
[4.130s] -- Installing: /home/ALEX/3dev/ros/install/scanner_interfaces/local/lib/python3.10/dist-packages/scanner_interfaces-0.0.0-py3.10.egg-info/dependency_links.txt
[4.130s] -- Installing: /home/ALEX/3dev/ros/install/scanner_interfaces/local/lib/python3.10/dist-packages/scanner_interfaces-0.0.0-py3.10.egg-info/SOURCES.txt
[4.130s] -- Installing: /home/ALEX/3dev/ros/install/scanner_interfaces/local/lib/python3.10/dist-packages/scanner_interfaces-0.0.0-py3.10.egg-info/top_level.txt
[4.130s] -- Up-to-date: /home/ALEX/3dev/ros/install/scanner_interfaces/local/lib/python3.10/dist-packages/scanner_interfaces
[4.131s] -- Installing: /home/ALEX/3dev/ros/install/scanner_interfaces/local/lib/python3.10/dist-packages/scanner_interfaces/_scanner_interfaces_s.ep.rosidl_typesupport_introspection_c.c
[4.131s] -- Installing: /home/ALEX/3dev/ros/install/scanner_interfaces/local/lib/python3.10/dist-packages/scanner_interfaces/scanner_interfaces_s__rosidl_typesupport_c.cpython-310-x86_64-linux-gnu.so
[4.131s] -- Installing: /home/ALEX/3dev/ros/install/scanner_interfaces/local/lib/python3.10/dist-packages/scanner_interfaces/__init__.py
[4.131s] -- Installing: /home/ALEX/3dev/ros/install/scanner_interfaces/local/lib/python3.10/dist-packages/scanner_interfaces/libscanner_interfaces__rosidl_generator_py.so
[4.131s] -- Installing: /home/ALEX/3dev/ros/install/scanner_interfaces/local/lib/python3.10/dist-packages/scanner_interfaces/_scanner_interfaces_s.ep.rosidl_typesupport_c.c
[4.131s] -- Installing: /home/ALEX/3dev/ros/install/scanner_interfaces/local/lib/python3.10/dist-packages/scanner_interfaces/_scanner_interfaces_s.ep.rosidl_typesupport_fastrtps_c.c
[4.131s] -- Up-to-date: /home/ALEX/3dev/ros/install/scanner_interfaces/local/lib/python3.10/dist-packages/scanner_interfaces/msg
[4.131s] -- Installing: /home/ALEX/3dev/ros/install/scanner_interfaces/local/lib/python3.10/dist-packages/scanner_interfaces/msg/_location.py
[4.132s] -- Up-to-date: /home/ALEX/3dev/ros/install/scanner_interfaces/local/lib/python3.10/dist-packages/scanner_interfaces/msg/_camera_xy_s.c
[4.132s] -- Up-to-date: /home/ALEX/3dev/ros/install/scanner_interfaces/local/lib/python3.10/dist-packages/scanner_interfaces/msg/_camera_xy.py
[4.132s] -- Installing: /home/ALEX/3dev/ros/install/scanner_interfaces/local/lib/python3.10/dist-packages/scanner_interfaces/msg/__init__.py
[4.132s] -- Installing: /home/ALEX/3dev/ros/install/scanner_interfaces/local/lib/python3.10/dist-packages/scanner_interfaces/msg/_location_s.c
[4.132s] -- Installing: /home/ALEX/3dev/ros/install/scanner_interfaces/local/lib/python3.10/dist-packages/scanner_interfaces/msg/_camera_locations.py
[4.132s] -- Installing: /home/ALEX/3dev/ros/install/scanner_interfaces/local/lib/python3.10/dist-packages/scanner_interfaces/msg/_tracks.py
[4.132s] -- Installing: /home/ALEX/3dev/ros/install/scanner_interfaces/local/lib/python3.10/dist-packages/scanner_interfaces/msg/_tracks_s.c
[4.132s] -- Installing: /home/ALEX/3dev/ros/install/scanner_interfaces/local/lib/python3.10/dist-packages/scanner_interfaces/msg/_object.py
[4.132s] -- Installing: /home/ALEX/3dev/ros/install/scanner_interfaces/local/lib/python3.10/dist-packages/scanner_interfaces/msg/_object_s.c
[4.132s] -- Installing: /home/ALEX/3dev/ros/install/scanner_interfaces/local/lib/python3.10/dist-packages/scanner_interfaces/msg/_camera_locations_s.c
[4.133s] -- Installing: /home/ALEX/3dev/ros/install/scanner_interfaces/local/lib/python3.10/dist-packages/scanner_interfaces/scanner_interfaces_s__rosidl_typesupport_fastrtps_c.cpython-310-x86_64-linux-gnu.so
[4.133s] -- Installing: /home/ALEX/3dev/ros/install/scanner_interfaces/local/lib/python3.10/dist-packages/scanner_interfaces/scanner_interfaces_s__rosidl_typesupport_introspection_c.cpython-310-x86_64-linux-gnu.so
[4.168s] Listing '/home/ALEX/3dev/ros/install/scanner_interfaces/local/lib/python3.10/dist-packages/scanner_interfaces'...
[4.168s] Compiling '/home/ALEX/3dev/ros/install/scanner_interfaces/local/lib/python3.10/dist-packages/scanner_interfaces/__init__.py'...
[4.168s] Listing '/home/ALEX/3dev/ros/install/scanner_interfaces/local/lib/python3.10/dist-packages/scanner_interfaces/msg'...
[4.168s] Compiling '/home/ALEX/3dev/ros/install/scanner_interfaces/local/lib/python3.10/dist-packages/scanner_interfaces/msg/__init__.py'...
[4.168s] Compiling '/home/ALEX/3dev/ros/install/scanner_interfaces/local/lib/python3.10/dist-packages/scanner_interfaces/msg/_camera_locations.py'...
[4.168s] Compiling '/home/ALEX/3dev/ros/install/scanner_interfaces/local/lib/python3.10/dist-packages/scanner_interfaces/msg/_location.py'...
[4.168s] Compiling '/home/ALEX/3dev/ros/install/scanner_interfaces/local/lib/python3.10/dist-packages/scanner_interfaces/msg/_object.py'...
[4.168s] Compiling '/home/ALEX/3dev/ros/install/scanner_interfaces/local/lib/python3.10/dist-packages/scanner_interfaces/msg/_tracks.py'...
[4.171s] -- Installing: /home/ALEX/3dev/ros/install/scanner_interfaces/local/lib/python3.10/dist-packages/scanner_interfaces/scanner_interfaces_s__rosidl_typesupport_fastrtps_c.cpython-310-x86_64-linux-gnu.so
[4.172s] -- Set runtime path of "/home/ALEX/3dev/ros/install/scanner_interfaces/local/lib/python3.10/dist-packages/scanner_interfaces/scanner_interfaces_s__rosidl_typesupport_fastrtps_c.cpython-310-x86_64-linux-gnu.so" to ""
[4.172s] -- Installing: /home/ALEX/3dev/ros/install/scanner_interfaces/local/lib/python3.10/dist-packages/scanner_interfaces/scanner_interfaces_s__rosidl_typesupport_introspection_c.cpython-310-x86_64-linux-gnu.so
[4.172s] -- Set runtime path of "/home/ALEX/3dev/ros/install/scanner_interfaces/local/lib/python3.10/dist-packages/scanner_interfaces/scanner_interfaces_s__rosidl_typesupport_introspection_c.cpython-310-x86_64-linux-gnu.so" to ""
[4.172s] -- Installing: /home/ALEX/3dev/ros/install/scanner_interfaces/local/lib/python3.10/dist-packages/scanner_interfaces/scanner_interfaces_s__rosidl_typesupport_c.cpython-310-x86_64-linux-gnu.so
[4.173s] -- Set runtime path of "/home/ALEX/3dev/ros/install/scanner_interfaces/local/lib/python3.10/dist-packages/scanner_interfaces/scanner_interfaces_s__rosidl_typesupport_c.cpython-310-x86_64-linux-gnu.so" to ""
[4.173s] -- Installing: /home/ALEX/3dev/ros/install/scanner_interfaces/lib/libscanner_interfaces__rosidl_generator_py.so
[4.173s] -- Set runtime path of "/home/ALEX/3dev/ros/install/scanner_interfaces/lib/libscanner_interfaces__rosidl_generator_py.so" to ""
[4.173s] -- Up-to-date: /home/ALEX/3dev/ros/install/scanner_interfaces/share/scanner_interfaces/msg/Object.idl
[4.174s] -- Up-to-date: /home/ALEX/3dev/ros/install/scanner_interfaces/share/scanner_interfaces/msg/Tracks.idl
[4.174s] -- Installing: /home/ALEX/3dev/ros/install/scanner_interfaces/share/scanner_interfaces/msg/Location.idl
[4.174s] -- Installing: /home/ALEX/3dev/ros/install/scanner_interfaces/share/scanner_interfaces/msg/CameraLocations.idl
[4.174s] -- Up-to-date: /home/ALEX/3dev/ros/install/scanner_interfaces/share/scanner_interfaces/msg/Object.msg
[4.174s] -- Up-to-date: /home/ALEX/3dev/ros/install/scanner_interfaces/share/scanner_interfaces/msg/Tracks.msg
[4.174s] -- Installing: /home/ALEX/3dev/ros/install/scanner_interfaces/share/scanner_interfaces/msg/Location.msg
[4.174s] -- Installing: /home/ALEX/3dev/ros/install/scanner_interfaces/share/scanner_interfaces/msg/CameraLocations.msg
[4.174s] -- Up-to-date: /home/ALEX/3dev/ros/install/scanner_interfaces/share/ament_index/resource_index/package_run_dependencies/scanner_interfaces
[4.175s] -- Installing: /home/ALEX/3dev/ros/install/scanner_interfaces/share/ament_index/resource_index/parent_prefix_path/scanner_interfaces
[4.175s] -- Up-to-date: /home/ALEX/3dev/ros/install/scanner_interfaces/share/scanner_interfaces/environment/ament_prefix_path.sh
[4.175s] -- Installing: /home/ALEX/3dev/ros/install/scanner_interfaces/share/scanner_interfaces/environment/ament_prefix_path.dsv
[4.175s] -- Up-to-date: /home/ALEX/3dev/ros/install/scanner_interfaces/share/scanner_interfaces/environment/path.sh
[4.175s] -- Installing: /home/ALEX/3dev/ros/install/scanner_interfaces/share/scanner_interfaces/environment/path.dsv
[4.175s] -- Up-to-date: /home/ALEX/3dev/ros/install/scanner_interfaces/share/scanner_interfaces/local_setup.bash
[4.175s] -- Up-to-date: /home/ALEX/3dev/ros/install/scanner_interfaces/share/scanner_interfaces/local_setup.sh
[4.175s] -- Up-to-date: /home/ALEX/3dev/ros/install/scanner_interfaces/share/scanner_interfaces/local_setup.zsh
[4.176s] -- Installing: /home/ALEX/3dev/ros/install/scanner_interfaces/share/scanner_interfaces/local_setup.dsv
[4.176s] -- Installing: /home/ALEX/3dev/ros/install/scanner_interfaces/share/scanner_interfaces/package.dsv
[4.176s] -- Up-to-date: /home/ALEX/3dev/ros/install/scanner_interfaces/share/ament_index/resource_index/packages/scanner_interfaces
[4.176s] -- Up-to-date: /home/ALEX/3dev/ros/install/scanner_interfaces/share/scanner_interfaces/cmake/export_scanner_interfaces__rosidl_generator_cExport.cmake
[4.176s] -- Up-to-date: /home/ALEX/3dev/ros/install/scanner_interfaces/share/scanner_interfaces/cmake/export_scanner_interfaces__rosidl_generator_cExport-noconfig.cmake
[4.177s] -- Up-to-date: /home/ALEX/3dev/ros/install/scanner_interfaces/share/scanner_interfaces/cmake/export_scanner_interfaces__rosidl_typesupport_fastrtps_cExport.cmake
[4.177s] -- Up-to-date: /home/ALEX/3dev/ros/install/scanner_interfaces/share/scanner_interfaces/cmake/export_scanner_interfaces__rosidl_typesupport_fastrtps_cExport-noconfig.cmake
[4.177s] -- Up-to-date: /home/ALEX/3dev/ros/install/scanner_interfaces/share/scanner_interfaces/cmake/scanner_interfaces__rosidl_typesupport_introspection_cExport.cmake
[4.177s] -- Up-to-date: /home/ALEX/3dev/ros/install/scanner_interfaces/share/scanner_interfaces/cmake/scanner_interfaces__rosidl_typesupport_introspection_cExport-noconfig.cmake
[4.177s] -- Up-to-date: /home/ALEX/3dev/ros/install/scanner_interfaces/share/scanner_interfaces/cmake/scanner_interfaces__rosidl_typesupport_cExport.cmake
[4.177s] -- Up-to-date: /home/ALEX/3dev/ros/install/scanner_interfaces/share/scanner_interfaces/cmake/scanner_interfaces__rosidl_typesupport_cExport-noconfig.cmake
[4.178s] -- Up-to-date: /home/ALEX/3dev/ros/install/scanner_interfaces/share/scanner_interfaces/cmake/export_scanner_interfaces__rosidl_generator_cppExport.cmake
[4.178s] -- Up-to-date: /home/ALEX/3dev/ros/install/scanner_interfaces/share/scanner_interfaces/cmake/export_scanner_interfaces__rosidl_typesupport_fastrtps_cppExport.cmake
[4.178s] -- Up-to-date: /home/ALEX/3dev/ros/install/scanner_interfaces/share/scanner_interfaces/cmake/export_scanner_interfaces__rosidl_typesupport_fastrtps_cppExport-noconfig.cmake
[4.178s] -- Up-to-date: /home/ALEX/3dev/ros/install/scanner_interfaces/share/scanner_interfaces/cmake/scanner_interfaces__rosidl_typesupport_introspection_cppExport.cmake
[4.178s] -- Up-to-date: /home/ALEX/3dev/ros/install/scanner_interfaces/share/scanner_interfaces/cmake/scanner_interfaces__rosidl_typesupport_introspection_cppExport-noconfig.cmake
[4.178s] -- Up-to-date: /home/ALEX/3dev/ros/install/scanner_interfaces/share/scanner_interfaces/cmake/scanner_interfaces__rosidl_typesupport_cppExport.cmake
[4.178s] -- Up-to-date: /home/ALEX/3dev/ros/install/scanner_interfaces/share/scanner_interfaces/cmake/scanner_interfaces__rosidl_typesupport_cppExport-noconfig.cmake
[4.179s] -- Up-to-date: /home/ALEX/3dev/ros/install/scanner_interfaces/share/scanner_interfaces/cmake/export_scanner_interfaces__rosidl_generator_pyExport.cmake
[4.179s] -- Up-to-date: /home/ALEX/3dev/ros/install/scanner_interfaces/share/scanner_interfaces/cmake/export_scanner_interfaces__rosidl_generator_pyExport-noconfig.cmake
[4.179s] -- Installing: /home/ALEX/3dev/ros/install/scanner_interfaces/share/scanner_interfaces/cmake/rosidl_cmake-extras.cmake
[4.179s] -- Up-to-date: /home/ALEX/3dev/ros/install/scanner_interfaces/share/scanner_interfaces/cmake/ament_cmake_export_include_directories-extras.cmake
[4.179s] -- Up-to-date: /home/ALEX/3dev/ros/install/scanner_interfaces/share/scanner_interfaces/cmake/ament_cmake_export_libraries-extras.cmake
[4.179s] -- Up-to-date: /home/ALEX/3dev/ros/install/scanner_interfaces/share/scanner_interfaces/cmake/ament_cmake_export_targets-extras.cmake
[4.179s] -- Up-to-date: /home/ALEX/3dev/ros/install/scanner_interfaces/share/scanner_interfaces/cmake/rosidl_cmake_export_typesupport_targets-extras.cmake
[4.180s] -- Up-to-date: /home/ALEX/3dev/ros/install/scanner_interfaces/share/scanner_interfaces/cmake/ament_cmake_export_dependencies-extras.cmake
[4.180s] -- Up-to-date: /home/ALEX/3dev/ros/install/scanner_interfaces/share/scanner_interfaces/cmake/rosidl_cmake_export_typesupport_libraries-extras.cmake
[4.180s] -- Up-to-date: /home/ALEX/3dev/ros/install/scanner_interfaces/share/scanner_interfaces/cmake/scanner_interfacesConfig.cmake
[4.180s] -- Up-to-date: /home/ALEX/3dev/ros/install/scanner_interfaces/share/scanner_interfaces/cmake/scanner_interfacesConfig-version.cmake
[4.180s] -- Up-to-date: /home/ALEX/3dev/ros/install/scanner_interfaces/share/scanner_interfaces/package.xml
[4.182s] Invoked command in '/home/ALEX/3dev/ros/build/scanner_interfaces' returned '0': CMAKE_PREFIX_PATH=${CMAKE_PREFIX_PATH}:/home/ALEX/3dev/ros/install/test_py_pkg:/home/ALEX/3dev/ros/install/scannerV2:/home/ALEX/3dev/ros/install/scanner:/opt/ros/humble /usr/bin/cmake --install /home/ALEX/3dev/ros/build/scanner_interfaces
