[0.042s] Invoking command in '/home/ALEX/3dev/ros/build/opencv_cam': CMAKE_PREFIX_PATH=${CMAKE_PREFIX_PATH}:/home/ALEX/3dev/ros/install/test_py_pkg:/home/ALEX/3dev/ros/install/scanner:/opt/ros/humble /usr/bin/cmake /home/ALEX/3dev/ros/src/opencv_cam -DCMAKE_INSTALL_PREFIX=/home/ALEX/3dev/ros/install/opencv_cam
[0.307s] -- The C compiler identification is GNU 11.3.0
[0.307s] -- The CXX compiler identification is GNU 11.3.0
[0.307s] -- Detecting C compiler ABI info
[0.308s] -- Detecting C compiler ABI info - done
[0.308s] -- Check for working C compiler: /usr/bin/cc - skipped
[0.308s] -- Detecting C compile features
[0.308s] -- Detecting C compile features - done
[0.308s] -- Detecting CXX compiler ABI info
[0.330s] -- Detecting CXX compiler ABI info - done
[0.341s] -- Check for working CXX compiler: /usr/bin/c++ - skipped
[0.342s] -- Detecting CXX compile features
[0.342s] -- Detecting CXX compile features - done
[0.363s] -- Found OpenCV version 4.5.4
[0.368s] -- Found ament_cmake: 1.3.2 (/opt/ros/humble/share/ament_cmake/cmake)
[0.551s] -- Found Python3: /usr/bin/python3.10 (found version "3.10.6") found components: Interpreter 
[0.659s] -- Found camera_calibration_parsers: 3.1.5 (/opt/ros/humble/share/camera_calibration_parsers/cmake)
[0.741s] -- Found rosidl_generator_c: 3.1.3 (/opt/ros/humble/share/rosidl_generator_c/cmake)
[0.748s] -- Found rosidl_adapter: 3.1.3 (/opt/ros/humble/share/rosidl_adapter/cmake)
[0.759s] -- Found rosidl_generator_cpp: 3.1.3 (/opt/ros/humble/share/rosidl_generator_cpp/cmake)
[0.779s] -- Using all available rosidl_typesupport_c: rosidl_typesupport_fastrtps_c;rosidl_typesupport_introspection_c
[0.812s] -- Using all available rosidl_typesupport_cpp: rosidl_typesupport_fastrtps_cpp;rosidl_typesupport_introspection_cpp
[0.907s] -- Found rmw_implementation_cmake: 6.1.0 (/opt/ros/humble/share/rmw_implementation_cmake/cmake)
[0.911s] -- Found rmw_fastrtps_cpp: 6.2.1 (/opt/ros/humble/share/rmw_fastrtps_cpp/cmake)
[1.019s] -- Found OpenSSL: /usr/lib/x86_64-linux-gnu/libcrypto.so (found version "3.0.2")  
[1.059s] -- Found FastRTPS: /opt/ros/humble/include  
[1.126s] -- Using RMW implementation 'rmw_fastrtps_cpp' as default
[1.575s] -- Found class_loader: 2.2.0 (/opt/ros/humble/share/class_loader/cmake)
[1.590s] -- Found rclcpp_components: 16.0.1 (/opt/ros/humble/share/rclcpp_components/cmake)
[1.669s] [31mCMake Error at CMakeLists.txt:34 (find_package):
[1.669s]   By not providing "Findros2_shared.cmake" in CMAKE_MODULE_PATH this project
[1.669s]   has asked CMake to find a package configuration file provided by
[1.669s]   "ros2_shared", but CMake did not find one.
[1.669s] 
[1.670s]   Could not find a package configuration file provided by "ros2_shared" with
[1.670s]   any of the following names:
[1.670s] 
[1.670s]     ros2_sharedConfig.cmake
[1.670s]     ros2_shared-config.cmake
[1.670s] 
[1.670s]   Add the installation prefix of "ros2_shared" to CMAKE_PREFIX_PATH or set
[1.670s]   "ros2_shared_DIR" to a directory containing one of the above files.  If
[1.670s]   "ros2_shared" provides a separate development package or SDK, be sure it
[1.670s]   has been installed.
[1.670s] 
[1.670s] [0m
[1.670s] -- Configuring incomplete, errors occurred!
[1.671s] See also "/home/ALEX/3dev/ros/build/opencv_cam/CMakeFiles/CMakeOutput.log".
[1.676s] Invoked command in '/home/ALEX/3dev/ros/build/opencv_cam' returned '1': CMAKE_PREFIX_PATH=${CMAKE_PREFIX_PATH}:/home/ALEX/3dev/ros/install/test_py_pkg:/home/ALEX/3dev/ros/install/scanner:/opt/ros/humble /usr/bin/cmake /home/ALEX/3dev/ros/src/opencv_cam -DCMAKE_INSTALL_PREFIX=/home/ALEX/3dev/ros/install/opencv_cam
