[0.739s] Invoking command in '/home/ALEX/anytrack/ros/build/anytrack': PYTHONPATH=/home/ALEX/anytrack/ros/build/anytrack/prefix_override:/home/ALEX/anytrack/ros/install/anytrack/lib/python3.10/site-packages:${PYTHONPATH} /usr/bin/python3 setup.py develop --editable --build-directory /home/ALEX/anytrack/ros/build/anytrack/build --no-deps install_data
[1.027s] running develop
[1.189s] running egg_info
[1.189s] writing anytrack.egg-info/PKG-INFO
[1.189s] writing dependency_links to anytrack.egg-info/dependency_links.txt
[1.189s] writing entry points to anytrack.egg-info/entry_points.txt
[1.189s] writing requirements to anytrack.egg-info/requires.txt
[1.190s] writing top-level names to anytrack.egg-info/top_level.txt
[1.192s] reading manifest file 'anytrack.egg-info/SOURCES.txt'
[1.193s] writing manifest file 'anytrack.egg-info/SOURCES.txt'
[1.195s] running build_ext
[1.195s] Creating /home/ALEX/anytrack/ros/install/anytrack/lib/python3.10/site-packages/anytrack.egg-link (link to .)
[1.196s] Installing calibration script to /home/ALEX/anytrack/ros/install/anytrack/lib/anytrack
[1.196s] Installing camera_detector script to /home/ALEX/anytrack/ros/install/anytrack/lib/anytrack
[1.196s] Installing camera_driver script to /home/ALEX/anytrack/ros/install/anytrack/lib/anytrack
[1.196s] Installing camera_info script to /home/ALEX/anytrack/ros/install/anytrack/lib/anytrack
[1.196s] Installing camera_vector script to /home/ALEX/anytrack/ros/install/anytrack/lib/anytrack
[1.196s] Installing manager script to /home/ALEX/anytrack/ros/install/anytrack/lib/anytrack
[1.197s] Installing position_manager script to /home/ALEX/anytrack/ros/install/anytrack/lib/anytrack
[1.197s] Installing test script to /home/ALEX/anytrack/ros/install/anytrack/lib/anytrack
[1.197s] 
[1.197s] Installed /home/ALEX/anytrack/ros/build/anytrack
[1.197s] running install_data
[1.236s] Invoked command in '/home/ALEX/anytrack/ros/build/anytrack' returned '0': PYTHONPATH=/home/ALEX/anytrack/ros/build/anytrack/prefix_override:/home/ALEX/anytrack/ros/install/anytrack/lib/python3.10/site-packages:${PYTHONPATH} /usr/bin/python3 setup.py develop --editable --build-directory /home/ALEX/anytrack/ros/build/anytrack/build --no-deps install_data
