[1.437s] Invoking command in '/home/ALEX/anytrack/ros/src/scannerV2': PYTHONPATH=/home/ALEX/anytrack/ros/build/scannerV2/prefix_override:/home/ALEX/anytrack/ros/install/scannerV2/lib/python3.10/site-packages:${PYTHONPATH} /usr/bin/python3 setup.py egg_info --egg-base ../../build/scannerV2 build --build-base /home/ALEX/anytrack/ros/build/scannerV2/build install --record /home/ALEX/anytrack/ros/build/scannerV2/install.log --single-version-externally-managed
[1.652s] running egg_info
[1.652s] creating ../../build/scannerV2/scannerV2.egg-info
[1.653s] writing ../../build/scannerV2/scannerV2.egg-info/PKG-INFO
[1.653s] writing dependency_links to ../../build/scannerV2/scannerV2.egg-info/dependency_links.txt
[1.653s] writing entry points to ../../build/scannerV2/scannerV2.egg-info/entry_points.txt
[1.653s] writing requirements to ../../build/scannerV2/scannerV2.egg-info/requires.txt
[1.653s] writing top-level names to ../../build/scannerV2/scannerV2.egg-info/top_level.txt
[1.654s] writing manifest file '../../build/scannerV2/scannerV2.egg-info/SOURCES.txt'
[1.656s] reading manifest file '../../build/scannerV2/scannerV2.egg-info/SOURCES.txt'
[1.657s] writing manifest file '../../build/scannerV2/scannerV2.egg-info/SOURCES.txt'
[1.657s] running build
[1.657s] running build_py
[1.657s] creating /home/ALEX/anytrack/ros/build/scannerV2/build
[1.657s] creating /home/ALEX/anytrack/ros/build/scannerV2/build/lib
[1.657s] creating /home/ALEX/anytrack/ros/build/scannerV2/build/lib/scannerV2
[1.657s] copying scannerV2/manager.py -> /home/ALEX/anytrack/ros/build/scannerV2/build/lib/scannerV2
[1.657s] copying scannerV2/position_manager.py -> /home/ALEX/anytrack/ros/build/scannerV2/build/lib/scannerV2
[1.658s] copying scannerV2/camera_info.py -> /home/ALEX/anytrack/ros/build/scannerV2/build/lib/scannerV2
[1.658s] copying scannerV2/camera_vector.py -> /home/ALEX/anytrack/ros/build/scannerV2/build/lib/scannerV2
[1.658s] copying scannerV2/calibrator.py -> /home/ALEX/anytrack/ros/build/scannerV2/build/lib/scannerV2
[1.658s] copying scannerV2/tracker2D.py -> /home/ALEX/anytrack/ros/build/scannerV2/build/lib/scannerV2
[1.658s] copying scannerV2/test.py -> /home/ALEX/anytrack/ros/build/scannerV2/build/lib/scannerV2
[1.658s] copying scannerV2/__init__.py -> /home/ALEX/anytrack/ros/build/scannerV2/build/lib/scannerV2
[1.658s] running install
[1.659s] running install_lib
[1.660s] creating /home/ALEX/anytrack/ros/install/scannerV2/lib/python3.10/site-packages/scannerV2
[1.660s] copying /home/ALEX/anytrack/ros/build/scannerV2/build/lib/scannerV2/manager.py -> /home/ALEX/anytrack/ros/install/scannerV2/lib/python3.10/site-packages/scannerV2
[1.660s] copying /home/ALEX/anytrack/ros/build/scannerV2/build/lib/scannerV2/position_manager.py -> /home/ALEX/anytrack/ros/install/scannerV2/lib/python3.10/site-packages/scannerV2
[1.660s] copying /home/ALEX/anytrack/ros/build/scannerV2/build/lib/scannerV2/camera_info.py -> /home/ALEX/anytrack/ros/install/scannerV2/lib/python3.10/site-packages/scannerV2
[1.660s] copying /home/ALEX/anytrack/ros/build/scannerV2/build/lib/scannerV2/camera_vector.py -> /home/ALEX/anytrack/ros/install/scannerV2/lib/python3.10/site-packages/scannerV2
[1.660s] copying /home/ALEX/anytrack/ros/build/scannerV2/build/lib/scannerV2/calibrator.py -> /home/ALEX/anytrack/ros/install/scannerV2/lib/python3.10/site-packages/scannerV2
[1.661s] copying /home/ALEX/anytrack/ros/build/scannerV2/build/lib/scannerV2/tracker2D.py -> /home/ALEX/anytrack/ros/install/scannerV2/lib/python3.10/site-packages/scannerV2
[1.661s] copying /home/ALEX/anytrack/ros/build/scannerV2/build/lib/scannerV2/test.py -> /home/ALEX/anytrack/ros/install/scannerV2/lib/python3.10/site-packages/scannerV2
[1.661s] copying /home/ALEX/anytrack/ros/build/scannerV2/build/lib/scannerV2/__init__.py -> /home/ALEX/anytrack/ros/install/scannerV2/lib/python3.10/site-packages/scannerV2
[1.661s] byte-compiling /home/ALEX/anytrack/ros/install/scannerV2/lib/python3.10/site-packages/scannerV2/manager.py to manager.cpython-310.pyc
[1.662s] byte-compiling /home/ALEX/anytrack/ros/install/scannerV2/lib/python3.10/site-packages/scannerV2/position_manager.py to position_manager.cpython-310.pyc
[1.663s] byte-compiling /home/ALEX/anytrack/ros/install/scannerV2/lib/python3.10/site-packages/scannerV2/camera_info.py to camera_info.cpython-310.pyc
[1.663s] byte-compiling /home/ALEX/anytrack/ros/install/scannerV2/lib/python3.10/site-packages/scannerV2/camera_vector.py to camera_vector.cpython-310.pyc
[1.664s] byte-compiling /home/ALEX/anytrack/ros/install/scannerV2/lib/python3.10/site-packages/scannerV2/calibrator.py to calibrator.cpython-310.pyc
[1.665s] byte-compiling /home/ALEX/anytrack/ros/install/scannerV2/lib/python3.10/site-packages/scannerV2/tracker2D.py to tracker2D.cpython-310.pyc
[1.666s] byte-compiling /home/ALEX/anytrack/ros/install/scannerV2/lib/python3.10/site-packages/scannerV2/test.py to test.cpython-310.pyc
[1.667s] byte-compiling /home/ALEX/anytrack/ros/install/scannerV2/lib/python3.10/site-packages/scannerV2/__init__.py to __init__.cpython-310.pyc
[1.667s] running install_data
[1.667s] creating /home/ALEX/anytrack/ros/install/scannerV2/share/ament_index
[1.667s] creating /home/ALEX/anytrack/ros/install/scannerV2/share/ament_index/resource_index
[1.668s] creating /home/ALEX/anytrack/ros/install/scannerV2/share/ament_index/resource_index/packages
[1.668s] copying resource/scannerV2 -> /home/ALEX/anytrack/ros/install/scannerV2/share/ament_index/resource_index/packages
[1.668s] copying package.xml -> /home/ALEX/anytrack/ros/install/scannerV2/share/scannerV2
[1.668s] running install_egg_info
[1.669s] Copying ../../build/scannerV2/scannerV2.egg-info to /home/ALEX/anytrack/ros/install/scannerV2/lib/python3.10/site-packages/scannerV2-0.0.0-py3.10.egg-info
[1.670s] running install_scripts
[1.689s] Installing calibrator script to /home/ALEX/anytrack/ros/install/scannerV2/lib/scannerV2
[1.689s] Installing camera_info script to /home/ALEX/anytrack/ros/install/scannerV2/lib/scannerV2
[1.689s] Installing camera_vector script to /home/ALEX/anytrack/ros/install/scannerV2/lib/scannerV2
[1.689s] Installing manager script to /home/ALEX/anytrack/ros/install/scannerV2/lib/scannerV2
[1.689s] Installing position_manager script to /home/ALEX/anytrack/ros/install/scannerV2/lib/scannerV2
[1.690s] Installing test script to /home/ALEX/anytrack/ros/install/scannerV2/lib/scannerV2
[1.690s] Installing tracker2D script to /home/ALEX/anytrack/ros/install/scannerV2/lib/scannerV2
[1.690s] writing list of installed files to '/home/ALEX/anytrack/ros/build/scannerV2/install.log'
[1.728s] Invoked command in '/home/ALEX/anytrack/ros/src/scannerV2' returned '0': PYTHONPATH=/home/ALEX/anytrack/ros/build/scannerV2/prefix_override:/home/ALEX/anytrack/ros/install/scannerV2/lib/python3.10/site-packages:${PYTHONPATH} /usr/bin/python3 setup.py egg_info --egg-base ../../build/scannerV2 build --build-base /home/ALEX/anytrack/ros/build/scannerV2/build install --record /home/ALEX/anytrack/ros/build/scannerV2/install.log --single-version-externally-managed
