[0.021s] Invoking command in '/home/ALEX/anytrack/ros/build/scanner_interfaces': CMAKE_PREFIX_PATH=${CMAKE_PREFIX_PATH}:/home/ALEX/anytrack/ros/install/test_py_pkg:/home/ALEX/anytrack/ros/install/scanner:/opt/ros/humble /usr/bin/cmake --build /home/ALEX/anytrack/ros/build/scanner_interfaces -- -j12 -l12
[0.042s] -- Found ament_cmake: 1.3.2 (/opt/ros/humble/share/ament_cmake/cmake)
[0.172s] -- Found rosidl_default_generators: 1.2.0 (/opt/ros/humble/share/rosidl_default_generators/cmake)
[0.174s] -- Using all available rosidl_typesupport_c: rosidl_typesupport_fastrtps_c;rosidl_typesupport_introspection_c
[0.177s] -- Found rosidl_adapter: 3.1.3 (/opt/ros/humble/share/rosidl_adapter/cmake)
[0.207s] -- Using all available rosidl_typesupport_cpp: rosidl_typesupport_fastrtps_cpp;rosidl_typesupport_introspection_cpp
[0.441s] -- Found ament_cmake_ros: 0.10.0 (/opt/ros/humble/share/ament_cmake_ros/cmake)
[0.596s] -- Using all available rosidl_typesupport_c: rosidl_typesupport_fastrtps_c;rosidl_typesupport_introspection_c
[0.809s] -- Using all available rosidl_typesupport_cpp: rosidl_typesupport_fastrtps_cpp;rosidl_typesupport_introspection_cpp
[0.828s] -- Found python_cmake_module: 0.10.0 (/opt/ros/humble/share/python_cmake_module/cmake)
[0.848s] -- Using PYTHON_EXECUTABLE: /usr/bin/python3
[0.848s] -- Using PYTHON_INCLUDE_DIRS: /usr/include/python3.10
[0.848s] -- Using PYTHON_LIBRARIES: /usr/lib/x86_64-linux-gnu/libpython3.10.so
[0.865s] -- Configuring done
[0.896s] -- Generating done
[0.898s] -- Build files have been written to: /home/ALEX/anytrack/ros/build/scanner_interfaces
[0.918s] [  3%] [34m[1mGenerating C code for ROS interfaces[0m
[0.926s] [  6%] [34m[1mGenerating C++ code for ROS interfaces[0m
[0.936s] [  6%] Built target ament_cmake_python_copy_scanner_interfaces
[1.162s] [35m[1mConsolidate compiler generated dependencies of target scanner_interfaces__rosidl_generator_c[0m
[1.163s] [  6%] Built target scanner_interfaces__cpp
[1.172s] [ 19%] [32mBuilding C object CMakeFiles/scanner_interfaces__rosidl_generator_c.dir/rosidl_generator_c/scanner_interfaces/msg/detail/camera_xy__functions.c.o[0m
[1.172s] [ 19%] [34m[1mGenerating C++ type support dispatch for ROS interfaces[0m
[1.172s] [ 19%] [34m[1mGenerating C++ type support for eProsima Fast-RTPS[0m
[1.172s] [ 19%] [34m[1mGenerating C++ introspection for ROS interfaces[0m
[1.176s] running egg_info
[1.177s] writing scanner_interfaces.egg-info/PKG-INFO
[1.177s] writing dependency_links to scanner_interfaces.egg-info/dependency_links.txt
[1.177s] writing top-level names to scanner_interfaces.egg-info/top_level.txt
[1.179s] reading manifest file 'scanner_interfaces.egg-info/SOURCES.txt'
[1.180s] writing manifest file 'scanner_interfaces.egg-info/SOURCES.txt'
[1.207s] [ 19%] Built target ament_cmake_python_build_scanner_interfaces_egg
[1.214s] [ 22%] [32m[1mLinking C shared library libscanner_interfaces__rosidl_generator_c.so[0m
[1.244s] [ 22%] Built target scanner_interfaces__rosidl_generator_c
[1.253s] [ 25%] [34m[1mGenerating C type support dispatch for ROS interfaces[0m
[1.253s] [ 29%] [34m[1mGenerating C type support for eProsima Fast-RTPS[0m
[1.255s] [ 32%] [34m[1mGenerating C introspection for ROS interfaces[0m
[1.391s] [35m[1mConsolidate compiler generated dependencies of target scanner_interfaces__rosidl_typesupport_introspection_cpp[0m
[1.403s] [ 35%] [32mBuilding CXX object CMakeFiles/scanner_interfaces__rosidl_typesupport_introspection_cpp.dir/rosidl_typesupport_introspection_cpp/scanner_interfaces/msg/detail/camera_xy__type_support.cpp.o[0m
[1.406s] [35m[1mConsolidate compiler generated dependencies of target scanner_interfaces__rosidl_typesupport_fastrtps_cpp[0m
[1.421s] [ 38%] [32mBuilding CXX object CMakeFiles/scanner_interfaces__rosidl_typesupport_fastrtps_cpp.dir/rosidl_typesupport_fastrtps_cpp/scanner_interfaces/msg/detail/dds_fastrtps/camera_xy__type_support.cpp.o[0m
[1.430s] [35m[1mConsolidate compiler generated dependencies of target scanner_interfaces__rosidl_typesupport_cpp[0m
[1.441s] [ 41%] [32mBuilding CXX object CMakeFiles/scanner_interfaces__rosidl_typesupport_cpp.dir/rosidl_typesupport_cpp/scanner_interfaces/msg/camera_xy__type_support.cpp.o[0m
[1.483s] [35m[1mConsolidate compiler generated dependencies of target scanner_interfaces__rosidl_typesupport_introspection_c[0m
[1.493s] [ 45%] [32mBuilding C object CMakeFiles/scanner_interfaces__rosidl_typesupport_introspection_c.dir/rosidl_typesupport_introspection_c/scanner_interfaces/msg/detail/camera_xy__type_support.c.o[0m
[1.536s] [35m[1mConsolidate compiler generated dependencies of target scanner_interfaces__rosidl_typesupport_c[0m
[1.540s] [ 48%] [32m[1mLinking C shared library libscanner_interfaces__rosidl_typesupport_introspection_c.so[0m
[1.551s] [ 51%] [32mBuilding CXX object CMakeFiles/scanner_interfaces__rosidl_typesupport_c.dir/rosidl_typesupport_c/scanner_interfaces/msg/camera_xy__type_support.cpp.o[0m
[1.555s] [35m[1mConsolidate compiler generated dependencies of target scanner_interfaces__rosidl_typesupport_fastrtps_c[0m
[1.571s] [ 54%] [32mBuilding CXX object CMakeFiles/scanner_interfaces__rosidl_typesupport_fastrtps_c.dir/rosidl_typesupport_fastrtps_c/scanner_interfaces/msg/detail/camera_xy__type_support_c.cpp.o[0m
[1.579s] [ 54%] Built target scanner_interfaces__rosidl_typesupport_introspection_c
[1.585s] [ 58%] [32m[1mLinking CXX shared library libscanner_interfaces__rosidl_typesupport_c.so[0m
[1.620s] [ 58%] Built target scanner_interfaces__rosidl_typesupport_c
[1.726s] [ 61%] [32m[1mLinking CXX shared library libscanner_interfaces__rosidl_typesupport_cpp.so[0m
[1.761s] [ 61%] Built target scanner_interfaces__rosidl_typesupport_cpp
[1.772s] [ 64%] [32m[1mLinking CXX shared library libscanner_interfaces__rosidl_typesupport_introspection_cpp.so[0m
[1.806s] [ 64%] Built target scanner_interfaces__rosidl_typesupport_introspection_cpp
[1.821s] [ 67%] [32m[1mLinking CXX shared library libscanner_interfaces__rosidl_typesupport_fastrtps_cpp.so[0m
[1.886s] [ 70%] [32m[1mLinking CXX shared library libscanner_interfaces__rosidl_typesupport_fastrtps_c.so[0m
[1.886s] [ 70%] Built target scanner_interfaces__rosidl_typesupport_fastrtps_cpp
[1.949s] [ 70%] Built target scanner_interfaces__rosidl_typesupport_fastrtps_c
[1.965s] [ 70%] Built target scanner_interfaces
[1.981s] [ 74%] [34m[1mGenerating Python code for ROS interfaces[0m
[2.368s] [ 74%] Built target scanner_interfaces__py
[2.376s] [35m[1mConsolidate compiler generated dependencies of target scanner_interfaces__rosidl_generator_py[0m
[2.387s] [ 77%] [32mBuilding C object CMakeFiles/scanner_interfaces__rosidl_generator_py.dir/rosidl_generator_py/scanner_interfaces/msg/_camera_xy_s.c.o[0m
[2.477s] [ 80%] [32m[1mLinking C shared library rosidl_generator_py/scanner_interfaces/libscanner_interfaces__rosidl_generator_py.so[0m
[2.507s] [ 80%] Built target scanner_interfaces__rosidl_generator_py
[2.516s] [35m[1mConsolidate compiler generated dependencies of target scanner_interfaces__rosidl_typesupport_c__pyext[0m
[2.516s] [35m[1mConsolidate compiler generated dependencies of target scanner_interfaces__rosidl_typesupport_introspection_c__pyext[0m
[2.516s] [35m[1mConsolidate compiler generated dependencies of target scanner_interfaces__rosidl_typesupport_fastrtps_c__pyext[0m
[2.528s] [ 87%] [32mBuilding C object CMakeFiles/scanner_interfaces__rosidl_typesupport_fastrtps_c__pyext.dir/rosidl_generator_py/scanner_interfaces/_scanner_interfaces_s.ep.rosidl_typesupport_fastrtps_c.c.o[0m
[2.528s] [ 87%] [32mBuilding C object CMakeFiles/scanner_interfaces__rosidl_typesupport_c__pyext.dir/rosidl_generator_py/scanner_interfaces/_scanner_interfaces_s.ep.rosidl_typesupport_c.c.o[0m
[2.528s] [ 90%] [32mBuilding C object CMakeFiles/scanner_interfaces__rosidl_typesupport_introspection_c__pyext.dir/rosidl_generator_py/scanner_interfaces/_scanner_interfaces_s.ep.rosidl_typesupport_introspection_c.c.o[0m
[2.610s] [ 96%] [32m[1mLinking C shared library rosidl_generator_py/scanner_interfaces/scanner_interfaces_s__rosidl_typesupport_c.cpython-310-x86_64-linux-gnu.so[0m
[2.610s] [ 96%] [32m[1mLinking C shared library rosidl_generator_py/scanner_interfaces/scanner_interfaces_s__rosidl_typesupport_introspection_c.cpython-310-x86_64-linux-gnu.so[0m
[2.612s] [100%] [32m[1mLinking C shared library rosidl_generator_py/scanner_interfaces/scanner_interfaces_s__rosidl_typesupport_fastrtps_c.cpython-310-x86_64-linux-gnu.so[0m
[2.639s] [100%] Built target scanner_interfaces__rosidl_typesupport_c__pyext
[2.639s] [100%] Built target scanner_interfaces__rosidl_typesupport_introspection_c__pyext
[2.640s] [100%] Built target scanner_interfaces__rosidl_typesupport_fastrtps_c__pyext
[2.649s] Invoked command in '/home/ALEX/anytrack/ros/build/scanner_interfaces' returned '0': CMAKE_PREFIX_PATH=${CMAKE_PREFIX_PATH}:/home/ALEX/anytrack/ros/install/test_py_pkg:/home/ALEX/anytrack/ros/install/scanner:/opt/ros/humble /usr/bin/cmake --build /home/ALEX/anytrack/ros/build/scanner_interfaces -- -j12 -l12
[2.696s] Invoking command in '/home/ALEX/anytrack/ros/build/scanner_interfaces': CMAKE_PREFIX_PATH=${CMAKE_PREFIX_PATH}:/home/ALEX/anytrack/ros/install/test_py_pkg:/home/ALEX/anytrack/ros/install/scanner:/opt/ros/humble /usr/bin/cmake --install /home/ALEX/anytrack/ros/build/scanner_interfaces
[2.702s] -- Install configuration: ""
[2.703s] -- Up-to-date: /home/ALEX/anytrack/ros/install/scanner_interfaces/share/ament_index/resource_index/rosidl_interfaces/scanner_interfaces
[2.703s] -- Up-to-date: /home/ALEX/anytrack/ros/install/scanner_interfaces/include/scanner_interfaces/scanner_interfaces
[2.703s] -- Up-to-date: /home/ALEX/anytrack/ros/install/scanner_interfaces/include/scanner_interfaces/scanner_interfaces/msg
[2.703s] -- Installing: /home/ALEX/anytrack/ros/install/scanner_interfaces/include/scanner_interfaces/scanner_interfaces/msg/camera_xy.h
[2.703s] -- Up-to-date: /home/ALEX/anytrack/ros/install/scanner_interfaces/include/scanner_interfaces/scanner_interfaces/msg/rosidl_generator_c__visibility_control.h
[2.703s] -- Up-to-date: /home/ALEX/anytrack/ros/install/scanner_interfaces/include/scanner_interfaces/scanner_interfaces/msg/detail
[2.703s] -- Installing: /home/ALEX/anytrack/ros/install/scanner_interfaces/include/scanner_interfaces/scanner_interfaces/msg/detail/camera_xy__struct.h
[2.703s] -- Installing: /home/ALEX/anytrack/ros/install/scanner_interfaces/include/scanner_interfaces/scanner_interfaces/msg/detail/camera_xy__functions.h
[2.703s] -- Installing: /home/ALEX/anytrack/ros/install/scanner_interfaces/include/scanner_interfaces/scanner_interfaces/msg/detail/camera_xy__type_support.h
[2.704s] -- Installing: /home/ALEX/anytrack/ros/install/scanner_interfaces/include/scanner_interfaces/scanner_interfaces/msg/detail/camera_xy__functions.c
[2.704s] -- Up-to-date: /home/ALEX/anytrack/ros/install/scanner_interfaces/share/scanner_interfaces/environment/library_path.sh
[2.704s] -- Installing: /home/ALEX/anytrack/ros/install/scanner_interfaces/share/scanner_interfaces/environment/library_path.dsv
[2.704s] -- Installing: /home/ALEX/anytrack/ros/install/scanner_interfaces/lib/libscanner_interfaces__rosidl_generator_c.so
[2.704s] -- Set runtime path of "/home/ALEX/anytrack/ros/install/scanner_interfaces/lib/libscanner_interfaces__rosidl_generator_c.so" to ""
[2.704s] -- Up-to-date: /home/ALEX/anytrack/ros/install/scanner_interfaces/include/scanner_interfaces/scanner_interfaces
[2.704s] -- Up-to-date: /home/ALEX/anytrack/ros/install/scanner_interfaces/include/scanner_interfaces/scanner_interfaces/msg
[2.704s] -- Up-to-date: /home/ALEX/anytrack/ros/install/scanner_interfaces/include/scanner_interfaces/scanner_interfaces/msg/rosidl_typesupport_fastrtps_c__visibility_control.h
[2.704s] -- Up-to-date: /home/ALEX/anytrack/ros/install/scanner_interfaces/include/scanner_interfaces/scanner_interfaces/msg/detail
[2.704s] -- Installing: /home/ALEX/anytrack/ros/install/scanner_interfaces/include/scanner_interfaces/scanner_interfaces/msg/detail/camera_xy__rosidl_typesupport_fastrtps_c.h
[2.704s] -- Installing: /home/ALEX/anytrack/ros/install/scanner_interfaces/lib/libscanner_interfaces__rosidl_typesupport_fastrtps_c.so
[2.705s] -- Set runtime path of "/home/ALEX/anytrack/ros/install/scanner_interfaces/lib/libscanner_interfaces__rosidl_typesupport_fastrtps_c.so" to ""
[2.705s] -- Up-to-date: /home/ALEX/anytrack/ros/install/scanner_interfaces/include/scanner_interfaces/scanner_interfaces
[2.705s] -- Up-to-date: /home/ALEX/anytrack/ros/install/scanner_interfaces/include/scanner_interfaces/scanner_interfaces/msg
[2.705s] -- Up-to-date: /home/ALEX/anytrack/ros/install/scanner_interfaces/include/scanner_interfaces/scanner_interfaces/msg/rosidl_typesupport_introspection_c__visibility_control.h
[2.705s] -- Up-to-date: /home/ALEX/anytrack/ros/install/scanner_interfaces/include/scanner_interfaces/scanner_interfaces/msg/detail
[2.705s] -- Installing: /home/ALEX/anytrack/ros/install/scanner_interfaces/include/scanner_interfaces/scanner_interfaces/msg/detail/camera_xy__rosidl_typesupport_introspection_c.h
[2.705s] -- Installing: /home/ALEX/anytrack/ros/install/scanner_interfaces/include/scanner_interfaces/scanner_interfaces/msg/detail/camera_xy__type_support.c
[2.706s] -- Installing: /home/ALEX/anytrack/ros/install/scanner_interfaces/lib/libscanner_interfaces__rosidl_typesupport_introspection_c.so
[2.706s] -- Set runtime path of "/home/ALEX/anytrack/ros/install/scanner_interfaces/lib/libscanner_interfaces__rosidl_typesupport_introspection_c.so" to ""
[2.706s] -- Installing: /home/ALEX/anytrack/ros/install/scanner_interfaces/lib/libscanner_interfaces__rosidl_typesupport_c.so
[2.706s] -- Set runtime path of "/home/ALEX/anytrack/ros/install/scanner_interfaces/lib/libscanner_interfaces__rosidl_typesupport_c.so" to ""
[2.706s] -- Up-to-date: /home/ALEX/anytrack/ros/install/scanner_interfaces/include/scanner_interfaces/scanner_interfaces
[2.706s] -- Up-to-date: /home/ALEX/anytrack/ros/install/scanner_interfaces/include/scanner_interfaces/scanner_interfaces/msg
[2.706s] -- Installing: /home/ALEX/anytrack/ros/install/scanner_interfaces/include/scanner_interfaces/scanner_interfaces/msg/camera_xy.hpp
[2.706s] -- Up-to-date: /home/ALEX/anytrack/ros/install/scanner_interfaces/include/scanner_interfaces/scanner_interfaces/msg/detail
[2.706s] -- Installing: /home/ALEX/anytrack/ros/install/scanner_interfaces/include/scanner_interfaces/scanner_interfaces/msg/detail/camera_xy__builder.hpp
[2.706s] -- Installing: /home/ALEX/anytrack/ros/install/scanner_interfaces/include/scanner_interfaces/scanner_interfaces/msg/detail/camera_xy__traits.hpp
[2.707s] -- Installing: /home/ALEX/anytrack/ros/install/scanner_interfaces/include/scanner_interfaces/scanner_interfaces/msg/detail/camera_xy__struct.hpp
[2.707s] -- Up-to-date: /home/ALEX/anytrack/ros/install/scanner_interfaces/include/scanner_interfaces/scanner_interfaces
[2.707s] -- Up-to-date: /home/ALEX/anytrack/ros/install/scanner_interfaces/include/scanner_interfaces/scanner_interfaces/msg
[2.707s] -- Up-to-date: /home/ALEX/anytrack/ros/install/scanner_interfaces/include/scanner_interfaces/scanner_interfaces/msg/rosidl_typesupport_fastrtps_cpp__visibility_control.h
[2.707s] -- Up-to-date: /home/ALEX/anytrack/ros/install/scanner_interfaces/include/scanner_interfaces/scanner_interfaces/msg/detail
[2.707s] -- Installing: /home/ALEX/anytrack/ros/install/scanner_interfaces/include/scanner_interfaces/scanner_interfaces/msg/detail/camera_xy__rosidl_typesupport_fastrtps_cpp.hpp
[2.707s] -- Up-to-date: /home/ALEX/anytrack/ros/install/scanner_interfaces/include/scanner_interfaces/scanner_interfaces/msg/detail/dds_fastrtps
[2.707s] -- Installing: /home/ALEX/anytrack/ros/install/scanner_interfaces/lib/libscanner_interfaces__rosidl_typesupport_fastrtps_cpp.so
[2.708s] -- Set runtime path of "/home/ALEX/anytrack/ros/install/scanner_interfaces/lib/libscanner_interfaces__rosidl_typesupport_fastrtps_cpp.so" to ""
[2.708s] -- Up-to-date: /home/ALEX/anytrack/ros/install/scanner_interfaces/include/scanner_interfaces/scanner_interfaces
[2.708s] -- Up-to-date: /home/ALEX/anytrack/ros/install/scanner_interfaces/include/scanner_interfaces/scanner_interfaces/msg
[2.708s] -- Up-to-date: /home/ALEX/anytrack/ros/install/scanner_interfaces/include/scanner_interfaces/scanner_interfaces/msg/detail
[2.708s] -- Installing: /home/ALEX/anytrack/ros/install/scanner_interfaces/include/scanner_interfaces/scanner_interfaces/msg/detail/camera_xy__rosidl_typesupport_introspection_cpp.hpp
[2.708s] -- Installing: /home/ALEX/anytrack/ros/install/scanner_interfaces/include/scanner_interfaces/scanner_interfaces/msg/detail/camera_xy__type_support.cpp
[2.708s] -- Installing: /home/ALEX/anytrack/ros/install/scanner_interfaces/lib/libscanner_interfaces__rosidl_typesupport_introspection_cpp.so
[2.708s] -- Set runtime path of "/home/ALEX/anytrack/ros/install/scanner_interfaces/lib/libscanner_interfaces__rosidl_typesupport_introspection_cpp.so" to ""
[2.709s] -- Installing: /home/ALEX/anytrack/ros/install/scanner_interfaces/lib/libscanner_interfaces__rosidl_typesupport_cpp.so
[2.709s] -- Set runtime path of "/home/ALEX/anytrack/ros/install/scanner_interfaces/lib/libscanner_interfaces__rosidl_typesupport_cpp.so" to ""
[2.709s] -- Up-to-date: /home/ALEX/anytrack/ros/install/scanner_interfaces/share/scanner_interfaces/environment/pythonpath.sh
[2.709s] -- Installing: /home/ALEX/anytrack/ros/install/scanner_interfaces/share/scanner_interfaces/environment/pythonpath.dsv
[2.710s] -- Up-to-date: /home/ALEX/anytrack/ros/install/scanner_interfaces/local/lib/python3.10/dist-packages/scanner_interfaces-0.0.0-py3.10.egg-info
[2.710s] -- Installing: /home/ALEX/anytrack/ros/install/scanner_interfaces/local/lib/python3.10/dist-packages/scanner_interfaces-0.0.0-py3.10.egg-info/PKG-INFO
[2.710s] -- Installing: /home/ALEX/anytrack/ros/install/scanner_interfaces/local/lib/python3.10/dist-packages/scanner_interfaces-0.0.0-py3.10.egg-info/dependency_links.txt
[2.710s] -- Installing: /home/ALEX/anytrack/ros/install/scanner_interfaces/local/lib/python3.10/dist-packages/scanner_interfaces-0.0.0-py3.10.egg-info/SOURCES.txt
[2.710s] -- Installing: /home/ALEX/anytrack/ros/install/scanner_interfaces/local/lib/python3.10/dist-packages/scanner_interfaces-0.0.0-py3.10.egg-info/top_level.txt
[2.710s] -- Up-to-date: /home/ALEX/anytrack/ros/install/scanner_interfaces/local/lib/python3.10/dist-packages/scanner_interfaces
[2.710s] -- Installing: /home/ALEX/anytrack/ros/install/scanner_interfaces/local/lib/python3.10/dist-packages/scanner_interfaces/_scanner_interfaces_s.ep.rosidl_typesupport_introspection_c.c
[2.710s] -- Installing: /home/ALEX/anytrack/ros/install/scanner_interfaces/local/lib/python3.10/dist-packages/scanner_interfaces/scanner_interfaces_s__rosidl_typesupport_c.cpython-310-x86_64-linux-gnu.so
[2.710s] -- Installing: /home/ALEX/anytrack/ros/install/scanner_interfaces/local/lib/python3.10/dist-packages/scanner_interfaces/__init__.py
[2.711s] -- Installing: /home/ALEX/anytrack/ros/install/scanner_interfaces/local/lib/python3.10/dist-packages/scanner_interfaces/libscanner_interfaces__rosidl_generator_py.so
[2.711s] -- Installing: /home/ALEX/anytrack/ros/install/scanner_interfaces/local/lib/python3.10/dist-packages/scanner_interfaces/_scanner_interfaces_s.ep.rosidl_typesupport_c.c
[2.711s] -- Installing: /home/ALEX/anytrack/ros/install/scanner_interfaces/local/lib/python3.10/dist-packages/scanner_interfaces/_scanner_interfaces_s.ep.rosidl_typesupport_fastrtps_c.c
[2.711s] -- Up-to-date: /home/ALEX/anytrack/ros/install/scanner_interfaces/local/lib/python3.10/dist-packages/scanner_interfaces/msg
[2.711s] -- Installing: /home/ALEX/anytrack/ros/install/scanner_interfaces/local/lib/python3.10/dist-packages/scanner_interfaces/msg/_camera_xy_s.c
[2.711s] -- Installing: /home/ALEX/anytrack/ros/install/scanner_interfaces/local/lib/python3.10/dist-packages/scanner_interfaces/msg/_camera_xy.py
[2.712s] -- Installing: /home/ALEX/anytrack/ros/install/scanner_interfaces/local/lib/python3.10/dist-packages/scanner_interfaces/msg/__init__.py
[2.712s] -- Installing: /home/ALEX/anytrack/ros/install/scanner_interfaces/local/lib/python3.10/dist-packages/scanner_interfaces/scanner_interfaces_s__rosidl_typesupport_fastrtps_c.cpython-310-x86_64-linux-gnu.so
[2.712s] -- Installing: /home/ALEX/anytrack/ros/install/scanner_interfaces/local/lib/python3.10/dist-packages/scanner_interfaces/scanner_interfaces_s__rosidl_typesupport_introspection_c.cpython-310-x86_64-linux-gnu.so
[2.742s] Listing '/home/ALEX/anytrack/ros/install/scanner_interfaces/local/lib/python3.10/dist-packages/scanner_interfaces'...
[2.742s] Compiling '/home/ALEX/anytrack/ros/install/scanner_interfaces/local/lib/python3.10/dist-packages/scanner_interfaces/__init__.py'...
[2.742s] Listing '/home/ALEX/anytrack/ros/install/scanner_interfaces/local/lib/python3.10/dist-packages/scanner_interfaces/msg'...
[2.742s] Compiling '/home/ALEX/anytrack/ros/install/scanner_interfaces/local/lib/python3.10/dist-packages/scanner_interfaces/msg/__init__.py'...
[2.743s] Compiling '/home/ALEX/anytrack/ros/install/scanner_interfaces/local/lib/python3.10/dist-packages/scanner_interfaces/msg/_camera_xy.py'...
[2.746s] -- Installing: /home/ALEX/anytrack/ros/install/scanner_interfaces/local/lib/python3.10/dist-packages/scanner_interfaces/scanner_interfaces_s__rosidl_typesupport_fastrtps_c.cpython-310-x86_64-linux-gnu.so
[2.746s] -- Set runtime path of "/home/ALEX/anytrack/ros/install/scanner_interfaces/local/lib/python3.10/dist-packages/scanner_interfaces/scanner_interfaces_s__rosidl_typesupport_fastrtps_c.cpython-310-x86_64-linux-gnu.so" to ""
[2.746s] -- Installing: /home/ALEX/anytrack/ros/install/scanner_interfaces/local/lib/python3.10/dist-packages/scanner_interfaces/scanner_interfaces_s__rosidl_typesupport_introspection_c.cpython-310-x86_64-linux-gnu.so
[2.747s] -- Set runtime path of "/home/ALEX/anytrack/ros/install/scanner_interfaces/local/lib/python3.10/dist-packages/scanner_interfaces/scanner_interfaces_s__rosidl_typesupport_introspection_c.cpython-310-x86_64-linux-gnu.so" to ""
[2.747s] -- Installing: /home/ALEX/anytrack/ros/install/scanner_interfaces/local/lib/python3.10/dist-packages/scanner_interfaces/scanner_interfaces_s__rosidl_typesupport_c.cpython-310-x86_64-linux-gnu.so
[2.747s] -- Set runtime path of "/home/ALEX/anytrack/ros/install/scanner_interfaces/local/lib/python3.10/dist-packages/scanner_interfaces/scanner_interfaces_s__rosidl_typesupport_c.cpython-310-x86_64-linux-gnu.so" to ""
[2.747s] -- Installing: /home/ALEX/anytrack/ros/install/scanner_interfaces/lib/libscanner_interfaces__rosidl_generator_py.so
[2.747s] -- Set runtime path of "/home/ALEX/anytrack/ros/install/scanner_interfaces/lib/libscanner_interfaces__rosidl_generator_py.so" to ""
[2.748s] -- Installing: /home/ALEX/anytrack/ros/install/scanner_interfaces/share/scanner_interfaces/msg/CameraXY.idl
[2.748s] -- Installing: /home/ALEX/anytrack/ros/install/scanner_interfaces/share/scanner_interfaces/msg/CameraXY.msg
[2.748s] -- Up-to-date: /home/ALEX/anytrack/ros/install/scanner_interfaces/share/ament_index/resource_index/package_run_dependencies/scanner_interfaces
[2.748s] -- Installing: /home/ALEX/anytrack/ros/install/scanner_interfaces/share/ament_index/resource_index/parent_prefix_path/scanner_interfaces
[2.748s] -- Up-to-date: /home/ALEX/anytrack/ros/install/scanner_interfaces/share/scanner_interfaces/environment/ament_prefix_path.sh
[2.748s] -- Installing: /home/ALEX/anytrack/ros/install/scanner_interfaces/share/scanner_interfaces/environment/ament_prefix_path.dsv
[2.748s] -- Up-to-date: /home/ALEX/anytrack/ros/install/scanner_interfaces/share/scanner_interfaces/environment/path.sh
[2.748s] -- Installing: /home/ALEX/anytrack/ros/install/scanner_interfaces/share/scanner_interfaces/environment/path.dsv
[2.748s] -- Up-to-date: /home/ALEX/anytrack/ros/install/scanner_interfaces/share/scanner_interfaces/local_setup.bash
[2.749s] -- Up-to-date: /home/ALEX/anytrack/ros/install/scanner_interfaces/share/scanner_interfaces/local_setup.sh
[2.749s] -- Up-to-date: /home/ALEX/anytrack/ros/install/scanner_interfaces/share/scanner_interfaces/local_setup.zsh
[2.749s] -- Installing: /home/ALEX/anytrack/ros/install/scanner_interfaces/share/scanner_interfaces/local_setup.dsv
[2.749s] -- Installing: /home/ALEX/anytrack/ros/install/scanner_interfaces/share/scanner_interfaces/package.dsv
[2.749s] -- Up-to-date: /home/ALEX/anytrack/ros/install/scanner_interfaces/share/ament_index/resource_index/packages/scanner_interfaces
[2.749s] -- Up-to-date: /home/ALEX/anytrack/ros/install/scanner_interfaces/share/scanner_interfaces/cmake/export_scanner_interfaces__rosidl_generator_cExport.cmake
[2.749s] -- Up-to-date: /home/ALEX/anytrack/ros/install/scanner_interfaces/share/scanner_interfaces/cmake/export_scanner_interfaces__rosidl_generator_cExport-noconfig.cmake
[2.749s] -- Up-to-date: /home/ALEX/anytrack/ros/install/scanner_interfaces/share/scanner_interfaces/cmake/export_scanner_interfaces__rosidl_typesupport_fastrtps_cExport.cmake
[2.749s] -- Up-to-date: /home/ALEX/anytrack/ros/install/scanner_interfaces/share/scanner_interfaces/cmake/export_scanner_interfaces__rosidl_typesupport_fastrtps_cExport-noconfig.cmake
[2.750s] -- Up-to-date: /home/ALEX/anytrack/ros/install/scanner_interfaces/share/scanner_interfaces/cmake/scanner_interfaces__rosidl_typesupport_introspection_cExport.cmake
[2.750s] -- Up-to-date: /home/ALEX/anytrack/ros/install/scanner_interfaces/share/scanner_interfaces/cmake/scanner_interfaces__rosidl_typesupport_introspection_cExport-noconfig.cmake
[2.750s] -- Up-to-date: /home/ALEX/anytrack/ros/install/scanner_interfaces/share/scanner_interfaces/cmake/scanner_interfaces__rosidl_typesupport_cExport.cmake
[2.750s] -- Up-to-date: /home/ALEX/anytrack/ros/install/scanner_interfaces/share/scanner_interfaces/cmake/scanner_interfaces__rosidl_typesupport_cExport-noconfig.cmake
[2.750s] -- Up-to-date: /home/ALEX/anytrack/ros/install/scanner_interfaces/share/scanner_interfaces/cmake/export_scanner_interfaces__rosidl_generator_cppExport.cmake
[2.750s] -- Up-to-date: /home/ALEX/anytrack/ros/install/scanner_interfaces/share/scanner_interfaces/cmake/export_scanner_interfaces__rosidl_typesupport_fastrtps_cppExport.cmake
[2.751s] -- Up-to-date: /home/ALEX/anytrack/ros/install/scanner_interfaces/share/scanner_interfaces/cmake/export_scanner_interfaces__rosidl_typesupport_fastrtps_cppExport-noconfig.cmake
[2.751s] -- Up-to-date: /home/ALEX/anytrack/ros/install/scanner_interfaces/share/scanner_interfaces/cmake/scanner_interfaces__rosidl_typesupport_introspection_cppExport.cmake
[2.751s] -- Up-to-date: /home/ALEX/anytrack/ros/install/scanner_interfaces/share/scanner_interfaces/cmake/scanner_interfaces__rosidl_typesupport_introspection_cppExport-noconfig.cmake
[2.751s] -- Up-to-date: /home/ALEX/anytrack/ros/install/scanner_interfaces/share/scanner_interfaces/cmake/scanner_interfaces__rosidl_typesupport_cppExport.cmake
[2.751s] -- Up-to-date: /home/ALEX/anytrack/ros/install/scanner_interfaces/share/scanner_interfaces/cmake/scanner_interfaces__rosidl_typesupport_cppExport-noconfig.cmake
[2.751s] -- Up-to-date: /home/ALEX/anytrack/ros/install/scanner_interfaces/share/scanner_interfaces/cmake/export_scanner_interfaces__rosidl_generator_pyExport.cmake
[2.751s] -- Up-to-date: /home/ALEX/anytrack/ros/install/scanner_interfaces/share/scanner_interfaces/cmake/export_scanner_interfaces__rosidl_generator_pyExport-noconfig.cmake
[2.751s] -- Up-to-date: /home/ALEX/anytrack/ros/install/scanner_interfaces/share/scanner_interfaces/cmake/rosidl_cmake-extras.cmake
[2.751s] -- Up-to-date: /home/ALEX/anytrack/ros/install/scanner_interfaces/share/scanner_interfaces/cmake/ament_cmake_export_include_directories-extras.cmake
[2.752s] -- Up-to-date: /home/ALEX/anytrack/ros/install/scanner_interfaces/share/scanner_interfaces/cmake/ament_cmake_export_libraries-extras.cmake
[2.752s] -- Up-to-date: /home/ALEX/anytrack/ros/install/scanner_interfaces/share/scanner_interfaces/cmake/ament_cmake_export_targets-extras.cmake
[2.752s] -- Up-to-date: /home/ALEX/anytrack/ros/install/scanner_interfaces/share/scanner_interfaces/cmake/rosidl_cmake_export_typesupport_targets-extras.cmake
[2.752s] -- Up-to-date: /home/ALEX/anytrack/ros/install/scanner_interfaces/share/scanner_interfaces/cmake/ament_cmake_export_dependencies-extras.cmake
[2.752s] -- Up-to-date: /home/ALEX/anytrack/ros/install/scanner_interfaces/share/scanner_interfaces/cmake/rosidl_cmake_export_typesupport_libraries-extras.cmake
[2.752s] -- Up-to-date: /home/ALEX/anytrack/ros/install/scanner_interfaces/share/scanner_interfaces/cmake/scanner_interfacesConfig.cmake
[2.752s] -- Up-to-date: /home/ALEX/anytrack/ros/install/scanner_interfaces/share/scanner_interfaces/cmake/scanner_interfacesConfig-version.cmake
[2.752s] -- Up-to-date: /home/ALEX/anytrack/ros/install/scanner_interfaces/share/scanner_interfaces/package.xml
[2.754s] Invoked command in '/home/ALEX/anytrack/ros/build/scanner_interfaces' returned '0': CMAKE_PREFIX_PATH=${CMAKE_PREFIX_PATH}:/home/ALEX/anytrack/ros/install/test_py_pkg:/home/ALEX/anytrack/ros/install/scanner:/opt/ros/humble /usr/bin/cmake --install /home/ALEX/anytrack/ros/build/scanner_interfaces
