[1.410s] Invoking command in '/home/ALEX/anytrack/ros/src/anytrack': PYTHONPATH=/home/ALEX/anytrack/ros/build/anytrack/prefix_override:/home/ALEX/anytrack/ros/install/anytrack/lib/python3.10/site-packages:${PYTHONPATH} /usr/bin/python3 setup.py egg_info --egg-base ../../build/anytrack build --build-base /home/ALEX/anytrack/ros/build/anytrack/build install --record /home/ALEX/anytrack/ros/build/anytrack/install.log --single-version-externally-managed
[1.722s] running egg_info
[1.722s] creating ../../build/anytrack/anytrack.egg-info
[1.723s] writing ../../build/anytrack/anytrack.egg-info/PKG-INFO
[1.723s] writing dependency_links to ../../build/anytrack/anytrack.egg-info/dependency_links.txt
[1.723s] writing entry points to ../../build/anytrack/anytrack.egg-info/entry_points.txt
[1.723s] writing requirements to ../../build/anytrack/anytrack.egg-info/requires.txt
[1.723s] writing top-level names to ../../build/anytrack/anytrack.egg-info/top_level.txt
[1.723s] writing manifest file '../../build/anytrack/anytrack.egg-info/SOURCES.txt'
[1.724s] reading manifest file '../../build/anytrack/anytrack.egg-info/SOURCES.txt'
[1.725s] writing manifest file '../../build/anytrack/anytrack.egg-info/SOURCES.txt'
[1.725s] running build
[1.725s] running build_py
[1.726s] creating /home/ALEX/anytrack/ros/build/anytrack/build
[1.727s] creating /home/ALEX/anytrack/ros/build/anytrack/build/lib
[1.727s] creating /home/ALEX/anytrack/ros/build/anytrack/build/lib/anytrack
[1.727s] copying anytrack/manager.py -> /home/ALEX/anytrack/ros/build/anytrack/build/lib/anytrack
[1.728s] copying anytrack/position_manager.py -> /home/ALEX/anytrack/ros/build/anytrack/build/lib/anytrack
[1.730s] copying anytrack/camera_detector.py -> /home/ALEX/anytrack/ros/build/anytrack/build/lib/anytrack
[1.730s] copying anytrack/camera_info.py -> /home/ALEX/anytrack/ros/build/anytrack/build/lib/anytrack
[1.730s] copying anytrack/camera_vector.py -> /home/ALEX/anytrack/ros/build/anytrack/build/lib/anytrack
[1.731s] copying anytrack/camera_driver.py -> /home/ALEX/anytrack/ros/build/anytrack/build/lib/anytrack
[1.731s] copying anytrack/__init__.py -> /home/ALEX/anytrack/ros/build/anytrack/build/lib/anytrack
[1.731s] running install
[1.731s] running install_lib
[1.732s] creating /home/ALEX/anytrack/ros/install/anytrack/lib/python3.10/site-packages/anytrack
[1.733s] copying /home/ALEX/anytrack/ros/build/anytrack/build/lib/anytrack/manager.py -> /home/ALEX/anytrack/ros/install/anytrack/lib/python3.10/site-packages/anytrack
[1.733s] copying /home/ALEX/anytrack/ros/build/anytrack/build/lib/anytrack/position_manager.py -> /home/ALEX/anytrack/ros/install/anytrack/lib/python3.10/site-packages/anytrack
[1.733s] copying /home/ALEX/anytrack/ros/build/anytrack/build/lib/anytrack/camera_detector.py -> /home/ALEX/anytrack/ros/install/anytrack/lib/python3.10/site-packages/anytrack
[1.734s] copying /home/ALEX/anytrack/ros/build/anytrack/build/lib/anytrack/camera_info.py -> /home/ALEX/anytrack/ros/install/anytrack/lib/python3.10/site-packages/anytrack
[1.734s] copying /home/ALEX/anytrack/ros/build/anytrack/build/lib/anytrack/camera_vector.py -> /home/ALEX/anytrack/ros/install/anytrack/lib/python3.10/site-packages/anytrack
[1.734s] copying /home/ALEX/anytrack/ros/build/anytrack/build/lib/anytrack/camera_driver.py -> /home/ALEX/anytrack/ros/install/anytrack/lib/python3.10/site-packages/anytrack
[1.734s] copying /home/ALEX/anytrack/ros/build/anytrack/build/lib/anytrack/__init__.py -> /home/ALEX/anytrack/ros/install/anytrack/lib/python3.10/site-packages/anytrack
[1.737s] byte-compiling /home/ALEX/anytrack/ros/install/anytrack/lib/python3.10/site-packages/anytrack/manager.py to manager.cpython-310.pyc
[1.737s] byte-compiling /home/ALEX/anytrack/ros/install/anytrack/lib/python3.10/site-packages/anytrack/position_manager.py to position_manager.cpython-310.pyc
[1.737s] byte-compiling /home/ALEX/anytrack/ros/install/anytrack/lib/python3.10/site-packages/anytrack/camera_detector.py to camera_detector.cpython-310.pyc
[1.737s] byte-compiling /home/ALEX/anytrack/ros/install/anytrack/lib/python3.10/site-packages/anytrack/camera_info.py to camera_info.cpython-310.pyc
[1.738s] byte-compiling /home/ALEX/anytrack/ros/install/anytrack/lib/python3.10/site-packages/anytrack/camera_vector.py to camera_vector.cpython-310.pyc
[1.738s] byte-compiling /home/ALEX/anytrack/ros/install/anytrack/lib/python3.10/site-packages/anytrack/camera_driver.py to camera_driver.cpython-310.pyc
[1.738s] byte-compiling /home/ALEX/anytrack/ros/install/anytrack/lib/python3.10/site-packages/anytrack/__init__.py to __init__.cpython-310.pyc
[1.738s] running install_data
[1.738s] creating /home/ALEX/anytrack/ros/install/anytrack/share/ament_index
[1.739s] creating /home/ALEX/anytrack/ros/install/anytrack/share/ament_index/resource_index
[1.739s] creating /home/ALEX/anytrack/ros/install/anytrack/share/ament_index/resource_index/packages
[1.739s] copying resource/anytrack -> /home/ALEX/anytrack/ros/install/anytrack/share/ament_index/resource_index/packages
[1.739s] copying package.xml -> /home/ALEX/anytrack/ros/install/anytrack/share/anytrack
[1.739s] running install_egg_info
[1.741s] Copying ../../build/anytrack/anytrack.egg-info to /home/ALEX/anytrack/ros/install/anytrack/lib/python3.10/site-packages/anytrack-0.0.0-py3.10.egg-info
[1.741s] running install_scripts
[1.756s] Installing camera_detector script to /home/ALEX/anytrack/ros/install/anytrack/lib/anytrack
[1.756s] Installing camera_driver script to /home/ALEX/anytrack/ros/install/anytrack/lib/anytrack
[1.757s] Installing camera_info script to /home/ALEX/anytrack/ros/install/anytrack/lib/anytrack
[1.757s] Installing camera_vector script to /home/ALEX/anytrack/ros/install/anytrack/lib/anytrack
[1.757s] Installing manager script to /home/ALEX/anytrack/ros/install/anytrack/lib/anytrack
[1.757s] Installing position_manager script to /home/ALEX/anytrack/ros/install/anytrack/lib/anytrack
[1.759s] writing list of installed files to '/home/ALEX/anytrack/ros/build/anytrack/install.log'
[1.795s] Invoked command in '/home/ALEX/anytrack/ros/src/anytrack' returned '0': PYTHONPATH=/home/ALEX/anytrack/ros/build/anytrack/prefix_override:/home/ALEX/anytrack/ros/install/anytrack/lib/python3.10/site-packages:${PYTHONPATH} /usr/bin/python3 setup.py egg_info --egg-base ../../build/anytrack build --build-base /home/ALEX/anytrack/ros/build/anytrack/build install --record /home/ALEX/anytrack/ros/build/anytrack/install.log --single-version-externally-managed
