[0.644s] Invoking command in '/home/ALEX/anytrack/ros/build/scanner': PYTHONPATH=/home/ALEX/anytrack/ros/install/scanner/lib/python3.10/site-packages:${PYTHONPATH} /usr/bin/python3 setup.py develop --prefix /home/ALEX/anytrack/ros/install/scanner --editable --build-directory /home/ALEX/anytrack/ros/build/scanner/build --no-deps install_data --install-dir /home/ALEX/anytrack/ros/install/scanner
[0.883s] running develop
[1.028s] running egg_info
[1.028s] writing scanner.egg-info/PKG-INFO
[1.028s] writing dependency_links to scanner.egg-info/dependency_links.txt
[1.028s] writing entry points to scanner.egg-info/entry_points.txt
[1.028s] writing requirements to scanner.egg-info/requires.txt
[1.028s] writing top-level names to scanner.egg-info/top_level.txt
[1.029s] reading manifest file 'scanner.egg-info/SOURCES.txt'
[1.036s] writing manifest file 'scanner.egg-info/SOURCES.txt'
[1.037s] running build_ext
[1.038s] Creating /home/ALEX/anytrack/ros/install/scanner/lib/python3.10/site-packages/scanner.egg-link (link to .)
[1.038s] Installing ball_scanner script to /home/ALEX/anytrack/ros/install/scanner/lib/scanner
[1.038s] Installing camera_info_publisher script to /home/ALEX/anytrack/ros/install/scanner/lib/scanner
[1.039s] Installing camera_publisher script to /home/ALEX/anytrack/ros/install/scanner/lib/scanner
[1.039s] Installing scan_manager script to /home/ALEX/anytrack/ros/install/scanner/lib/scanner
[1.039s] Installing test_vec_publisher script to /home/ALEX/anytrack/ros/install/scanner/lib/scanner
[1.039s] Installing tf_broadcaster script to /home/ALEX/anytrack/ros/install/scanner/lib/scanner
[1.039s] 
[1.039s] Installed /home/ALEX/anytrack/ros/build/scanner
[1.039s] running install_data
[1.064s] Invoked command in '/home/ALEX/anytrack/ros/build/scanner' returned '0': PYTHONPATH=/home/ALEX/anytrack/ros/install/scanner/lib/python3.10/site-packages:${PYTHONPATH} /usr/bin/python3 setup.py develop --prefix /home/ALEX/anytrack/ros/install/scanner --editable --build-directory /home/ALEX/anytrack/ros/build/scanner/build --no-deps install_data --install-dir /home/ALEX/anytrack/ros/install/scanner
