[0.024s] Invoking command in '/home/ALEX/anytrack/ros/build/interfaces': CMAKE_PREFIX_PATH=${CMAKE_PREFIX_PATH}:/home/ALEX/anytrack/ros/install/anytrack:/home/ALEX/xray/ros/install/xray:/opt/ros/humble /usr/bin/cmake --build /home/ALEX/anytrack/ros/build/interfaces -- -j12 -l12
[0.098s] -- Found ament_cmake: 1.3.4 (/opt/ros/humble/share/ament_cmake/cmake)
[0.301s] -- Found rosidl_default_generators: 1.2.0 (/opt/ros/humble/share/rosidl_default_generators/cmake)
[0.305s] -- Using all available rosidl_typesupport_c: rosidl_typesupport_fastrtps_c;rosidl_typesupport_introspection_c
[0.310s] -- Found rosidl_adapter: 3.1.4 (/opt/ros/humble/share/rosidl_adapter/cmake)
[0.375s] -- Using all available rosidl_typesupport_cpp: rosidl_typesupport_fastrtps_cpp;rosidl_typesupport_introspection_cpp
[0.425s] -- Found std_msgs: 4.2.3 (/opt/ros/humble/share/std_msgs/cmake)
[0.874s] -- Found ament_cmake_ros: 0.10.0 (/opt/ros/humble/share/ament_cmake_ros/cmake)
[1.142s] -- Using all available rosidl_typesupport_c: rosidl_typesupport_fastrtps_c;rosidl_typesupport_introspection_c
[1.501s] -- Using all available rosidl_typesupport_cpp: rosidl_typesupport_fastrtps_cpp;rosidl_typesupport_introspection_cpp
[1.528s] -- Found python_cmake_module: 0.10.0 (/opt/ros/humble/share/python_cmake_module/cmake)
[1.560s] -- Using PYTHON_EXECUTABLE: /usr/bin/python3
[1.560s] -- Using PYTHON_INCLUDE_DIRS: /usr/include/python3.10
[1.560s] -- Using PYTHON_LIBRARIES: /usr/lib/x86_64-linux-gnu/libpython3.10.so
[1.607s] -- Configuring done
[1.667s] -- Generating done
[1.671s] -- Build files have been written to: /home/ALEX/anytrack/ros/build/interfaces
[1.700s] [  1%] [34m[1mGenerating C code for ROS interfaces[0m
[1.714s] [  3%] [34m[1mGenerating C++ code for ROS interfaces[0m
[1.720s] [  3%] Built target ament_cmake_python_copy_interfaces
[2.011s] running egg_info
[2.012s] writing interfaces.egg-info/PKG-INFO
[2.012s] writing dependency_links to interfaces.egg-info/dependency_links.txt
[2.014s] writing top-level names to interfaces.egg-info/top_level.txt
[2.019s] reading manifest file 'interfaces.egg-info/SOURCES.txt'
[2.020s] writing manifest file 'interfaces.egg-info/SOURCES.txt'
[2.057s] [  3%] Built target ament_cmake_python_build_interfaces_egg
[2.278s] [  3%] Built target interfaces__cpp
[2.305s] [  5%] [34m[1mGenerating C++ introspection for ROS interfaces[0m
[2.309s] [  7%] [34m[1mGenerating C++ type support for eProsima Fast-RTPS[0m
[2.309s] [  9%] [34m[1mGenerating C++ type support dispatch for ROS interfaces[0m
[2.329s] [35m[1mConsolidate compiler generated dependencies of target interfaces__rosidl_generator_c[0m
[2.356s] [ 10%] [32mBuilding C object CMakeFiles/interfaces__rosidl_generator_c.dir/rosidl_generator_c/interfaces/msg/detail/camera_location__functions.c.o[0m
[2.358s] [ 12%] [32mBuilding C object CMakeFiles/interfaces__rosidl_generator_c.dir/rosidl_generator_c/interfaces/msg/detail/object2d_list__functions.c.o[0m
[2.361s] [ 14%] [32mBuilding C object CMakeFiles/interfaces__rosidl_generator_c.dir/rosidl_generator_c/interfaces/msg/detail/camera_location_list__functions.c.o[0m
[2.366s] [ 16%] [32mBuilding C object CMakeFiles/interfaces__rosidl_generator_c.dir/rosidl_generator_c/interfaces/msg/detail/object2d__functions.c.o[0m
[2.493s] [ 18%] [32m[1mLinking C shared library libinterfaces__rosidl_generator_c.so[0m
[2.560s] [ 18%] Built target interfaces__rosidl_generator_c
[2.572s] [ 20%] [34m[1mGenerating C type support for eProsima Fast-RTPS[0m
[2.576s] [ 21%] [34m[1mGenerating C introspection for ROS interfaces[0m
[2.581s] [ 23%] [34m[1mGenerating C type support dispatch for ROS interfaces[0m
[2.830s] [35m[1mConsolidate compiler generated dependencies of target interfaces__rosidl_typesupport_cpp[0m
[2.861s] [ 27%] [32mBuilding CXX object CMakeFiles/interfaces__rosidl_typesupport_cpp.dir/rosidl_typesupport_cpp/interfaces/msg/object2d_list__type_support.cpp.o[0m
[2.861s] [ 27%] [32mBuilding CXX object CMakeFiles/interfaces__rosidl_typesupport_cpp.dir/rosidl_typesupport_cpp/interfaces/msg/object2d__type_support.cpp.o[0m
[2.867s] [ 29%] [32mBuilding CXX object CMakeFiles/interfaces__rosidl_typesupport_cpp.dir/rosidl_typesupport_cpp/interfaces/msg/camera_location__type_support.cpp.o[0m
[2.872s] [ 30%] [32mBuilding CXX object CMakeFiles/interfaces__rosidl_typesupport_cpp.dir/rosidl_typesupport_cpp/interfaces/msg/camera_location_list__type_support.cpp.o[0m
[3.001s] [35m[1mConsolidate compiler generated dependencies of target interfaces__rosidl_typesupport_introspection_cpp[0m
[3.053s] [ 32%] [32mBuilding CXX object CMakeFiles/interfaces__rosidl_typesupport_introspection_cpp.dir/rosidl_typesupport_introspection_cpp/interfaces/msg/detail/object2d_list__type_support.cpp.o[0m
[3.055s] [ 34%] [32mBuilding CXX object CMakeFiles/interfaces__rosidl_typesupport_introspection_cpp.dir/rosidl_typesupport_introspection_cpp/interfaces/msg/detail/object2d__type_support.cpp.o[0m
[3.078s] [ 36%] [32mBuilding CXX object CMakeFiles/interfaces__rosidl_typesupport_introspection_cpp.dir/rosidl_typesupport_introspection_cpp/interfaces/msg/detail/camera_location__type_support.cpp.o[0m
[3.083s] [ 38%] [32mBuilding CXX object CMakeFiles/interfaces__rosidl_typesupport_introspection_cpp.dir/rosidl_typesupport_introspection_cpp/interfaces/msg/detail/camera_location_list__type_support.cpp.o[0m
[3.105s] [35m[1mConsolidate compiler generated dependencies of target interfaces__rosidl_typesupport_fastrtps_cpp[0m
[3.194s] [ 40%] [32mBuilding CXX object CMakeFiles/interfaces__rosidl_typesupport_fastrtps_cpp.dir/rosidl_typesupport_fastrtps_cpp/interfaces/msg/detail/dds_fastrtps/object2d__type_support.cpp.o[0m
[3.452s] [35m[1mConsolidate compiler generated dependencies of target interfaces__rosidl_typesupport_c[0m
[3.534s] [ 41%] [32mBuilding CXX object CMakeFiles/interfaces__rosidl_typesupport_c.dir/rosidl_typesupport_c/interfaces/msg/object2d__type_support.cpp.o[0m
[3.624s] [ 43%] [32mBuilding CXX object CMakeFiles/interfaces__rosidl_typesupport_fastrtps_cpp.dir/rosidl_typesupport_fastrtps_cpp/interfaces/msg/detail/dds_fastrtps/object2d_list__type_support.cpp.o[0m
[3.649s] [ 45%] [32mBuilding CXX object CMakeFiles/interfaces__rosidl_typesupport_c.dir/rosidl_typesupport_c/interfaces/msg/object2d_list__type_support.cpp.o[0m
[3.690s] [ 47%] [32mBuilding CXX object CMakeFiles/interfaces__rosidl_typesupport_c.dir/rosidl_typesupport_c/interfaces/msg/camera_location__type_support.cpp.o[0m
[3.700s] [ 49%] [32mBuilding CXX object CMakeFiles/interfaces__rosidl_typesupport_c.dir/rosidl_typesupport_c/interfaces/msg/camera_location_list__type_support.cpp.o[0m
[3.709s] [35m[1mConsolidate compiler generated dependencies of target interfaces__rosidl_typesupport_fastrtps_c[0m
[3.721s] [ 50%] [32mBuilding CXX object CMakeFiles/interfaces__rosidl_typesupport_fastrtps_cpp.dir/rosidl_typesupport_fastrtps_cpp/interfaces/msg/detail/dds_fastrtps/camera_location__type_support.cpp.o[0m
[3.778s] [ 52%] [32mBuilding CXX object CMakeFiles/interfaces__rosidl_typesupport_fastrtps_c.dir/rosidl_typesupport_fastrtps_c/interfaces/msg/detail/object2d__type_support_c.cpp.o[0m
[3.788s] [ 56%] [32mBuilding CXX object CMakeFiles/interfaces__rosidl_typesupport_fastrtps_cpp.dir/rosidl_typesupport_fastrtps_cpp/interfaces/msg/detail/dds_fastrtps/camera_location_list__type_support.cpp.o[0m
[3.792s] [ 54%] [32m[1mLinking CXX shared library libinterfaces__rosidl_typesupport_cpp.so[0m
[3.824s] [35m[1mConsolidate compiler generated dependencies of target interfaces__rosidl_typesupport_introspection_c[0m
[3.864s] [ 58%] [32m[1mLinking CXX shared library libinterfaces__rosidl_typesupport_c.so[0m
[3.883s] [ 60%] [32mBuilding C object CMakeFiles/interfaces__rosidl_typesupport_introspection_c.dir/rosidl_typesupport_introspection_c/interfaces/msg/detail/object2d__type_support.c.o[0m
[3.977s] [ 61%] [32mBuilding C object CMakeFiles/interfaces__rosidl_typesupport_introspection_c.dir/rosidl_typesupport_introspection_c/interfaces/msg/detail/object2d_list__type_support.c.o[0m
[4.025s] [ 63%] [32mBuilding C object CMakeFiles/interfaces__rosidl_typesupport_introspection_c.dir/rosidl_typesupport_introspection_c/interfaces/msg/detail/camera_location__type_support.c.o[0m
[4.031s] [ 63%] Built target interfaces__rosidl_typesupport_cpp
[4.058s] [ 65%] [32mBuilding C object CMakeFiles/interfaces__rosidl_typesupport_introspection_c.dir/rosidl_typesupport_introspection_c/interfaces/msg/detail/camera_location_list__type_support.c.o[0m
[4.060s] [ 67%] [32mBuilding CXX object CMakeFiles/interfaces__rosidl_typesupport_fastrtps_c.dir/rosidl_typesupport_fastrtps_c/interfaces/msg/detail/object2d_list__type_support_c.cpp.o[0m
[4.135s] [ 67%] Built target interfaces__rosidl_typesupport_c
[4.149s] [ 69%] [32mBuilding CXX object CMakeFiles/interfaces__rosidl_typesupport_fastrtps_c.dir/rosidl_typesupport_fastrtps_c/interfaces/msg/detail/camera_location__type_support_c.cpp.o[0m
[4.183s] [ 70%] [32mBuilding CXX object CMakeFiles/interfaces__rosidl_typesupport_fastrtps_c.dir/rosidl_typesupport_fastrtps_c/interfaces/msg/detail/camera_location_list__type_support_c.cpp.o[0m
[4.189s] [ 72%] [32m[1mLinking C shared library libinterfaces__rosidl_typesupport_introspection_c.so[0m
[4.223s] [ 74%] [32m[1mLinking CXX shared library libinterfaces__rosidl_typesupport_introspection_cpp.so[0m
[4.281s] [ 74%] Built target interfaces__rosidl_typesupport_introspection_c
[4.477s] [ 74%] Built target interfaces__rosidl_typesupport_introspection_cpp
[4.637s] [ 76%] [32m[1mLinking CXX shared library libinterfaces__rosidl_typesupport_fastrtps_cpp.so[0m
[4.773s] [ 76%] Built target interfaces__rosidl_typesupport_fastrtps_cpp
[4.784s] [ 78%] [32m[1mLinking CXX shared library libinterfaces__rosidl_typesupport_fastrtps_c.so[0m
[4.887s] [ 78%] Built target interfaces__rosidl_typesupport_fastrtps_c
[4.910s] [ 78%] Built target interfaces
[4.932s] [ 80%] [34m[1mGenerating Python code for ROS interfaces[0m
[5.720s] [ 80%] Built target interfaces__py
[5.733s] [35m[1mConsolidate compiler generated dependencies of target interfaces__rosidl_generator_py[0m
[5.752s] [ 83%] [32mBuilding C object CMakeFiles/interfaces__rosidl_generator_py.dir/rosidl_generator_py/interfaces/msg/_camera_location_s.c.o[0m
[5.752s] [ 83%] [32mBuilding C object CMakeFiles/interfaces__rosidl_generator_py.dir/rosidl_generator_py/interfaces/msg/_object2d_s.c.o[0m
[5.752s] [ 85%] [32mBuilding C object CMakeFiles/interfaces__rosidl_generator_py.dir/rosidl_generator_py/interfaces/msg/_object2d_list_s.c.o[0m
[5.752s] [ 87%] [32mBuilding C object CMakeFiles/interfaces__rosidl_generator_py.dir/rosidl_generator_py/interfaces/msg/_camera_location_list_s.c.o[0m
[5.899s] [ 89%] [32m[1mLinking C shared library rosidl_generator_py/interfaces/libinterfaces__rosidl_generator_py.so[0m
[5.948s] [ 89%] Built target interfaces__rosidl_generator_py
[5.958s] [35m[1mConsolidate compiler generated dependencies of target interfaces__rosidl_typesupport_fastrtps_c__pyext[0m
[5.958s] [35m[1mConsolidate compiler generated dependencies of target interfaces__rosidl_typesupport_c__pyext[0m
[5.959s] [35m[1mConsolidate compiler generated dependencies of target interfaces__rosidl_typesupport_introspection_c__pyext[0m
[5.972s] [ 92%] [32mBuilding C object CMakeFiles/interfaces__rosidl_typesupport_fastrtps_c__pyext.dir/rosidl_generator_py/interfaces/_interfaces_s.ep.rosidl_typesupport_fastrtps_c.c.o[0m
[5.972s] [ 92%] [32mBuilding C object CMakeFiles/interfaces__rosidl_typesupport_introspection_c__pyext.dir/rosidl_generator_py/interfaces/_interfaces_s.ep.rosidl_typesupport_introspection_c.c.o[0m
[5.974s] [ 94%] [32mBuilding C object CMakeFiles/interfaces__rosidl_typesupport_c__pyext.dir/rosidl_generator_py/interfaces/_interfaces_s.ep.rosidl_typesupport_c.c.o[0m
[6.104s] [ 96%] [32m[1mLinking C shared library rosidl_generator_py/interfaces/interfaces_s__rosidl_typesupport_introspection_c.cpython-310-x86_64-linux-gnu.so[0m
[6.109s] [ 98%] [32m[1mLinking C shared library rosidl_generator_py/interfaces/interfaces_s__rosidl_typesupport_c.cpython-310-x86_64-linux-gnu.so[0m
[6.116s] [100%] [32m[1mLinking C shared library rosidl_generator_py/interfaces/interfaces_s__rosidl_typesupport_fastrtps_c.cpython-310-x86_64-linux-gnu.so[0m
[6.152s] [100%] Built target interfaces__rosidl_typesupport_introspection_c__pyext
[6.152s] [100%] Built target interfaces__rosidl_typesupport_c__pyext
[6.159s] [100%] Built target interfaces__rosidl_typesupport_fastrtps_c__pyext
[6.176s] Invoked command in '/home/ALEX/anytrack/ros/build/interfaces' returned '0': CMAKE_PREFIX_PATH=${CMAKE_PREFIX_PATH}:/home/ALEX/anytrack/ros/install/anytrack:/home/ALEX/xray/ros/install/xray:/opt/ros/humble /usr/bin/cmake --build /home/ALEX/anytrack/ros/build/interfaces -- -j12 -l12
[6.289s] Invoking command in '/home/ALEX/anytrack/ros/build/interfaces': CMAKE_PREFIX_PATH=${CMAKE_PREFIX_PATH}:/home/ALEX/anytrack/ros/install/anytrack:/home/ALEX/xray/ros/install/xray:/opt/ros/humble /usr/bin/cmake --install /home/ALEX/anytrack/ros/build/interfaces
[6.299s] -- Install configuration: ""
[6.299s] -- Up-to-date: /home/ALEX/anytrack/ros/install/interfaces/share/ament_index/resource_index/rosidl_interfaces/interfaces
[6.299s] -- Up-to-date: /home/ALEX/anytrack/ros/install/interfaces/include/interfaces/interfaces
[6.299s] -- Up-to-date: /home/ALEX/anytrack/ros/install/interfaces/include/interfaces/interfaces/msg
[6.299s] -- Installing: /home/ALEX/anytrack/ros/install/interfaces/include/interfaces/interfaces/msg/object2d_list.h
[6.300s] -- Installing: /home/ALEX/anytrack/ros/install/interfaces/include/interfaces/interfaces/msg/camera_location_list.h
[6.300s] -- Up-to-date: /home/ALEX/anytrack/ros/install/interfaces/include/interfaces/interfaces/msg/rosidl_generator_c__visibility_control.h
[6.300s] -- Up-to-date: /home/ALEX/anytrack/ros/install/interfaces/include/interfaces/interfaces/msg/detail
[6.300s] -- Installing: /home/ALEX/anytrack/ros/install/interfaces/include/interfaces/interfaces/msg/detail/camera_location_list__struct.h
[6.300s] -- Installing: /home/ALEX/anytrack/ros/install/interfaces/include/interfaces/interfaces/msg/detail/object2d__functions.h
[6.300s] -- Installing: /home/ALEX/anytrack/ros/install/interfaces/include/interfaces/interfaces/msg/detail/camera_location_list__functions.h
[6.300s] -- Installing: /home/ALEX/anytrack/ros/install/interfaces/include/interfaces/interfaces/msg/detail/object2d_list__struct.h
[6.300s] -- Installing: /home/ALEX/anytrack/ros/install/interfaces/include/interfaces/interfaces/msg/detail/camera_location__functions.c
[6.300s] -- Installing: /home/ALEX/anytrack/ros/install/interfaces/include/interfaces/interfaces/msg/detail/object2d__functions.c
[6.300s] -- Installing: /home/ALEX/anytrack/ros/install/interfaces/include/interfaces/interfaces/msg/detail/object2d__type_support.h
[6.301s] -- Installing: /home/ALEX/anytrack/ros/install/interfaces/include/interfaces/interfaces/msg/detail/camera_location__type_support.h
[6.301s] -- Installing: /home/ALEX/anytrack/ros/install/interfaces/include/interfaces/interfaces/msg/detail/object2d_list__type_support.h
[6.301s] -- Installing: /home/ALEX/anytrack/ros/install/interfaces/include/interfaces/interfaces/msg/detail/object2d_list__functions.h
[6.301s] -- Installing: /home/ALEX/anytrack/ros/install/interfaces/include/interfaces/interfaces/msg/detail/camera_location_list__type_support.h
[6.302s] -- Installing: /home/ALEX/anytrack/ros/install/interfaces/include/interfaces/interfaces/msg/detail/camera_location__struct.h
[6.302s] -- Installing: /home/ALEX/anytrack/ros/install/interfaces/include/interfaces/interfaces/msg/detail/camera_location__functions.h
[6.302s] -- Installing: /home/ALEX/anytrack/ros/install/interfaces/include/interfaces/interfaces/msg/detail/object2d_list__functions.c
[6.302s] -- Installing: /home/ALEX/anytrack/ros/install/interfaces/include/interfaces/interfaces/msg/detail/camera_location_list__functions.c
[6.302s] -- Installing: /home/ALEX/anytrack/ros/install/interfaces/include/interfaces/interfaces/msg/detail/object2d__struct.h
[6.302s] -- Installing: /home/ALEX/anytrack/ros/install/interfaces/include/interfaces/interfaces/msg/object2d.h
[6.303s] -- Installing: /home/ALEX/anytrack/ros/install/interfaces/include/interfaces/interfaces/msg/camera_location.h
[6.303s] -- Up-to-date: /home/ALEX/anytrack/ros/install/interfaces/share/interfaces/environment/library_path.sh
[6.303s] -- Installing: /home/ALEX/anytrack/ros/install/interfaces/share/interfaces/environment/library_path.dsv
[6.303s] -- Installing: /home/ALEX/anytrack/ros/install/interfaces/lib/libinterfaces__rosidl_generator_c.so
[6.303s] -- Set runtime path of "/home/ALEX/anytrack/ros/install/interfaces/lib/libinterfaces__rosidl_generator_c.so" to ""
[6.304s] -- Up-to-date: /home/ALEX/anytrack/ros/install/interfaces/include/interfaces/interfaces
[6.304s] -- Up-to-date: /home/ALEX/anytrack/ros/install/interfaces/include/interfaces/interfaces/msg
[6.304s] -- Up-to-date: /home/ALEX/anytrack/ros/install/interfaces/include/interfaces/interfaces/msg/rosidl_typesupport_fastrtps_c__visibility_control.h
[6.304s] -- Up-to-date: /home/ALEX/anytrack/ros/install/interfaces/include/interfaces/interfaces/msg/detail
[6.304s] -- Installing: /home/ALEX/anytrack/ros/install/interfaces/include/interfaces/interfaces/msg/detail/object2d_list__rosidl_typesupport_fastrtps_c.h
[6.304s] -- Installing: /home/ALEX/anytrack/ros/install/interfaces/include/interfaces/interfaces/msg/detail/camera_location_list__rosidl_typesupport_fastrtps_c.h
[6.304s] -- Installing: /home/ALEX/anytrack/ros/install/interfaces/include/interfaces/interfaces/msg/detail/object2d__rosidl_typesupport_fastrtps_c.h
[6.304s] -- Installing: /home/ALEX/anytrack/ros/install/interfaces/include/interfaces/interfaces/msg/detail/camera_location__rosidl_typesupport_fastrtps_c.h
[6.304s] -- Installing: /home/ALEX/anytrack/ros/install/interfaces/lib/libinterfaces__rosidl_typesupport_fastrtps_c.so
[6.305s] -- Set runtime path of "/home/ALEX/anytrack/ros/install/interfaces/lib/libinterfaces__rosidl_typesupport_fastrtps_c.so" to ""
[6.305s] -- Up-to-date: /home/ALEX/anytrack/ros/install/interfaces/include/interfaces/interfaces
[6.305s] -- Up-to-date: /home/ALEX/anytrack/ros/install/interfaces/include/interfaces/interfaces/msg
[6.305s] -- Up-to-date: /home/ALEX/anytrack/ros/install/interfaces/include/interfaces/interfaces/msg/detail
[6.305s] -- Installing: /home/ALEX/anytrack/ros/install/interfaces/include/interfaces/interfaces/msg/detail/object2d__rosidl_typesupport_introspection_c.h
[6.305s] -- Installing: /home/ALEX/anytrack/ros/install/interfaces/include/interfaces/interfaces/msg/detail/camera_location__rosidl_typesupport_introspection_c.h
[6.305s] -- Installing: /home/ALEX/anytrack/ros/install/interfaces/include/interfaces/interfaces/msg/detail/object2d_list__rosidl_typesupport_introspection_c.h
[6.306s] -- Installing: /home/ALEX/anytrack/ros/install/interfaces/include/interfaces/interfaces/msg/detail/camera_location_list__type_support.c
[6.306s] -- Installing: /home/ALEX/anytrack/ros/install/interfaces/include/interfaces/interfaces/msg/detail/camera_location__type_support.c
[6.306s] -- Installing: /home/ALEX/anytrack/ros/install/interfaces/include/interfaces/interfaces/msg/detail/camera_location_list__rosidl_typesupport_introspection_c.h
[6.306s] -- Installing: /home/ALEX/anytrack/ros/install/interfaces/include/interfaces/interfaces/msg/detail/object2d_list__type_support.c
[6.306s] -- Installing: /home/ALEX/anytrack/ros/install/interfaces/include/interfaces/interfaces/msg/detail/object2d__type_support.c
[6.306s] -- Up-to-date: /home/ALEX/anytrack/ros/install/interfaces/include/interfaces/interfaces/msg/rosidl_typesupport_introspection_c__visibility_control.h
[6.307s] -- Installing: /home/ALEX/anytrack/ros/install/interfaces/lib/libinterfaces__rosidl_typesupport_introspection_c.so
[6.307s] -- Set runtime path of "/home/ALEX/anytrack/ros/install/interfaces/lib/libinterfaces__rosidl_typesupport_introspection_c.so" to ""
[6.307s] -- Installing: /home/ALEX/anytrack/ros/install/interfaces/lib/libinterfaces__rosidl_typesupport_c.so
[6.307s] -- Set runtime path of "/home/ALEX/anytrack/ros/install/interfaces/lib/libinterfaces__rosidl_typesupport_c.so" to ""
[6.307s] -- Up-to-date: /home/ALEX/anytrack/ros/install/interfaces/include/interfaces/interfaces
[6.308s] -- Up-to-date: /home/ALEX/anytrack/ros/install/interfaces/include/interfaces/interfaces/msg
[6.308s] -- Installing: /home/ALEX/anytrack/ros/install/interfaces/include/interfaces/interfaces/msg/camera_location_list.hpp
[6.308s] -- Up-to-date: /home/ALEX/anytrack/ros/install/interfaces/include/interfaces/interfaces/msg/detail
[6.308s] -- Installing: /home/ALEX/anytrack/ros/install/interfaces/include/interfaces/interfaces/msg/detail/camera_location_list__struct.hpp
[6.308s] -- Installing: /home/ALEX/anytrack/ros/install/interfaces/include/interfaces/interfaces/msg/detail/object2d__traits.hpp
[6.308s] -- Installing: /home/ALEX/anytrack/ros/install/interfaces/include/interfaces/interfaces/msg/detail/camera_location_list__builder.hpp
[6.308s] -- Installing: /home/ALEX/anytrack/ros/install/interfaces/include/interfaces/interfaces/msg/detail/object2d_list__builder.hpp
[6.308s] -- Installing: /home/ALEX/anytrack/ros/install/interfaces/include/interfaces/interfaces/msg/detail/object2d__struct.hpp
[6.308s] -- Installing: /home/ALEX/anytrack/ros/install/interfaces/include/interfaces/interfaces/msg/detail/camera_location__builder.hpp
[6.308s] -- Installing: /home/ALEX/anytrack/ros/install/interfaces/include/interfaces/interfaces/msg/detail/camera_location__struct.hpp
[6.309s] -- Installing: /home/ALEX/anytrack/ros/install/interfaces/include/interfaces/interfaces/msg/detail/camera_location__traits.hpp
[6.309s] -- Installing: /home/ALEX/anytrack/ros/install/interfaces/include/interfaces/interfaces/msg/detail/object2d__builder.hpp
[6.309s] -- Installing: /home/ALEX/anytrack/ros/install/interfaces/include/interfaces/interfaces/msg/detail/object2d_list__traits.hpp
[6.309s] -- Installing: /home/ALEX/anytrack/ros/install/interfaces/include/interfaces/interfaces/msg/detail/camera_location_list__traits.hpp
[6.309s] -- Installing: /home/ALEX/anytrack/ros/install/interfaces/include/interfaces/interfaces/msg/detail/object2d_list__struct.hpp
[6.309s] -- Installing: /home/ALEX/anytrack/ros/install/interfaces/include/interfaces/interfaces/msg/object2d_list.hpp
[6.309s] -- Installing: /home/ALEX/anytrack/ros/install/interfaces/include/interfaces/interfaces/msg/camera_location.hpp
[6.309s] -- Installing: /home/ALEX/anytrack/ros/install/interfaces/include/interfaces/interfaces/msg/object2d.hpp
[6.309s] -- Up-to-date: /home/ALEX/anytrack/ros/install/interfaces/include/interfaces/interfaces
[6.309s] -- Up-to-date: /home/ALEX/anytrack/ros/install/interfaces/include/interfaces/interfaces/msg
[6.309s] -- Up-to-date: /home/ALEX/anytrack/ros/install/interfaces/include/interfaces/interfaces/msg/rosidl_typesupport_fastrtps_cpp__visibility_control.h
[6.310s] -- Up-to-date: /home/ALEX/anytrack/ros/install/interfaces/include/interfaces/interfaces/msg/detail
[6.310s] -- Installing: /home/ALEX/anytrack/ros/install/interfaces/include/interfaces/interfaces/msg/detail/camera_location_list__rosidl_typesupport_fastrtps_cpp.hpp
[6.310s] -- Installing: /home/ALEX/anytrack/ros/install/interfaces/include/interfaces/interfaces/msg/detail/object2d__rosidl_typesupport_fastrtps_cpp.hpp
[6.310s] -- Installing: /home/ALEX/anytrack/ros/install/interfaces/include/interfaces/interfaces/msg/detail/camera_location__rosidl_typesupport_fastrtps_cpp.hpp
[6.310s] -- Installing: /home/ALEX/anytrack/ros/install/interfaces/include/interfaces/interfaces/msg/detail/object2d_list__rosidl_typesupport_fastrtps_cpp.hpp
[6.310s] -- Up-to-date: /home/ALEX/anytrack/ros/install/interfaces/include/interfaces/interfaces/msg/detail/dds_fastrtps
[6.318s] -- Installing: /home/ALEX/anytrack/ros/install/interfaces/lib/libinterfaces__rosidl_typesupport_fastrtps_cpp.so
[6.319s] -- Set runtime path of "/home/ALEX/anytrack/ros/install/interfaces/lib/libinterfaces__rosidl_typesupport_fastrtps_cpp.so" to ""
[6.319s] -- Up-to-date: /home/ALEX/anytrack/ros/install/interfaces/include/interfaces/interfaces
[6.319s] -- Up-to-date: /home/ALEX/anytrack/ros/install/interfaces/include/interfaces/interfaces/msg
[6.319s] -- Up-to-date: /home/ALEX/anytrack/ros/install/interfaces/include/interfaces/interfaces/msg/detail
[6.319s] -- Installing: /home/ALEX/anytrack/ros/install/interfaces/include/interfaces/interfaces/msg/detail/camera_location__type_support.cpp
[6.319s] -- Installing: /home/ALEX/anytrack/ros/install/interfaces/include/interfaces/interfaces/msg/detail/camera_location_list__rosidl_typesupport_introspection_cpp.hpp
[6.319s] -- Installing: /home/ALEX/anytrack/ros/install/interfaces/include/interfaces/interfaces/msg/detail/object2d_list__type_support.cpp
[6.319s] -- Installing: /home/ALEX/anytrack/ros/install/interfaces/include/interfaces/interfaces/msg/detail/object2d__rosidl_typesupport_introspection_cpp.hpp
[6.319s] -- Installing: /home/ALEX/anytrack/ros/install/interfaces/include/interfaces/interfaces/msg/detail/camera_location__rosidl_typesupport_introspection_cpp.hpp
[6.320s] -- Installing: /home/ALEX/anytrack/ros/install/interfaces/include/interfaces/interfaces/msg/detail/object2d__type_support.cpp
[6.320s] -- Installing: /home/ALEX/anytrack/ros/install/interfaces/include/interfaces/interfaces/msg/detail/camera_location_list__type_support.cpp
[6.320s] -- Installing: /home/ALEX/anytrack/ros/install/interfaces/include/interfaces/interfaces/msg/detail/object2d_list__rosidl_typesupport_introspection_cpp.hpp
[6.320s] -- Installing: /home/ALEX/anytrack/ros/install/interfaces/lib/libinterfaces__rosidl_typesupport_introspection_cpp.so
[6.321s] -- Set runtime path of "/home/ALEX/anytrack/ros/install/interfaces/lib/libinterfaces__rosidl_typesupport_introspection_cpp.so" to ""
[6.321s] -- Installing: /home/ALEX/anytrack/ros/install/interfaces/lib/libinterfaces__rosidl_typesupport_cpp.so
[6.321s] -- Set runtime path of "/home/ALEX/anytrack/ros/install/interfaces/lib/libinterfaces__rosidl_typesupport_cpp.so" to ""
[6.321s] -- Up-to-date: /home/ALEX/anytrack/ros/install/interfaces/share/interfaces/environment/pythonpath.sh
[6.321s] -- Installing: /home/ALEX/anytrack/ros/install/interfaces/share/interfaces/environment/pythonpath.dsv
[6.321s] -- Up-to-date: /home/ALEX/anytrack/ros/install/interfaces/local/lib/python3.10/dist-packages/interfaces-0.0.0-py3.10.egg-info
[6.321s] -- Installing: /home/ALEX/anytrack/ros/install/interfaces/local/lib/python3.10/dist-packages/interfaces-0.0.0-py3.10.egg-info/dependency_links.txt
[6.322s] -- Installing: /home/ALEX/anytrack/ros/install/interfaces/local/lib/python3.10/dist-packages/interfaces-0.0.0-py3.10.egg-info/PKG-INFO
[6.322s] -- Installing: /home/ALEX/anytrack/ros/install/interfaces/local/lib/python3.10/dist-packages/interfaces-0.0.0-py3.10.egg-info/top_level.txt
[6.322s] -- Installing: /home/ALEX/anytrack/ros/install/interfaces/local/lib/python3.10/dist-packages/interfaces-0.0.0-py3.10.egg-info/SOURCES.txt
[6.322s] -- Up-to-date: /home/ALEX/anytrack/ros/install/interfaces/local/lib/python3.10/dist-packages/interfaces
[6.322s] -- Installing: /home/ALEX/anytrack/ros/install/interfaces/local/lib/python3.10/dist-packages/interfaces/interfaces_s__rosidl_typesupport_c.cpython-310-x86_64-linux-gnu.so
[6.322s] -- Installing: /home/ALEX/anytrack/ros/install/interfaces/local/lib/python3.10/dist-packages/interfaces/_interfaces_s.ep.rosidl_typesupport_c.c
[6.322s] -- Installing: /home/ALEX/anytrack/ros/install/interfaces/local/lib/python3.10/dist-packages/interfaces/_interfaces_s.ep.rosidl_typesupport_fastrtps_c.c
[6.322s] -- Installing: /home/ALEX/anytrack/ros/install/interfaces/local/lib/python3.10/dist-packages/interfaces/interfaces_s__rosidl_typesupport_fastrtps_c.cpython-310-x86_64-linux-gnu.so
[6.322s] -- Installing: /home/ALEX/anytrack/ros/install/interfaces/local/lib/python3.10/dist-packages/interfaces/interfaces_s__rosidl_typesupport_introspection_c.cpython-310-x86_64-linux-gnu.so
[6.323s] -- Installing: /home/ALEX/anytrack/ros/install/interfaces/local/lib/python3.10/dist-packages/interfaces/libinterfaces__rosidl_generator_py.so
[6.323s] -- Installing: /home/ALEX/anytrack/ros/install/interfaces/local/lib/python3.10/dist-packages/interfaces/_interfaces_s.ep.rosidl_typesupport_introspection_c.c
[6.323s] -- Up-to-date: /home/ALEX/anytrack/ros/install/interfaces/local/lib/python3.10/dist-packages/interfaces/msg
[6.323s] -- Installing: /home/ALEX/anytrack/ros/install/interfaces/local/lib/python3.10/dist-packages/interfaces/msg/_camera_location_list_s.c
[6.323s] -- Installing: /home/ALEX/anytrack/ros/install/interfaces/local/lib/python3.10/dist-packages/interfaces/msg/_object2d_s.c
[6.323s] -- Installing: /home/ALEX/anytrack/ros/install/interfaces/local/lib/python3.10/dist-packages/interfaces/msg/_object2d_list_s.c
[6.323s] -- Installing: /home/ALEX/anytrack/ros/install/interfaces/local/lib/python3.10/dist-packages/interfaces/msg/_object2d_list.py
[6.323s] -- Installing: /home/ALEX/anytrack/ros/install/interfaces/local/lib/python3.10/dist-packages/interfaces/msg/_camera_location_s.c
[6.323s] -- Installing: /home/ALEX/anytrack/ros/install/interfaces/local/lib/python3.10/dist-packages/interfaces/msg/_camera_location_list.py
[6.324s] -- Installing: /home/ALEX/anytrack/ros/install/interfaces/local/lib/python3.10/dist-packages/interfaces/msg/_camera_location.py
[6.324s] -- Installing: /home/ALEX/anytrack/ros/install/interfaces/local/lib/python3.10/dist-packages/interfaces/msg/_object2d.py
[6.324s] -- Installing: /home/ALEX/anytrack/ros/install/interfaces/local/lib/python3.10/dist-packages/interfaces/msg/__init__.py
[6.324s] -- Installing: /home/ALEX/anytrack/ros/install/interfaces/local/lib/python3.10/dist-packages/interfaces/__init__.py
[6.374s] Listing '/home/ALEX/anytrack/ros/install/interfaces/local/lib/python3.10/dist-packages/interfaces'...
[6.374s] Compiling '/home/ALEX/anytrack/ros/install/interfaces/local/lib/python3.10/dist-packages/interfaces/__init__.py'...
[6.374s] Listing '/home/ALEX/anytrack/ros/install/interfaces/local/lib/python3.10/dist-packages/interfaces/msg'...
[6.374s] Compiling '/home/ALEX/anytrack/ros/install/interfaces/local/lib/python3.10/dist-packages/interfaces/msg/__init__.py'...
[6.374s] Compiling '/home/ALEX/anytrack/ros/install/interfaces/local/lib/python3.10/dist-packages/interfaces/msg/_camera_location.py'...
[6.374s] Compiling '/home/ALEX/anytrack/ros/install/interfaces/local/lib/python3.10/dist-packages/interfaces/msg/_camera_location_list.py'...
[6.374s] Compiling '/home/ALEX/anytrack/ros/install/interfaces/local/lib/python3.10/dist-packages/interfaces/msg/_object2d.py'...
[6.374s] Compiling '/home/ALEX/anytrack/ros/install/interfaces/local/lib/python3.10/dist-packages/interfaces/msg/_object2d_list.py'...
[6.379s] -- Installing: /home/ALEX/anytrack/ros/install/interfaces/local/lib/python3.10/dist-packages/interfaces/interfaces_s__rosidl_typesupport_fastrtps_c.cpython-310-x86_64-linux-gnu.so
[6.380s] -- Set runtime path of "/home/ALEX/anytrack/ros/install/interfaces/local/lib/python3.10/dist-packages/interfaces/interfaces_s__rosidl_typesupport_fastrtps_c.cpython-310-x86_64-linux-gnu.so" to ""
[6.380s] -- Installing: /home/ALEX/anytrack/ros/install/interfaces/local/lib/python3.10/dist-packages/interfaces/interfaces_s__rosidl_typesupport_introspection_c.cpython-310-x86_64-linux-gnu.so
[6.380s] -- Set runtime path of "/home/ALEX/anytrack/ros/install/interfaces/local/lib/python3.10/dist-packages/interfaces/interfaces_s__rosidl_typesupport_introspection_c.cpython-310-x86_64-linux-gnu.so" to ""
[6.380s] -- Installing: /home/ALEX/anytrack/ros/install/interfaces/local/lib/python3.10/dist-packages/interfaces/interfaces_s__rosidl_typesupport_c.cpython-310-x86_64-linux-gnu.so
[6.380s] -- Set runtime path of "/home/ALEX/anytrack/ros/install/interfaces/local/lib/python3.10/dist-packages/interfaces/interfaces_s__rosidl_typesupport_c.cpython-310-x86_64-linux-gnu.so" to ""
[6.381s] -- Installing: /home/ALEX/anytrack/ros/install/interfaces/lib/libinterfaces__rosidl_generator_py.so
[6.381s] -- Set runtime path of "/home/ALEX/anytrack/ros/install/interfaces/lib/libinterfaces__rosidl_generator_py.so" to ""
[6.381s] -- Up-to-date: /home/ALEX/anytrack/ros/install/interfaces/share/interfaces/msg/Object2d.idl
[6.381s] -- Up-to-date: /home/ALEX/anytrack/ros/install/interfaces/share/interfaces/msg/Object2dList.idl
[6.381s] -- Installing: /home/ALEX/anytrack/ros/install/interfaces/share/interfaces/msg/CameraLocation.idl
[6.381s] -- Up-to-date: /home/ALEX/anytrack/ros/install/interfaces/share/interfaces/msg/CameraLocationList.idl
[6.381s] -- Up-to-date: /home/ALEX/anytrack/ros/install/interfaces/share/interfaces/msg/Object2d.msg
[6.381s] -- Up-to-date: /home/ALEX/anytrack/ros/install/interfaces/share/interfaces/msg/Object2dList.msg
[6.382s] -- Installing: /home/ALEX/anytrack/ros/install/interfaces/share/interfaces/msg/CameraLocation.msg
[6.382s] -- Up-to-date: /home/ALEX/anytrack/ros/install/interfaces/share/interfaces/msg/CameraLocationList.msg
[6.382s] -- Up-to-date: /home/ALEX/anytrack/ros/install/interfaces/share/ament_index/resource_index/package_run_dependencies/interfaces
[6.382s] -- Installing: /home/ALEX/anytrack/ros/install/interfaces/share/ament_index/resource_index/parent_prefix_path/interfaces
[6.382s] -- Up-to-date: /home/ALEX/anytrack/ros/install/interfaces/share/interfaces/environment/ament_prefix_path.sh
[6.382s] -- Installing: /home/ALEX/anytrack/ros/install/interfaces/share/interfaces/environment/ament_prefix_path.dsv
[6.382s] -- Up-to-date: /home/ALEX/anytrack/ros/install/interfaces/share/interfaces/environment/path.sh
[6.382s] -- Installing: /home/ALEX/anytrack/ros/install/interfaces/share/interfaces/environment/path.dsv
[6.382s] -- Up-to-date: /home/ALEX/anytrack/ros/install/interfaces/share/interfaces/local_setup.bash
[6.382s] -- Up-to-date: /home/ALEX/anytrack/ros/install/interfaces/share/interfaces/local_setup.sh
[6.382s] -- Up-to-date: /home/ALEX/anytrack/ros/install/interfaces/share/interfaces/local_setup.zsh
[6.382s] -- Installing: /home/ALEX/anytrack/ros/install/interfaces/share/interfaces/local_setup.dsv
[6.383s] -- Installing: /home/ALEX/anytrack/ros/install/interfaces/share/interfaces/package.dsv
[6.383s] -- Up-to-date: /home/ALEX/anytrack/ros/install/interfaces/share/ament_index/resource_index/packages/interfaces
[6.383s] -- Up-to-date: /home/ALEX/anytrack/ros/install/interfaces/share/interfaces/cmake/export_interfaces__rosidl_generator_cExport.cmake
[6.383s] -- Up-to-date: /home/ALEX/anytrack/ros/install/interfaces/share/interfaces/cmake/export_interfaces__rosidl_generator_cExport-noconfig.cmake
[6.383s] -- Up-to-date: /home/ALEX/anytrack/ros/install/interfaces/share/interfaces/cmake/export_interfaces__rosidl_typesupport_fastrtps_cExport.cmake
[6.383s] -- Up-to-date: /home/ALEX/anytrack/ros/install/interfaces/share/interfaces/cmake/export_interfaces__rosidl_typesupport_fastrtps_cExport-noconfig.cmake
[6.383s] -- Up-to-date: /home/ALEX/anytrack/ros/install/interfaces/share/interfaces/cmake/interfaces__rosidl_typesupport_introspection_cExport.cmake
[6.383s] -- Up-to-date: /home/ALEX/anytrack/ros/install/interfaces/share/interfaces/cmake/interfaces__rosidl_typesupport_introspection_cExport-noconfig.cmake
[6.384s] -- Up-to-date: /home/ALEX/anytrack/ros/install/interfaces/share/interfaces/cmake/interfaces__rosidl_typesupport_cExport.cmake
[6.384s] -- Up-to-date: /home/ALEX/anytrack/ros/install/interfaces/share/interfaces/cmake/interfaces__rosidl_typesupport_cExport-noconfig.cmake
[6.384s] -- Up-to-date: /home/ALEX/anytrack/ros/install/interfaces/share/interfaces/cmake/export_interfaces__rosidl_generator_cppExport.cmake
[6.384s] -- Up-to-date: /home/ALEX/anytrack/ros/install/interfaces/share/interfaces/cmake/export_interfaces__rosidl_typesupport_fastrtps_cppExport.cmake
[6.384s] -- Up-to-date: /home/ALEX/anytrack/ros/install/interfaces/share/interfaces/cmake/export_interfaces__rosidl_typesupport_fastrtps_cppExport-noconfig.cmake
[6.384s] -- Up-to-date: /home/ALEX/anytrack/ros/install/interfaces/share/interfaces/cmake/interfaces__rosidl_typesupport_introspection_cppExport.cmake
[6.384s] -- Up-to-date: /home/ALEX/anytrack/ros/install/interfaces/share/interfaces/cmake/interfaces__rosidl_typesupport_introspection_cppExport-noconfig.cmake
[6.384s] -- Up-to-date: /home/ALEX/anytrack/ros/install/interfaces/share/interfaces/cmake/interfaces__rosidl_typesupport_cppExport.cmake
[6.384s] -- Up-to-date: /home/ALEX/anytrack/ros/install/interfaces/share/interfaces/cmake/interfaces__rosidl_typesupport_cppExport-noconfig.cmake
[6.385s] -- Up-to-date: /home/ALEX/anytrack/ros/install/interfaces/share/interfaces/cmake/export_interfaces__rosidl_generator_pyExport.cmake
[6.385s] -- Up-to-date: /home/ALEX/anytrack/ros/install/interfaces/share/interfaces/cmake/export_interfaces__rosidl_generator_pyExport-noconfig.cmake
[6.385s] -- Up-to-date: /home/ALEX/anytrack/ros/install/interfaces/share/interfaces/cmake/rosidl_cmake-extras.cmake
[6.385s] -- Up-to-date: /home/ALEX/anytrack/ros/install/interfaces/share/interfaces/cmake/ament_cmake_export_dependencies-extras.cmake
[6.385s] -- Up-to-date: /home/ALEX/anytrack/ros/install/interfaces/share/interfaces/cmake/ament_cmake_export_include_directories-extras.cmake
[6.385s] -- Up-to-date: /home/ALEX/anytrack/ros/install/interfaces/share/interfaces/cmake/ament_cmake_export_libraries-extras.cmake
[6.385s] -- Up-to-date: /home/ALEX/anytrack/ros/install/interfaces/share/interfaces/cmake/ament_cmake_export_targets-extras.cmake
[6.385s] -- Up-to-date: /home/ALEX/anytrack/ros/install/interfaces/share/interfaces/cmake/rosidl_cmake_export_typesupport_targets-extras.cmake
[6.385s] -- Up-to-date: /home/ALEX/anytrack/ros/install/interfaces/share/interfaces/cmake/rosidl_cmake_export_typesupport_libraries-extras.cmake
[6.385s] -- Up-to-date: /home/ALEX/anytrack/ros/install/interfaces/share/interfaces/cmake/interfacesConfig.cmake
[6.385s] -- Up-to-date: /home/ALEX/anytrack/ros/install/interfaces/share/interfaces/cmake/interfacesConfig-version.cmake
[6.386s] -- Up-to-date: /home/ALEX/anytrack/ros/install/interfaces/share/interfaces/package.xml
[6.387s] Invoked command in '/home/ALEX/anytrack/ros/build/interfaces' returned '0': CMAKE_PREFIX_PATH=${CMAKE_PREFIX_PATH}:/home/ALEX/anytrack/ros/install/anytrack:/home/ALEX/xray/ros/install/xray:/opt/ros/humble /usr/bin/cmake --install /home/ALEX/anytrack/ros/build/interfaces
