[0.016s] Invoking command in '/home/ALEX/3dev/ros/build/simulation': CMAKE_PREFIX_PATH=${CMAKE_PREFIX_PATH}:/home/ALEX/3dev/ros/install/test_py_pkg:/home/ALEX/3dev/ros/install/scannerV2:/home/ALEX/3dev/ros/install/scanner:/opt/ros/humble /usr/bin/cmake /home/ALEX/3dev/ros/src/simulation -DCMAKE_INSTALL_PREFIX=/home/ALEX/3dev/ros/install/simulation
[0.070s] -- The C compiler identification is GNU 11.3.0
[0.130s] -- The CXX compiler identification is GNU 11.3.0
[0.139s] -- Detecting C compiler ABI info
[0.192s] -- Detecting C compiler ABI info - done
[0.199s] -- Check for working C compiler: /usr/bin/cc - skipped
[0.200s] -- Detecting C compile features
[0.201s] -- Detecting C compile features - done
[0.204s] -- Detecting CXX compiler ABI info
[0.268s] -- Detecting CXX compiler ABI info - done
[0.276s] -- Check for working CXX compiler: /usr/bin/c++ - skipped
[0.276s] -- Detecting CXX compile features
[0.276s] -- Detecting CXX compile features - done
[0.283s] -- Found ament_cmake: 1.3.3 (/opt/ros/humble/share/ament_cmake/cmake)
[0.443s] -- Found Python3: /usr/bin/python3.10 (found version "3.10.6") found components: Interpreter 
[0.556s] -- Found ament_lint_auto: 0.12.5 (/opt/ros/humble/share/ament_lint_auto/cmake)
[0.639s] -- Added test 'lint_cmake' to check CMake code style
[0.640s] -- Added test 'xmllint' to check XML markup files
[0.642s] -- Configuring done
[0.644s] -- Generating done
[0.645s] -- Build files have been written to: /home/ALEX/3dev/ros/build/simulation
[0.648s] Invoked command in '/home/ALEX/3dev/ros/build/simulation' returned '0': CMAKE_PREFIX_PATH=${CMAKE_PREFIX_PATH}:/home/ALEX/3dev/ros/install/test_py_pkg:/home/ALEX/3dev/ros/install/scannerV2:/home/ALEX/3dev/ros/install/scanner:/opt/ros/humble /usr/bin/cmake /home/ALEX/3dev/ros/src/simulation -DCMAKE_INSTALL_PREFIX=/home/ALEX/3dev/ros/install/simulation
[0.650s] Invoking command in '/home/ALEX/3dev/ros/build/simulation': CMAKE_PREFIX_PATH=${CMAKE_PREFIX_PATH}:/home/ALEX/3dev/ros/install/test_py_pkg:/home/ALEX/3dev/ros/install/scannerV2:/home/ALEX/3dev/ros/install/scanner:/opt/ros/humble /usr/bin/cmake --build /home/ALEX/3dev/ros/build/simulation -- -j12 -l12
[0.682s] Invoked command in '/home/ALEX/3dev/ros/build/simulation' returned '0': CMAKE_PREFIX_PATH=${CMAKE_PREFIX_PATH}:/home/ALEX/3dev/ros/install/test_py_pkg:/home/ALEX/3dev/ros/install/scannerV2:/home/ALEX/3dev/ros/install/scanner:/opt/ros/humble /usr/bin/cmake --build /home/ALEX/3dev/ros/build/simulation -- -j12 -l12
[0.709s] Invoking command in '/home/ALEX/3dev/ros/build/simulation': CMAKE_PREFIX_PATH=${CMAKE_PREFIX_PATH}:/home/ALEX/3dev/ros/install/test_py_pkg:/home/ALEX/3dev/ros/install/scannerV2:/home/ALEX/3dev/ros/install/scanner:/opt/ros/humble /usr/bin/cmake --install /home/ALEX/3dev/ros/build/simulation
[0.714s] -- Install configuration: ""
[0.714s] -- Installing: /home/ALEX/3dev/ros/install/simulation/share/simulation/description
[0.715s] -- Installing: /home/ALEX/3dev/ros/install/simulation/share/simulation/launch
[0.715s] -- Installing: /home/ALEX/3dev/ros/install/simulation/share/simulation/worlds
[0.715s] -- Installing: /home/ALEX/3dev/ros/install/simulation/share/ament_index/resource_index/package_run_dependencies/simulation
[0.715s] -- Installing: /home/ALEX/3dev/ros/install/simulation/share/ament_index/resource_index/parent_prefix_path/simulation
[0.715s] -- Installing: /home/ALEX/3dev/ros/install/simulation/share/simulation/environment/ament_prefix_path.sh
[0.715s] -- Installing: /home/ALEX/3dev/ros/install/simulation/share/simulation/environment/ament_prefix_path.dsv
[0.715s] -- Installing: /home/ALEX/3dev/ros/install/simulation/share/simulation/environment/path.sh
[0.715s] -- Installing: /home/ALEX/3dev/ros/install/simulation/share/simulation/environment/path.dsv
[0.716s] -- Installing: /home/ALEX/3dev/ros/install/simulation/share/simulation/local_setup.bash
[0.716s] -- Installing: /home/ALEX/3dev/ros/install/simulation/share/simulation/local_setup.sh
[0.716s] -- Installing: /home/ALEX/3dev/ros/install/simulation/share/simulation/local_setup.zsh
[0.716s] -- Installing: /home/ALEX/3dev/ros/install/simulation/share/simulation/local_setup.dsv
[0.716s] -- Installing: /home/ALEX/3dev/ros/install/simulation/share/simulation/package.dsv
[0.716s] -- Installing: /home/ALEX/3dev/ros/install/simulation/share/ament_index/resource_index/packages/simulation
[0.716s] -- Installing: /home/ALEX/3dev/ros/install/simulation/share/simulation/cmake/simulationConfig.cmake
[0.716s] -- Installing: /home/ALEX/3dev/ros/install/simulation/share/simulation/cmake/simulationConfig-version.cmake
[0.716s] -- Installing: /home/ALEX/3dev/ros/install/simulation/share/simulation/package.xml
[0.718s] Invoked command in '/home/ALEX/3dev/ros/build/simulation' returned '0': CMAKE_PREFIX_PATH=${CMAKE_PREFIX_PATH}:/home/ALEX/3dev/ros/install/test_py_pkg:/home/ALEX/3dev/ros/install/scannerV2:/home/ALEX/3dev/ros/install/scanner:/opt/ros/humble /usr/bin/cmake --install /home/ALEX/3dev/ros/build/simulation
