-- Install configuration: ""
-- Up-to-date: /home/ALEX/anytrack/ros/install/simulation/share/simulation/description
-- Installing: /home/ALEX/anytrack/ros/install/simulation/share/simulation/description/scene.urdf.xacro
-- Up-to-date: /home/ALEX/anytrack/ros/install/simulation/share/simulation/launch
-- Installing: /home/ALEX/anytrack/ros/install/simulation/share/simulation/launch/simulation.launch.py
-- Up-to-date: /home/ALEX/anytrack/ros/install/simulation/share/simulation/worlds
-- Up-to-date: /home/ALEX/anytrack/ros/install/simulation/share/ament_index/resource_index/package_run_dependencies/simulation
-- Up-to-date: /home/ALEX/anytrack/ros/install/simulation/share/ament_index/resource_index/parent_prefix_path/simulation
-- Up-to-date: /home/ALEX/anytrack/ros/install/simulation/share/simulation/environment/ament_prefix_path.sh
-- Up-to-date: /home/ALEX/anytrack/ros/install/simulation/share/simulation/environment/ament_prefix_path.dsv
-- Up-to-date: /home/ALEX/anytrack/ros/install/simulation/share/simulation/environment/path.sh
-- Up-to-date: /home/ALEX/anytrack/ros/install/simulation/share/simulation/environment/path.dsv
-- Up-to-date: /home/ALEX/anytrack/ros/install/simulation/share/simulation/local_setup.bash
-- Up-to-date: /home/ALEX/anytrack/ros/install/simulation/share/simulation/local_setup.sh
-- Up-to-date: /home/ALEX/anytrack/ros/install/simulation/share/simulation/local_setup.zsh
-- Up-to-date: /home/ALEX/anytrack/ros/install/simulation/share/simulation/local_setup.dsv
-- Up-to-date: /home/ALEX/anytrack/ros/install/simulation/share/simulation/package.dsv
-- Up-to-date: /home/ALEX/anytrack/ros/install/simulation/share/ament_index/resource_index/packages/simulation
-- Up-to-date: /home/ALEX/anytrack/ros/install/simulation/share/simulation/cmake/simulationConfig.cmake
-- Up-to-date: /home/ALEX/anytrack/ros/install/simulation/share/simulation/cmake/simulationConfig-version.cmake
-- Up-to-date: /home/ALEX/anytrack/ros/install/simulation/share/simulation/package.xml
