/home/ALEX/anytrack/ros/install/scanner/lib/python3.10/site-packages/scanner/camera_info.py
/home/ALEX/anytrack/ros/install/scanner/lib/python3.10/site-packages/scanner/scanner.py
/home/ALEX/anytrack/ros/install/scanner/lib/python3.10/site-packages/scanner/visualisation_vector.py
/home/ALEX/anytrack/ros/install/scanner/lib/python3.10/site-packages/scanner/calibrater.py
/home/ALEX/anytrack/ros/install/scanner/lib/python3.10/site-packages/scanner/camera_position.py
/home/ALEX/anytrack/ros/install/scanner/lib/python3.10/site-packages/scanner/test.py
/home/ALEX/anytrack/ros/install/scanner/lib/python3.10/site-packages/scanner/camera_tracker.py
/home/ALEX/anytrack/ros/install/scanner/lib/python3.10/site-packages/scanner/foxglove_camera.py
/home/ALEX/anytrack/ros/install/scanner/lib/python3.10/site-packages/scanner/__init__.py
/home/ALEX/anytrack/ros/install/scanner/lib/python3.10/site-packages/scanner/__pycache__/camera_info.cpython-310.pyc
/home/ALEX/anytrack/ros/install/scanner/lib/python3.10/site-packages/scanner/__pycache__/scanner.cpython-310.pyc
/home/ALEX/anytrack/ros/install/scanner/lib/python3.10/site-packages/scanner/__pycache__/visualisation_vector.cpython-310.pyc
/home/ALEX/anytrack/ros/install/scanner/lib/python3.10/site-packages/scanner/__pycache__/calibrater.cpython-310.pyc
/home/ALEX/anytrack/ros/install/scanner/lib/python3.10/site-packages/scanner/__pycache__/camera_position.cpython-310.pyc
/home/ALEX/anytrack/ros/install/scanner/lib/python3.10/site-packages/scanner/__pycache__/test.cpython-310.pyc
/home/ALEX/anytrack/ros/install/scanner/lib/python3.10/site-packages/scanner/__pycache__/camera_tracker.cpython-310.pyc
/home/ALEX/anytrack/ros/install/scanner/lib/python3.10/site-packages/scanner/__pycache__/foxglove_camera.cpython-310.pyc
/home/ALEX/anytrack/ros/install/scanner/lib/python3.10/site-packages/scanner/__pycache__/__init__.cpython-310.pyc
/home/ALEX/anytrack/ros/install/scanner/share/ament_index/resource_index/packages/scanner
/home/ALEX/anytrack/ros/install/scanner/share/scanner/package.xml
/home/ALEX/anytrack/ros/install/scanner/lib/python3.10/site-packages/scanner-0.0.0-py3.10.egg-info/requires.txt
/home/ALEX/anytrack/ros/install/scanner/lib/python3.10/site-packages/scanner-0.0.0-py3.10.egg-info/dependency_links.txt
/home/ALEX/anytrack/ros/install/scanner/lib/python3.10/site-packages/scanner-0.0.0-py3.10.egg-info/PKG-INFO
/home/ALEX/anytrack/ros/install/scanner/lib/python3.10/site-packages/scanner-0.0.0-py3.10.egg-info/top_level.txt
/home/ALEX/anytrack/ros/install/scanner/lib/python3.10/site-packages/scanner-0.0.0-py3.10.egg-info/zip-safe
/home/ALEX/anytrack/ros/install/scanner/lib/python3.10/site-packages/scanner-0.0.0-py3.10.egg-info/SOURCES.txt
/home/ALEX/anytrack/ros/install/scanner/lib/python3.10/site-packages/scanner-0.0.0-py3.10.egg-info/entry_points.txt
/home/ALEX/anytrack/ros/install/scanner/lib/scanner/calibrater
/home/ALEX/anytrack/ros/install/scanner/lib/scanner/camera_info
/home/ALEX/anytrack/ros/install/scanner/lib/scanner/camera_position
/home/ALEX/anytrack/ros/install/scanner/lib/scanner/camera_tracker
/home/ALEX/anytrack/ros/install/scanner/lib/scanner/foxglove_camera
/home/ALEX/anytrack/ros/install/scanner/lib/scanner/scanner
/home/ALEX/anytrack/ros/install/scanner/lib/scanner/test
/home/ALEX/anytrack/ros/install/scanner/lib/scanner/visualisation_vector
