[0.603s] Invoking command in '/home/ALEX/anytrack/ros/build/scanner': PYTHONPATH=/home/ALEX/anytrack/ros/install/scanner/lib/python3.10/site-packages:${PYTHONPATH} /usr/bin/python3 setup.py develop --prefix /home/ALEX/anytrack/ros/install/scanner --editable --build-directory /home/ALEX/anytrack/ros/build/scanner/build --no-deps install_data --install-dir /home/ALEX/anytrack/ros/install/scanner
[0.853s] running develop
[0.992s] running egg_info
[0.992s] writing scanner.egg-info/PKG-INFO
[0.992s] writing dependency_links to scanner.egg-info/dependency_links.txt
[0.992s] writing entry points to scanner.egg-info/entry_points.txt
[0.992s] writing requirements to scanner.egg-info/requires.txt
[0.992s] writing top-level names to scanner.egg-info/top_level.txt
[0.994s] reading manifest file 'scanner.egg-info/SOURCES.txt'
[0.994s] writing manifest file 'scanner.egg-info/SOURCES.txt'
[0.995s] running build_ext
[0.996s] Creating /home/ALEX/anytrack/ros/install/scanner/lib/python3.10/site-packages/scanner.egg-link (link to .)
[0.996s] Installing camera_info script to /home/ALEX/anytrack/ros/install/scanner/lib/scanner
[0.996s] Installing scanner script to /home/ALEX/anytrack/ros/install/scanner/lib/scanner
[0.997s] Installing test script to /home/ALEX/anytrack/ros/install/scanner/lib/scanner
[0.997s] Installing tf_broadcaster script to /home/ALEX/anytrack/ros/install/scanner/lib/scanner
[0.997s] Installing tracker script to /home/ALEX/anytrack/ros/install/scanner/lib/scanner
[0.997s] 
[0.997s] Installed /home/ALEX/anytrack/ros/build/scanner
[0.997s] running install_data
[1.024s] Invoked command in '/home/ALEX/anytrack/ros/build/scanner' returned '0': PYTHONPATH=/home/ALEX/anytrack/ros/install/scanner/lib/python3.10/site-packages:${PYTHONPATH} /usr/bin/python3 setup.py develop --prefix /home/ALEX/anytrack/ros/install/scanner --editable --build-directory /home/ALEX/anytrack/ros/build/scanner/build --no-deps install_data --install-dir /home/ALEX/anytrack/ros/install/scanner
