[0.589s] Invoking command in '/home/ALEX/3dev/ros/build/scanner': PYTHONPATH=/home/ALEX/3dev/ros/install/scanner/lib/python3.10/site-packages:${PYTHONPATH} /usr/bin/python3 setup.py develop --prefix /home/ALEX/3dev/ros/install/scanner --editable --build-directory /home/ALEX/3dev/ros/build/scanner/build --no-deps install_data --install-dir /home/ALEX/3dev/ros/install/scanner
[0.828s] running develop
[0.974s] running egg_info
[0.974s] writing scanner.egg-info/PKG-INFO
[0.974s] writing dependency_links to scanner.egg-info/dependency_links.txt
[0.974s] writing entry points to scanner.egg-info/entry_points.txt
[0.974s] writing requirements to scanner.egg-info/requires.txt
[0.974s] writing top-level names to scanner.egg-info/top_level.txt
[0.976s] reading manifest file 'scanner.egg-info/SOURCES.txt'
[0.982s] writing manifest file 'scanner.egg-info/SOURCES.txt'
[0.984s] running build_ext
[0.984s] Creating /home/ALEX/3dev/ros/install/scanner/lib/python3.10/site-packages/scanner.egg-link (link to .)
[0.984s] Installing ball_scanner script to /home/ALEX/3dev/ros/install/scanner/lib/scanner
[0.984s] Installing camera_info_publisher script to /home/ALEX/3dev/ros/install/scanner/lib/scanner
[0.985s] Installing camera_publisher script to /home/ALEX/3dev/ros/install/scanner/lib/scanner
[0.985s] Installing test_vec_publisher script to /home/ALEX/3dev/ros/install/scanner/lib/scanner
[0.985s] Installing tf_broadcaster script to /home/ALEX/3dev/ros/install/scanner/lib/scanner
[0.985s] 
[0.985s] Installed /home/ALEX/3dev/ros/build/scanner
[0.985s] running install_data
[1.011s] Invoked command in '/home/ALEX/3dev/ros/build/scanner' returned '0': PYTHONPATH=/home/ALEX/3dev/ros/install/scanner/lib/python3.10/site-packages:${PYTHONPATH} /usr/bin/python3 setup.py develop --prefix /home/ALEX/3dev/ros/install/scanner --editable --build-directory /home/ALEX/3dev/ros/build/scanner/build --no-deps install_data --install-dir /home/ALEX/3dev/ros/install/scanner
