[0.605s] Invoking command in '/home/ALEX/anytrack/ros/build/anytrack': PYTHONPATH=/home/ALEX/anytrack/ros/build/anytrack/prefix_override:/home/ALEX/anytrack/ros/install/anytrack/lib/python3.10/site-packages:${PYTHONPATH} /usr/bin/python3 setup.py develop --editable --build-directory /home/ALEX/anytrack/ros/build/anytrack/build --no-deps install_data
[0.848s] running develop
[0.986s] running egg_info
[0.987s] writing anytrack.egg-info/PKG-INFO
[0.987s] writing dependency_links to anytrack.egg-info/dependency_links.txt
[0.987s] writing entry points to anytrack.egg-info/entry_points.txt
[0.987s] writing requirements to anytrack.egg-info/requires.txt
[0.987s] writing top-level names to anytrack.egg-info/top_level.txt
[0.988s] reading manifest file 'anytrack.egg-info/SOURCES.txt'
[0.989s] writing manifest file 'anytrack.egg-info/SOURCES.txt'
[0.990s] running build_ext
[0.990s] Creating /home/ALEX/anytrack/ros/install/anytrack/lib/python3.10/site-packages/anytrack.egg-link (link to .)
[0.991s] Installing camera_driver = anytrack.camera_driver:maincamera_info script to /home/ALEX/anytrack/ros/install/anytrack/lib/anytrack
[0.991s] Installing camera_vector script to /home/ALEX/anytrack/ros/install/anytrack/lib/anytrack
[0.991s] Installing manager script to /home/ALEX/anytrack/ros/install/anytrack/lib/anytrack
[0.991s] Installing position_manager script to /home/ALEX/anytrack/ros/install/anytrack/lib/anytrack
[0.991s] Installing tracker2D script to /home/ALEX/anytrack/ros/install/anytrack/lib/anytrack
[0.991s] 
[0.991s] Installed /home/ALEX/anytrack/ros/build/anytrack
[0.992s] running install_data
[1.019s] Invoked command in '/home/ALEX/anytrack/ros/build/anytrack' returned '0': PYTHONPATH=/home/ALEX/anytrack/ros/build/anytrack/prefix_override:/home/ALEX/anytrack/ros/install/anytrack/lib/python3.10/site-packages:${PYTHONPATH} /usr/bin/python3 setup.py develop --editable --build-directory /home/ALEX/anytrack/ros/build/anytrack/build --no-deps install_data
