[0.639s] Invoking command in '/home/ALEX/anytrack/ros/build/anytrack': PYTHONPATH=/home/ALEX/anytrack/ros/build/anytrack/prefix_override:/home/ALEX/anytrack/ros/install/anytrack/lib/python3.10/site-packages:${PYTHONPATH} /usr/bin/python3 setup.py develop --editable --build-directory /home/ALEX/anytrack/ros/build/anytrack/build --no-deps install_data
[0.929s] running develop
[1.083s] running egg_info
[1.083s] writing anytrack.egg-info/PKG-INFO
[1.083s] writing dependency_links to anytrack.egg-info/dependency_links.txt
[1.084s] writing entry points to anytrack.egg-info/entry_points.txt
[1.084s] writing requirements to anytrack.egg-info/requires.txt
[1.084s] writing top-level names to anytrack.egg-info/top_level.txt
[1.085s] reading manifest file 'anytrack.egg-info/SOURCES.txt'
[1.086s] writing manifest file 'anytrack.egg-info/SOURCES.txt'
[1.087s] running build_ext
[1.087s] Creating /home/ALEX/anytrack/ros/install/anytrack/lib/python3.10/site-packages/anytrack.egg-link (link to .)
[1.088s] Installing calibration script to /home/ALEX/anytrack/ros/install/anytrack/lib/anytrack
[1.088s] Installing calibration_old script to /home/ALEX/anytrack/ros/install/anytrack/lib/anytrack
[1.088s] Installing camera_detector script to /home/ALEX/anytrack/ros/install/anytrack/lib/anytrack
[1.088s] Installing camera_driver script to /home/ALEX/anytrack/ros/install/anytrack/lib/anytrack
[1.088s] Installing camera_info script to /home/ALEX/anytrack/ros/install/anytrack/lib/anytrack
[1.088s] Installing camera_vector script to /home/ALEX/anytrack/ros/install/anytrack/lib/anytrack
[1.088s] Installing foxglove_camera script to /home/ALEX/anytrack/ros/install/anytrack/lib/anytrack
[1.088s] Installing manager script to /home/ALEX/anytrack/ros/install/anytrack/lib/anytrack
[1.089s] Installing object_estimator script to /home/ALEX/anytrack/ros/install/anytrack/lib/anytrack
[1.089s] Installing pointcloud_publisher script to /home/ALEX/anytrack/ros/install/anytrack/lib/anytrack
[1.089s] Installing position_manager script to /home/ALEX/anytrack/ros/install/anytrack/lib/anytrack
[1.089s] Installing simulation_publisher script to /home/ALEX/anytrack/ros/install/anytrack/lib/anytrack
[1.089s] Installing test script to /home/ALEX/anytrack/ros/install/anytrack/lib/anytrack
[1.089s] 
[1.089s] Installed /home/ALEX/anytrack/ros/build/anytrack
[1.089s] running install_data
[1.125s] Invoked command in '/home/ALEX/anytrack/ros/build/anytrack' returned '0': PYTHONPATH=/home/ALEX/anytrack/ros/build/anytrack/prefix_override:/home/ALEX/anytrack/ros/install/anytrack/lib/python3.10/site-packages:${PYTHONPATH} /usr/bin/python3 setup.py develop --editable --build-directory /home/ALEX/anytrack/ros/build/anytrack/build --no-deps install_data
