[0.633s] Invoking command in '/home/ALEX/anytrack/ros/build/anytrack': PYTHONPATH=/home/ALEX/anytrack/ros/build/anytrack/prefix_override:/home/ALEX/anytrack/ros/install/anytrack/lib/python3.10/site-packages:${PYTHONPATH} /usr/bin/python3 setup.py develop --editable --build-directory /home/ALEX/anytrack/ros/build/anytrack/build --no-deps install_data
[0.893s] running develop
[1.041s] running egg_info
[1.041s] writing anytrack.egg-info/PKG-INFO
[1.041s] writing dependency_links to anytrack.egg-info/dependency_links.txt
[1.041s] writing entry points to anytrack.egg-info/entry_points.txt
[1.041s] writing requirements to anytrack.egg-info/requires.txt
[1.041s] writing top-level names to anytrack.egg-info/top_level.txt
[1.043s] reading manifest file 'anytrack.egg-info/SOURCES.txt'
[1.049s] writing manifest file 'anytrack.egg-info/SOURCES.txt'
[1.051s] running build_ext
[1.051s] Creating /home/ALEX/anytrack/ros/install/anytrack/lib/python3.10/site-packages/anytrack.egg-link (link to .)
[1.052s] Installing calibration script to /home/ALEX/anytrack/ros/install/anytrack/lib/anytrack
[1.052s] Installing camera_detector script to /home/ALEX/anytrack/ros/install/anytrack/lib/anytrack
[1.052s] Installing camera_driver script to /home/ALEX/anytrack/ros/install/anytrack/lib/anytrack
[1.052s] Installing camera_info script to /home/ALEX/anytrack/ros/install/anytrack/lib/anytrack
[1.052s] Installing camera_vector script to /home/ALEX/anytrack/ros/install/anytrack/lib/anytrack
[1.052s] Installing manager script to /home/ALEX/anytrack/ros/install/anytrack/lib/anytrack
[1.053s] Installing position_manager script to /home/ALEX/anytrack/ros/install/anytrack/lib/anytrack
[1.053s] Installing simulation_publisher script to /home/ALEX/anytrack/ros/install/anytrack/lib/anytrack
[1.053s] Installing test script to /home/ALEX/anytrack/ros/install/anytrack/lib/anytrack
[1.053s] 
[1.053s] Installed /home/ALEX/anytrack/ros/build/anytrack
[1.053s] running install_data
[1.083s] Invoked command in '/home/ALEX/anytrack/ros/build/anytrack' returned '0': PYTHONPATH=/home/ALEX/anytrack/ros/build/anytrack/prefix_override:/home/ALEX/anytrack/ros/install/anytrack/lib/python3.10/site-packages:${PYTHONPATH} /usr/bin/python3 setup.py develop --editable --build-directory /home/ALEX/anytrack/ros/build/anytrack/build --no-deps install_data
