/home/ALEX/anytrack/ros/install/scannerV2/lib/python3.10/site-packages/scannerV2/manager.py
/home/ALEX/anytrack/ros/install/scannerV2/lib/python3.10/site-packages/scannerV2/position_manager.py
/home/ALEX/anytrack/ros/install/scannerV2/lib/python3.10/site-packages/scannerV2/camera_info.py
/home/ALEX/anytrack/ros/install/scannerV2/lib/python3.10/site-packages/scannerV2/camera_vector.py
/home/ALEX/anytrack/ros/install/scannerV2/lib/python3.10/site-packages/scannerV2/calibrator.py
/home/ALEX/anytrack/ros/install/scannerV2/lib/python3.10/site-packages/scannerV2/tracker2D.py
/home/ALEX/anytrack/ros/install/scannerV2/lib/python3.10/site-packages/scannerV2/test.py
/home/ALEX/anytrack/ros/install/scannerV2/lib/python3.10/site-packages/scannerV2/__init__.py
/home/ALEX/anytrack/ros/install/scannerV2/lib/python3.10/site-packages/scannerV2/__pycache__/manager.cpython-310.pyc
/home/ALEX/anytrack/ros/install/scannerV2/lib/python3.10/site-packages/scannerV2/__pycache__/position_manager.cpython-310.pyc
/home/ALEX/anytrack/ros/install/scannerV2/lib/python3.10/site-packages/scannerV2/__pycache__/camera_info.cpython-310.pyc
/home/ALEX/anytrack/ros/install/scannerV2/lib/python3.10/site-packages/scannerV2/__pycache__/camera_vector.cpython-310.pyc
/home/ALEX/anytrack/ros/install/scannerV2/lib/python3.10/site-packages/scannerV2/__pycache__/calibrator.cpython-310.pyc
/home/ALEX/anytrack/ros/install/scannerV2/lib/python3.10/site-packages/scannerV2/__pycache__/tracker2D.cpython-310.pyc
/home/ALEX/anytrack/ros/install/scannerV2/lib/python3.10/site-packages/scannerV2/__pycache__/test.cpython-310.pyc
/home/ALEX/anytrack/ros/install/scannerV2/lib/python3.10/site-packages/scannerV2/__pycache__/__init__.cpython-310.pyc
/home/ALEX/anytrack/ros/install/scannerV2/share/ament_index/resource_index/packages/scannerV2
/home/ALEX/anytrack/ros/install/scannerV2/share/scannerV2/package.xml
/home/ALEX/anytrack/ros/install/scannerV2/lib/python3.10/site-packages/scannerV2-0.0.0-py3.10.egg-info/requires.txt
/home/ALEX/anytrack/ros/install/scannerV2/lib/python3.10/site-packages/scannerV2-0.0.0-py3.10.egg-info/dependency_links.txt
/home/ALEX/anytrack/ros/install/scannerV2/lib/python3.10/site-packages/scannerV2-0.0.0-py3.10.egg-info/PKG-INFO
/home/ALEX/anytrack/ros/install/scannerV2/lib/python3.10/site-packages/scannerV2-0.0.0-py3.10.egg-info/top_level.txt
/home/ALEX/anytrack/ros/install/scannerV2/lib/python3.10/site-packages/scannerV2-0.0.0-py3.10.egg-info/zip-safe
/home/ALEX/anytrack/ros/install/scannerV2/lib/python3.10/site-packages/scannerV2-0.0.0-py3.10.egg-info/SOURCES.txt
/home/ALEX/anytrack/ros/install/scannerV2/lib/python3.10/site-packages/scannerV2-0.0.0-py3.10.egg-info/entry_points.txt
/home/ALEX/anytrack/ros/install/scannerV2/lib/scannerV2/calibrator
/home/ALEX/anytrack/ros/install/scannerV2/lib/scannerV2/camera_info
/home/ALEX/anytrack/ros/install/scannerV2/lib/scannerV2/camera_vector
/home/ALEX/anytrack/ros/install/scannerV2/lib/scannerV2/manager
/home/ALEX/anytrack/ros/install/scannerV2/lib/scannerV2/position_manager
/home/ALEX/anytrack/ros/install/scannerV2/lib/scannerV2/test
/home/ALEX/anytrack/ros/install/scannerV2/lib/scannerV2/tracker2D
