running develop
running egg_info
creating anytrack.egg-info
writing anytrack.egg-info/PKG-INFO
writing dependency_links to anytrack.egg-info/dependency_links.txt
writing entry points to anytrack.egg-info/entry_points.txt
writing requirements to anytrack.egg-info/requires.txt
writing top-level names to anytrack.egg-info/top_level.txt
writing manifest file 'anytrack.egg-info/SOURCES.txt'
reading manifest file 'anytrack.egg-info/SOURCES.txt'
writing manifest file 'anytrack.egg-info/SOURCES.txt'
running build_ext
Creating /home/ALEX/anytrack/ros/install/anytrack/lib/python3.10/site-packages/anytrack.egg-link (link to .)
Installing camera_info script to /home/ALEX/anytrack/ros/install/anytrack/lib/anytrack
Installing camera_vector script to /home/ALEX/anytrack/ros/install/anytrack/lib/anytrack
Installing manager script to /home/ALEX/anytrack/ros/install/anytrack/lib/anytrack
Installing position_manager script to /home/ALEX/anytrack/ros/install/anytrack/lib/anytrack
Installing tracker2D script to /home/ALEX/anytrack/ros/install/anytrack/lib/anytrack

Installed /home/ALEX/anytrack/ros/build/anytrack
running install_data
creating /home/ALEX/anytrack/ros/install/anytrack/share/ament_index
creating /home/ALEX/anytrack/ros/install/anytrack/share/ament_index/resource_index
creating /home/ALEX/anytrack/ros/install/anytrack/share/ament_index/resource_index/packages
copying resource/anytrack -> /home/ALEX/anytrack/ros/install/anytrack/share/ament_index/resource_index/packages
copying package.xml -> /home/ALEX/anytrack/ros/install/anytrack/share/anytrack
