[0.623s] Invoking command in '/home/ALEX/anytrack/ros/build/anytrack': PYTHONPATH=/home/ALEX/anytrack/ros/build/anytrack/prefix_override:/home/ALEX/anytrack/ros/install/anytrack/lib/python3.10/site-packages:${PYTHONPATH} /usr/bin/python3 setup.py develop --editable --build-directory /home/ALEX/anytrack/ros/build/anytrack/build --no-deps install_data
[0.872s] running develop
[1.010s] running egg_info
[1.010s] creating anytrack.egg-info
[1.010s] writing anytrack.egg-info/PKG-INFO
[1.010s] writing dependency_links to anytrack.egg-info/dependency_links.txt
[1.010s] writing entry points to anytrack.egg-info/entry_points.txt
[1.010s] writing requirements to anytrack.egg-info/requires.txt
[1.010s] writing top-level names to anytrack.egg-info/top_level.txt
[1.010s] writing manifest file 'anytrack.egg-info/SOURCES.txt'
[1.012s] reading manifest file 'anytrack.egg-info/SOURCES.txt'
[1.012s] writing manifest file 'anytrack.egg-info/SOURCES.txt'
[1.013s] running build_ext
[1.013s] Creating /home/ALEX/anytrack/ros/install/anytrack/lib/python3.10/site-packages/anytrack.egg-link (link to .)
[1.014s] Installing camera_info script to /home/ALEX/anytrack/ros/install/anytrack/lib/anytrack
[1.014s] Installing camera_vector script to /home/ALEX/anytrack/ros/install/anytrack/lib/anytrack
[1.014s] Installing manager script to /home/ALEX/anytrack/ros/install/anytrack/lib/anytrack
[1.014s] Installing position_manager script to /home/ALEX/anytrack/ros/install/anytrack/lib/anytrack
[1.014s] Installing tracker2D script to /home/ALEX/anytrack/ros/install/anytrack/lib/anytrack
[1.015s] 
[1.015s] Installed /home/ALEX/anytrack/ros/build/anytrack
[1.015s] running install_data
[1.015s] creating /home/ALEX/anytrack/ros/install/anytrack/share/ament_index
[1.015s] creating /home/ALEX/anytrack/ros/install/anytrack/share/ament_index/resource_index
[1.015s] creating /home/ALEX/anytrack/ros/install/anytrack/share/ament_index/resource_index/packages
[1.015s] copying resource/anytrack -> /home/ALEX/anytrack/ros/install/anytrack/share/ament_index/resource_index/packages
[1.015s] copying package.xml -> /home/ALEX/anytrack/ros/install/anytrack/share/anytrack
[1.044s] Invoked command in '/home/ALEX/anytrack/ros/build/anytrack' returned '0': PYTHONPATH=/home/ALEX/anytrack/ros/build/anytrack/prefix_override:/home/ALEX/anytrack/ros/install/anytrack/lib/python3.10/site-packages:${PYTHONPATH} /usr/bin/python3 setup.py develop --editable --build-directory /home/ALEX/anytrack/ros/build/anytrack/build --no-deps install_data
