[0.015s] Invoking command in '/home/ALEX/3dev/ros/build/scanner_interfaces': CMAKE_PREFIX_PATH=${CMAKE_PREFIX_PATH}:/home/ALEX/3dev/ros/install/test_py_pkg:/home/ALEX/3dev/ros/install/scanner:/opt/ros/humble /usr/bin/cmake --build /home/ALEX/3dev/ros/build/scanner_interfaces -- -j12 -l12
[0.034s] -- Found ament_cmake: 1.3.2 (/opt/ros/humble/share/ament_cmake/cmake)
[0.162s] -- Found rosidl_default_generators: 1.2.0 (/opt/ros/humble/share/rosidl_default_generators/cmake)
[0.164s] -- Using all available rosidl_typesupport_c: rosidl_typesupport_fastrtps_c;rosidl_typesupport_introspection_c
[0.167s] -- Found rosidl_adapter: 3.1.3 (/opt/ros/humble/share/rosidl_adapter/cmake)
[0.196s] -- Using all available rosidl_typesupport_cpp: rosidl_typesupport_fastrtps_cpp;rosidl_typesupport_introspection_cpp
[0.440s] -- Found ament_cmake_ros: 0.10.0 (/opt/ros/humble/share/ament_cmake_ros/cmake)
[0.604s] -- Using all available rosidl_typesupport_c: rosidl_typesupport_fastrtps_c;rosidl_typesupport_introspection_c
[0.816s] -- Using all available rosidl_typesupport_cpp: rosidl_typesupport_fastrtps_cpp;rosidl_typesupport_introspection_cpp
[0.836s] -- Found python_cmake_module: 0.10.0 (/opt/ros/humble/share/python_cmake_module/cmake)
[0.857s] -- Using PYTHON_EXECUTABLE: /usr/bin/python3
[0.857s] -- Using PYTHON_INCLUDE_DIRS: /usr/include/python3.10
[0.857s] -- Using PYTHON_LIBRARIES: /usr/lib/x86_64-linux-gnu/libpython3.10.so
[0.878s] -- Configuring done
[0.912s] -- Generating done
[0.914s] -- Build files have been written to: /home/ALEX/3dev/ros/build/scanner_interfaces
[0.933s] [  2%] [34m[1mGenerating C code for ROS interfaces[0m
[0.940s] [  5%] [34m[1mGenerating C++ code for ROS interfaces[0m
[0.949s] [  5%] Built target ament_cmake_python_copy_scanner_interfaces
[1.193s] running egg_info
[1.193s] writing scanner_interfaces.egg-info/PKG-INFO
[1.193s] writing dependency_links to scanner_interfaces.egg-info/dependency_links.txt
[1.194s] writing top-level names to scanner_interfaces.egg-info/top_level.txt
[1.196s] reading manifest file 'scanner_interfaces.egg-info/SOURCES.txt'
[1.196s] writing manifest file 'scanner_interfaces.egg-info/SOURCES.txt'
[1.229s] [  5%] Built target ament_cmake_python_build_scanner_interfaces_egg
[1.244s] [  7%] [32mBuilding C object CMakeFiles/scanner_interfaces__rosidl_generator_c.dir/rosidl_generator_c/scanner_interfaces/msg/detail/object__functions.c.o[0m
[1.244s] [ 10%] [32mBuilding C object CMakeFiles/scanner_interfaces__rosidl_generator_c.dir/rosidl_generator_c/scanner_interfaces/msg/detail/tracks__functions.c.o[0m
[1.245s] [ 10%] Built target scanner_interfaces__cpp
[1.253s] [ 12%] [34m[1mGenerating C++ type support dispatch for ROS interfaces[0m
[1.254s] [ 17%] [34m[1mGenerating C++ introspection for ROS interfaces[0m
[1.254s] [ 17%] [34m[1mGenerating C++ type support for eProsima Fast-RTPS[0m
[1.330s] [ 20%] [32m[1mLinking C shared library libscanner_interfaces__rosidl_generator_c.so[0m
[1.363s] [ 20%] Built target scanner_interfaces__rosidl_generator_c
[1.371s] [ 23%] [34m[1mGenerating C type support for eProsima Fast-RTPS[0m
[1.372s] [ 25%] [34m[1mGenerating C type support dispatch for ROS interfaces[0m
[1.374s] [ 28%] [34m[1mGenerating C introspection for ROS interfaces[0m
[1.512s] [ 30%] [32mBuilding CXX object CMakeFiles/scanner_interfaces__rosidl_typesupport_cpp.dir/rosidl_typesupport_cpp/scanner_interfaces/msg/object__type_support.cpp.o[0m
[1.512s] [ 33%] [32mBuilding CXX object CMakeFiles/scanner_interfaces__rosidl_typesupport_cpp.dir/rosidl_typesupport_cpp/scanner_interfaces/msg/tracks__type_support.cpp.o[0m
[1.528s] [ 35%] [32mBuilding CXX object CMakeFiles/scanner_interfaces__rosidl_typesupport_introspection_cpp.dir/rosidl_typesupport_introspection_cpp/scanner_interfaces/msg/detail/object__type_support.cpp.o[0m
[1.529s] [ 38%] [32mBuilding CXX object CMakeFiles/scanner_interfaces__rosidl_typesupport_introspection_cpp.dir/rosidl_typesupport_introspection_cpp/scanner_interfaces/msg/detail/tracks__type_support.cpp.o[0m
[1.567s] [ 43%] [32mBuilding CXX object CMakeFiles/scanner_interfaces__rosidl_typesupport_fastrtps_cpp.dir/rosidl_typesupport_fastrtps_cpp/scanner_interfaces/msg/detail/dds_fastrtps/object__type_support.cpp.o[0m
[1.567s] [ 43%] [32mBuilding CXX object CMakeFiles/scanner_interfaces__rosidl_typesupport_fastrtps_cpp.dir/rosidl_typesupport_fastrtps_cpp/scanner_interfaces/msg/detail/dds_fastrtps/tracks__type_support.cpp.o[0m
[1.659s] [ 46%] [32mBuilding CXX object CMakeFiles/scanner_interfaces__rosidl_typesupport_c.dir/rosidl_typesupport_c/scanner_interfaces/msg/tracks__type_support.cpp.o[0m
[1.661s] [ 48%] [32mBuilding CXX object CMakeFiles/scanner_interfaces__rosidl_typesupport_c.dir/rosidl_typesupport_c/scanner_interfaces/msg/object__type_support.cpp.o[0m
[1.695s] [ 51%] [32m[1mLinking CXX shared library libscanner_interfaces__rosidl_typesupport_c.so[0m
[1.739s] [ 53%] [32mBuilding C object CMakeFiles/scanner_interfaces__rosidl_typesupport_introspection_c.dir/rosidl_typesupport_introspection_c/scanner_interfaces/msg/detail/object__type_support.c.o[0m
[1.743s] [ 56%] [32mBuilding C object CMakeFiles/scanner_interfaces__rosidl_typesupport_introspection_c.dir/rosidl_typesupport_introspection_c/scanner_interfaces/msg/detail/tracks__type_support.c.o[0m
[1.743s] [ 56%] Built target scanner_interfaces__rosidl_typesupport_c
[1.758s] [ 61%] [32mBuilding CXX object CMakeFiles/scanner_interfaces__rosidl_typesupport_fastrtps_c.dir/rosidl_typesupport_fastrtps_c/scanner_interfaces/msg/detail/object__type_support_c.cpp.o[0m
[1.758s] [ 61%] [32mBuilding CXX object CMakeFiles/scanner_interfaces__rosidl_typesupport_fastrtps_c.dir/rosidl_typesupport_fastrtps_c/scanner_interfaces/msg/detail/tracks__type_support_c.cpp.o[0m
[1.779s] [ 64%] [32m[1mLinking C shared library libscanner_interfaces__rosidl_typesupport_introspection_c.so[0m
[1.814s] [ 64%] Built target scanner_interfaces__rosidl_typesupport_introspection_c
[1.899s] [ 66%] [32m[1mLinking CXX shared library libscanner_interfaces__rosidl_typesupport_cpp.so[0m
[1.936s] [ 66%] Built target scanner_interfaces__rosidl_typesupport_cpp
[2.056s] [ 69%] [32m[1mLinking CXX shared library libscanner_interfaces__rosidl_typesupport_introspection_cpp.so[0m
[2.063s] [ 71%] [32m[1mLinking CXX shared library libscanner_interfaces__rosidl_typesupport_fastrtps_cpp.so[0m
[2.120s] [ 74%] [32m[1mLinking CXX shared library libscanner_interfaces__rosidl_typesupport_fastrtps_c.so[0m
[2.130s] [ 74%] Built target scanner_interfaces__rosidl_typesupport_introspection_cpp
[2.136s] [ 74%] Built target scanner_interfaces__rosidl_typesupport_fastrtps_cpp
[2.183s] [ 74%] Built target scanner_interfaces__rosidl_typesupport_fastrtps_c
[2.198s] [ 74%] Built target scanner_interfaces
[2.214s] [ 76%] [34m[1mGenerating Python code for ROS interfaces[0m
[2.681s] [ 76%] Built target scanner_interfaces__py
[2.696s] [ 79%] [32mBuilding C object CMakeFiles/scanner_interfaces__rosidl_generator_py.dir/rosidl_generator_py/scanner_interfaces/msg/_object_s.c.o[0m
[2.696s] [ 82%] [32mBuilding C object CMakeFiles/scanner_interfaces__rosidl_generator_py.dir/rosidl_generator_py/scanner_interfaces/msg/_tracks_s.c.o[0m
[2.802s] [ 84%] [32m[1mLinking C shared library rosidl_generator_py/scanner_interfaces/libscanner_interfaces__rosidl_generator_py.so[0m
[2.833s] [ 84%] Built target scanner_interfaces__rosidl_generator_py
[2.842s] [35m[1mConsolidate compiler generated dependencies of target scanner_interfaces__rosidl_typesupport_fastrtps_c__pyext[0m
[2.842s] [35m[1mConsolidate compiler generated dependencies of target scanner_interfaces__rosidl_typesupport_introspection_c__pyext[0m
[2.842s] [35m[1mConsolidate compiler generated dependencies of target scanner_interfaces__rosidl_typesupport_c__pyext[0m
[2.853s] [ 87%] [32mBuilding C object CMakeFiles/scanner_interfaces__rosidl_typesupport_fastrtps_c__pyext.dir/rosidl_generator_py/scanner_interfaces/_scanner_interfaces_s.ep.rosidl_typesupport_fastrtps_c.c.o[0m
[2.853s] [ 92%] [32mBuilding C object CMakeFiles/scanner_interfaces__rosidl_typesupport_c__pyext.dir/rosidl_generator_py/scanner_interfaces/_scanner_interfaces_s.ep.rosidl_typesupport_c.c.o[0m
[2.854s] [ 92%] [32mBuilding C object CMakeFiles/scanner_interfaces__rosidl_typesupport_introspection_c__pyext.dir/rosidl_generator_py/scanner_interfaces/_scanner_interfaces_s.ep.rosidl_typesupport_introspection_c.c.o[0m
[2.934s] [ 94%] [32m[1mLinking C shared library rosidl_generator_py/scanner_interfaces/scanner_interfaces_s__rosidl_typesupport_c.cpython-310-x86_64-linux-gnu.so[0m
[2.935s] [ 97%] [32m[1mLinking C shared library rosidl_generator_py/scanner_interfaces/scanner_interfaces_s__rosidl_typesupport_introspection_c.cpython-310-x86_64-linux-gnu.so[0m
[2.939s] [100%] [32m[1mLinking C shared library rosidl_generator_py/scanner_interfaces/scanner_interfaces_s__rosidl_typesupport_fastrtps_c.cpython-310-x86_64-linux-gnu.so[0m
[2.961s] [100%] Built target scanner_interfaces__rosidl_typesupport_c__pyext
[2.962s] [100%] Built target scanner_interfaces__rosidl_typesupport_introspection_c__pyext
[2.966s] [100%] Built target scanner_interfaces__rosidl_typesupport_fastrtps_c__pyext
[2.975s] Invoked command in '/home/ALEX/3dev/ros/build/scanner_interfaces' returned '0': CMAKE_PREFIX_PATH=${CMAKE_PREFIX_PATH}:/home/ALEX/3dev/ros/install/test_py_pkg:/home/ALEX/3dev/ros/install/scanner:/opt/ros/humble /usr/bin/cmake --build /home/ALEX/3dev/ros/build/scanner_interfaces -- -j12 -l12
[3.035s] Invoking command in '/home/ALEX/3dev/ros/build/scanner_interfaces': CMAKE_PREFIX_PATH=${CMAKE_PREFIX_PATH}:/home/ALEX/3dev/ros/install/test_py_pkg:/home/ALEX/3dev/ros/install/scanner:/opt/ros/humble /usr/bin/cmake --install /home/ALEX/3dev/ros/build/scanner_interfaces
[3.042s] -- Install configuration: ""
[3.042s] -- Installing: /home/ALEX/3dev/ros/install/scanner_interfaces/share/ament_index/resource_index/rosidl_interfaces/scanner_interfaces
[3.043s] -- Up-to-date: /home/ALEX/3dev/ros/install/scanner_interfaces/include/scanner_interfaces/scanner_interfaces
[3.043s] -- Up-to-date: /home/ALEX/3dev/ros/install/scanner_interfaces/include/scanner_interfaces/scanner_interfaces/msg
[3.043s] -- Up-to-date: /home/ALEX/3dev/ros/install/scanner_interfaces/include/scanner_interfaces/scanner_interfaces/msg/camera_xy.h
[3.043s] -- Up-to-date: /home/ALEX/3dev/ros/install/scanner_interfaces/include/scanner_interfaces/scanner_interfaces/msg/rosidl_generator_c__visibility_control.h
[3.043s] -- Installing: /home/ALEX/3dev/ros/install/scanner_interfaces/include/scanner_interfaces/scanner_interfaces/msg/object.h
[3.043s] -- Up-to-date: /home/ALEX/3dev/ros/install/scanner_interfaces/include/scanner_interfaces/scanner_interfaces/msg/detail
[3.043s] -- Installing: /home/ALEX/3dev/ros/install/scanner_interfaces/include/scanner_interfaces/scanner_interfaces/msg/detail/tracks__functions.c
[3.044s] -- Installing: /home/ALEX/3dev/ros/install/scanner_interfaces/include/scanner_interfaces/scanner_interfaces/msg/detail/object__type_support.h
[3.044s] -- Installing: /home/ALEX/3dev/ros/install/scanner_interfaces/include/scanner_interfaces/scanner_interfaces/msg/detail/object__functions.h
[3.044s] -- Up-to-date: /home/ALEX/3dev/ros/install/scanner_interfaces/include/scanner_interfaces/scanner_interfaces/msg/detail/camera_xy__struct.h
[3.044s] -- Up-to-date: /home/ALEX/3dev/ros/install/scanner_interfaces/include/scanner_interfaces/scanner_interfaces/msg/detail/camera_xy__functions.h
[3.044s] -- Installing: /home/ALEX/3dev/ros/install/scanner_interfaces/include/scanner_interfaces/scanner_interfaces/msg/detail/tracks__type_support.h
[3.044s] -- Up-to-date: /home/ALEX/3dev/ros/install/scanner_interfaces/include/scanner_interfaces/scanner_interfaces/msg/detail/camera_xy__type_support.h
[3.044s] -- Installing: /home/ALEX/3dev/ros/install/scanner_interfaces/include/scanner_interfaces/scanner_interfaces/msg/detail/object__functions.c
[3.044s] -- Installing: /home/ALEX/3dev/ros/install/scanner_interfaces/include/scanner_interfaces/scanner_interfaces/msg/detail/tracks__struct.h
[3.044s] -- Installing: /home/ALEX/3dev/ros/install/scanner_interfaces/include/scanner_interfaces/scanner_interfaces/msg/detail/object__struct.h
[3.044s] -- Up-to-date: /home/ALEX/3dev/ros/install/scanner_interfaces/include/scanner_interfaces/scanner_interfaces/msg/detail/camera_xy__functions.c
[3.044s] -- Installing: /home/ALEX/3dev/ros/install/scanner_interfaces/include/scanner_interfaces/scanner_interfaces/msg/detail/tracks__functions.h
[3.045s] -- Installing: /home/ALEX/3dev/ros/install/scanner_interfaces/include/scanner_interfaces/scanner_interfaces/msg/tracks.h
[3.045s] -- Up-to-date: /home/ALEX/3dev/ros/install/scanner_interfaces/share/scanner_interfaces/environment/library_path.sh
[3.045s] -- Installing: /home/ALEX/3dev/ros/install/scanner_interfaces/share/scanner_interfaces/environment/library_path.dsv
[3.045s] -- Installing: /home/ALEX/3dev/ros/install/scanner_interfaces/lib/libscanner_interfaces__rosidl_generator_c.so
[3.045s] -- Set runtime path of "/home/ALEX/3dev/ros/install/scanner_interfaces/lib/libscanner_interfaces__rosidl_generator_c.so" to ""
[3.045s] -- Up-to-date: /home/ALEX/3dev/ros/install/scanner_interfaces/include/scanner_interfaces/scanner_interfaces
[3.045s] -- Up-to-date: /home/ALEX/3dev/ros/install/scanner_interfaces/include/scanner_interfaces/scanner_interfaces/msg
[3.046s] -- Up-to-date: /home/ALEX/3dev/ros/install/scanner_interfaces/include/scanner_interfaces/scanner_interfaces/msg/rosidl_typesupport_fastrtps_c__visibility_control.h
[3.046s] -- Up-to-date: /home/ALEX/3dev/ros/install/scanner_interfaces/include/scanner_interfaces/scanner_interfaces/msg/detail
[3.046s] -- Installing: /home/ALEX/3dev/ros/install/scanner_interfaces/include/scanner_interfaces/scanner_interfaces/msg/detail/tracks__rosidl_typesupport_fastrtps_c.h
[3.046s] -- Up-to-date: /home/ALEX/3dev/ros/install/scanner_interfaces/include/scanner_interfaces/scanner_interfaces/msg/detail/camera_xy__rosidl_typesupport_fastrtps_c.h
[3.046s] -- Installing: /home/ALEX/3dev/ros/install/scanner_interfaces/include/scanner_interfaces/scanner_interfaces/msg/detail/object__rosidl_typesupport_fastrtps_c.h
[3.046s] -- Installing: /home/ALEX/3dev/ros/install/scanner_interfaces/lib/libscanner_interfaces__rosidl_typesupport_fastrtps_c.so
[3.047s] -- Set runtime path of "/home/ALEX/3dev/ros/install/scanner_interfaces/lib/libscanner_interfaces__rosidl_typesupport_fastrtps_c.so" to ""
[3.047s] -- Up-to-date: /home/ALEX/3dev/ros/install/scanner_interfaces/include/scanner_interfaces/scanner_interfaces
[3.047s] -- Up-to-date: /home/ALEX/3dev/ros/install/scanner_interfaces/include/scanner_interfaces/scanner_interfaces/msg
[3.047s] -- Up-to-date: /home/ALEX/3dev/ros/install/scanner_interfaces/include/scanner_interfaces/scanner_interfaces/msg/rosidl_typesupport_introspection_c__visibility_control.h
[3.047s] -- Up-to-date: /home/ALEX/3dev/ros/install/scanner_interfaces/include/scanner_interfaces/scanner_interfaces/msg/detail
[3.047s] -- Installing: /home/ALEX/3dev/ros/install/scanner_interfaces/include/scanner_interfaces/scanner_interfaces/msg/detail/object__type_support.c
[3.047s] -- Up-to-date: /home/ALEX/3dev/ros/install/scanner_interfaces/include/scanner_interfaces/scanner_interfaces/msg/detail/camera_xy__rosidl_typesupport_introspection_c.h
[3.047s] -- Installing: /home/ALEX/3dev/ros/install/scanner_interfaces/include/scanner_interfaces/scanner_interfaces/msg/detail/tracks__rosidl_typesupport_introspection_c.h
[3.047s] -- Installing: /home/ALEX/3dev/ros/install/scanner_interfaces/include/scanner_interfaces/scanner_interfaces/msg/detail/tracks__type_support.c
[3.047s] -- Installing: /home/ALEX/3dev/ros/install/scanner_interfaces/include/scanner_interfaces/scanner_interfaces/msg/detail/object__rosidl_typesupport_introspection_c.h
[3.048s] -- Up-to-date: /home/ALEX/3dev/ros/install/scanner_interfaces/include/scanner_interfaces/scanner_interfaces/msg/detail/camera_xy__type_support.c
[3.048s] -- Installing: /home/ALEX/3dev/ros/install/scanner_interfaces/lib/libscanner_interfaces__rosidl_typesupport_introspection_c.so
[3.048s] -- Set runtime path of "/home/ALEX/3dev/ros/install/scanner_interfaces/lib/libscanner_interfaces__rosidl_typesupport_introspection_c.so" to ""
[3.049s] -- Installing: /home/ALEX/3dev/ros/install/scanner_interfaces/lib/libscanner_interfaces__rosidl_typesupport_c.so
[3.049s] -- Set runtime path of "/home/ALEX/3dev/ros/install/scanner_interfaces/lib/libscanner_interfaces__rosidl_typesupport_c.so" to ""
[3.049s] -- Up-to-date: /home/ALEX/3dev/ros/install/scanner_interfaces/include/scanner_interfaces/scanner_interfaces
[3.049s] -- Up-to-date: /home/ALEX/3dev/ros/install/scanner_interfaces/include/scanner_interfaces/scanner_interfaces/msg
[3.049s] -- Installing: /home/ALEX/3dev/ros/install/scanner_interfaces/include/scanner_interfaces/scanner_interfaces/msg/object.hpp
[3.049s] -- Installing: /home/ALEX/3dev/ros/install/scanner_interfaces/include/scanner_interfaces/scanner_interfaces/msg/tracks.hpp
[3.049s] -- Up-to-date: /home/ALEX/3dev/ros/install/scanner_interfaces/include/scanner_interfaces/scanner_interfaces/msg/camera_xy.hpp
[3.050s] -- Up-to-date: /home/ALEX/3dev/ros/install/scanner_interfaces/include/scanner_interfaces/scanner_interfaces/msg/detail
[3.050s] -- Installing: /home/ALEX/3dev/ros/install/scanner_interfaces/include/scanner_interfaces/scanner_interfaces/msg/detail/tracks__builder.hpp
[3.050s] -- Up-to-date: /home/ALEX/3dev/ros/install/scanner_interfaces/include/scanner_interfaces/scanner_interfaces/msg/detail/camera_xy__builder.hpp
[3.050s] -- Installing: /home/ALEX/3dev/ros/install/scanner_interfaces/include/scanner_interfaces/scanner_interfaces/msg/detail/tracks__struct.hpp
[3.050s] -- Installing: /home/ALEX/3dev/ros/install/scanner_interfaces/include/scanner_interfaces/scanner_interfaces/msg/detail/object__builder.hpp
[3.050s] -- Up-to-date: /home/ALEX/3dev/ros/install/scanner_interfaces/include/scanner_interfaces/scanner_interfaces/msg/detail/camera_xy__traits.hpp
[3.050s] -- Installing: /home/ALEX/3dev/ros/install/scanner_interfaces/include/scanner_interfaces/scanner_interfaces/msg/detail/object__traits.hpp
[3.050s] -- Installing: /home/ALEX/3dev/ros/install/scanner_interfaces/include/scanner_interfaces/scanner_interfaces/msg/detail/tracks__traits.hpp
[3.050s] -- Up-to-date: /home/ALEX/3dev/ros/install/scanner_interfaces/include/scanner_interfaces/scanner_interfaces/msg/detail/camera_xy__struct.hpp
[3.050s] -- Installing: /home/ALEX/3dev/ros/install/scanner_interfaces/include/scanner_interfaces/scanner_interfaces/msg/detail/object__struct.hpp
[3.051s] -- Up-to-date: /home/ALEX/3dev/ros/install/scanner_interfaces/include/scanner_interfaces/scanner_interfaces
[3.051s] -- Up-to-date: /home/ALEX/3dev/ros/install/scanner_interfaces/include/scanner_interfaces/scanner_interfaces/msg
[3.051s] -- Up-to-date: /home/ALEX/3dev/ros/install/scanner_interfaces/include/scanner_interfaces/scanner_interfaces/msg/rosidl_typesupport_fastrtps_cpp__visibility_control.h
[3.051s] -- Up-to-date: /home/ALEX/3dev/ros/install/scanner_interfaces/include/scanner_interfaces/scanner_interfaces/msg/detail
[3.051s] -- Installing: /home/ALEX/3dev/ros/install/scanner_interfaces/include/scanner_interfaces/scanner_interfaces/msg/detail/tracks__rosidl_typesupport_fastrtps_cpp.hpp
[3.051s] -- Up-to-date: /home/ALEX/3dev/ros/install/scanner_interfaces/include/scanner_interfaces/scanner_interfaces/msg/detail/camera_xy__rosidl_typesupport_fastrtps_cpp.hpp
[3.051s] -- Installing: /home/ALEX/3dev/ros/install/scanner_interfaces/include/scanner_interfaces/scanner_interfaces/msg/detail/object__rosidl_typesupport_fastrtps_cpp.hpp
[3.051s] -- Up-to-date: /home/ALEX/3dev/ros/install/scanner_interfaces/include/scanner_interfaces/scanner_interfaces/msg/detail/dds_fastrtps
[3.051s] -- Installing: /home/ALEX/3dev/ros/install/scanner_interfaces/lib/libscanner_interfaces__rosidl_typesupport_fastrtps_cpp.so
[3.052s] -- Set runtime path of "/home/ALEX/3dev/ros/install/scanner_interfaces/lib/libscanner_interfaces__rosidl_typesupport_fastrtps_cpp.so" to ""
[3.052s] -- Up-to-date: /home/ALEX/3dev/ros/install/scanner_interfaces/include/scanner_interfaces/scanner_interfaces
[3.052s] -- Up-to-date: /home/ALEX/3dev/ros/install/scanner_interfaces/include/scanner_interfaces/scanner_interfaces/msg
[3.052s] -- Up-to-date: /home/ALEX/3dev/ros/install/scanner_interfaces/include/scanner_interfaces/scanner_interfaces/msg/detail
[3.052s] -- Installing: /home/ALEX/3dev/ros/install/scanner_interfaces/include/scanner_interfaces/scanner_interfaces/msg/detail/tracks__rosidl_typesupport_introspection_cpp.hpp
[3.052s] -- Installing: /home/ALEX/3dev/ros/install/scanner_interfaces/include/scanner_interfaces/scanner_interfaces/msg/detail/object__rosidl_typesupport_introspection_cpp.hpp
[3.053s] -- Up-to-date: /home/ALEX/3dev/ros/install/scanner_interfaces/include/scanner_interfaces/scanner_interfaces/msg/detail/camera_xy__rosidl_typesupport_introspection_cpp.hpp
[3.053s] -- Up-to-date: /home/ALEX/3dev/ros/install/scanner_interfaces/include/scanner_interfaces/scanner_interfaces/msg/detail/camera_xy__type_support.cpp
[3.053s] -- Installing: /home/ALEX/3dev/ros/install/scanner_interfaces/include/scanner_interfaces/scanner_interfaces/msg/detail/tracks__type_support.cpp
[3.053s] -- Installing: /home/ALEX/3dev/ros/install/scanner_interfaces/include/scanner_interfaces/scanner_interfaces/msg/detail/object__type_support.cpp
[3.053s] -- Installing: /home/ALEX/3dev/ros/install/scanner_interfaces/lib/libscanner_interfaces__rosidl_typesupport_introspection_cpp.so
[3.054s] -- Set runtime path of "/home/ALEX/3dev/ros/install/scanner_interfaces/lib/libscanner_interfaces__rosidl_typesupport_introspection_cpp.so" to ""
[3.054s] -- Installing: /home/ALEX/3dev/ros/install/scanner_interfaces/lib/libscanner_interfaces__rosidl_typesupport_cpp.so
[3.054s] -- Set runtime path of "/home/ALEX/3dev/ros/install/scanner_interfaces/lib/libscanner_interfaces__rosidl_typesupport_cpp.so" to ""
[3.054s] -- Up-to-date: /home/ALEX/3dev/ros/install/scanner_interfaces/share/scanner_interfaces/environment/pythonpath.sh
[3.054s] -- Installing: /home/ALEX/3dev/ros/install/scanner_interfaces/share/scanner_interfaces/environment/pythonpath.dsv
[3.055s] -- Up-to-date: /home/ALEX/3dev/ros/install/scanner_interfaces/local/lib/python3.10/dist-packages/scanner_interfaces-0.0.0-py3.10.egg-info
[3.055s] -- Installing: /home/ALEX/3dev/ros/install/scanner_interfaces/local/lib/python3.10/dist-packages/scanner_interfaces-0.0.0-py3.10.egg-info/PKG-INFO
[3.055s] -- Installing: /home/ALEX/3dev/ros/install/scanner_interfaces/local/lib/python3.10/dist-packages/scanner_interfaces-0.0.0-py3.10.egg-info/dependency_links.txt
[3.055s] -- Installing: /home/ALEX/3dev/ros/install/scanner_interfaces/local/lib/python3.10/dist-packages/scanner_interfaces-0.0.0-py3.10.egg-info/SOURCES.txt
[3.055s] -- Installing: /home/ALEX/3dev/ros/install/scanner_interfaces/local/lib/python3.10/dist-packages/scanner_interfaces-0.0.0-py3.10.egg-info/top_level.txt
[3.055s] -- Up-to-date: /home/ALEX/3dev/ros/install/scanner_interfaces/local/lib/python3.10/dist-packages/scanner_interfaces
[3.055s] -- Installing: /home/ALEX/3dev/ros/install/scanner_interfaces/local/lib/python3.10/dist-packages/scanner_interfaces/_scanner_interfaces_s.ep.rosidl_typesupport_introspection_c.c
[3.056s] -- Installing: /home/ALEX/3dev/ros/install/scanner_interfaces/local/lib/python3.10/dist-packages/scanner_interfaces/scanner_interfaces_s__rosidl_typesupport_c.cpython-310-x86_64-linux-gnu.so
[3.056s] -- Installing: /home/ALEX/3dev/ros/install/scanner_interfaces/local/lib/python3.10/dist-packages/scanner_interfaces/__init__.py
[3.056s] -- Installing: /home/ALEX/3dev/ros/install/scanner_interfaces/local/lib/python3.10/dist-packages/scanner_interfaces/libscanner_interfaces__rosidl_generator_py.so
[3.056s] -- Installing: /home/ALEX/3dev/ros/install/scanner_interfaces/local/lib/python3.10/dist-packages/scanner_interfaces/_scanner_interfaces_s.ep.rosidl_typesupport_c.c
[3.056s] -- Installing: /home/ALEX/3dev/ros/install/scanner_interfaces/local/lib/python3.10/dist-packages/scanner_interfaces/_scanner_interfaces_s.ep.rosidl_typesupport_fastrtps_c.c
[3.057s] -- Up-to-date: /home/ALEX/3dev/ros/install/scanner_interfaces/local/lib/python3.10/dist-packages/scanner_interfaces/msg
[3.057s] -- Up-to-date: /home/ALEX/3dev/ros/install/scanner_interfaces/local/lib/python3.10/dist-packages/scanner_interfaces/msg/_camera_xy_s.c
[3.057s] -- Up-to-date: /home/ALEX/3dev/ros/install/scanner_interfaces/local/lib/python3.10/dist-packages/scanner_interfaces/msg/_camera_xy.py
[3.057s] -- Installing: /home/ALEX/3dev/ros/install/scanner_interfaces/local/lib/python3.10/dist-packages/scanner_interfaces/msg/__init__.py
[3.057s] -- Installing: /home/ALEX/3dev/ros/install/scanner_interfaces/local/lib/python3.10/dist-packages/scanner_interfaces/msg/_tracks.py
[3.057s] -- Installing: /home/ALEX/3dev/ros/install/scanner_interfaces/local/lib/python3.10/dist-packages/scanner_interfaces/msg/_tracks_s.c
[3.057s] -- Installing: /home/ALEX/3dev/ros/install/scanner_interfaces/local/lib/python3.10/dist-packages/scanner_interfaces/msg/_object.py
[3.057s] -- Installing: /home/ALEX/3dev/ros/install/scanner_interfaces/local/lib/python3.10/dist-packages/scanner_interfaces/msg/_object_s.c
[3.057s] -- Installing: /home/ALEX/3dev/ros/install/scanner_interfaces/local/lib/python3.10/dist-packages/scanner_interfaces/scanner_interfaces_s__rosidl_typesupport_fastrtps_c.cpython-310-x86_64-linux-gnu.so
[3.058s] -- Installing: /home/ALEX/3dev/ros/install/scanner_interfaces/local/lib/python3.10/dist-packages/scanner_interfaces/scanner_interfaces_s__rosidl_typesupport_introspection_c.cpython-310-x86_64-linux-gnu.so
[3.089s] Listing '/home/ALEX/3dev/ros/install/scanner_interfaces/local/lib/python3.10/dist-packages/scanner_interfaces'...
[3.089s] Compiling '/home/ALEX/3dev/ros/install/scanner_interfaces/local/lib/python3.10/dist-packages/scanner_interfaces/__init__.py'...
[3.089s] Listing '/home/ALEX/3dev/ros/install/scanner_interfaces/local/lib/python3.10/dist-packages/scanner_interfaces/msg'...
[3.089s] Compiling '/home/ALEX/3dev/ros/install/scanner_interfaces/local/lib/python3.10/dist-packages/scanner_interfaces/msg/__init__.py'...
[3.089s] Compiling '/home/ALEX/3dev/ros/install/scanner_interfaces/local/lib/python3.10/dist-packages/scanner_interfaces/msg/_object.py'...
[3.090s] Compiling '/home/ALEX/3dev/ros/install/scanner_interfaces/local/lib/python3.10/dist-packages/scanner_interfaces/msg/_tracks.py'...
[3.093s] -- Installing: /home/ALEX/3dev/ros/install/scanner_interfaces/local/lib/python3.10/dist-packages/scanner_interfaces/scanner_interfaces_s__rosidl_typesupport_fastrtps_c.cpython-310-x86_64-linux-gnu.so
[3.093s] -- Set runtime path of "/home/ALEX/3dev/ros/install/scanner_interfaces/local/lib/python3.10/dist-packages/scanner_interfaces/scanner_interfaces_s__rosidl_typesupport_fastrtps_c.cpython-310-x86_64-linux-gnu.so" to ""
[3.093s] -- Installing: /home/ALEX/3dev/ros/install/scanner_interfaces/local/lib/python3.10/dist-packages/scanner_interfaces/scanner_interfaces_s__rosidl_typesupport_introspection_c.cpython-310-x86_64-linux-gnu.so
[3.093s] -- Set runtime path of "/home/ALEX/3dev/ros/install/scanner_interfaces/local/lib/python3.10/dist-packages/scanner_interfaces/scanner_interfaces_s__rosidl_typesupport_introspection_c.cpython-310-x86_64-linux-gnu.so" to ""
[3.093s] -- Installing: /home/ALEX/3dev/ros/install/scanner_interfaces/local/lib/python3.10/dist-packages/scanner_interfaces/scanner_interfaces_s__rosidl_typesupport_c.cpython-310-x86_64-linux-gnu.so
[3.094s] -- Set runtime path of "/home/ALEX/3dev/ros/install/scanner_interfaces/local/lib/python3.10/dist-packages/scanner_interfaces/scanner_interfaces_s__rosidl_typesupport_c.cpython-310-x86_64-linux-gnu.so" to ""
[3.094s] -- Installing: /home/ALEX/3dev/ros/install/scanner_interfaces/lib/libscanner_interfaces__rosidl_generator_py.so
[3.094s] -- Set runtime path of "/home/ALEX/3dev/ros/install/scanner_interfaces/lib/libscanner_interfaces__rosidl_generator_py.so" to ""
[3.094s] -- Installing: /home/ALEX/3dev/ros/install/scanner_interfaces/share/scanner_interfaces/msg/Object.idl
[3.095s] -- Installing: /home/ALEX/3dev/ros/install/scanner_interfaces/share/scanner_interfaces/msg/Tracks.idl
[3.095s] -- Installing: /home/ALEX/3dev/ros/install/scanner_interfaces/share/scanner_interfaces/msg/Object.msg
[3.095s] -- Installing: /home/ALEX/3dev/ros/install/scanner_interfaces/share/scanner_interfaces/msg/Tracks.msg
[3.095s] -- Up-to-date: /home/ALEX/3dev/ros/install/scanner_interfaces/share/ament_index/resource_index/package_run_dependencies/scanner_interfaces
[3.095s] -- Installing: /home/ALEX/3dev/ros/install/scanner_interfaces/share/ament_index/resource_index/parent_prefix_path/scanner_interfaces
[3.095s] -- Up-to-date: /home/ALEX/3dev/ros/install/scanner_interfaces/share/scanner_interfaces/environment/ament_prefix_path.sh
[3.095s] -- Installing: /home/ALEX/3dev/ros/install/scanner_interfaces/share/scanner_interfaces/environment/ament_prefix_path.dsv
[3.095s] -- Up-to-date: /home/ALEX/3dev/ros/install/scanner_interfaces/share/scanner_interfaces/environment/path.sh
[3.095s] -- Installing: /home/ALEX/3dev/ros/install/scanner_interfaces/share/scanner_interfaces/environment/path.dsv
[3.096s] -- Up-to-date: /home/ALEX/3dev/ros/install/scanner_interfaces/share/scanner_interfaces/local_setup.bash
[3.096s] -- Up-to-date: /home/ALEX/3dev/ros/install/scanner_interfaces/share/scanner_interfaces/local_setup.sh
[3.096s] -- Up-to-date: /home/ALEX/3dev/ros/install/scanner_interfaces/share/scanner_interfaces/local_setup.zsh
[3.096s] -- Installing: /home/ALEX/3dev/ros/install/scanner_interfaces/share/scanner_interfaces/local_setup.dsv
[3.096s] -- Installing: /home/ALEX/3dev/ros/install/scanner_interfaces/share/scanner_interfaces/package.dsv
[3.096s] -- Up-to-date: /home/ALEX/3dev/ros/install/scanner_interfaces/share/ament_index/resource_index/packages/scanner_interfaces
[3.096s] -- Up-to-date: /home/ALEX/3dev/ros/install/scanner_interfaces/share/scanner_interfaces/cmake/export_scanner_interfaces__rosidl_generator_cExport.cmake
[3.096s] -- Up-to-date: /home/ALEX/3dev/ros/install/scanner_interfaces/share/scanner_interfaces/cmake/export_scanner_interfaces__rosidl_generator_cExport-noconfig.cmake
[3.096s] -- Up-to-date: /home/ALEX/3dev/ros/install/scanner_interfaces/share/scanner_interfaces/cmake/export_scanner_interfaces__rosidl_typesupport_fastrtps_cExport.cmake
[3.097s] -- Up-to-date: /home/ALEX/3dev/ros/install/scanner_interfaces/share/scanner_interfaces/cmake/export_scanner_interfaces__rosidl_typesupport_fastrtps_cExport-noconfig.cmake
[3.097s] -- Up-to-date: /home/ALEX/3dev/ros/install/scanner_interfaces/share/scanner_interfaces/cmake/scanner_interfaces__rosidl_typesupport_introspection_cExport.cmake
[3.097s] -- Up-to-date: /home/ALEX/3dev/ros/install/scanner_interfaces/share/scanner_interfaces/cmake/scanner_interfaces__rosidl_typesupport_introspection_cExport-noconfig.cmake
[3.097s] -- Up-to-date: /home/ALEX/3dev/ros/install/scanner_interfaces/share/scanner_interfaces/cmake/scanner_interfaces__rosidl_typesupport_cExport.cmake
[3.097s] -- Up-to-date: /home/ALEX/3dev/ros/install/scanner_interfaces/share/scanner_interfaces/cmake/scanner_interfaces__rosidl_typesupport_cExport-noconfig.cmake
[3.097s] -- Up-to-date: /home/ALEX/3dev/ros/install/scanner_interfaces/share/scanner_interfaces/cmake/export_scanner_interfaces__rosidl_generator_cppExport.cmake
[3.097s] -- Up-to-date: /home/ALEX/3dev/ros/install/scanner_interfaces/share/scanner_interfaces/cmake/export_scanner_interfaces__rosidl_typesupport_fastrtps_cppExport.cmake
[3.098s] -- Up-to-date: /home/ALEX/3dev/ros/install/scanner_interfaces/share/scanner_interfaces/cmake/export_scanner_interfaces__rosidl_typesupport_fastrtps_cppExport-noconfig.cmake
[3.098s] -- Up-to-date: /home/ALEX/3dev/ros/install/scanner_interfaces/share/scanner_interfaces/cmake/scanner_interfaces__rosidl_typesupport_introspection_cppExport.cmake
[3.098s] -- Up-to-date: /home/ALEX/3dev/ros/install/scanner_interfaces/share/scanner_interfaces/cmake/scanner_interfaces__rosidl_typesupport_introspection_cppExport-noconfig.cmake
[3.098s] -- Up-to-date: /home/ALEX/3dev/ros/install/scanner_interfaces/share/scanner_interfaces/cmake/scanner_interfaces__rosidl_typesupport_cppExport.cmake
[3.098s] -- Up-to-date: /home/ALEX/3dev/ros/install/scanner_interfaces/share/scanner_interfaces/cmake/scanner_interfaces__rosidl_typesupport_cppExport-noconfig.cmake
[3.098s] -- Up-to-date: /home/ALEX/3dev/ros/install/scanner_interfaces/share/scanner_interfaces/cmake/export_scanner_interfaces__rosidl_generator_pyExport.cmake
[3.098s] -- Up-to-date: /home/ALEX/3dev/ros/install/scanner_interfaces/share/scanner_interfaces/cmake/export_scanner_interfaces__rosidl_generator_pyExport-noconfig.cmake
[3.099s] -- Installing: /home/ALEX/3dev/ros/install/scanner_interfaces/share/scanner_interfaces/cmake/rosidl_cmake-extras.cmake
[3.099s] -- Up-to-date: /home/ALEX/3dev/ros/install/scanner_interfaces/share/scanner_interfaces/cmake/ament_cmake_export_include_directories-extras.cmake
[3.099s] -- Up-to-date: /home/ALEX/3dev/ros/install/scanner_interfaces/share/scanner_interfaces/cmake/ament_cmake_export_libraries-extras.cmake
[3.099s] -- Up-to-date: /home/ALEX/3dev/ros/install/scanner_interfaces/share/scanner_interfaces/cmake/ament_cmake_export_targets-extras.cmake
[3.099s] -- Up-to-date: /home/ALEX/3dev/ros/install/scanner_interfaces/share/scanner_interfaces/cmake/rosidl_cmake_export_typesupport_targets-extras.cmake
[3.099s] -- Up-to-date: /home/ALEX/3dev/ros/install/scanner_interfaces/share/scanner_interfaces/cmake/ament_cmake_export_dependencies-extras.cmake
[3.099s] -- Up-to-date: /home/ALEX/3dev/ros/install/scanner_interfaces/share/scanner_interfaces/cmake/rosidl_cmake_export_typesupport_libraries-extras.cmake
[3.099s] -- Up-to-date: /home/ALEX/3dev/ros/install/scanner_interfaces/share/scanner_interfaces/cmake/scanner_interfacesConfig.cmake
[3.099s] -- Up-to-date: /home/ALEX/3dev/ros/install/scanner_interfaces/share/scanner_interfaces/cmake/scanner_interfacesConfig-version.cmake
[3.099s] -- Up-to-date: /home/ALEX/3dev/ros/install/scanner_interfaces/share/scanner_interfaces/package.xml
[3.101s] Invoked command in '/home/ALEX/3dev/ros/build/scanner_interfaces' returned '0': CMAKE_PREFIX_PATH=${CMAKE_PREFIX_PATH}:/home/ALEX/3dev/ros/install/test_py_pkg:/home/ALEX/3dev/ros/install/scanner:/opt/ros/humble /usr/bin/cmake --install /home/ALEX/3dev/ros/build/scanner_interfaces
