running develop
Removing /home/ALEX/anytrack/ros/install/anytrack/lib/python3.10/site-packages/anytrack.egg-link (link to .)
running egg_info
writing ../../build/anytrack/anytrack.egg-info/PKG-INFO
writing dependency_links to ../../build/anytrack/anytrack.egg-info/dependency_links.txt
writing entry points to ../../build/anytrack/anytrack.egg-info/entry_points.txt
writing requirements to ../../build/anytrack/anytrack.egg-info/requires.txt
writing top-level names to ../../build/anytrack/anytrack.egg-info/top_level.txt
reading manifest file '../../build/anytrack/anytrack.egg-info/SOURCES.txt'
writing manifest file '../../build/anytrack/anytrack.egg-info/SOURCES.txt'
running build
running build_py
running install
running install_lib
creating /home/ALEX/anytrack/ros/install/anytrack/lib/python3.10/site-packages/anytrack
copying /home/ALEX/anytrack/ros/build/anytrack/build/lib/anytrack/manager.py -> /home/ALEX/anytrack/ros/install/anytrack/lib/python3.10/site-packages/anytrack
copying /home/ALEX/anytrack/ros/build/anytrack/build/lib/anytrack/position_manager.py -> /home/ALEX/anytrack/ros/install/anytrack/lib/python3.10/site-packages/anytrack
copying /home/ALEX/anytrack/ros/build/anytrack/build/lib/anytrack/camera_detector.py -> /home/ALEX/anytrack/ros/install/anytrack/lib/python3.10/site-packages/anytrack
copying /home/ALEX/anytrack/ros/build/anytrack/build/lib/anytrack/camera_info.py -> /home/ALEX/anytrack/ros/install/anytrack/lib/python3.10/site-packages/anytrack
copying /home/ALEX/anytrack/ros/build/anytrack/build/lib/anytrack/camera_vector.py -> /home/ALEX/anytrack/ros/install/anytrack/lib/python3.10/site-packages/anytrack
copying /home/ALEX/anytrack/ros/build/anytrack/build/lib/anytrack/camera_driver.py -> /home/ALEX/anytrack/ros/install/anytrack/lib/python3.10/site-packages/anytrack
copying /home/ALEX/anytrack/ros/build/anytrack/build/lib/anytrack/__init__.py -> /home/ALEX/anytrack/ros/install/anytrack/lib/python3.10/site-packages/anytrack
byte-compiling /home/ALEX/anytrack/ros/install/anytrack/lib/python3.10/site-packages/anytrack/manager.py to manager.cpython-310.pyc
byte-compiling /home/ALEX/anytrack/ros/install/anytrack/lib/python3.10/site-packages/anytrack/position_manager.py to position_manager.cpython-310.pyc
byte-compiling /home/ALEX/anytrack/ros/install/anytrack/lib/python3.10/site-packages/anytrack/camera_detector.py to camera_detector.cpython-310.pyc
byte-compiling /home/ALEX/anytrack/ros/install/anytrack/lib/python3.10/site-packages/anytrack/camera_info.py to camera_info.cpython-310.pyc
byte-compiling /home/ALEX/anytrack/ros/install/anytrack/lib/python3.10/site-packages/anytrack/camera_vector.py to camera_vector.cpython-310.pyc
byte-compiling /home/ALEX/anytrack/ros/install/anytrack/lib/python3.10/site-packages/anytrack/camera_driver.py to camera_driver.cpython-310.pyc
byte-compiling /home/ALEX/anytrack/ros/install/anytrack/lib/python3.10/site-packages/anytrack/__init__.py to __init__.cpython-310.pyc
running install_data
running install_egg_info
Copying ../../build/anytrack/anytrack.egg-info to /home/ALEX/anytrack/ros/install/anytrack/lib/python3.10/site-packages/anytrack-0.0.0-py3.10.egg-info
running install_scripts
Installing camera_detector script to /home/ALEX/anytrack/ros/install/anytrack/lib/anytrack
Installing camera_driver script to /home/ALEX/anytrack/ros/install/anytrack/lib/anytrack
Installing camera_info script to /home/ALEX/anytrack/ros/install/anytrack/lib/anytrack
Installing camera_vector script to /home/ALEX/anytrack/ros/install/anytrack/lib/anytrack
Installing manager script to /home/ALEX/anytrack/ros/install/anytrack/lib/anytrack
Installing position_manager script to /home/ALEX/anytrack/ros/install/anytrack/lib/anytrack
writing list of installed files to '/home/ALEX/anytrack/ros/build/anytrack/install.log'
