[0.737s] Invoking command in '/home/ALEX/anytrack/ros/build/anytrack': PYTHONPATH=/home/ALEX/anytrack/ros/build/anytrack/prefix_override:/home/ALEX/anytrack/ros/install/anytrack/lib/python3.10/site-packages:${PYTHONPATH} /usr/bin/python3 setup.py develop --editable --build-directory /home/ALEX/anytrack/ros/build/anytrack/build --no-deps install_data
[1.043s] running develop
[1.211s] running egg_info
[1.211s] writing anytrack.egg-info/PKG-INFO
[1.211s] writing dependency_links to anytrack.egg-info/dependency_links.txt
[1.211s] writing entry points to anytrack.egg-info/entry_points.txt
[1.211s] writing requirements to anytrack.egg-info/requires.txt
[1.211s] writing top-level names to anytrack.egg-info/top_level.txt
[1.214s] reading manifest file 'anytrack.egg-info/SOURCES.txt'
[1.220s] writing manifest file 'anytrack.egg-info/SOURCES.txt'
[1.223s] running build_ext
[1.223s] Creating /home/ALEX/anytrack/ros/install/anytrack/lib/python3.10/site-packages/anytrack.egg-link (link to .)
[1.224s] Installing calibration script to /home/ALEX/anytrack/ros/install/anytrack/lib/anytrack
[1.224s] Installing camera_detector script to /home/ALEX/anytrack/ros/install/anytrack/lib/anytrack
[1.224s] Installing camera_driver script to /home/ALEX/anytrack/ros/install/anytrack/lib/anytrack
[1.224s] Installing camera_info script to /home/ALEX/anytrack/ros/install/anytrack/lib/anytrack
[1.225s] Installing camera_vector script to /home/ALEX/anytrack/ros/install/anytrack/lib/anytrack
[1.225s] Installing manager script to /home/ALEX/anytrack/ros/install/anytrack/lib/anytrack
[1.225s] Installing position_manager script to /home/ALEX/anytrack/ros/install/anytrack/lib/anytrack
[1.225s] Installing simulation_publisher script to /home/ALEX/anytrack/ros/install/anytrack/lib/anytrack
[1.225s] Installing test script to /home/ALEX/anytrack/ros/install/anytrack/lib/anytrack
[1.225s] 
[1.225s] Installed /home/ALEX/anytrack/ros/build/anytrack
[1.225s] running install_data
[1.263s] Invoked command in '/home/ALEX/anytrack/ros/build/anytrack' returned '0': PYTHONPATH=/home/ALEX/anytrack/ros/build/anytrack/prefix_override:/home/ALEX/anytrack/ros/install/anytrack/lib/python3.10/site-packages:${PYTHONPATH} /usr/bin/python3 setup.py develop --editable --build-directory /home/ALEX/anytrack/ros/build/anytrack/build --no-deps install_data
