[0.595s] Invoking command in '/home/ALEX/anytrack/ros/build/scanner': PYTHONPATH=/home/ALEX/anytrack/ros/install/scanner/lib/python3.10/site-packages:${PYTHONPATH} /usr/bin/python3 setup.py develop --prefix /home/ALEX/anytrack/ros/install/scanner --editable --build-directory /home/ALEX/anytrack/ros/build/scanner/build --no-deps install_data --install-dir /home/ALEX/anytrack/ros/install/scanner
[0.831s] running develop
[0.973s] running egg_info
[0.973s] writing scanner.egg-info/PKG-INFO
[0.973s] writing dependency_links to scanner.egg-info/dependency_links.txt
[0.973s] writing entry points to scanner.egg-info/entry_points.txt
[0.973s] writing requirements to scanner.egg-info/requires.txt
[0.973s] writing top-level names to scanner.egg-info/top_level.txt
[0.975s] reading manifest file 'scanner.egg-info/SOURCES.txt'
[0.982s] writing manifest file 'scanner.egg-info/SOURCES.txt'
[0.983s] running build_ext
[0.983s] Creating /home/ALEX/anytrack/ros/install/scanner/lib/python3.10/site-packages/scanner.egg-link (link to .)
[0.983s] Installing camera_info script to /home/ALEX/anytrack/ros/install/scanner/lib/scanner
[0.983s] Installing camera_position script to /home/ALEX/anytrack/ros/install/scanner/lib/scanner
[0.984s] Installing camera_tracker script to /home/ALEX/anytrack/ros/install/scanner/lib/scanner
[0.984s] Installing foxglove_camera script to /home/ALEX/anytrack/ros/install/scanner/lib/scanner
[0.984s] Installing scanner script to /home/ALEX/anytrack/ros/install/scanner/lib/scanner
[0.984s] Installing test script to /home/ALEX/anytrack/ros/install/scanner/lib/scanner
[0.984s] Installing visualisation_vector script to /home/ALEX/anytrack/ros/install/scanner/lib/scanner
[0.984s] 
[0.984s] Installed /home/ALEX/anytrack/ros/build/scanner
[0.984s] running install_data
[1.009s] Invoked command in '/home/ALEX/anytrack/ros/build/scanner' returned '0': PYTHONPATH=/home/ALEX/anytrack/ros/install/scanner/lib/python3.10/site-packages:${PYTHONPATH} /usr/bin/python3 setup.py develop --prefix /home/ALEX/anytrack/ros/install/scanner --editable --build-directory /home/ALEX/anytrack/ros/build/scanner/build --no-deps install_data --install-dir /home/ALEX/anytrack/ros/install/scanner
