running develop
running egg_info
creating scannerV2.egg-info
writing scannerV2.egg-info/PKG-INFO
writing dependency_links to scannerV2.egg-info/dependency_links.txt
writing entry points to scannerV2.egg-info/entry_points.txt
writing requirements to scannerV2.egg-info/requires.txt
writing top-level names to scannerV2.egg-info/top_level.txt
writing manifest file 'scannerV2.egg-info/SOURCES.txt'
reading manifest file 'scannerV2.egg-info/SOURCES.txt'
writing manifest file 'scannerV2.egg-info/SOURCES.txt'
running build_ext
Creating /home/ALEX/3dev/ros/install/scannerV2/lib/python3.10/site-packages/scannerV2.egg-link (link to .)
Installing scanner script to /home/ALEX/3dev/ros/install/scannerV2/lib/scannerV2

Installed /home/ALEX/3dev/ros/build/scannerV2
running install_data
creating /home/ALEX/3dev/ros/install/scannerV2/share/ament_index
creating /home/ALEX/3dev/ros/install/scannerV2/share/ament_index/resource_index
creating /home/ALEX/3dev/ros/install/scannerV2/share/ament_index/resource_index/packages
copying resource/scannerV2 -> /home/ALEX/3dev/ros/install/scannerV2/share/ament_index/resource_index/packages
copying package.xml -> /home/ALEX/3dev/ros/install/scannerV2/share/scannerV2
