[0.902s] Invoking command in '/home/ALEX/3dev/ros/build/scannerV2': PYTHONPATH=/home/ALEX/3dev/ros/install/scannerV2/lib/python3.10/site-packages:${PYTHONPATH} /usr/bin/python3 setup.py develop --prefix /home/ALEX/3dev/ros/install/scannerV2 --editable --build-directory /home/ALEX/3dev/ros/build/scannerV2/build --no-deps install_data --install-dir /home/ALEX/3dev/ros/install/scannerV2
[1.235s] running develop
[1.418s] running egg_info
[1.418s] creating scannerV2.egg-info
[1.419s] writing scannerV2.egg-info/PKG-INFO
[1.419s] writing dependency_links to scannerV2.egg-info/dependency_links.txt
[1.419s] writing entry points to scannerV2.egg-info/entry_points.txt
[1.419s] writing requirements to scannerV2.egg-info/requires.txt
[1.419s] writing top-level names to scannerV2.egg-info/top_level.txt
[1.420s] writing manifest file 'scannerV2.egg-info/SOURCES.txt'
[1.421s] reading manifest file 'scannerV2.egg-info/SOURCES.txt'
[1.422s] writing manifest file 'scannerV2.egg-info/SOURCES.txt'
[1.424s] running build_ext
[1.424s] Creating /home/ALEX/3dev/ros/install/scannerV2/lib/python3.10/site-packages/scannerV2.egg-link (link to .)
[1.425s] Installing scanner script to /home/ALEX/3dev/ros/install/scannerV2/lib/scannerV2
[1.425s] 
[1.425s] Installed /home/ALEX/3dev/ros/build/scannerV2
[1.426s] running install_data
[1.426s] creating /home/ALEX/3dev/ros/install/scannerV2/share/ament_index
[1.426s] creating /home/ALEX/3dev/ros/install/scannerV2/share/ament_index/resource_index
[1.426s] creating /home/ALEX/3dev/ros/install/scannerV2/share/ament_index/resource_index/packages
[1.426s] copying resource/scannerV2 -> /home/ALEX/3dev/ros/install/scannerV2/share/ament_index/resource_index/packages
[1.426s] copying package.xml -> /home/ALEX/3dev/ros/install/scannerV2/share/scannerV2
[1.501s] Invoked command in '/home/ALEX/3dev/ros/build/scannerV2' returned '0': PYTHONPATH=/home/ALEX/3dev/ros/install/scannerV2/lib/python3.10/site-packages:${PYTHONPATH} /usr/bin/python3 setup.py develop --prefix /home/ALEX/3dev/ros/install/scannerV2 --editable --build-directory /home/ALEX/3dev/ros/build/scannerV2/build --no-deps install_data --install-dir /home/ALEX/3dev/ros/install/scannerV2
