[0.770s] Invoking command in '/home/ALEX/3dev/ros/build/urdf_example': CMAKE_PREFIX_PATH=${CMAKE_PREFIX_PATH}:/home/ALEX/3dev/ros/install/test_py_pkg:/home/ALEX/3dev/ros/install/scannerV2:/home/ALEX/3dev/ros/install/scanner:/opt/ros/humble /usr/bin/cmake /home/ALEX/3dev/ros/src/urdf_example -DCMAKE_INSTALL_PREFIX=/home/ALEX/3dev/ros/install/urdf_example
[0.855s] -- The C compiler identification is GNU 11.3.0
[0.937s] -- The CXX compiler identification is GNU 11.3.0
[0.947s] -- Detecting C compiler ABI info
[1.018s] -- Detecting C compiler ABI info - done
[1.026s] -- Check for working C compiler: /usr/bin/cc - skipped
[1.027s] -- Detecting C compile features
[1.027s] -- Detecting C compile features - done
[1.030s] -- Detecting CXX compiler ABI info
[1.099s] -- Detecting CXX compiler ABI info - done
[1.111s] -- Check for working CXX compiler: /usr/bin/c++ - skipped
[1.111s] -- Detecting CXX compile features
[1.111s] -- Detecting CXX compile features - done
[1.115s] -- Found ament_cmake: 1.3.3 (/opt/ros/humble/share/ament_cmake/cmake)
[1.283s] -- Found Python3: /usr/bin/python3.10 (found version "3.10.6") found components: Interpreter 
[1.386s] -- Found ament_lint_auto: 0.12.5 (/opt/ros/humble/share/ament_lint_auto/cmake)
[1.476s] -- Added test 'copyright' to check source files copyright and LICENSE
[1.479s] -- Added test 'flake8' to check Python code syntax and style conventions
[1.480s] -- Added test 'lint_cmake' to check CMake code style
[1.481s] -- Added test 'pep257' to check Python code against some of the docstring style conventions in PEP 257
[1.483s] -- Added test 'xmllint' to check XML markup files
[1.485s] -- Configuring done
[1.489s] -- Generating done
[1.490s] -- Build files have been written to: /home/ALEX/3dev/ros/build/urdf_example
[1.493s] Invoked command in '/home/ALEX/3dev/ros/build/urdf_example' returned '0': CMAKE_PREFIX_PATH=${CMAKE_PREFIX_PATH}:/home/ALEX/3dev/ros/install/test_py_pkg:/home/ALEX/3dev/ros/install/scannerV2:/home/ALEX/3dev/ros/install/scanner:/opt/ros/humble /usr/bin/cmake /home/ALEX/3dev/ros/src/urdf_example -DCMAKE_INSTALL_PREFIX=/home/ALEX/3dev/ros/install/urdf_example
[1.495s] Invoking command in '/home/ALEX/3dev/ros/build/urdf_example': CMAKE_PREFIX_PATH=${CMAKE_PREFIX_PATH}:/home/ALEX/3dev/ros/install/test_py_pkg:/home/ALEX/3dev/ros/install/scannerV2:/home/ALEX/3dev/ros/install/scanner:/opt/ros/humble /usr/bin/cmake --build /home/ALEX/3dev/ros/build/urdf_example -- -j12 -l12
[1.526s] Invoked command in '/home/ALEX/3dev/ros/build/urdf_example' returned '0': CMAKE_PREFIX_PATH=${CMAKE_PREFIX_PATH}:/home/ALEX/3dev/ros/install/test_py_pkg:/home/ALEX/3dev/ros/install/scannerV2:/home/ALEX/3dev/ros/install/scanner:/opt/ros/humble /usr/bin/cmake --build /home/ALEX/3dev/ros/build/urdf_example -- -j12 -l12
[1.555s] Invoking command in '/home/ALEX/3dev/ros/build/urdf_example': CMAKE_PREFIX_PATH=${CMAKE_PREFIX_PATH}:/home/ALEX/3dev/ros/install/test_py_pkg:/home/ALEX/3dev/ros/install/scannerV2:/home/ALEX/3dev/ros/install/scanner:/opt/ros/humble /usr/bin/cmake --install /home/ALEX/3dev/ros/build/urdf_example
[1.562s] -- Install configuration: ""
[1.563s] -- Installing: /home/ALEX/3dev/ros/install/urdf_example/share/urdf_example/description
[1.564s] -- Installing: /home/ALEX/3dev/ros/install/urdf_example/share/urdf_example/description/example_include.xacro
[1.564s] -- Installing: /home/ALEX/3dev/ros/install/urdf_example/share/urdf_example/description/example_gazebo.xacro
[1.564s] -- Installing: /home/ALEX/3dev/ros/install/urdf_example/share/urdf_example/description/example_robot.urdf.xacro
[1.565s] -- Installing: /home/ALEX/3dev/ros/install/urdf_example/share/urdf_example/launch
[1.565s] -- Installing: /home/ALEX/3dev/ros/install/urdf_example/share/urdf_example/launch/rsp_sim.launch.py
[1.566s] -- Installing: /home/ALEX/3dev/ros/install/urdf_example/share/urdf_example/launch/rsp.launch.py
[1.566s] -- Installing: /home/ALEX/3dev/ros/install/urdf_example/share/urdf_example/worlds
[1.566s] -- Installing: /home/ALEX/3dev/ros/install/urdf_example/share/urdf_example/worlds/test_world.world
[1.566s] -- Installing: /home/ALEX/3dev/ros/install/urdf_example/share/ament_index/resource_index/package_run_dependencies/urdf_example
[1.566s] -- Installing: /home/ALEX/3dev/ros/install/urdf_example/share/ament_index/resource_index/parent_prefix_path/urdf_example
[1.566s] -- Installing: /home/ALEX/3dev/ros/install/urdf_example/share/urdf_example/environment/ament_prefix_path.sh
[1.566s] -- Installing: /home/ALEX/3dev/ros/install/urdf_example/share/urdf_example/environment/ament_prefix_path.dsv
[1.567s] -- Installing: /home/ALEX/3dev/ros/install/urdf_example/share/urdf_example/environment/path.sh
[1.567s] -- Installing: /home/ALEX/3dev/ros/install/urdf_example/share/urdf_example/environment/path.dsv
[1.567s] -- Installing: /home/ALEX/3dev/ros/install/urdf_example/share/urdf_example/local_setup.bash
[1.567s] -- Installing: /home/ALEX/3dev/ros/install/urdf_example/share/urdf_example/local_setup.sh
[1.567s] -- Installing: /home/ALEX/3dev/ros/install/urdf_example/share/urdf_example/local_setup.zsh
[1.567s] -- Installing: /home/ALEX/3dev/ros/install/urdf_example/share/urdf_example/local_setup.dsv
[1.567s] -- Installing: /home/ALEX/3dev/ros/install/urdf_example/share/urdf_example/package.dsv
[1.568s] -- Installing: /home/ALEX/3dev/ros/install/urdf_example/share/ament_index/resource_index/packages/urdf_example
[1.568s] -- Installing: /home/ALEX/3dev/ros/install/urdf_example/share/urdf_example/cmake/urdf_exampleConfig.cmake
[1.568s] -- Installing: /home/ALEX/3dev/ros/install/urdf_example/share/urdf_example/cmake/urdf_exampleConfig-version.cmake
[1.569s] -- Installing: /home/ALEX/3dev/ros/install/urdf_example/share/urdf_example/package.xml
[1.569s] Invoked command in '/home/ALEX/3dev/ros/build/urdf_example' returned '0': CMAKE_PREFIX_PATH=${CMAKE_PREFIX_PATH}:/home/ALEX/3dev/ros/install/test_py_pkg:/home/ALEX/3dev/ros/install/scannerV2:/home/ALEX/3dev/ros/install/scanner:/opt/ros/humble /usr/bin/cmake --install /home/ALEX/3dev/ros/build/urdf_example
