running egg_info
writing ../../build/scanner/scanner.egg-info/PKG-INFO
writing dependency_links to ../../build/scanner/scanner.egg-info/dependency_links.txt
writing entry points to ../../build/scanner/scanner.egg-info/entry_points.txt
writing requirements to ../../build/scanner/scanner.egg-info/requires.txt
writing top-level names to ../../build/scanner/scanner.egg-info/top_level.txt
reading manifest file '../../build/scanner/scanner.egg-info/SOURCES.txt'
writing manifest file '../../build/scanner/scanner.egg-info/SOURCES.txt'
running build
running build_py
running install
running install_lib
running install_data
running install_egg_info
removing '/home/ALEX/anytrack/ros/install/scanner/lib/python3.10/site-packages/scanner-0.0.0-py3.10.egg-info' (and everything under it)
Copying ../../build/scanner/scanner.egg-info to /home/ALEX/anytrack/ros/install/scanner/lib/python3.10/site-packages/scanner-0.0.0-py3.10.egg-info
running install_scripts
Installing calibrater script to /home/ALEX/anytrack/ros/install/scanner/lib/scanner
Installing camera_info script to /home/ALEX/anytrack/ros/install/scanner/lib/scanner
Installing camera_position script to /home/ALEX/anytrack/ros/install/scanner/lib/scanner
Installing camera_tracker script to /home/ALEX/anytrack/ros/install/scanner/lib/scanner
Installing foxglove_camera script to /home/ALEX/anytrack/ros/install/scanner/lib/scanner
Installing scanner script to /home/ALEX/anytrack/ros/install/scanner/lib/scanner
Installing test script to /home/ALEX/anytrack/ros/install/scanner/lib/scanner
Installing visualisation_vector script to /home/ALEX/anytrack/ros/install/scanner/lib/scanner
writing list of installed files to '/home/ALEX/anytrack/ros/build/scanner/install.log'
