[0.590s] Invoking command in '/home/ALEX/anytrack/ros/build/anytrack': PYTHONPATH=/home/ALEX/anytrack/ros/build/anytrack/prefix_override:/home/ALEX/anytrack/ros/install/anytrack/lib/python3.10/site-packages:${PYTHONPATH} /usr/bin/python3 setup.py develop --editable --build-directory /home/ALEX/anytrack/ros/build/anytrack/build --no-deps install_data
[0.840s] running develop
[0.993s] running egg_info
[0.993s] creating anytrack.egg-info
[0.993s] writing anytrack.egg-info/PKG-INFO
[0.993s] writing dependency_links to anytrack.egg-info/dependency_links.txt
[0.993s] writing entry points to anytrack.egg-info/entry_points.txt
[0.993s] writing requirements to anytrack.egg-info/requires.txt
[0.993s] writing top-level names to anytrack.egg-info/top_level.txt
[0.994s] writing manifest file 'anytrack.egg-info/SOURCES.txt'
[0.995s] reading manifest file 'anytrack.egg-info/SOURCES.txt'
[0.996s] writing manifest file 'anytrack.egg-info/SOURCES.txt'
[0.997s] running build_ext
[0.997s] Creating /home/ALEX/anytrack/ros/install/anytrack/lib/python3.10/site-packages/anytrack.egg-link (link to .)
[0.997s] Installing calibration script to /home/ALEX/anytrack/ros/install/anytrack/lib/anytrack
[0.998s] Installing camera_detector script to /home/ALEX/anytrack/ros/install/anytrack/lib/anytrack
[0.998s] Installing camera_driver script to /home/ALEX/anytrack/ros/install/anytrack/lib/anytrack
[0.998s] Installing camera_info script to /home/ALEX/anytrack/ros/install/anytrack/lib/anytrack
[0.998s] Installing camera_vector script to /home/ALEX/anytrack/ros/install/anytrack/lib/anytrack
[0.998s] Installing manager script to /home/ALEX/anytrack/ros/install/anytrack/lib/anytrack
[0.998s] Installing object_estimator script to /home/ALEX/anytrack/ros/install/anytrack/lib/anytrack
[0.998s] Installing pointcloud_publisher script to /home/ALEX/anytrack/ros/install/anytrack/lib/anytrack
[0.998s] Installing position_manager script to /home/ALEX/anytrack/ros/install/anytrack/lib/anytrack
[0.999s] Installing simulation_publisher script to /home/ALEX/anytrack/ros/install/anytrack/lib/anytrack
[0.999s] Installing test script to /home/ALEX/anytrack/ros/install/anytrack/lib/anytrack
[0.999s] 
[0.999s] Installed /home/ALEX/anytrack/ros/build/anytrack
[0.999s] running install_data
[0.999s] creating /home/ALEX/anytrack/ros/install/anytrack/share/ament_index
[0.999s] creating /home/ALEX/anytrack/ros/install/anytrack/share/ament_index/resource_index
[0.999s] creating /home/ALEX/anytrack/ros/install/anytrack/share/ament_index/resource_index/packages
[0.999s] copying resource/anytrack -> /home/ALEX/anytrack/ros/install/anytrack/share/ament_index/resource_index/packages
[0.999s] copying package.xml -> /home/ALEX/anytrack/ros/install/anytrack/share/anytrack
[1.026s] Invoked command in '/home/ALEX/anytrack/ros/build/anytrack' returned '0': PYTHONPATH=/home/ALEX/anytrack/ros/build/anytrack/prefix_override:/home/ALEX/anytrack/ros/install/anytrack/lib/python3.10/site-packages:${PYTHONPATH} /usr/bin/python3 setup.py develop --editable --build-directory /home/ALEX/anytrack/ros/build/anytrack/build --no-deps install_data
