-- Install configuration: ""
-- Execute custom install script
-- Up-to-date symlink: /home/ALEX/anytrack/ros/install/simulation/share/simulation/description/gazebo.xacro
-- Up-to-date symlink: /home/ALEX/anytrack/ros/install/simulation/share/simulation/description/include.xacro
-- Up-to-date symlink: /home/ALEX/anytrack/ros/install/simulation/share/simulation/description/simulation.urdf.xacro
-- Up-to-date symlink: /home/ALEX/anytrack/ros/install/simulation/share/simulation/launch/gazebo.launch.py
-- Symlinking: /home/ALEX/anytrack/ros/install/simulation/share/simulation/worlds/calibration.sdf
-- Symlinking: /home/ALEX/anytrack/ros/install/simulation/share/simulation/worlds/calibration_simulation.xml
-- Symlinking: /home/ALEX/anytrack/ros/install/simulation/share/simulation/worlds/calibration_world.world
-- Symlinking: /home/ALEX/anytrack/ros/install/simulation/share/simulation/worlds/gazebo_ros_camera_demo.world
-- Symlinking: /home/ALEX/anytrack/ros/install/simulation/share/simulation/worlds/test.world
-- Up-to-date symlink: /home/ALEX/anytrack/ros/install/simulation/share/ament_index/resource_index/package_run_dependencies/simulation
-- Up-to-date symlink: /home/ALEX/anytrack/ros/install/simulation/share/ament_index/resource_index/parent_prefix_path/simulation
-- Up-to-date symlink: /home/ALEX/anytrack/ros/install/simulation/share/simulation/environment/ament_prefix_path.sh
-- Up-to-date symlink: /home/ALEX/anytrack/ros/install/simulation/share/simulation/environment/ament_prefix_path.dsv
-- Up-to-date symlink: /home/ALEX/anytrack/ros/install/simulation/share/simulation/environment/path.sh
-- Up-to-date symlink: /home/ALEX/anytrack/ros/install/simulation/share/simulation/environment/path.dsv
-- Up-to-date symlink: /home/ALEX/anytrack/ros/install/simulation/share/simulation/local_setup.bash
-- Up-to-date symlink: /home/ALEX/anytrack/ros/install/simulation/share/simulation/local_setup.sh
-- Up-to-date symlink: /home/ALEX/anytrack/ros/install/simulation/share/simulation/local_setup.zsh
-- Up-to-date symlink: /home/ALEX/anytrack/ros/install/simulation/share/simulation/local_setup.dsv
-- Symlinking: /home/ALEX/anytrack/ros/install/simulation/share/simulation/package.dsv
-- Up-to-date symlink: /home/ALEX/anytrack/ros/install/simulation/share/ament_index/resource_index/packages/simulation
-- Up-to-date symlink: /home/ALEX/anytrack/ros/install/simulation/share/simulation/cmake/simulationConfig.cmake
-- Up-to-date symlink: /home/ALEX/anytrack/ros/install/simulation/share/simulation/cmake/simulationConfig-version.cmake
-- Up-to-date symlink: /home/ALEX/anytrack/ros/install/simulation/share/simulation/package.xml
