[0.014s] Invoking command in '/home/ALEX/anytrack/ros/build/simulation': CMAKE_PREFIX_PATH=${CMAKE_PREFIX_PATH}:/home/ALEX/anytrack/ros/install/test_py_pkg:/home/ALEX/anytrack/ros/install/scannerV2:/home/ALEX/anytrack/ros/install/scanner:/home/ALEX/anytrack/ros/install/anytrack:/opt/ros/humble /usr/bin/cmake --build /home/ALEX/anytrack/ros/build/simulation -- -j12 -l12
[0.045s] Invoked command in '/home/ALEX/anytrack/ros/build/simulation' returned '0': CMAKE_PREFIX_PATH=${CMAKE_PREFIX_PATH}:/home/ALEX/anytrack/ros/install/test_py_pkg:/home/ALEX/anytrack/ros/install/scannerV2:/home/ALEX/anytrack/ros/install/scanner:/home/ALEX/anytrack/ros/install/anytrack:/opt/ros/humble /usr/bin/cmake --build /home/ALEX/anytrack/ros/build/simulation -- -j12 -l12
[0.068s] Invoking command in '/home/ALEX/anytrack/ros/build/simulation': CMAKE_PREFIX_PATH=${CMAKE_PREFIX_PATH}:/home/ALEX/anytrack/ros/install/test_py_pkg:/home/ALEX/anytrack/ros/install/scannerV2:/home/ALEX/anytrack/ros/install/scanner:/home/ALEX/anytrack/ros/install/anytrack:/opt/ros/humble /usr/bin/cmake --install /home/ALEX/anytrack/ros/build/simulation
[0.074s] -- Install configuration: ""
[0.074s] -- Execute custom install script
[0.075s] -- Up-to-date symlink: /home/ALEX/anytrack/ros/install/simulation/share/simulation/description/gazebo.xacro
[0.075s] -- Up-to-date symlink: /home/ALEX/anytrack/ros/install/simulation/share/simulation/description/include.xacro
[0.075s] -- Up-to-date symlink: /home/ALEX/anytrack/ros/install/simulation/share/simulation/description/simulation.urdf.xacro
[0.075s] -- Up-to-date symlink: /home/ALEX/anytrack/ros/install/simulation/share/simulation/launch/gazebo.launch.py
[0.075s] -- Symlinking: /home/ALEX/anytrack/ros/install/simulation/share/simulation/worlds/calibration.sdf
[0.082s] -- Symlinking: /home/ALEX/anytrack/ros/install/simulation/share/simulation/worlds/calibration_simulation.xml
[0.089s] -- Symlinking: /home/ALEX/anytrack/ros/install/simulation/share/simulation/worlds/calibration_world.world
[0.096s] -- Symlinking: /home/ALEX/anytrack/ros/install/simulation/share/simulation/worlds/gazebo_ros_camera_demo.world
[0.102s] -- Symlinking: /home/ALEX/anytrack/ros/install/simulation/share/simulation/worlds/test.world
[0.110s] -- Up-to-date symlink: /home/ALEX/anytrack/ros/install/simulation/share/ament_index/resource_index/package_run_dependencies/simulation
[0.110s] -- Up-to-date symlink: /home/ALEX/anytrack/ros/install/simulation/share/ament_index/resource_index/parent_prefix_path/simulation
[0.110s] -- Up-to-date symlink: /home/ALEX/anytrack/ros/install/simulation/share/simulation/environment/ament_prefix_path.sh
[0.110s] -- Up-to-date symlink: /home/ALEX/anytrack/ros/install/simulation/share/simulation/environment/ament_prefix_path.dsv
[0.110s] -- Up-to-date symlink: /home/ALEX/anytrack/ros/install/simulation/share/simulation/environment/path.sh
[0.111s] -- Up-to-date symlink: /home/ALEX/anytrack/ros/install/simulation/share/simulation/environment/path.dsv
[0.111s] -- Up-to-date symlink: /home/ALEX/anytrack/ros/install/simulation/share/simulation/local_setup.bash
[0.111s] -- Up-to-date symlink: /home/ALEX/anytrack/ros/install/simulation/share/simulation/local_setup.sh
[0.111s] -- Up-to-date symlink: /home/ALEX/anytrack/ros/install/simulation/share/simulation/local_setup.zsh
[0.111s] -- Up-to-date symlink: /home/ALEX/anytrack/ros/install/simulation/share/simulation/local_setup.dsv
[0.111s] -- Symlinking: /home/ALEX/anytrack/ros/install/simulation/share/simulation/package.dsv
[0.119s] -- Up-to-date symlink: /home/ALEX/anytrack/ros/install/simulation/share/ament_index/resource_index/packages/simulation
[0.119s] -- Up-to-date symlink: /home/ALEX/anytrack/ros/install/simulation/share/simulation/cmake/simulationConfig.cmake
[0.119s] -- Up-to-date symlink: /home/ALEX/anytrack/ros/install/simulation/share/simulation/cmake/simulationConfig-version.cmake
[0.119s] -- Up-to-date symlink: /home/ALEX/anytrack/ros/install/simulation/share/simulation/package.xml
[0.121s] Invoked command in '/home/ALEX/anytrack/ros/build/simulation' returned '0': CMAKE_PREFIX_PATH=${CMAKE_PREFIX_PATH}:/home/ALEX/anytrack/ros/install/test_py_pkg:/home/ALEX/anytrack/ros/install/scannerV2:/home/ALEX/anytrack/ros/install/scanner:/home/ALEX/anytrack/ros/install/anytrack:/opt/ros/humble /usr/bin/cmake --install /home/ALEX/anytrack/ros/build/simulation
