[1.575s] Invoking command in '/home/ALEX/3dev/ros/build/scanner': PYTHONPATH=/home/ALEX/3dev/ros/install/scanner/lib/python3.10/site-packages:${PYTHONPATH} /usr/bin/python3 setup.py develop --prefix /home/ALEX/3dev/ros/install/scanner --editable --build-directory /home/ALEX/3dev/ros/build/scanner/build --no-deps install_data --install-dir /home/ALEX/3dev/ros/install/scanner
[2.197s] running develop
[2.485s] running egg_info
[2.485s] writing scanner.egg-info/PKG-INFO
[2.486s] writing dependency_links to scanner.egg-info/dependency_links.txt
[2.486s] writing entry points to scanner.egg-info/entry_points.txt
[2.486s] writing requirements to scanner.egg-info/requires.txt
[2.486s] writing top-level names to scanner.egg-info/top_level.txt
[2.492s] reading manifest file 'scanner.egg-info/SOURCES.txt'
[2.504s] writing manifest file 'scanner.egg-info/SOURCES.txt'
[2.507s] running build_ext
[2.507s] Creating /home/ALEX/3dev/ros/install/scanner/lib/python3.10/site-packages/scanner.egg-link (link to .)
[2.508s] Installing camera_info script to /home/ALEX/3dev/ros/install/scanner/lib/scanner
[2.509s] Installing camera_position script to /home/ALEX/3dev/ros/install/scanner/lib/scanner
[2.509s] Installing camera_tracker script to /home/ALEX/3dev/ros/install/scanner/lib/scanner
[2.511s] Installing camera_vector script to /home/ALEX/3dev/ros/install/scanner/lib/scanner
[2.512s] Installing foxglove_camera script to /home/ALEX/3dev/ros/install/scanner/lib/scanner
[2.512s] Installing scanner script to /home/ALEX/3dev/ros/install/scanner/lib/scanner
[2.512s] Installing test script to /home/ALEX/3dev/ros/install/scanner/lib/scanner
[2.513s] 
[2.514s] Installed /home/ALEX/3dev/ros/build/scanner
[2.514s] running install_data
[2.598s] Invoked command in '/home/ALEX/3dev/ros/build/scanner' returned '0': PYTHONPATH=/home/ALEX/3dev/ros/install/scanner/lib/python3.10/site-packages:${PYTHONPATH} /usr/bin/python3 setup.py develop --prefix /home/ALEX/3dev/ros/install/scanner --editable --build-directory /home/ALEX/3dev/ros/build/scanner/build --no-deps install_data --install-dir /home/ALEX/3dev/ros/install/scanner
