[0.707s] DEBUG:colcon:Command line arguments: ['/usr/bin/colcon', 'build', '--packages-select', 'test_cpp_pkg']
[0.708s] DEBUG:colcon:Parsed command line arguments: Namespace(log_base=None, log_level=None, verb_name='build', build_base='build', install_base='install', merge_install=False, symlink_install=False, test_result_base=None, continue_on_error=False, executor='parallel', parallel_workers=4, event_handlers=None, ignore_user_meta=False, metas=['./colcon.meta'], base_paths=['.'], packages_ignore=None, packages_ignore_regex=None, paths=None, packages_up_to=None, packages_up_to_regex=None, packages_above=None, packages_above_and_dependencies=None, packages_above_depth=None, packages_select_by_dep=None, packages_skip_by_dep=None, packages_skip_up_to=None, packages_select_build_failed=False, packages_skip_build_finished=False, packages_select_test_failures=False, packages_skip_test_passed=False, packages_select=['test_cpp_pkg'], packages_skip=None, packages_select_regex=None, packages_skip_regex=None, packages_start=None, packages_end=None, allow_overriding=[], cmake_args=None, cmake_target=None, cmake_target_skip_unavailable=False, cmake_clean_cache=False, cmake_clean_first=False, cmake_force_configure=False, ament_cmake_args=None, catkin_cmake_args=None, catkin_skip_building_tests=False, verb_parser=<colcon_defaults.argument_parser.defaults.DefaultArgumentsDecorator object at 0xffffac3b4e80>, verb_extension=<colcon_core.verb.build.BuildVerb object at 0xffffac3b4910>, main=<bound method BuildVerb.main of <colcon_core.verb.build.BuildVerb object at 0xffffac3b4910>>)
[0.836s] Level 1:colcon.colcon_core.package_discovery:discover_packages(colcon_meta) check parameters
[0.836s] Level 1:colcon.colcon_core.package_discovery:discover_packages(recursive) check parameters
[0.837s] Level 1:colcon.colcon_core.package_discovery:discover_packages(ignore) check parameters
[0.837s] Level 1:colcon.colcon_core.package_discovery:discover_packages(path) check parameters
[0.837s] Level 1:colcon.colcon_core.package_discovery:discover_packages(colcon_meta) discover
[0.837s] Level 1:colcon.colcon_core.package_discovery:discover_packages(recursive) discover
[0.837s] INFO:colcon.colcon_core.package_discovery:Crawling recursively for packages in '/home/ALEX/3dev/ros'
[0.838s] Level 1:colcon.colcon_core.package_identification:_identify(.) by extensions ['ignore', 'ignore_ament_install']
[0.838s] Level 1:colcon.colcon_core.package_identification:_identify(.) by extension 'ignore'
[0.838s] Level 1:colcon.colcon_core.package_identification:_identify(.) by extension 'ignore_ament_install'
[0.839s] Level 1:colcon.colcon_core.package_identification:_identify(.) by extensions ['colcon_pkg']
[0.839s] Level 1:colcon.colcon_core.package_identification:_identify(.) by extension 'colcon_pkg'
[0.839s] Level 1:colcon.colcon_core.package_identification:_identify(.) by extensions ['colcon_meta']
[0.839s] Level 1:colcon.colcon_core.package_identification:_identify(.) by extension 'colcon_meta'
[0.839s] Level 1:colcon.colcon_core.package_identification:_identify(.) by extensions ['ros']
[0.840s] Level 1:colcon.colcon_core.package_identification:_identify(.) by extension 'ros'
[0.889s] Level 1:colcon.colcon_core.package_identification:_identify(.) by extensions ['cmake', 'python']
[0.889s] Level 1:colcon.colcon_core.package_identification:_identify(.) by extension 'cmake'
[0.890s] Level 1:colcon.colcon_core.package_identification:_identify(.) by extension 'python'
[0.890s] Level 1:colcon.colcon_core.package_identification:_identify(.) by extensions ['python_setup_py']
[0.890s] Level 1:colcon.colcon_core.package_identification:_identify(.) by extension 'python_setup_py'
[0.891s] Level 1:colcon.colcon_core.package_identification:_identify(build) by extensions ['ignore', 'ignore_ament_install']
[0.891s] Level 1:colcon.colcon_core.package_identification:_identify(build) by extension 'ignore'
[0.891s] Level 1:colcon.colcon_core.package_identification:_identify(build) ignored
[0.892s] Level 1:colcon.colcon_core.package_identification:_identify(install) by extensions ['ignore', 'ignore_ament_install']
[0.893s] Level 1:colcon.colcon_core.package_identification:_identify(install) by extension 'ignore'
[0.893s] Level 1:colcon.colcon_core.package_identification:_identify(install) ignored
[0.893s] Level 1:colcon.colcon_core.package_identification:_identify(log) by extensions ['ignore', 'ignore_ament_install']
[0.894s] Level 1:colcon.colcon_core.package_identification:_identify(log) by extension 'ignore'
[0.894s] Level 1:colcon.colcon_core.package_identification:_identify(log) ignored
[0.894s] Level 1:colcon.colcon_core.package_identification:_identify(src) by extensions ['ignore', 'ignore_ament_install']
[0.895s] Level 1:colcon.colcon_core.package_identification:_identify(src) by extension 'ignore'
[0.895s] Level 1:colcon.colcon_core.package_identification:_identify(src) by extension 'ignore_ament_install'
[0.895s] Level 1:colcon.colcon_core.package_identification:_identify(src) by extensions ['colcon_pkg']
[0.896s] Level 1:colcon.colcon_core.package_identification:_identify(src) by extension 'colcon_pkg'
[0.896s] Level 1:colcon.colcon_core.package_identification:_identify(src) by extensions ['colcon_meta']
[0.896s] Level 1:colcon.colcon_core.package_identification:_identify(src) by extension 'colcon_meta'
[0.896s] Level 1:colcon.colcon_core.package_identification:_identify(src) by extensions ['ros']
[0.896s] Level 1:colcon.colcon_core.package_identification:_identify(src) by extension 'ros'
[0.897s] Level 1:colcon.colcon_core.package_identification:_identify(src) by extensions ['cmake', 'python']
[0.897s] Level 1:colcon.colcon_core.package_identification:_identify(src) by extension 'cmake'
[0.897s] Level 1:colcon.colcon_core.package_identification:_identify(src) by extension 'python'
[0.897s] Level 1:colcon.colcon_core.package_identification:_identify(src) by extensions ['python_setup_py']
[0.897s] Level 1:colcon.colcon_core.package_identification:_identify(src) by extension 'python_setup_py'
[0.898s] Level 1:colcon.colcon_core.package_identification:_identify(src/test_cpp_pkg) by extensions ['ignore', 'ignore_ament_install']
[0.898s] Level 1:colcon.colcon_core.package_identification:_identify(src/test_cpp_pkg) by extension 'ignore'
[0.899s] Level 1:colcon.colcon_core.package_identification:_identify(src/test_cpp_pkg) by extension 'ignore_ament_install'
[0.899s] Level 1:colcon.colcon_core.package_identification:_identify(src/test_cpp_pkg) by extensions ['colcon_pkg']
[0.899s] Level 1:colcon.colcon_core.package_identification:_identify(src/test_cpp_pkg) by extension 'colcon_pkg'
[0.899s] Level 1:colcon.colcon_core.package_identification:_identify(src/test_cpp_pkg) by extensions ['colcon_meta']
[0.899s] Level 1:colcon.colcon_core.package_identification:_identify(src/test_cpp_pkg) by extension 'colcon_meta'
[0.900s] Level 1:colcon.colcon_core.package_identification:_identify(src/test_cpp_pkg) by extensions ['ros']
[0.900s] Level 1:colcon.colcon_core.package_identification:_identify(src/test_cpp_pkg) by extension 'ros'
[0.910s] DEBUG:colcon.colcon_core.package_identification:Package 'src/test_cpp_pkg' with type 'ros.ament_cmake' and name 'test_cpp_pkg'
[0.911s] Level 1:colcon.colcon_core.package_identification:_identify(src/test_py_pkg) by extensions ['ignore', 'ignore_ament_install']
[0.911s] Level 1:colcon.colcon_core.package_identification:_identify(src/test_py_pkg) by extension 'ignore'
[0.911s] Level 1:colcon.colcon_core.package_identification:_identify(src/test_py_pkg) by extension 'ignore_ament_install'
[0.912s] Level 1:colcon.colcon_core.package_identification:_identify(src/test_py_pkg) by extensions ['colcon_pkg']
[0.912s] Level 1:colcon.colcon_core.package_identification:_identify(src/test_py_pkg) by extension 'colcon_pkg'
[0.912s] Level 1:colcon.colcon_core.package_identification:_identify(src/test_py_pkg) by extensions ['colcon_meta']
[0.912s] Level 1:colcon.colcon_core.package_identification:_identify(src/test_py_pkg) by extension 'colcon_meta'
[0.912s] Level 1:colcon.colcon_core.package_identification:_identify(src/test_py_pkg) by extensions ['ros']
[0.913s] Level 1:colcon.colcon_core.package_identification:_identify(src/test_py_pkg) by extension 'ros'
[0.915s] DEBUG:colcon.colcon_core.package_identification:Package 'src/test_py_pkg' with type 'ros.ament_python' and name 'test_py_pkg'
[0.915s] Level 1:colcon.colcon_core.package_discovery:discover_packages(recursive) using defaults
[0.916s] Level 1:colcon.colcon_core.package_discovery:discover_packages(ignore) discover
[0.916s] Level 1:colcon.colcon_core.package_discovery:discover_packages(ignore) using defaults
[0.916s] Level 1:colcon.colcon_core.package_discovery:discover_packages(path) discover
[0.916s] Level 1:colcon.colcon_core.package_discovery:discover_packages(path) using defaults
[1.021s] INFO:colcon.colcon_core.package_selection:Skipping not selected package 'test_py_pkg' in 'src/test_py_pkg'
[1.024s] Level 1:colcon.colcon_core.package_discovery:discover_packages(prefix_path) check parameters
[1.024s] Level 1:colcon.colcon_core.package_discovery:discover_packages(prefix_path) discover
[1.037s] DEBUG:colcon.colcon_installed_package_information.package_discovery:Found 2 installed packages in /home/ALEX/3dev/ros/install
[1.047s] DEBUG:colcon.colcon_installed_package_information.package_discovery:Found 180 installed packages in /opt/ros/humble
[1.052s] Level 1:colcon.colcon_core.package_discovery:discover_packages(prefix_path) using defaults
[1.246s] Level 5:colcon.colcon_core.verb:set package 'test_cpp_pkg' build argument 'cmake_args' from command line to 'None'
[1.247s] Level 5:colcon.colcon_core.verb:set package 'test_cpp_pkg' build argument 'cmake_target' from command line to 'None'
[1.247s] Level 5:colcon.colcon_core.verb:set package 'test_cpp_pkg' build argument 'cmake_target_skip_unavailable' from command line to 'False'
[1.247s] Level 5:colcon.colcon_core.verb:set package 'test_cpp_pkg' build argument 'cmake_clean_cache' from command line to 'False'
[1.247s] Level 5:colcon.colcon_core.verb:set package 'test_cpp_pkg' build argument 'cmake_clean_first' from command line to 'False'
[1.247s] Level 5:colcon.colcon_core.verb:set package 'test_cpp_pkg' build argument 'cmake_force_configure' from command line to 'False'
[1.247s] Level 5:colcon.colcon_core.verb:set package 'test_cpp_pkg' build argument 'ament_cmake_args' from command line to 'None'
[1.247s] Level 5:colcon.colcon_core.verb:set package 'test_cpp_pkg' build argument 'catkin_cmake_args' from command line to 'None'
[1.248s] Level 5:colcon.colcon_core.verb:set package 'test_cpp_pkg' build argument 'catkin_skip_building_tests' from command line to 'False'
[1.248s] DEBUG:colcon.colcon_core.verb:Building package 'test_cpp_pkg' with the following arguments: {'ament_cmake_args': None, 'build_base': '/home/ALEX/3dev/ros/build/test_cpp_pkg', 'catkin_cmake_args': None, 'catkin_skip_building_tests': False, 'cmake_args': None, 'cmake_clean_cache': False, 'cmake_clean_first': False, 'cmake_force_configure': False, 'cmake_target': None, 'cmake_target_skip_unavailable': False, 'install_base': '/home/ALEX/3dev/ros/install/test_cpp_pkg', 'merge_install': False, 'path': '/home/ALEX/3dev/ros/src/test_cpp_pkg', 'symlink_install': False, 'test_result_base': None}
[1.251s] INFO:colcon.colcon_core.executor:Executing jobs using 'parallel' executor
[1.275s] DEBUG:colcon.colcon_parallel_executor.executor.parallel:run_until_complete
[1.277s] INFO:colcon.colcon_ros.task.ament_cmake.build:Building ROS package in '/home/ALEX/3dev/ros/src/test_cpp_pkg' with build type 'ament_cmake'
[1.277s] INFO:colcon.colcon_cmake.task.cmake.build:Building CMake package in '/home/ALEX/3dev/ros/src/test_cpp_pkg'
[1.306s] INFO:colcon.colcon_core.plugin_system:Skipping extension 'colcon_core.shell.bat': Not used on non-Windows systems
[1.307s] INFO:colcon.colcon_core.shell:Skip shell extension 'powershell' for command environment: Not usable outside of PowerShell
[1.307s] DEBUG:colcon.colcon_core.shell:Skip shell extension 'dsv' for command environment
[1.357s] DEBUG:colcon.colcon_core.event_handler.log_command:Invoking command in '/home/ALEX/3dev/ros/build/test_cpp_pkg': CMAKE_PREFIX_PATH=${CMAKE_PREFIX_PATH}:/home/ALEX/3dev/ros/install/test_py_pkg:/opt/ros/humble /usr/bin/cmake --build /home/ALEX/3dev/ros/build/test_cpp_pkg -- -j4 -l4
[5.152s] DEBUG:colcon.colcon_core.event_handler.log_command:Invoked command in '/home/ALEX/3dev/ros/build/test_cpp_pkg' returned '2': CMAKE_PREFIX_PATH=${CMAKE_PREFIX_PATH}:/home/ALEX/3dev/ros/install/test_py_pkg:/opt/ros/humble /usr/bin/cmake --build /home/ALEX/3dev/ros/build/test_cpp_pkg -- -j4 -l4
[5.297s] Level 1:colcon.colcon_core.environment:create_environment_scripts_only(test_cpp_pkg)
[5.326s] Level 1:colcon.colcon_core.environment:checking '/home/ALEX/3dev/ros/install/test_cpp_pkg' for CMake module files
[5.330s] Level 1:colcon.colcon_core.environment:checking '/home/ALEX/3dev/ros/install/test_cpp_pkg' for CMake config files
[5.334s] Level 1:colcon.colcon_core.shell:create_environment_hook('test_cpp_pkg', 'cmake_prefix_path')
[5.342s] INFO:colcon.colcon_core.shell:Creating environment hook '/home/ALEX/3dev/ros/install/test_cpp_pkg/share/test_cpp_pkg/hook/cmake_prefix_path.ps1'
[5.347s] INFO:colcon.colcon_core.shell:Creating environment descriptor '/home/ALEX/3dev/ros/install/test_cpp_pkg/share/test_cpp_pkg/hook/cmake_prefix_path.dsv'
[5.351s] INFO:colcon.colcon_core.shell:Creating environment hook '/home/ALEX/3dev/ros/install/test_cpp_pkg/share/test_cpp_pkg/hook/cmake_prefix_path.sh'
[5.357s] Level 1:colcon.colcon_core.environment:checking '/home/ALEX/3dev/ros/install/test_cpp_pkg/bin'
[5.358s] Level 1:colcon.colcon_core.environment:checking '/home/ALEX/3dev/ros/install/test_cpp_pkg/lib/pkgconfig/test_cpp_pkg.pc'
[5.359s] Level 1:colcon.colcon_core.environment:checking '/home/ALEX/3dev/ros/install/test_cpp_pkg/lib/python3.10/site-packages'
[5.361s] Level 1:colcon.colcon_core.environment:checking '/home/ALEX/3dev/ros/install/test_cpp_pkg/bin'
[5.368s] INFO:colcon.colcon_core.shell:Creating package script '/home/ALEX/3dev/ros/install/test_cpp_pkg/share/test_cpp_pkg/package.ps1'
[5.372s] INFO:colcon.colcon_core.shell:Creating package descriptor '/home/ALEX/3dev/ros/install/test_cpp_pkg/share/test_cpp_pkg/package.dsv'
[5.376s] INFO:colcon.colcon_core.shell:Creating package script '/home/ALEX/3dev/ros/install/test_cpp_pkg/share/test_cpp_pkg/package.sh'
[5.380s] INFO:colcon.colcon_core.shell:Creating package script '/home/ALEX/3dev/ros/install/test_cpp_pkg/share/test_cpp_pkg/package.bash'
[5.384s] INFO:colcon.colcon_core.shell:Creating package script '/home/ALEX/3dev/ros/install/test_cpp_pkg/share/test_cpp_pkg/package.zsh'
[5.389s] Level 1:colcon.colcon_core.environment:create_file_with_runtime_dependencies(/home/ALEX/3dev/ros/install/test_cpp_pkg/share/colcon-core/packages/test_cpp_pkg)
[5.392s] DEBUG:colcon.colcon_parallel_executor.executor.parallel:closing loop
[5.394s] DEBUG:colcon.colcon_parallel_executor.executor.parallel:loop closed
[5.395s] DEBUG:colcon.colcon_parallel_executor.executor.parallel:run_until_complete finished with '2'
[5.395s] DEBUG:colcon.colcon_core.event_reactor:joining thread
[5.431s] INFO:colcon.colcon_core.plugin_system:Skipping extension 'colcon_notification.desktop_notification.notify_send': Could not find 'notify-send'
[5.431s] INFO:colcon.colcon_core.plugin_system:Skipping extension 'colcon_notification.desktop_notification.terminal_notifier': Not used on non-Darwin systems
[5.432s] INFO:colcon.colcon_core.plugin_system:Skipping extension 'colcon_notification.desktop_notification.win32': Not used on non-Windows systems
[5.432s] INFO:colcon.colcon_notification.desktop_notification:Sending desktop notification using 'notify2'
[5.435s] DEBUG:colcon.colcon_notification.desktop_notification.notify2:Failed to initialize notify2: org.freedesktop.DBus.Error.ServiceUnknown: The name org.freedesktop.Notifications was not provided by any .service files
[5.436s] DEBUG:colcon.colcon_core.event_reactor:joined thread
[5.443s] INFO:colcon.colcon_core.shell:Creating prefix script '/home/ALEX/3dev/ros/install/local_setup.ps1'
[5.447s] INFO:colcon.colcon_core.shell:Creating prefix util module '/home/ALEX/3dev/ros/install/_local_setup_util_ps1.py'
[5.453s] INFO:colcon.colcon_core.shell:Creating prefix chain script '/home/ALEX/3dev/ros/install/setup.ps1'
[5.461s] INFO:colcon.colcon_core.shell:Creating prefix script '/home/ALEX/3dev/ros/install/local_setup.sh'
[5.464s] INFO:colcon.colcon_core.shell:Creating prefix util module '/home/ALEX/3dev/ros/install/_local_setup_util_sh.py'
[5.466s] INFO:colcon.colcon_core.shell:Creating prefix chain script '/home/ALEX/3dev/ros/install/setup.sh'
[5.474s] INFO:colcon.colcon_core.shell:Creating prefix script '/home/ALEX/3dev/ros/install/local_setup.bash'
[5.476s] INFO:colcon.colcon_core.shell:Creating prefix chain script '/home/ALEX/3dev/ros/install/setup.bash'
[5.484s] INFO:colcon.colcon_core.shell:Creating prefix script '/home/ALEX/3dev/ros/install/local_setup.zsh'
[5.486s] INFO:colcon.colcon_core.shell:Creating prefix chain script '/home/ALEX/3dev/ros/install/setup.zsh'
