[0.014s] Invoking command in '/home/ALEX/anytrack/ros/build/interfaces': CMAKE_PREFIX_PATH=${CMAKE_PREFIX_PATH}:/home/ALEX/anytrack/ros/install/test_py_pkg:/home/ALEX/anytrack/ros/install/scannerV2:/home/ALEX/anytrack/ros/install/scanner:/home/ALEX/anytrack/ros/install/anytrack:/opt/ros/humble /usr/bin/cmake /home/ALEX/anytrack/ros/src/interfaces -DCMAKE_INSTALL_PREFIX=/home/ALEX/anytrack/ros/install/interfaces
[0.062s] -- The C compiler identification is GNU 11.3.0
[0.107s] -- The CXX compiler identification is GNU 11.3.0
[0.113s] -- Detecting C compiler ABI info
[0.162s] -- Detecting C compiler ABI info - done
[0.170s] -- Check for working C compiler: /usr/bin/cc - skipped
[0.170s] -- Detecting C compile features
[0.170s] -- Detecting C compile features - done
[0.173s] -- Detecting CXX compiler ABI info
[0.232s] -- Detecting CXX compiler ABI info - done
[0.240s] -- Check for working CXX compiler: /usr/bin/c++ - skipped
[0.241s] -- Detecting CXX compile features
[0.241s] -- Detecting CXX compile features - done
[0.246s] -- Found ament_cmake: 1.3.4 (/opt/ros/humble/share/ament_cmake/cmake)
[0.404s] -- Found Python3: /usr/bin/python3.10 (found version "3.10.6") found components: Interpreter 
[0.513s] -- Found rosidl_default_generators: 1.2.0 (/opt/ros/humble/share/rosidl_default_generators/cmake)
[0.519s] -- Using all available rosidl_typesupport_c: rosidl_typesupport_fastrtps_c;rosidl_typesupport_introspection_c
[0.532s] -- Found rosidl_adapter: 3.1.4 (/opt/ros/humble/share/rosidl_adapter/cmake)
[0.591s] -- Using all available rosidl_typesupport_cpp: rosidl_typesupport_fastrtps_cpp;rosidl_typesupport_introspection_cpp
[0.642s] -- Found std_msgs: 4.2.3 (/opt/ros/humble/share/std_msgs/cmake)
[0.964s] -- Found ament_cmake_ros: 0.10.0 (/opt/ros/humble/share/ament_cmake_ros/cmake)
[1.174s] -- Using all available rosidl_typesupport_c: rosidl_typesupport_fastrtps_c;rosidl_typesupport_introspection_c
[1.438s] -- Using all available rosidl_typesupport_cpp: rosidl_typesupport_fastrtps_cpp;rosidl_typesupport_introspection_cpp
[1.458s] -- Found PythonInterp: /usr/bin/python3 (found suitable version "3.10.6", minimum required is "3.6") 
[1.462s] -- Found python_cmake_module: 0.10.0 (/opt/ros/humble/share/python_cmake_module/cmake)
[1.485s] -- Found PythonLibs: /usr/lib/x86_64-linux-gnu/libpython3.10.so (found suitable version "3.10.6", minimum required is "3.5") 
[1.485s] -- Using PYTHON_EXECUTABLE: /usr/bin/python3
[1.485s] -- Using PYTHON_INCLUDE_DIRS: /usr/include/python3.10
[1.485s] -- Using PYTHON_LIBRARIES: /usr/lib/x86_64-linux-gnu/libpython3.10.so
[1.504s] -- Found PythonExtra: .so  
[1.558s] -- Configuring done
[1.589s] -- Generating done
[1.592s] -- Build files have been written to: /home/ALEX/anytrack/ros/build/interfaces
[1.596s] Invoked command in '/home/ALEX/anytrack/ros/build/interfaces' returned '0': CMAKE_PREFIX_PATH=${CMAKE_PREFIX_PATH}:/home/ALEX/anytrack/ros/install/test_py_pkg:/home/ALEX/anytrack/ros/install/scannerV2:/home/ALEX/anytrack/ros/install/scanner:/home/ALEX/anytrack/ros/install/anytrack:/opt/ros/humble /usr/bin/cmake /home/ALEX/anytrack/ros/src/interfaces -DCMAKE_INSTALL_PREFIX=/home/ALEX/anytrack/ros/install/interfaces
[1.598s] Invoking command in '/home/ALEX/anytrack/ros/build/interfaces': CMAKE_PREFIX_PATH=${CMAKE_PREFIX_PATH}:/home/ALEX/anytrack/ros/install/test_py_pkg:/home/ALEX/anytrack/ros/install/scannerV2:/home/ALEX/anytrack/ros/install/scanner:/home/ALEX/anytrack/ros/install/anytrack:/opt/ros/humble /usr/bin/cmake --build /home/ALEX/anytrack/ros/build/interfaces -- -j12 -l12
[1.629s] [  1%] [34m[1mGenerating C code for ROS interfaces[0m
[1.636s] [  3%] [34m[1mGenerating C++ code for ROS interfaces[0m
[1.642s] [  3%] Built target ament_cmake_python_copy_interfaces
[1.877s] running egg_info
[1.877s] creating interfaces.egg-info
[1.877s] writing interfaces.egg-info/PKG-INFO
[1.877s] writing dependency_links to interfaces.egg-info/dependency_links.txt
[1.877s] writing top-level names to interfaces.egg-info/top_level.txt
[1.878s] writing manifest file 'interfaces.egg-info/SOURCES.txt'
[1.879s] reading manifest file 'interfaces.egg-info/SOURCES.txt'
[1.880s] writing manifest file 'interfaces.egg-info/SOURCES.txt'
[1.901s] [  3%] Built target ament_cmake_python_build_interfaces_egg
[2.019s] [  3%] Built target interfaces__cpp
[2.027s] [  7%] [34m[1mGenerating C++ type support dispatch for ROS interfaces[0m
[2.027s] [  7%] [34m[1mGenerating C++ introspection for ROS interfaces[0m
[2.027s] [  9%] [34m[1mGenerating C++ type support for eProsima Fast-RTPS[0m
[2.068s] [ 14%] [32mBuilding C object CMakeFiles/interfaces__rosidl_generator_c.dir/rosidl_generator_c/interfaces/msg/detail/camera_locations__functions.c.o[0m
[2.068s] [ 14%] [32mBuilding C object CMakeFiles/interfaces__rosidl_generator_c.dir/rosidl_generator_c/interfaces/msg/detail/location__functions.c.o[0m
[2.068s] [ 14%] [32mBuilding C object CMakeFiles/interfaces__rosidl_generator_c.dir/rosidl_generator_c/interfaces/msg/detail/tracks__functions.c.o[0m
[2.070s] [ 16%] [32mBuilding C object CMakeFiles/interfaces__rosidl_generator_c.dir/rosidl_generator_c/interfaces/msg/detail/object__functions.c.o[0m
[2.120s] [ 18%] [32m[1mLinking C shared library libinterfaces__rosidl_generator_c.so[0m
[2.148s] [ 18%] Built target interfaces__rosidl_generator_c
[2.157s] [ 20%] [34m[1mGenerating C introspection for ROS interfaces[0m
[2.158s] [ 23%] [34m[1mGenerating C type support dispatch for ROS interfaces[0m
[2.159s] [ 23%] [34m[1mGenerating C type support for eProsima Fast-RTPS[0m
[2.345s] [ 25%] [32mBuilding CXX object CMakeFiles/interfaces__rosidl_typesupport_cpp.dir/rosidl_typesupport_cpp/interfaces/msg/tracks__type_support.cpp.o[0m
[2.347s] [ 27%] [32mBuilding CXX object CMakeFiles/interfaces__rosidl_typesupport_cpp.dir/rosidl_typesupport_cpp/interfaces/msg/camera_locations__type_support.cpp.o[0m
[2.348s] [ 29%] [32mBuilding CXX object CMakeFiles/interfaces__rosidl_typesupport_cpp.dir/rosidl_typesupport_cpp/interfaces/msg/location__type_support.cpp.o[0m
[2.350s] [ 30%] [32mBuilding CXX object CMakeFiles/interfaces__rosidl_typesupport_cpp.dir/rosidl_typesupport_cpp/interfaces/msg/object__type_support.cpp.o[0m
[2.412s] [ 34%] [32mBuilding CXX object CMakeFiles/interfaces__rosidl_typesupport_introspection_cpp.dir/rosidl_typesupport_introspection_cpp/interfaces/msg/detail/tracks__type_support.cpp.o[0m
[2.415s] [ 36%] [32mBuilding CXX object CMakeFiles/interfaces__rosidl_typesupport_introspection_cpp.dir/rosidl_typesupport_introspection_cpp/interfaces/msg/detail/location__type_support.cpp.o[0m
[2.415s] [ 34%] [32mBuilding CXX object CMakeFiles/interfaces__rosidl_typesupport_introspection_cpp.dir/rosidl_typesupport_introspection_cpp/interfaces/msg/detail/object__type_support.cpp.o[0m
[2.421s] [ 38%] [32mBuilding CXX object CMakeFiles/interfaces__rosidl_typesupport_introspection_cpp.dir/rosidl_typesupport_introspection_cpp/interfaces/msg/detail/camera_locations__type_support.cpp.o[0m
[2.506s] [ 40%] [32mBuilding CXX object CMakeFiles/interfaces__rosidl_typesupport_fastrtps_cpp.dir/rosidl_typesupport_fastrtps_cpp/interfaces/msg/detail/dds_fastrtps/object__type_support.cpp.o[0m
[2.633s] [ 41%] [32mBuilding CXX object CMakeFiles/interfaces__rosidl_typesupport_c.dir/rosidl_typesupport_c/interfaces/msg/object__type_support.cpp.o[0m
[2.673s] [ 45%] [32mBuilding CXX object CMakeFiles/interfaces__rosidl_typesupport_c.dir/rosidl_typesupport_c/interfaces/msg/tracks__type_support.cpp.o[0m
[2.673s] [ 45%] [32mBuilding CXX object CMakeFiles/interfaces__rosidl_typesupport_fastrtps_cpp.dir/rosidl_typesupport_fastrtps_cpp/interfaces/msg/detail/dds_fastrtps/tracks__type_support.cpp.o[0m
[2.710s] [ 47%] [32mBuilding CXX object CMakeFiles/interfaces__rosidl_typesupport_fastrtps_cpp.dir/rosidl_typesupport_fastrtps_cpp/interfaces/msg/detail/dds_fastrtps/location__type_support.cpp.o[0m
[2.710s] [ 49%] [32mBuilding C object CMakeFiles/interfaces__rosidl_typesupport_introspection_c.dir/rosidl_typesupport_introspection_c/interfaces/msg/detail/object__type_support.c.o[0m
[2.711s] [ 50%] [32mBuilding CXX object CMakeFiles/interfaces__rosidl_typesupport_c.dir/rosidl_typesupport_c/interfaces/msg/location__type_support.cpp.o[0m
[2.713s] [ 52%] [32mBuilding CXX object CMakeFiles/interfaces__rosidl_typesupport_c.dir/rosidl_typesupport_c/interfaces/msg/camera_locations__type_support.cpp.o[0m
[2.722s] [ 54%] [32mBuilding CXX object CMakeFiles/interfaces__rosidl_typesupport_fastrtps_c.dir/rosidl_typesupport_fastrtps_c/interfaces/msg/detail/object__type_support_c.cpp.o[0m
[2.752s] [ 56%] [32mBuilding CXX object CMakeFiles/interfaces__rosidl_typesupport_fastrtps_c.dir/rosidl_typesupport_fastrtps_c/interfaces/msg/detail/tracks__type_support_c.cpp.o[0m
[2.752s] [ 58%] [32mBuilding C object CMakeFiles/interfaces__rosidl_typesupport_introspection_c.dir/rosidl_typesupport_introspection_c/interfaces/msg/detail/tracks__type_support.c.o[0m
[2.755s] [ 60%] [32m[1mLinking CXX shared library libinterfaces__rosidl_typesupport_c.so[0m
[2.761s] [ 61%] [32m[1mLinking CXX shared library libinterfaces__rosidl_typesupport_cpp.so[0m
[2.808s] [ 63%] [32mBuilding C object CMakeFiles/interfaces__rosidl_typesupport_introspection_c.dir/rosidl_typesupport_introspection_c/interfaces/msg/detail/location__type_support.c.o[0m
[2.819s] [ 63%] Built target interfaces__rosidl_typesupport_c
[2.819s] [ 63%] Built target interfaces__rosidl_typesupport_cpp
[2.830s] [ 65%] [32mBuilding C object CMakeFiles/interfaces__rosidl_typesupport_introspection_c.dir/rosidl_typesupport_introspection_c/interfaces/msg/detail/camera_locations__type_support.c.o[0m
[2.831s] [ 67%] [32mBuilding CXX object CMakeFiles/interfaces__rosidl_typesupport_fastrtps_cpp.dir/rosidl_typesupport_fastrtps_cpp/interfaces/msg/detail/dds_fastrtps/camera_locations__type_support.cpp.o[0m
[2.857s] [ 69%] [32mBuilding CXX object CMakeFiles/interfaces__rosidl_typesupport_fastrtps_c.dir/rosidl_typesupport_fastrtps_c/interfaces/msg/detail/location__type_support_c.cpp.o[0m
[2.894s] [ 70%] [32m[1mLinking C shared library libinterfaces__rosidl_typesupport_introspection_c.so[0m
[2.924s] [ 72%] [32mBuilding CXX object CMakeFiles/interfaces__rosidl_typesupport_fastrtps_c.dir/rosidl_typesupport_fastrtps_c/interfaces/msg/detail/camera_locations__type_support_c.cpp.o[0m
[2.951s] [ 72%] Built target interfaces__rosidl_typesupport_introspection_c
[3.049s] [ 74%] [32m[1mLinking CXX shared library libinterfaces__rosidl_typesupport_introspection_cpp.so[0m
[3.164s] [ 74%] Built target interfaces__rosidl_typesupport_introspection_cpp
[3.252s] [ 76%] [32m[1mLinking CXX shared library libinterfaces__rosidl_typesupport_fastrtps_c.so[0m
[3.275s] [ 78%] [32m[1mLinking CXX shared library libinterfaces__rosidl_typesupport_fastrtps_cpp.so[0m
[3.315s] [ 78%] Built target interfaces__rosidl_typesupport_fastrtps_c
[3.338s] [ 78%] Built target interfaces__rosidl_typesupport_fastrtps_cpp
[3.352s] [ 78%] Built target interfaces
[3.367s] [ 80%] [34m[1mGenerating Python code for ROS interfaces[0m
[3.960s] [ 80%] Built target interfaces__py
[3.975s] [ 83%] [32mBuilding C object CMakeFiles/interfaces__rosidl_generator_py.dir/rosidl_generator_py/interfaces/msg/_location_s.c.o[0m
[3.975s] [ 87%] [32mBuilding C object CMakeFiles/interfaces__rosidl_generator_py.dir/rosidl_generator_py/interfaces/msg/_object_s.c.o[0m
[3.976s] [ 87%] [32mBuilding C object CMakeFiles/interfaces__rosidl_generator_py.dir/rosidl_generator_py/interfaces/msg/_tracks_s.c.o[0m
[3.976s] [ 87%] [32mBuilding C object CMakeFiles/interfaces__rosidl_generator_py.dir/rosidl_generator_py/interfaces/msg/_camera_locations_s.c.o[0m
[4.066s] [ 89%] [32m[1mLinking C shared library rosidl_generator_py/interfaces/libinterfaces__rosidl_generator_py.so[0m
[4.097s] [ 89%] Built target interfaces__rosidl_generator_py
[4.113s] [ 92%] [32mBuilding C object CMakeFiles/interfaces__rosidl_typesupport_fastrtps_c__pyext.dir/rosidl_generator_py/interfaces/_interfaces_s.ep.rosidl_typesupport_fastrtps_c.c.o[0m
[4.113s] [ 92%] [32mBuilding C object CMakeFiles/interfaces__rosidl_typesupport_c__pyext.dir/rosidl_generator_py/interfaces/_interfaces_s.ep.rosidl_typesupport_c.c.o[0m
[4.113s] [ 94%] [32mBuilding C object CMakeFiles/interfaces__rosidl_typesupport_introspection_c__pyext.dir/rosidl_generator_py/interfaces/_interfaces_s.ep.rosidl_typesupport_introspection_c.c.o[0m
[4.207s] [ 96%] [32m[1mLinking C shared library rosidl_generator_py/interfaces/interfaces_s__rosidl_typesupport_c.cpython-310-x86_64-linux-gnu.so[0m
[4.208s] [ 98%] [32m[1mLinking C shared library rosidl_generator_py/interfaces/interfaces_s__rosidl_typesupport_fastrtps_c.cpython-310-x86_64-linux-gnu.so[0m
[4.209s] [100%] [32m[1mLinking C shared library rosidl_generator_py/interfaces/interfaces_s__rosidl_typesupport_introspection_c.cpython-310-x86_64-linux-gnu.so[0m
[4.239s] [100%] Built target interfaces__rosidl_typesupport_fastrtps_c__pyext
[4.239s] [100%] Built target interfaces__rosidl_typesupport_c__pyext
[4.240s] [100%] Built target interfaces__rosidl_typesupport_introspection_c__pyext
[4.249s] Invoked command in '/home/ALEX/anytrack/ros/build/interfaces' returned '0': CMAKE_PREFIX_PATH=${CMAKE_PREFIX_PATH}:/home/ALEX/anytrack/ros/install/test_py_pkg:/home/ALEX/anytrack/ros/install/scannerV2:/home/ALEX/anytrack/ros/install/scanner:/home/ALEX/anytrack/ros/install/anytrack:/opt/ros/humble /usr/bin/cmake --build /home/ALEX/anytrack/ros/build/interfaces -- -j12 -l12
[4.328s] Invoking command in '/home/ALEX/anytrack/ros/build/interfaces': CMAKE_PREFIX_PATH=${CMAKE_PREFIX_PATH}:/home/ALEX/anytrack/ros/install/test_py_pkg:/home/ALEX/anytrack/ros/install/scannerV2:/home/ALEX/anytrack/ros/install/scanner:/home/ALEX/anytrack/ros/install/anytrack:/opt/ros/humble /usr/bin/cmake --install /home/ALEX/anytrack/ros/build/interfaces
[4.334s] -- Install configuration: ""
[4.334s] -- Installing: /home/ALEX/anytrack/ros/install/interfaces/share/ament_index/resource_index/rosidl_interfaces/interfaces
[4.334s] -- Up-to-date: /home/ALEX/anytrack/ros/install/interfaces/include/interfaces/interfaces
[4.334s] -- Up-to-date: /home/ALEX/anytrack/ros/install/interfaces/include/interfaces/interfaces/msg
[4.334s] -- Installing: /home/ALEX/anytrack/ros/install/interfaces/include/interfaces/interfaces/msg/tracks.h
[4.335s] -- Installing: /home/ALEX/anytrack/ros/install/interfaces/include/interfaces/interfaces/msg/camera_locations.h
[4.335s] -- Installing: /home/ALEX/anytrack/ros/install/interfaces/include/interfaces/interfaces/msg/rosidl_generator_c__visibility_control.h
[4.335s] -- Installing: /home/ALEX/anytrack/ros/install/interfaces/include/interfaces/interfaces/msg/object.h
[4.335s] -- Up-to-date: /home/ALEX/anytrack/ros/install/interfaces/include/interfaces/interfaces/msg/detail
[4.335s] -- Installing: /home/ALEX/anytrack/ros/install/interfaces/include/interfaces/interfaces/msg/detail/tracks__type_support.h
[4.335s] -- Installing: /home/ALEX/anytrack/ros/install/interfaces/include/interfaces/interfaces/msg/detail/tracks__struct.h
[4.335s] -- Installing: /home/ALEX/anytrack/ros/install/interfaces/include/interfaces/interfaces/msg/detail/tracks__functions.c
[4.335s] -- Installing: /home/ALEX/anytrack/ros/install/interfaces/include/interfaces/interfaces/msg/detail/camera_locations__functions.c
[4.335s] -- Installing: /home/ALEX/anytrack/ros/install/interfaces/include/interfaces/interfaces/msg/detail/location__type_support.h
[4.335s] -- Installing: /home/ALEX/anytrack/ros/install/interfaces/include/interfaces/interfaces/msg/detail/object__functions.h
[4.335s] -- Installing: /home/ALEX/anytrack/ros/install/interfaces/include/interfaces/interfaces/msg/detail/camera_locations__type_support.h
[4.336s] -- Installing: /home/ALEX/anytrack/ros/install/interfaces/include/interfaces/interfaces/msg/detail/object__struct.h
[4.336s] -- Installing: /home/ALEX/anytrack/ros/install/interfaces/include/interfaces/interfaces/msg/detail/location__struct.h
[4.336s] -- Installing: /home/ALEX/anytrack/ros/install/interfaces/include/interfaces/interfaces/msg/detail/object__functions.c
[4.336s] -- Installing: /home/ALEX/anytrack/ros/install/interfaces/include/interfaces/interfaces/msg/detail/location__functions.c
[4.336s] -- Installing: /home/ALEX/anytrack/ros/install/interfaces/include/interfaces/interfaces/msg/detail/object__type_support.h
[4.336s] -- Installing: /home/ALEX/anytrack/ros/install/interfaces/include/interfaces/interfaces/msg/detail/tracks__functions.h
[4.336s] -- Installing: /home/ALEX/anytrack/ros/install/interfaces/include/interfaces/interfaces/msg/detail/location__functions.h
[4.336s] -- Installing: /home/ALEX/anytrack/ros/install/interfaces/include/interfaces/interfaces/msg/detail/camera_locations__functions.h
[4.336s] -- Installing: /home/ALEX/anytrack/ros/install/interfaces/include/interfaces/interfaces/msg/detail/camera_locations__struct.h
[4.337s] -- Installing: /home/ALEX/anytrack/ros/install/interfaces/include/interfaces/interfaces/msg/location.h
[4.337s] -- Up-to-date: /home/ALEX/anytrack/ros/install/interfaces/share/interfaces/environment/library_path.sh
[4.337s] -- Installing: /home/ALEX/anytrack/ros/install/interfaces/share/interfaces/environment/library_path.dsv
[4.337s] -- Installing: /home/ALEX/anytrack/ros/install/interfaces/lib/libinterfaces__rosidl_generator_c.so
[4.337s] -- Set runtime path of "/home/ALEX/anytrack/ros/install/interfaces/lib/libinterfaces__rosidl_generator_c.so" to ""
[4.337s] -- Up-to-date: /home/ALEX/anytrack/ros/install/interfaces/include/interfaces/interfaces
[4.337s] -- Up-to-date: /home/ALEX/anytrack/ros/install/interfaces/include/interfaces/interfaces/msg
[4.338s] -- Installing: /home/ALEX/anytrack/ros/install/interfaces/include/interfaces/interfaces/msg/rosidl_typesupport_fastrtps_c__visibility_control.h
[4.338s] -- Up-to-date: /home/ALEX/anytrack/ros/install/interfaces/include/interfaces/interfaces/msg/detail
[4.338s] -- Installing: /home/ALEX/anytrack/ros/install/interfaces/include/interfaces/interfaces/msg/detail/tracks__rosidl_typesupport_fastrtps_c.h
[4.338s] -- Installing: /home/ALEX/anytrack/ros/install/interfaces/include/interfaces/interfaces/msg/detail/object__rosidl_typesupport_fastrtps_c.h
[4.338s] -- Installing: /home/ALEX/anytrack/ros/install/interfaces/include/interfaces/interfaces/msg/detail/camera_locations__rosidl_typesupport_fastrtps_c.h
[4.338s] -- Installing: /home/ALEX/anytrack/ros/install/interfaces/include/interfaces/interfaces/msg/detail/location__rosidl_typesupport_fastrtps_c.h
[4.338s] -- Installing: /home/ALEX/anytrack/ros/install/interfaces/lib/libinterfaces__rosidl_typesupport_fastrtps_c.so
[4.338s] -- Set runtime path of "/home/ALEX/anytrack/ros/install/interfaces/lib/libinterfaces__rosidl_typesupport_fastrtps_c.so" to ""
[4.338s] -- Up-to-date: /home/ALEX/anytrack/ros/install/interfaces/include/interfaces/interfaces
[4.339s] -- Up-to-date: /home/ALEX/anytrack/ros/install/interfaces/include/interfaces/interfaces/msg
[4.339s] -- Up-to-date: /home/ALEX/anytrack/ros/install/interfaces/include/interfaces/interfaces/msg/detail
[4.339s] -- Installing: /home/ALEX/anytrack/ros/install/interfaces/include/interfaces/interfaces/msg/detail/location__rosidl_typesupport_introspection_c.h
[4.339s] -- Installing: /home/ALEX/anytrack/ros/install/interfaces/include/interfaces/interfaces/msg/detail/location__type_support.c
[4.339s] -- Installing: /home/ALEX/anytrack/ros/install/interfaces/include/interfaces/interfaces/msg/detail/camera_locations__rosidl_typesupport_introspection_c.h
[4.339s] -- Installing: /home/ALEX/anytrack/ros/install/interfaces/include/interfaces/interfaces/msg/detail/camera_locations__type_support.c
[4.339s] -- Installing: /home/ALEX/anytrack/ros/install/interfaces/include/interfaces/interfaces/msg/detail/tracks__type_support.c
[4.339s] -- Installing: /home/ALEX/anytrack/ros/install/interfaces/include/interfaces/interfaces/msg/detail/object__rosidl_typesupport_introspection_c.h
[4.339s] -- Installing: /home/ALEX/anytrack/ros/install/interfaces/include/interfaces/interfaces/msg/detail/object__type_support.c
[4.339s] -- Installing: /home/ALEX/anytrack/ros/install/interfaces/include/interfaces/interfaces/msg/detail/tracks__rosidl_typesupport_introspection_c.h
[4.339s] -- Installing: /home/ALEX/anytrack/ros/install/interfaces/include/interfaces/interfaces/msg/rosidl_typesupport_introspection_c__visibility_control.h
[4.340s] -- Installing: /home/ALEX/anytrack/ros/install/interfaces/lib/libinterfaces__rosidl_typesupport_introspection_c.so
[4.340s] -- Set runtime path of "/home/ALEX/anytrack/ros/install/interfaces/lib/libinterfaces__rosidl_typesupport_introspection_c.so" to ""
[4.340s] -- Installing: /home/ALEX/anytrack/ros/install/interfaces/lib/libinterfaces__rosidl_typesupport_c.so
[4.340s] -- Set runtime path of "/home/ALEX/anytrack/ros/install/interfaces/lib/libinterfaces__rosidl_typesupport_c.so" to ""
[4.340s] -- Up-to-date: /home/ALEX/anytrack/ros/install/interfaces/include/interfaces/interfaces
[4.340s] -- Up-to-date: /home/ALEX/anytrack/ros/install/interfaces/include/interfaces/interfaces/msg
[4.340s] -- Installing: /home/ALEX/anytrack/ros/install/interfaces/include/interfaces/interfaces/msg/tracks.hpp
[4.340s] -- Up-to-date: /home/ALEX/anytrack/ros/install/interfaces/include/interfaces/interfaces/msg/detail
[4.340s] -- Installing: /home/ALEX/anytrack/ros/install/interfaces/include/interfaces/interfaces/msg/detail/location__struct.hpp
[4.341s] -- Installing: /home/ALEX/anytrack/ros/install/interfaces/include/interfaces/interfaces/msg/detail/tracks__struct.hpp
[4.341s] -- Installing: /home/ALEX/anytrack/ros/install/interfaces/include/interfaces/interfaces/msg/detail/object__traits.hpp
[4.341s] -- Installing: /home/ALEX/anytrack/ros/install/interfaces/include/interfaces/interfaces/msg/detail/tracks__traits.hpp
[4.341s] -- Installing: /home/ALEX/anytrack/ros/install/interfaces/include/interfaces/interfaces/msg/detail/location__traits.hpp
[4.341s] -- Installing: /home/ALEX/anytrack/ros/install/interfaces/include/interfaces/interfaces/msg/detail/camera_locations__builder.hpp
[4.341s] -- Installing: /home/ALEX/anytrack/ros/install/interfaces/include/interfaces/interfaces/msg/detail/camera_locations__struct.hpp
[4.341s] -- Installing: /home/ALEX/anytrack/ros/install/interfaces/include/interfaces/interfaces/msg/detail/location__builder.hpp
[4.341s] -- Installing: /home/ALEX/anytrack/ros/install/interfaces/include/interfaces/interfaces/msg/detail/tracks__builder.hpp
[4.341s] -- Installing: /home/ALEX/anytrack/ros/install/interfaces/include/interfaces/interfaces/msg/detail/camera_locations__traits.hpp
[4.341s] -- Installing: /home/ALEX/anytrack/ros/install/interfaces/include/interfaces/interfaces/msg/detail/object__builder.hpp
[4.342s] -- Installing: /home/ALEX/anytrack/ros/install/interfaces/include/interfaces/interfaces/msg/detail/object__struct.hpp
[4.342s] -- Installing: /home/ALEX/anytrack/ros/install/interfaces/include/interfaces/interfaces/msg/camera_locations.hpp
[4.342s] -- Installing: /home/ALEX/anytrack/ros/install/interfaces/include/interfaces/interfaces/msg/object.hpp
[4.342s] -- Installing: /home/ALEX/anytrack/ros/install/interfaces/include/interfaces/interfaces/msg/location.hpp
[4.342s] -- Up-to-date: /home/ALEX/anytrack/ros/install/interfaces/include/interfaces/interfaces
[4.342s] -- Up-to-date: /home/ALEX/anytrack/ros/install/interfaces/include/interfaces/interfaces/msg
[4.342s] -- Installing: /home/ALEX/anytrack/ros/install/interfaces/include/interfaces/interfaces/msg/rosidl_typesupport_fastrtps_cpp__visibility_control.h
[4.342s] -- Up-to-date: /home/ALEX/anytrack/ros/install/interfaces/include/interfaces/interfaces/msg/detail
[4.343s] -- Installing: /home/ALEX/anytrack/ros/install/interfaces/include/interfaces/interfaces/msg/detail/location__rosidl_typesupport_fastrtps_cpp.hpp
[4.343s] -- Installing: /home/ALEX/anytrack/ros/install/interfaces/include/interfaces/interfaces/msg/detail/tracks__rosidl_typesupport_fastrtps_cpp.hpp
[4.343s] -- Up-to-date: /home/ALEX/anytrack/ros/install/interfaces/include/interfaces/interfaces/msg/detail/dds_fastrtps
[4.343s] -- Installing: /home/ALEX/anytrack/ros/install/interfaces/include/interfaces/interfaces/msg/detail/object__rosidl_typesupport_fastrtps_cpp.hpp
[4.343s] -- Installing: /home/ALEX/anytrack/ros/install/interfaces/include/interfaces/interfaces/msg/detail/camera_locations__rosidl_typesupport_fastrtps_cpp.hpp
[4.343s] -- Installing: /home/ALEX/anytrack/ros/install/interfaces/lib/libinterfaces__rosidl_typesupport_fastrtps_cpp.so
[4.343s] -- Set runtime path of "/home/ALEX/anytrack/ros/install/interfaces/lib/libinterfaces__rosidl_typesupport_fastrtps_cpp.so" to ""
[4.343s] -- Up-to-date: /home/ALEX/anytrack/ros/install/interfaces/include/interfaces/interfaces
[4.343s] -- Up-to-date: /home/ALEX/anytrack/ros/install/interfaces/include/interfaces/interfaces/msg
[4.344s] -- Up-to-date: /home/ALEX/anytrack/ros/install/interfaces/include/interfaces/interfaces/msg/detail
[4.344s] -- Installing: /home/ALEX/anytrack/ros/install/interfaces/include/interfaces/interfaces/msg/detail/location__type_support.cpp
[4.344s] -- Installing: /home/ALEX/anytrack/ros/install/interfaces/include/interfaces/interfaces/msg/detail/object__type_support.cpp
[4.344s] -- Installing: /home/ALEX/anytrack/ros/install/interfaces/include/interfaces/interfaces/msg/detail/location__rosidl_typesupport_introspection_cpp.hpp
[4.344s] -- Installing: /home/ALEX/anytrack/ros/install/interfaces/include/interfaces/interfaces/msg/detail/tracks__type_support.cpp
[4.344s] -- Installing: /home/ALEX/anytrack/ros/install/interfaces/include/interfaces/interfaces/msg/detail/camera_locations__rosidl_typesupport_introspection_cpp.hpp
[4.344s] -- Installing: /home/ALEX/anytrack/ros/install/interfaces/include/interfaces/interfaces/msg/detail/object__rosidl_typesupport_introspection_cpp.hpp
[4.344s] -- Installing: /home/ALEX/anytrack/ros/install/interfaces/include/interfaces/interfaces/msg/detail/camera_locations__type_support.cpp
[4.344s] -- Installing: /home/ALEX/anytrack/ros/install/interfaces/include/interfaces/interfaces/msg/detail/tracks__rosidl_typesupport_introspection_cpp.hpp
[4.344s] -- Installing: /home/ALEX/anytrack/ros/install/interfaces/lib/libinterfaces__rosidl_typesupport_introspection_cpp.so
[4.345s] -- Set runtime path of "/home/ALEX/anytrack/ros/install/interfaces/lib/libinterfaces__rosidl_typesupport_introspection_cpp.so" to ""
[4.345s] -- Installing: /home/ALEX/anytrack/ros/install/interfaces/lib/libinterfaces__rosidl_typesupport_cpp.so
[4.345s] -- Set runtime path of "/home/ALEX/anytrack/ros/install/interfaces/lib/libinterfaces__rosidl_typesupport_cpp.so" to ""
[4.345s] -- Installing: /home/ALEX/anytrack/ros/install/interfaces/share/interfaces/environment/pythonpath.sh
[4.345s] -- Installing: /home/ALEX/anytrack/ros/install/interfaces/share/interfaces/environment/pythonpath.dsv
[4.345s] -- Up-to-date: /home/ALEX/anytrack/ros/install/interfaces/local/lib/python3.10/dist-packages/interfaces-0.0.0-py3.10.egg-info
[4.345s] -- Installing: /home/ALEX/anytrack/ros/install/interfaces/local/lib/python3.10/dist-packages/interfaces-0.0.0-py3.10.egg-info/dependency_links.txt
[4.346s] -- Installing: /home/ALEX/anytrack/ros/install/interfaces/local/lib/python3.10/dist-packages/interfaces-0.0.0-py3.10.egg-info/PKG-INFO
[4.346s] -- Installing: /home/ALEX/anytrack/ros/install/interfaces/local/lib/python3.10/dist-packages/interfaces-0.0.0-py3.10.egg-info/top_level.txt
[4.346s] -- Installing: /home/ALEX/anytrack/ros/install/interfaces/local/lib/python3.10/dist-packages/interfaces-0.0.0-py3.10.egg-info/SOURCES.txt
[4.346s] -- Up-to-date: /home/ALEX/anytrack/ros/install/interfaces/local/lib/python3.10/dist-packages/interfaces
[4.346s] -- Installing: /home/ALEX/anytrack/ros/install/interfaces/local/lib/python3.10/dist-packages/interfaces/interfaces_s__rosidl_typesupport_c.cpython-310-x86_64-linux-gnu.so
[4.346s] -- Installing: /home/ALEX/anytrack/ros/install/interfaces/local/lib/python3.10/dist-packages/interfaces/_interfaces_s.ep.rosidl_typesupport_c.c
[4.346s] -- Installing: /home/ALEX/anytrack/ros/install/interfaces/local/lib/python3.10/dist-packages/interfaces/_interfaces_s.ep.rosidl_typesupport_fastrtps_c.c
[4.346s] -- Installing: /home/ALEX/anytrack/ros/install/interfaces/local/lib/python3.10/dist-packages/interfaces/interfaces_s__rosidl_typesupport_fastrtps_c.cpython-310-x86_64-linux-gnu.so
[4.346s] -- Installing: /home/ALEX/anytrack/ros/install/interfaces/local/lib/python3.10/dist-packages/interfaces/interfaces_s__rosidl_typesupport_introspection_c.cpython-310-x86_64-linux-gnu.so
[4.346s] -- Installing: /home/ALEX/anytrack/ros/install/interfaces/local/lib/python3.10/dist-packages/interfaces/libinterfaces__rosidl_generator_py.so
[4.347s] -- Installing: /home/ALEX/anytrack/ros/install/interfaces/local/lib/python3.10/dist-packages/interfaces/_interfaces_s.ep.rosidl_typesupport_introspection_c.c
[4.347s] -- Up-to-date: /home/ALEX/anytrack/ros/install/interfaces/local/lib/python3.10/dist-packages/interfaces/msg
[4.347s] -- Installing: /home/ALEX/anytrack/ros/install/interfaces/local/lib/python3.10/dist-packages/interfaces/msg/_camera_locations.py
[4.347s] -- Installing: /home/ALEX/anytrack/ros/install/interfaces/local/lib/python3.10/dist-packages/interfaces/msg/_tracks_s.c
[4.347s] -- Installing: /home/ALEX/anytrack/ros/install/interfaces/local/lib/python3.10/dist-packages/interfaces/msg/_camera_locations_s.c
[4.347s] -- Installing: /home/ALEX/anytrack/ros/install/interfaces/local/lib/python3.10/dist-packages/interfaces/msg/_object_s.c
[4.347s] -- Installing: /home/ALEX/anytrack/ros/install/interfaces/local/lib/python3.10/dist-packages/interfaces/msg/_tracks.py
[4.347s] -- Installing: /home/ALEX/anytrack/ros/install/interfaces/local/lib/python3.10/dist-packages/interfaces/msg/_location_s.c
[4.347s] -- Installing: /home/ALEX/anytrack/ros/install/interfaces/local/lib/python3.10/dist-packages/interfaces/msg/_location.py
[4.347s] -- Installing: /home/ALEX/anytrack/ros/install/interfaces/local/lib/python3.10/dist-packages/interfaces/msg/_object.py
[4.348s] -- Installing: /home/ALEX/anytrack/ros/install/interfaces/local/lib/python3.10/dist-packages/interfaces/msg/__init__.py
[4.348s] -- Installing: /home/ALEX/anytrack/ros/install/interfaces/local/lib/python3.10/dist-packages/interfaces/__init__.py
[4.381s] Listing '/home/ALEX/anytrack/ros/install/interfaces/local/lib/python3.10/dist-packages/interfaces'...
[4.381s] Compiling '/home/ALEX/anytrack/ros/install/interfaces/local/lib/python3.10/dist-packages/interfaces/__init__.py'...
[4.381s] Listing '/home/ALEX/anytrack/ros/install/interfaces/local/lib/python3.10/dist-packages/interfaces/msg'...
[4.381s] Compiling '/home/ALEX/anytrack/ros/install/interfaces/local/lib/python3.10/dist-packages/interfaces/msg/__init__.py'...
[4.382s] Compiling '/home/ALEX/anytrack/ros/install/interfaces/local/lib/python3.10/dist-packages/interfaces/msg/_camera_locations.py'...
[4.382s] Compiling '/home/ALEX/anytrack/ros/install/interfaces/local/lib/python3.10/dist-packages/interfaces/msg/_location.py'...
[4.382s] Compiling '/home/ALEX/anytrack/ros/install/interfaces/local/lib/python3.10/dist-packages/interfaces/msg/_object.py'...
[4.382s] Compiling '/home/ALEX/anytrack/ros/install/interfaces/local/lib/python3.10/dist-packages/interfaces/msg/_tracks.py'...
[4.385s] -- Installing: /home/ALEX/anytrack/ros/install/interfaces/local/lib/python3.10/dist-packages/interfaces/interfaces_s__rosidl_typesupport_fastrtps_c.cpython-310-x86_64-linux-gnu.so
[4.385s] -- Set runtime path of "/home/ALEX/anytrack/ros/install/interfaces/local/lib/python3.10/dist-packages/interfaces/interfaces_s__rosidl_typesupport_fastrtps_c.cpython-310-x86_64-linux-gnu.so" to ""
[4.385s] -- Installing: /home/ALEX/anytrack/ros/install/interfaces/local/lib/python3.10/dist-packages/interfaces/interfaces_s__rosidl_typesupport_introspection_c.cpython-310-x86_64-linux-gnu.so
[4.386s] -- Set runtime path of "/home/ALEX/anytrack/ros/install/interfaces/local/lib/python3.10/dist-packages/interfaces/interfaces_s__rosidl_typesupport_introspection_c.cpython-310-x86_64-linux-gnu.so" to ""
[4.386s] -- Installing: /home/ALEX/anytrack/ros/install/interfaces/local/lib/python3.10/dist-packages/interfaces/interfaces_s__rosidl_typesupport_c.cpython-310-x86_64-linux-gnu.so
[4.386s] -- Set runtime path of "/home/ALEX/anytrack/ros/install/interfaces/local/lib/python3.10/dist-packages/interfaces/interfaces_s__rosidl_typesupport_c.cpython-310-x86_64-linux-gnu.so" to ""
[4.386s] -- Installing: /home/ALEX/anytrack/ros/install/interfaces/lib/libinterfaces__rosidl_generator_py.so
[4.386s] -- Set runtime path of "/home/ALEX/anytrack/ros/install/interfaces/lib/libinterfaces__rosidl_generator_py.so" to ""
[4.387s] -- Installing: /home/ALEX/anytrack/ros/install/interfaces/share/interfaces/msg/Object.idl
[4.387s] -- Installing: /home/ALEX/anytrack/ros/install/interfaces/share/interfaces/msg/Tracks.idl
[4.387s] -- Installing: /home/ALEX/anytrack/ros/install/interfaces/share/interfaces/msg/Location.idl
[4.387s] -- Installing: /home/ALEX/anytrack/ros/install/interfaces/share/interfaces/msg/CameraLocations.idl
[4.387s] -- Up-to-date: /home/ALEX/anytrack/ros/install/interfaces/share/interfaces/msg/Object.msg
[4.387s] -- Up-to-date: /home/ALEX/anytrack/ros/install/interfaces/share/interfaces/msg/Tracks.msg
[4.387s] -- Up-to-date: /home/ALEX/anytrack/ros/install/interfaces/share/interfaces/msg/Location.msg
[4.388s] -- Up-to-date: /home/ALEX/anytrack/ros/install/interfaces/share/interfaces/msg/CameraLocations.msg
[4.388s] -- Installing: /home/ALEX/anytrack/ros/install/interfaces/share/ament_index/resource_index/package_run_dependencies/interfaces
[4.388s] -- Installing: /home/ALEX/anytrack/ros/install/interfaces/share/ament_index/resource_index/parent_prefix_path/interfaces
[4.388s] -- Up-to-date: /home/ALEX/anytrack/ros/install/interfaces/share/interfaces/environment/ament_prefix_path.sh
[4.388s] -- Installing: /home/ALEX/anytrack/ros/install/interfaces/share/interfaces/environment/ament_prefix_path.dsv
[4.388s] -- Up-to-date: /home/ALEX/anytrack/ros/install/interfaces/share/interfaces/environment/path.sh
[4.388s] -- Installing: /home/ALEX/anytrack/ros/install/interfaces/share/interfaces/environment/path.dsv
[4.388s] -- Installing: /home/ALEX/anytrack/ros/install/interfaces/share/interfaces/local_setup.bash
[4.388s] -- Installing: /home/ALEX/anytrack/ros/install/interfaces/share/interfaces/local_setup.sh
[4.389s] -- Installing: /home/ALEX/anytrack/ros/install/interfaces/share/interfaces/local_setup.zsh
[4.389s] -- Installing: /home/ALEX/anytrack/ros/install/interfaces/share/interfaces/local_setup.dsv
[4.389s] -- Installing: /home/ALEX/anytrack/ros/install/interfaces/share/interfaces/package.dsv
[4.389s] -- Installing: /home/ALEX/anytrack/ros/install/interfaces/share/ament_index/resource_index/packages/interfaces
[4.389s] -- Installing: /home/ALEX/anytrack/ros/install/interfaces/share/interfaces/cmake/export_interfaces__rosidl_generator_cExport.cmake
[4.389s] -- Installing: /home/ALEX/anytrack/ros/install/interfaces/share/interfaces/cmake/export_interfaces__rosidl_generator_cExport-noconfig.cmake
[4.390s] -- Installing: /home/ALEX/anytrack/ros/install/interfaces/share/interfaces/cmake/export_interfaces__rosidl_typesupport_fastrtps_cExport.cmake
[4.390s] -- Installing: /home/ALEX/anytrack/ros/install/interfaces/share/interfaces/cmake/export_interfaces__rosidl_typesupport_fastrtps_cExport-noconfig.cmake
[4.390s] -- Installing: /home/ALEX/anytrack/ros/install/interfaces/share/interfaces/cmake/interfaces__rosidl_typesupport_introspection_cExport.cmake
[4.390s] -- Installing: /home/ALEX/anytrack/ros/install/interfaces/share/interfaces/cmake/interfaces__rosidl_typesupport_introspection_cExport-noconfig.cmake
[4.390s] -- Installing: /home/ALEX/anytrack/ros/install/interfaces/share/interfaces/cmake/interfaces__rosidl_typesupport_cExport.cmake
[4.390s] -- Installing: /home/ALEX/anytrack/ros/install/interfaces/share/interfaces/cmake/interfaces__rosidl_typesupport_cExport-noconfig.cmake
[4.390s] -- Installing: /home/ALEX/anytrack/ros/install/interfaces/share/interfaces/cmake/export_interfaces__rosidl_generator_cppExport.cmake
[4.391s] -- Installing: /home/ALEX/anytrack/ros/install/interfaces/share/interfaces/cmake/export_interfaces__rosidl_typesupport_fastrtps_cppExport.cmake
[4.391s] -- Installing: /home/ALEX/anytrack/ros/install/interfaces/share/interfaces/cmake/export_interfaces__rosidl_typesupport_fastrtps_cppExport-noconfig.cmake
[4.391s] -- Installing: /home/ALEX/anytrack/ros/install/interfaces/share/interfaces/cmake/interfaces__rosidl_typesupport_introspection_cppExport.cmake
[4.391s] -- Installing: /home/ALEX/anytrack/ros/install/interfaces/share/interfaces/cmake/interfaces__rosidl_typesupport_introspection_cppExport-noconfig.cmake
[4.391s] -- Installing: /home/ALEX/anytrack/ros/install/interfaces/share/interfaces/cmake/interfaces__rosidl_typesupport_cppExport.cmake
[4.391s] -- Installing: /home/ALEX/anytrack/ros/install/interfaces/share/interfaces/cmake/interfaces__rosidl_typesupport_cppExport-noconfig.cmake
[4.391s] -- Installing: /home/ALEX/anytrack/ros/install/interfaces/share/interfaces/cmake/export_interfaces__rosidl_generator_pyExport.cmake
[4.392s] -- Installing: /home/ALEX/anytrack/ros/install/interfaces/share/interfaces/cmake/export_interfaces__rosidl_generator_pyExport-noconfig.cmake
[4.392s] -- Installing: /home/ALEX/anytrack/ros/install/interfaces/share/interfaces/cmake/rosidl_cmake-extras.cmake
[4.392s] -- Installing: /home/ALEX/anytrack/ros/install/interfaces/share/interfaces/cmake/ament_cmake_export_dependencies-extras.cmake
[4.392s] -- Installing: /home/ALEX/anytrack/ros/install/interfaces/share/interfaces/cmake/ament_cmake_export_include_directories-extras.cmake
[4.392s] -- Installing: /home/ALEX/anytrack/ros/install/interfaces/share/interfaces/cmake/ament_cmake_export_libraries-extras.cmake
[4.392s] -- Installing: /home/ALEX/anytrack/ros/install/interfaces/share/interfaces/cmake/ament_cmake_export_targets-extras.cmake
[4.392s] -- Installing: /home/ALEX/anytrack/ros/install/interfaces/share/interfaces/cmake/rosidl_cmake_export_typesupport_targets-extras.cmake
[4.392s] -- Installing: /home/ALEX/anytrack/ros/install/interfaces/share/interfaces/cmake/rosidl_cmake_export_typesupport_libraries-extras.cmake
[4.393s] -- Installing: /home/ALEX/anytrack/ros/install/interfaces/share/interfaces/cmake/interfacesConfig.cmake
[4.393s] -- Installing: /home/ALEX/anytrack/ros/install/interfaces/share/interfaces/cmake/interfacesConfig-version.cmake
[4.393s] -- Up-to-date: /home/ALEX/anytrack/ros/install/interfaces/share/interfaces/package.xml
[4.395s] Invoked command in '/home/ALEX/anytrack/ros/build/interfaces' returned '0': CMAKE_PREFIX_PATH=${CMAKE_PREFIX_PATH}:/home/ALEX/anytrack/ros/install/test_py_pkg:/home/ALEX/anytrack/ros/install/scannerV2:/home/ALEX/anytrack/ros/install/scanner:/home/ALEX/anytrack/ros/install/anytrack:/opt/ros/humble /usr/bin/cmake --install /home/ALEX/anytrack/ros/build/interfaces
