[0.014s] Invoking command in '/home/ALEX/3dev/ros/build/scanner_interfaces': CMAKE_PREFIX_PATH=${CMAKE_PREFIX_PATH}:/home/ALEX/3dev/ros/install/test_py_pkg:/home/ALEX/3dev/ros/install/scanner:/opt/ros/humble /usr/bin/cmake /home/ALEX/3dev/ros/src/scanner_interfaces -DCMAKE_INSTALL_PREFIX=/home/ALEX/3dev/ros/install/scanner_interfaces
[0.061s] -- The C compiler identification is GNU 11.3.0
[0.104s] -- The CXX compiler identification is GNU 11.3.0
[0.111s] -- Detecting C compiler ABI info
[0.161s] -- Detecting C compiler ABI info - done
[0.169s] -- Check for working C compiler: /usr/bin/cc - skipped
[0.169s] -- Detecting C compile features
[0.169s] -- Detecting C compile features - done
[0.172s] -- Detecting CXX compiler ABI info
[0.232s] -- Detecting CXX compiler ABI info - done
[0.240s] -- Check for working CXX compiler: /usr/bin/c++ - skipped
[0.240s] -- Detecting CXX compile features
[0.241s] -- Detecting CXX compile features - done
[0.243s] -- Found ament_cmake: 1.3.2 (/opt/ros/humble/share/ament_cmake/cmake)
[0.397s] -- Found Python3: /usr/bin/python3.10 (found version "3.10.6") found components: Interpreter 
[0.480s] -- Found rosidl_default_generators: 1.2.0 (/opt/ros/humble/share/rosidl_default_generators/cmake)
[0.484s] -- Using all available rosidl_typesupport_c: rosidl_typesupport_fastrtps_c;rosidl_typesupport_introspection_c
[0.492s] -- Found rosidl_adapter: 3.1.3 (/opt/ros/humble/share/rosidl_adapter/cmake)
[0.536s] -- Using all available rosidl_typesupport_cpp: rosidl_typesupport_fastrtps_cpp;rosidl_typesupport_introspection_cpp
[0.787s] -- Found ament_cmake_ros: 0.10.0 (/opt/ros/humble/share/ament_cmake_ros/cmake)
[0.954s] -- Using all available rosidl_typesupport_c: rosidl_typesupport_fastrtps_c;rosidl_typesupport_introspection_c
[1.164s] -- Using all available rosidl_typesupport_cpp: rosidl_typesupport_fastrtps_cpp;rosidl_typesupport_introspection_cpp
[1.183s] -- Found PythonInterp: /usr/bin/python3 (found suitable version "3.10.6", minimum required is "3.6") 
[1.185s] -- Found python_cmake_module: 0.10.0 (/opt/ros/humble/share/python_cmake_module/cmake)
[1.209s] -- Found PythonLibs: /usr/lib/x86_64-linux-gnu/libpython3.10.so (found suitable version "3.10.6", minimum required is "3.5") 
[1.209s] -- Using PYTHON_EXECUTABLE: /usr/bin/python3
[1.209s] -- Using PYTHON_INCLUDE_DIRS: /usr/include/python3.10
[1.209s] -- Using PYTHON_LIBRARIES: /usr/lib/x86_64-linux-gnu/libpython3.10.so
[1.228s] -- Found PythonExtra: .so  
[1.264s] -- Configuring done
[1.290s] -- Generating done
[1.292s] -- Build files have been written to: /home/ALEX/3dev/ros/build/scanner_interfaces
[1.296s] Invoked command in '/home/ALEX/3dev/ros/build/scanner_interfaces' returned '0': CMAKE_PREFIX_PATH=${CMAKE_PREFIX_PATH}:/home/ALEX/3dev/ros/install/test_py_pkg:/home/ALEX/3dev/ros/install/scanner:/opt/ros/humble /usr/bin/cmake /home/ALEX/3dev/ros/src/scanner_interfaces -DCMAKE_INSTALL_PREFIX=/home/ALEX/3dev/ros/install/scanner_interfaces
[1.297s] Invoking command in '/home/ALEX/3dev/ros/build/scanner_interfaces': CMAKE_PREFIX_PATH=${CMAKE_PREFIX_PATH}:/home/ALEX/3dev/ros/install/test_py_pkg:/home/ALEX/3dev/ros/install/scanner:/opt/ros/humble /usr/bin/cmake --build /home/ALEX/3dev/ros/build/scanner_interfaces -- -j12 -l12
[1.326s] [  3%] [34m[1mGenerating C code for ROS interfaces[0m
[1.333s] [  6%] [34m[1mGenerating C++ code for ROS interfaces[0m
[1.339s] [  6%] Built target ament_cmake_python_copy_scanner_interfaces
[1.568s] [  6%] Built target scanner_interfaces__cpp
[1.574s] running egg_info
[1.574s] creating scanner_interfaces.egg-info
[1.574s] writing scanner_interfaces.egg-info/PKG-INFO
[1.575s] writing dependency_links to scanner_interfaces.egg-info/dependency_links.txt
[1.575s] writing top-level names to scanner_interfaces.egg-info/top_level.txt
[1.575s] writing manifest file 'scanner_interfaces.egg-info/SOURCES.txt'
[1.577s] [ 12%] [34m[1mGenerating C++ type support dispatch for ROS interfaces[0m
[1.577s] [ 12%] [34m[1mGenerating C++ type support for eProsima Fast-RTPS[0m
[1.578s] reading manifest file 'scanner_interfaces.egg-info/SOURCES.txt'
[1.578s] [ 16%] [34m[1mGenerating C++ introspection for ROS interfaces[0m
[1.578s] writing manifest file 'scanner_interfaces.egg-info/SOURCES.txt'
[1.590s] [ 19%] [32mBuilding C object CMakeFiles/scanner_interfaces__rosidl_generator_c.dir/rosidl_generator_c/scanner_interfaces/msg/detail/camera_xy__functions.c.o[0m
[1.604s] [ 19%] Built target ament_cmake_python_build_scanner_interfaces_egg
[1.638s] [ 22%] [32m[1mLinking C shared library libscanner_interfaces__rosidl_generator_c.so[0m
[1.664s] [ 22%] Built target scanner_interfaces__rosidl_generator_c
[1.671s] [ 29%] [34m[1mGenerating C introspection for ROS interfaces[0m
[1.671s] [ 29%] [34m[1mGenerating C type support for eProsima Fast-RTPS[0m
[1.671s] [ 32%] [34m[1mGenerating C type support dispatch for ROS interfaces[0m
[1.794s] [ 35%] [32mBuilding CXX object CMakeFiles/scanner_interfaces__rosidl_typesupport_introspection_cpp.dir/rosidl_typesupport_introspection_cpp/scanner_interfaces/msg/detail/camera_xy__type_support.cpp.o[0m
[1.799s] [ 38%] [32mBuilding CXX object CMakeFiles/scanner_interfaces__rosidl_typesupport_cpp.dir/rosidl_typesupport_cpp/scanner_interfaces/msg/camera_xy__type_support.cpp.o[0m
[1.830s] [ 41%] [32mBuilding CXX object CMakeFiles/scanner_interfaces__rosidl_typesupport_fastrtps_cpp.dir/rosidl_typesupport_fastrtps_cpp/scanner_interfaces/msg/detail/dds_fastrtps/camera_xy__type_support.cpp.o[0m
[1.894s] [ 45%] [32mBuilding CXX object CMakeFiles/scanner_interfaces__rosidl_typesupport_c.dir/rosidl_typesupport_c/scanner_interfaces/msg/camera_xy__type_support.cpp.o[0m
[1.904s] [ 48%] [32mBuilding CXX object CMakeFiles/scanner_interfaces__rosidl_typesupport_fastrtps_c.dir/rosidl_typesupport_fastrtps_c/scanner_interfaces/msg/detail/camera_xy__type_support_c.cpp.o[0m
[1.912s] [ 51%] [32mBuilding C object CMakeFiles/scanner_interfaces__rosidl_typesupport_introspection_c.dir/rosidl_typesupport_introspection_c/scanner_interfaces/msg/detail/camera_xy__type_support.c.o[0m
[1.927s] [ 54%] [32m[1mLinking CXX shared library libscanner_interfaces__rosidl_typesupport_c.so[0m
[1.945s] [ 58%] [32m[1mLinking C shared library libscanner_interfaces__rosidl_typesupport_introspection_c.so[0m
[1.962s] [ 58%] Built target scanner_interfaces__rosidl_typesupport_c
[1.976s] [ 58%] Built target scanner_interfaces__rosidl_typesupport_introspection_c
[2.061s] [ 61%] [32m[1mLinking CXX shared library libscanner_interfaces__rosidl_typesupport_cpp.so[0m
[2.092s] [ 61%] Built target scanner_interfaces__rosidl_typesupport_cpp
[2.157s] [ 64%] [32m[1mLinking CXX shared library libscanner_interfaces__rosidl_typesupport_introspection_cpp.so[0m
[2.170s] [ 67%] [32m[1mLinking CXX shared library libscanner_interfaces__rosidl_typesupport_fastrtps_cpp.so[0m
[2.189s] [ 67%] Built target scanner_interfaces__rosidl_typesupport_introspection_cpp
[2.191s] [ 70%] [32m[1mLinking CXX shared library libscanner_interfaces__rosidl_typesupport_fastrtps_c.so[0m
[2.231s] [ 70%] Built target scanner_interfaces__rosidl_typesupport_fastrtps_cpp
[2.252s] [ 70%] Built target scanner_interfaces__rosidl_typesupport_fastrtps_c
[2.265s] [ 70%] Built target scanner_interfaces
[2.278s] [ 74%] [34m[1mGenerating Python code for ROS interfaces[0m
[2.623s] [ 74%] Built target scanner_interfaces__py
[2.637s] [ 77%] [32mBuilding C object CMakeFiles/scanner_interfaces__rosidl_generator_py.dir/rosidl_generator_py/scanner_interfaces/msg/_camera_xy_s.c.o[0m
[2.738s] [ 80%] [32m[1mLinking C shared library rosidl_generator_py/scanner_interfaces/libscanner_interfaces__rosidl_generator_py.so[0m
[2.767s] [ 80%] Built target scanner_interfaces__rosidl_generator_py
[2.782s] [ 90%] [32mBuilding C object CMakeFiles/scanner_interfaces__rosidl_typesupport_fastrtps_c__pyext.dir/rosidl_generator_py/scanner_interfaces/_scanner_interfaces_s.ep.rosidl_typesupport_fastrtps_c.c.o[0m
[2.782s] [ 90%] [32mBuilding C object CMakeFiles/scanner_interfaces__rosidl_typesupport_introspection_c__pyext.dir/rosidl_generator_py/scanner_interfaces/_scanner_interfaces_s.ep.rosidl_typesupport_introspection_c.c.o[0m
[2.783s] [ 90%] [32mBuilding C object CMakeFiles/scanner_interfaces__rosidl_typesupport_c__pyext.dir/rosidl_generator_py/scanner_interfaces/_scanner_interfaces_s.ep.rosidl_typesupport_c.c.o[0m
[2.862s] [ 93%] [32m[1mLinking C shared library rosidl_generator_py/scanner_interfaces/scanner_interfaces_s__rosidl_typesupport_c.cpython-310-x86_64-linux-gnu.so[0m
[2.865s] [ 96%] [32m[1mLinking C shared library rosidl_generator_py/scanner_interfaces/scanner_interfaces_s__rosidl_typesupport_introspection_c.cpython-310-x86_64-linux-gnu.so[0m
[2.874s] [100%] [32m[1mLinking C shared library rosidl_generator_py/scanner_interfaces/scanner_interfaces_s__rosidl_typesupport_fastrtps_c.cpython-310-x86_64-linux-gnu.so[0m
[2.888s] [100%] Built target scanner_interfaces__rosidl_typesupport_c__pyext
[2.891s] [100%] Built target scanner_interfaces__rosidl_typesupport_introspection_c__pyext
[2.900s] [100%] Built target scanner_interfaces__rosidl_typesupport_fastrtps_c__pyext
[2.910s] Invoked command in '/home/ALEX/3dev/ros/build/scanner_interfaces' returned '0': CMAKE_PREFIX_PATH=${CMAKE_PREFIX_PATH}:/home/ALEX/3dev/ros/install/test_py_pkg:/home/ALEX/3dev/ros/install/scanner:/opt/ros/humble /usr/bin/cmake --build /home/ALEX/3dev/ros/build/scanner_interfaces -- -j12 -l12
[2.954s] Invoking command in '/home/ALEX/3dev/ros/build/scanner_interfaces': CMAKE_PREFIX_PATH=${CMAKE_PREFIX_PATH}:/home/ALEX/3dev/ros/install/test_py_pkg:/home/ALEX/3dev/ros/install/scanner:/opt/ros/humble /usr/bin/cmake --install /home/ALEX/3dev/ros/build/scanner_interfaces
[2.960s] -- Install configuration: ""
[2.960s] -- Installing: /home/ALEX/3dev/ros/install/scanner_interfaces/share/ament_index/resource_index/rosidl_interfaces/scanner_interfaces
[2.960s] -- Installing: /home/ALEX/3dev/ros/install/scanner_interfaces/include/scanner_interfaces/scanner_interfaces
[2.960s] -- Installing: /home/ALEX/3dev/ros/install/scanner_interfaces/include/scanner_interfaces/scanner_interfaces/msg
[2.960s] -- Installing: /home/ALEX/3dev/ros/install/scanner_interfaces/include/scanner_interfaces/scanner_interfaces/msg/camera_xy.h
[2.960s] -- Installing: /home/ALEX/3dev/ros/install/scanner_interfaces/include/scanner_interfaces/scanner_interfaces/msg/rosidl_generator_c__visibility_control.h
[2.960s] -- Installing: /home/ALEX/3dev/ros/install/scanner_interfaces/include/scanner_interfaces/scanner_interfaces/msg/detail
[2.960s] -- Installing: /home/ALEX/3dev/ros/install/scanner_interfaces/include/scanner_interfaces/scanner_interfaces/msg/detail/camera_xy__struct.h
[2.961s] -- Installing: /home/ALEX/3dev/ros/install/scanner_interfaces/include/scanner_interfaces/scanner_interfaces/msg/detail/camera_xy__functions.h
[2.961s] -- Installing: /home/ALEX/3dev/ros/install/scanner_interfaces/include/scanner_interfaces/scanner_interfaces/msg/detail/camera_xy__type_support.h
[2.961s] -- Installing: /home/ALEX/3dev/ros/install/scanner_interfaces/include/scanner_interfaces/scanner_interfaces/msg/detail/camera_xy__functions.c
[2.961s] -- Installing: /home/ALEX/3dev/ros/install/scanner_interfaces/share/scanner_interfaces/environment/library_path.sh
[2.961s] -- Installing: /home/ALEX/3dev/ros/install/scanner_interfaces/share/scanner_interfaces/environment/library_path.dsv
[2.961s] -- Installing: /home/ALEX/3dev/ros/install/scanner_interfaces/lib/libscanner_interfaces__rosidl_generator_c.so
[2.962s] -- Set runtime path of "/home/ALEX/3dev/ros/install/scanner_interfaces/lib/libscanner_interfaces__rosidl_generator_c.so" to ""
[2.962s] -- Up-to-date: /home/ALEX/3dev/ros/install/scanner_interfaces/include/scanner_interfaces/scanner_interfaces
[2.962s] -- Up-to-date: /home/ALEX/3dev/ros/install/scanner_interfaces/include/scanner_interfaces/scanner_interfaces/msg
[2.962s] -- Installing: /home/ALEX/3dev/ros/install/scanner_interfaces/include/scanner_interfaces/scanner_interfaces/msg/rosidl_typesupport_fastrtps_c__visibility_control.h
[2.962s] -- Up-to-date: /home/ALEX/3dev/ros/install/scanner_interfaces/include/scanner_interfaces/scanner_interfaces/msg/detail
[2.962s] -- Installing: /home/ALEX/3dev/ros/install/scanner_interfaces/include/scanner_interfaces/scanner_interfaces/msg/detail/camera_xy__rosidl_typesupport_fastrtps_c.h
[2.962s] -- Installing: /home/ALEX/3dev/ros/install/scanner_interfaces/lib/libscanner_interfaces__rosidl_typesupport_fastrtps_c.so
[2.962s] -- Set runtime path of "/home/ALEX/3dev/ros/install/scanner_interfaces/lib/libscanner_interfaces__rosidl_typesupport_fastrtps_c.so" to ""
[2.963s] -- Up-to-date: /home/ALEX/3dev/ros/install/scanner_interfaces/include/scanner_interfaces/scanner_interfaces
[2.963s] -- Up-to-date: /home/ALEX/3dev/ros/install/scanner_interfaces/include/scanner_interfaces/scanner_interfaces/msg
[2.963s] -- Installing: /home/ALEX/3dev/ros/install/scanner_interfaces/include/scanner_interfaces/scanner_interfaces/msg/rosidl_typesupport_introspection_c__visibility_control.h
[2.963s] -- Up-to-date: /home/ALEX/3dev/ros/install/scanner_interfaces/include/scanner_interfaces/scanner_interfaces/msg/detail
[2.963s] -- Installing: /home/ALEX/3dev/ros/install/scanner_interfaces/include/scanner_interfaces/scanner_interfaces/msg/detail/camera_xy__rosidl_typesupport_introspection_c.h
[2.963s] -- Installing: /home/ALEX/3dev/ros/install/scanner_interfaces/include/scanner_interfaces/scanner_interfaces/msg/detail/camera_xy__type_support.c
[2.963s] -- Installing: /home/ALEX/3dev/ros/install/scanner_interfaces/lib/libscanner_interfaces__rosidl_typesupport_introspection_c.so
[2.964s] -- Set runtime path of "/home/ALEX/3dev/ros/install/scanner_interfaces/lib/libscanner_interfaces__rosidl_typesupport_introspection_c.so" to ""
[2.964s] -- Installing: /home/ALEX/3dev/ros/install/scanner_interfaces/lib/libscanner_interfaces__rosidl_typesupport_c.so
[2.964s] -- Set runtime path of "/home/ALEX/3dev/ros/install/scanner_interfaces/lib/libscanner_interfaces__rosidl_typesupport_c.so" to ""
[2.964s] -- Up-to-date: /home/ALEX/3dev/ros/install/scanner_interfaces/include/scanner_interfaces/scanner_interfaces
[2.964s] -- Up-to-date: /home/ALEX/3dev/ros/install/scanner_interfaces/include/scanner_interfaces/scanner_interfaces/msg
[2.964s] -- Installing: /home/ALEX/3dev/ros/install/scanner_interfaces/include/scanner_interfaces/scanner_interfaces/msg/camera_xy.hpp
[2.964s] -- Up-to-date: /home/ALEX/3dev/ros/install/scanner_interfaces/include/scanner_interfaces/scanner_interfaces/msg/detail
[2.964s] -- Installing: /home/ALEX/3dev/ros/install/scanner_interfaces/include/scanner_interfaces/scanner_interfaces/msg/detail/camera_xy__builder.hpp
[2.964s] -- Installing: /home/ALEX/3dev/ros/install/scanner_interfaces/include/scanner_interfaces/scanner_interfaces/msg/detail/camera_xy__traits.hpp
[2.965s] -- Installing: /home/ALEX/3dev/ros/install/scanner_interfaces/include/scanner_interfaces/scanner_interfaces/msg/detail/camera_xy__struct.hpp
[2.965s] -- Up-to-date: /home/ALEX/3dev/ros/install/scanner_interfaces/include/scanner_interfaces/scanner_interfaces
[2.965s] -- Up-to-date: /home/ALEX/3dev/ros/install/scanner_interfaces/include/scanner_interfaces/scanner_interfaces/msg
[2.965s] -- Installing: /home/ALEX/3dev/ros/install/scanner_interfaces/include/scanner_interfaces/scanner_interfaces/msg/rosidl_typesupport_fastrtps_cpp__visibility_control.h
[2.965s] -- Up-to-date: /home/ALEX/3dev/ros/install/scanner_interfaces/include/scanner_interfaces/scanner_interfaces/msg/detail
[2.965s] -- Installing: /home/ALEX/3dev/ros/install/scanner_interfaces/include/scanner_interfaces/scanner_interfaces/msg/detail/camera_xy__rosidl_typesupport_fastrtps_cpp.hpp
[2.965s] -- Installing: /home/ALEX/3dev/ros/install/scanner_interfaces/include/scanner_interfaces/scanner_interfaces/msg/detail/dds_fastrtps
[2.965s] -- Installing: /home/ALEX/3dev/ros/install/scanner_interfaces/lib/libscanner_interfaces__rosidl_typesupport_fastrtps_cpp.so
[2.965s] -- Set runtime path of "/home/ALEX/3dev/ros/install/scanner_interfaces/lib/libscanner_interfaces__rosidl_typesupport_fastrtps_cpp.so" to ""
[2.966s] -- Up-to-date: /home/ALEX/3dev/ros/install/scanner_interfaces/include/scanner_interfaces/scanner_interfaces
[2.966s] -- Up-to-date: /home/ALEX/3dev/ros/install/scanner_interfaces/include/scanner_interfaces/scanner_interfaces/msg
[2.966s] -- Up-to-date: /home/ALEX/3dev/ros/install/scanner_interfaces/include/scanner_interfaces/scanner_interfaces/msg/detail
[2.966s] -- Installing: /home/ALEX/3dev/ros/install/scanner_interfaces/include/scanner_interfaces/scanner_interfaces/msg/detail/camera_xy__rosidl_typesupport_introspection_cpp.hpp
[2.966s] -- Installing: /home/ALEX/3dev/ros/install/scanner_interfaces/include/scanner_interfaces/scanner_interfaces/msg/detail/camera_xy__type_support.cpp
[2.966s] -- Installing: /home/ALEX/3dev/ros/install/scanner_interfaces/lib/libscanner_interfaces__rosidl_typesupport_introspection_cpp.so
[2.966s] -- Set runtime path of "/home/ALEX/3dev/ros/install/scanner_interfaces/lib/libscanner_interfaces__rosidl_typesupport_introspection_cpp.so" to ""
[2.966s] -- Installing: /home/ALEX/3dev/ros/install/scanner_interfaces/lib/libscanner_interfaces__rosidl_typesupport_cpp.so
[2.967s] -- Set runtime path of "/home/ALEX/3dev/ros/install/scanner_interfaces/lib/libscanner_interfaces__rosidl_typesupport_cpp.so" to ""
[2.967s] -- Installing: /home/ALEX/3dev/ros/install/scanner_interfaces/share/scanner_interfaces/environment/pythonpath.sh
[2.967s] -- Installing: /home/ALEX/3dev/ros/install/scanner_interfaces/share/scanner_interfaces/environment/pythonpath.dsv
[2.967s] -- Installing: /home/ALEX/3dev/ros/install/scanner_interfaces/local/lib/python3.10/dist-packages/scanner_interfaces-0.0.0-py3.10.egg-info
[2.967s] -- Installing: /home/ALEX/3dev/ros/install/scanner_interfaces/local/lib/python3.10/dist-packages/scanner_interfaces-0.0.0-py3.10.egg-info/PKG-INFO
[2.967s] -- Installing: /home/ALEX/3dev/ros/install/scanner_interfaces/local/lib/python3.10/dist-packages/scanner_interfaces-0.0.0-py3.10.egg-info/dependency_links.txt
[2.967s] -- Installing: /home/ALEX/3dev/ros/install/scanner_interfaces/local/lib/python3.10/dist-packages/scanner_interfaces-0.0.0-py3.10.egg-info/SOURCES.txt
[2.967s] -- Installing: /home/ALEX/3dev/ros/install/scanner_interfaces/local/lib/python3.10/dist-packages/scanner_interfaces-0.0.0-py3.10.egg-info/top_level.txt
[2.967s] -- Installing: /home/ALEX/3dev/ros/install/scanner_interfaces/local/lib/python3.10/dist-packages/scanner_interfaces
[2.968s] -- Installing: /home/ALEX/3dev/ros/install/scanner_interfaces/local/lib/python3.10/dist-packages/scanner_interfaces/_scanner_interfaces_s.ep.rosidl_typesupport_introspection_c.c
[2.968s] -- Installing: /home/ALEX/3dev/ros/install/scanner_interfaces/local/lib/python3.10/dist-packages/scanner_interfaces/scanner_interfaces_s__rosidl_typesupport_c.cpython-310-x86_64-linux-gnu.so
[2.968s] -- Installing: /home/ALEX/3dev/ros/install/scanner_interfaces/local/lib/python3.10/dist-packages/scanner_interfaces/__init__.py
[2.968s] -- Installing: /home/ALEX/3dev/ros/install/scanner_interfaces/local/lib/python3.10/dist-packages/scanner_interfaces/libscanner_interfaces__rosidl_generator_py.so
[2.968s] -- Installing: /home/ALEX/3dev/ros/install/scanner_interfaces/local/lib/python3.10/dist-packages/scanner_interfaces/_scanner_interfaces_s.ep.rosidl_typesupport_c.c
[2.968s] -- Installing: /home/ALEX/3dev/ros/install/scanner_interfaces/local/lib/python3.10/dist-packages/scanner_interfaces/_scanner_interfaces_s.ep.rosidl_typesupport_fastrtps_c.c
[2.968s] -- Installing: /home/ALEX/3dev/ros/install/scanner_interfaces/local/lib/python3.10/dist-packages/scanner_interfaces/msg
[2.968s] -- Installing: /home/ALEX/3dev/ros/install/scanner_interfaces/local/lib/python3.10/dist-packages/scanner_interfaces/msg/_camera_xy_s.c
[2.968s] -- Installing: /home/ALEX/3dev/ros/install/scanner_interfaces/local/lib/python3.10/dist-packages/scanner_interfaces/msg/_camera_xy.py
[2.969s] -- Installing: /home/ALEX/3dev/ros/install/scanner_interfaces/local/lib/python3.10/dist-packages/scanner_interfaces/msg/__init__.py
[2.969s] -- Installing: /home/ALEX/3dev/ros/install/scanner_interfaces/local/lib/python3.10/dist-packages/scanner_interfaces/scanner_interfaces_s__rosidl_typesupport_fastrtps_c.cpython-310-x86_64-linux-gnu.so
[2.969s] -- Installing: /home/ALEX/3dev/ros/install/scanner_interfaces/local/lib/python3.10/dist-packages/scanner_interfaces/scanner_interfaces_s__rosidl_typesupport_introspection_c.cpython-310-x86_64-linux-gnu.so
[2.999s] Listing '/home/ALEX/3dev/ros/install/scanner_interfaces/local/lib/python3.10/dist-packages/scanner_interfaces'...
[2.999s] Compiling '/home/ALEX/3dev/ros/install/scanner_interfaces/local/lib/python3.10/dist-packages/scanner_interfaces/__init__.py'...
[2.999s] Listing '/home/ALEX/3dev/ros/install/scanner_interfaces/local/lib/python3.10/dist-packages/scanner_interfaces/msg'...
[2.999s] Compiling '/home/ALEX/3dev/ros/install/scanner_interfaces/local/lib/python3.10/dist-packages/scanner_interfaces/msg/__init__.py'...
[2.999s] Compiling '/home/ALEX/3dev/ros/install/scanner_interfaces/local/lib/python3.10/dist-packages/scanner_interfaces/msg/_camera_xy.py'...
[3.002s] -- Installing: /home/ALEX/3dev/ros/install/scanner_interfaces/local/lib/python3.10/dist-packages/scanner_interfaces/scanner_interfaces_s__rosidl_typesupport_fastrtps_c.cpython-310-x86_64-linux-gnu.so
[3.003s] -- Set runtime path of "/home/ALEX/3dev/ros/install/scanner_interfaces/local/lib/python3.10/dist-packages/scanner_interfaces/scanner_interfaces_s__rosidl_typesupport_fastrtps_c.cpython-310-x86_64-linux-gnu.so" to ""
[3.003s] -- Installing: /home/ALEX/3dev/ros/install/scanner_interfaces/local/lib/python3.10/dist-packages/scanner_interfaces/scanner_interfaces_s__rosidl_typesupport_introspection_c.cpython-310-x86_64-linux-gnu.so
[3.003s] -- Set runtime path of "/home/ALEX/3dev/ros/install/scanner_interfaces/local/lib/python3.10/dist-packages/scanner_interfaces/scanner_interfaces_s__rosidl_typesupport_introspection_c.cpython-310-x86_64-linux-gnu.so" to ""
[3.003s] -- Installing: /home/ALEX/3dev/ros/install/scanner_interfaces/local/lib/python3.10/dist-packages/scanner_interfaces/scanner_interfaces_s__rosidl_typesupport_c.cpython-310-x86_64-linux-gnu.so
[3.004s] -- Set runtime path of "/home/ALEX/3dev/ros/install/scanner_interfaces/local/lib/python3.10/dist-packages/scanner_interfaces/scanner_interfaces_s__rosidl_typesupport_c.cpython-310-x86_64-linux-gnu.so" to ""
[3.004s] -- Installing: /home/ALEX/3dev/ros/install/scanner_interfaces/lib/libscanner_interfaces__rosidl_generator_py.so
[3.004s] -- Set runtime path of "/home/ALEX/3dev/ros/install/scanner_interfaces/lib/libscanner_interfaces__rosidl_generator_py.so" to ""
[3.004s] -- Installing: /home/ALEX/3dev/ros/install/scanner_interfaces/share/scanner_interfaces/msg/CameraXY.idl
[3.004s] -- Installing: /home/ALEX/3dev/ros/install/scanner_interfaces/share/scanner_interfaces/msg/CameraXY.msg
[3.005s] -- Installing: /home/ALEX/3dev/ros/install/scanner_interfaces/share/ament_index/resource_index/package_run_dependencies/scanner_interfaces
[3.005s] -- Installing: /home/ALEX/3dev/ros/install/scanner_interfaces/share/ament_index/resource_index/parent_prefix_path/scanner_interfaces
[3.005s] -- Installing: /home/ALEX/3dev/ros/install/scanner_interfaces/share/scanner_interfaces/environment/ament_prefix_path.sh
[3.005s] -- Installing: /home/ALEX/3dev/ros/install/scanner_interfaces/share/scanner_interfaces/environment/ament_prefix_path.dsv
[3.005s] -- Installing: /home/ALEX/3dev/ros/install/scanner_interfaces/share/scanner_interfaces/environment/path.sh
[3.005s] -- Installing: /home/ALEX/3dev/ros/install/scanner_interfaces/share/scanner_interfaces/environment/path.dsv
[3.005s] -- Installing: /home/ALEX/3dev/ros/install/scanner_interfaces/share/scanner_interfaces/local_setup.bash
[3.006s] -- Installing: /home/ALEX/3dev/ros/install/scanner_interfaces/share/scanner_interfaces/local_setup.sh
[3.006s] -- Installing: /home/ALEX/3dev/ros/install/scanner_interfaces/share/scanner_interfaces/local_setup.zsh
[3.006s] -- Installing: /home/ALEX/3dev/ros/install/scanner_interfaces/share/scanner_interfaces/local_setup.dsv
[3.006s] -- Installing: /home/ALEX/3dev/ros/install/scanner_interfaces/share/scanner_interfaces/package.dsv
[3.006s] -- Installing: /home/ALEX/3dev/ros/install/scanner_interfaces/share/ament_index/resource_index/packages/scanner_interfaces
[3.006s] -- Installing: /home/ALEX/3dev/ros/install/scanner_interfaces/share/scanner_interfaces/cmake/export_scanner_interfaces__rosidl_generator_cExport.cmake
[3.007s] -- Installing: /home/ALEX/3dev/ros/install/scanner_interfaces/share/scanner_interfaces/cmake/export_scanner_interfaces__rosidl_generator_cExport-noconfig.cmake
[3.007s] -- Installing: /home/ALEX/3dev/ros/install/scanner_interfaces/share/scanner_interfaces/cmake/export_scanner_interfaces__rosidl_typesupport_fastrtps_cExport.cmake
[3.007s] -- Installing: /home/ALEX/3dev/ros/install/scanner_interfaces/share/scanner_interfaces/cmake/export_scanner_interfaces__rosidl_typesupport_fastrtps_cExport-noconfig.cmake
[3.007s] -- Installing: /home/ALEX/3dev/ros/install/scanner_interfaces/share/scanner_interfaces/cmake/scanner_interfaces__rosidl_typesupport_introspection_cExport.cmake
[3.007s] -- Installing: /home/ALEX/3dev/ros/install/scanner_interfaces/share/scanner_interfaces/cmake/scanner_interfaces__rosidl_typesupport_introspection_cExport-noconfig.cmake
[3.007s] -- Installing: /home/ALEX/3dev/ros/install/scanner_interfaces/share/scanner_interfaces/cmake/scanner_interfaces__rosidl_typesupport_cExport.cmake
[3.007s] -- Installing: /home/ALEX/3dev/ros/install/scanner_interfaces/share/scanner_interfaces/cmake/scanner_interfaces__rosidl_typesupport_cExport-noconfig.cmake
[3.007s] -- Installing: /home/ALEX/3dev/ros/install/scanner_interfaces/share/scanner_interfaces/cmake/export_scanner_interfaces__rosidl_generator_cppExport.cmake
[3.008s] -- Installing: /home/ALEX/3dev/ros/install/scanner_interfaces/share/scanner_interfaces/cmake/export_scanner_interfaces__rosidl_typesupport_fastrtps_cppExport.cmake
[3.008s] -- Installing: /home/ALEX/3dev/ros/install/scanner_interfaces/share/scanner_interfaces/cmake/export_scanner_interfaces__rosidl_typesupport_fastrtps_cppExport-noconfig.cmake
[3.008s] -- Installing: /home/ALEX/3dev/ros/install/scanner_interfaces/share/scanner_interfaces/cmake/scanner_interfaces__rosidl_typesupport_introspection_cppExport.cmake
[3.008s] -- Installing: /home/ALEX/3dev/ros/install/scanner_interfaces/share/scanner_interfaces/cmake/scanner_interfaces__rosidl_typesupport_introspection_cppExport-noconfig.cmake
[3.008s] -- Installing: /home/ALEX/3dev/ros/install/scanner_interfaces/share/scanner_interfaces/cmake/scanner_interfaces__rosidl_typesupport_cppExport.cmake
[3.008s] -- Installing: /home/ALEX/3dev/ros/install/scanner_interfaces/share/scanner_interfaces/cmake/scanner_interfaces__rosidl_typesupport_cppExport-noconfig.cmake
[3.008s] -- Installing: /home/ALEX/3dev/ros/install/scanner_interfaces/share/scanner_interfaces/cmake/export_scanner_interfaces__rosidl_generator_pyExport.cmake
[3.009s] -- Installing: /home/ALEX/3dev/ros/install/scanner_interfaces/share/scanner_interfaces/cmake/export_scanner_interfaces__rosidl_generator_pyExport-noconfig.cmake
[3.009s] -- Installing: /home/ALEX/3dev/ros/install/scanner_interfaces/share/scanner_interfaces/cmake/rosidl_cmake-extras.cmake
[3.009s] -- Installing: /home/ALEX/3dev/ros/install/scanner_interfaces/share/scanner_interfaces/cmake/ament_cmake_export_include_directories-extras.cmake
[3.009s] -- Installing: /home/ALEX/3dev/ros/install/scanner_interfaces/share/scanner_interfaces/cmake/ament_cmake_export_libraries-extras.cmake
[3.009s] -- Installing: /home/ALEX/3dev/ros/install/scanner_interfaces/share/scanner_interfaces/cmake/ament_cmake_export_targets-extras.cmake
[3.009s] -- Installing: /home/ALEX/3dev/ros/install/scanner_interfaces/share/scanner_interfaces/cmake/rosidl_cmake_export_typesupport_targets-extras.cmake
[3.009s] -- Installing: /home/ALEX/3dev/ros/install/scanner_interfaces/share/scanner_interfaces/cmake/ament_cmake_export_dependencies-extras.cmake
[3.009s] -- Installing: /home/ALEX/3dev/ros/install/scanner_interfaces/share/scanner_interfaces/cmake/rosidl_cmake_export_typesupport_libraries-extras.cmake
[3.010s] -- Installing: /home/ALEX/3dev/ros/install/scanner_interfaces/share/scanner_interfaces/cmake/scanner_interfacesConfig.cmake
[3.010s] -- Installing: /home/ALEX/3dev/ros/install/scanner_interfaces/share/scanner_interfaces/cmake/scanner_interfacesConfig-version.cmake
[3.010s] -- Installing: /home/ALEX/3dev/ros/install/scanner_interfaces/share/scanner_interfaces/package.xml
[3.012s] Invoked command in '/home/ALEX/3dev/ros/build/scanner_interfaces' returned '0': CMAKE_PREFIX_PATH=${CMAKE_PREFIX_PATH}:/home/ALEX/3dev/ros/install/test_py_pkg:/home/ALEX/3dev/ros/install/scanner:/opt/ros/humble /usr/bin/cmake --install /home/ALEX/3dev/ros/build/scanner_interfaces
