[0.015s] Invoking command in '/home/ALEX/anytrack/ros/build/simulation': CMAKE_PREFIX_PATH=${CMAKE_PREFIX_PATH}:/home/ALEX/anytrack/ros/install/test_py_pkg:/home/ALEX/anytrack/ros/install/scannerV2:/home/ALEX/anytrack/ros/install/scanner:/opt/ros/humble /usr/bin/cmake /home/ALEX/anytrack/ros/src/simulation -DAMENT_CMAKE_SYMLINK_INSTALL=1 -DCMAKE_INSTALL_PREFIX=/home/ALEX/anytrack/ros/install/simulation
[0.025s] -- Found ament_cmake: 1.3.3 (/opt/ros/humble/share/ament_cmake/cmake)
[0.152s] -- Override CMake install command with custom implementation using symlinks instead of copying resources
[0.161s] -- Found ament_lint_auto: 0.12.5 (/opt/ros/humble/share/ament_lint_auto/cmake)
[0.223s] -- Added test 'flake8' to check Python code syntax and style conventions
[0.224s] -- Added test 'lint_cmake' to check CMake code style
[0.224s] -- Added test 'pep257' to check Python code against some of the docstring style conventions in PEP 257
[0.225s] -- Added test 'xmllint' to check XML markup files
[0.226s] -- Configuring done
[0.229s] -- Generating done
[0.230s] -- Build files have been written to: /home/ALEX/anytrack/ros/build/simulation
[0.232s] Invoked command in '/home/ALEX/anytrack/ros/build/simulation' returned '0': CMAKE_PREFIX_PATH=${CMAKE_PREFIX_PATH}:/home/ALEX/anytrack/ros/install/test_py_pkg:/home/ALEX/anytrack/ros/install/scannerV2:/home/ALEX/anytrack/ros/install/scanner:/opt/ros/humble /usr/bin/cmake /home/ALEX/anytrack/ros/src/simulation -DAMENT_CMAKE_SYMLINK_INSTALL=1 -DCMAKE_INSTALL_PREFIX=/home/ALEX/anytrack/ros/install/simulation
[0.233s] Invoking command in '/home/ALEX/anytrack/ros/build/simulation': CMAKE_PREFIX_PATH=${CMAKE_PREFIX_PATH}:/home/ALEX/anytrack/ros/install/test_py_pkg:/home/ALEX/anytrack/ros/install/scannerV2:/home/ALEX/anytrack/ros/install/scanner:/opt/ros/humble /usr/bin/cmake --build /home/ALEX/anytrack/ros/build/simulation -- -j12 -l12
[0.263s] Invoked command in '/home/ALEX/anytrack/ros/build/simulation' returned '0': CMAKE_PREFIX_PATH=${CMAKE_PREFIX_PATH}:/home/ALEX/anytrack/ros/install/test_py_pkg:/home/ALEX/anytrack/ros/install/scannerV2:/home/ALEX/anytrack/ros/install/scanner:/opt/ros/humble /usr/bin/cmake --build /home/ALEX/anytrack/ros/build/simulation -- -j12 -l12
[0.287s] Invoking command in '/home/ALEX/anytrack/ros/build/simulation': CMAKE_PREFIX_PATH=${CMAKE_PREFIX_PATH}:/home/ALEX/anytrack/ros/install/test_py_pkg:/home/ALEX/anytrack/ros/install/scannerV2:/home/ALEX/anytrack/ros/install/scanner:/opt/ros/humble /usr/bin/cmake --install /home/ALEX/anytrack/ros/build/simulation
[0.293s] -- Install configuration: ""
[0.293s] -- Execute custom install script
[0.293s] -- Symlinking: /home/ALEX/anytrack/ros/install/simulation/share/simulation/description/example_gazebo.xacro
[0.300s] -- Symlinking: /home/ALEX/anytrack/ros/install/simulation/share/simulation/description/example_include.xacro
[0.308s] -- Symlinking: /home/ALEX/anytrack/ros/install/simulation/share/simulation/description/scene.urdf.xacro
[0.315s] -- Symlinking: /home/ALEX/anytrack/ros/install/simulation/share/simulation/launch/simulation.launch.py
[0.323s] -- Symlinking: /home/ALEX/anytrack/ros/install/simulation/share/ament_index/resource_index/package_run_dependencies/simulation
[0.330s] -- Symlinking: /home/ALEX/anytrack/ros/install/simulation/share/ament_index/resource_index/parent_prefix_path/simulation
[0.337s] -- Symlinking: /home/ALEX/anytrack/ros/install/simulation/share/simulation/environment/ament_prefix_path.sh
[0.344s] -- Symlinking: /home/ALEX/anytrack/ros/install/simulation/share/simulation/environment/ament_prefix_path.dsv
[0.351s] -- Symlinking: /home/ALEX/anytrack/ros/install/simulation/share/simulation/environment/path.sh
[0.358s] -- Symlinking: /home/ALEX/anytrack/ros/install/simulation/share/simulation/environment/path.dsv
[0.365s] -- Symlinking: /home/ALEX/anytrack/ros/install/simulation/share/simulation/local_setup.bash
[0.372s] -- Symlinking: /home/ALEX/anytrack/ros/install/simulation/share/simulation/local_setup.sh
[0.379s] -- Symlinking: /home/ALEX/anytrack/ros/install/simulation/share/simulation/local_setup.zsh
[0.386s] -- Symlinking: /home/ALEX/anytrack/ros/install/simulation/share/simulation/local_setup.dsv
[0.393s] -- Symlinking: /home/ALEX/anytrack/ros/install/simulation/share/simulation/package.dsv
[0.400s] -- Symlinking: /home/ALEX/anytrack/ros/install/simulation/share/ament_index/resource_index/packages/simulation
[0.407s] -- Symlinking: /home/ALEX/anytrack/ros/install/simulation/share/simulation/cmake/simulationConfig.cmake
[0.415s] -- Symlinking: /home/ALEX/anytrack/ros/install/simulation/share/simulation/cmake/simulationConfig-version.cmake
[0.421s] -- Symlinking: /home/ALEX/anytrack/ros/install/simulation/share/simulation/package.xml
[0.430s] Invoked command in '/home/ALEX/anytrack/ros/build/simulation' returned '0': CMAKE_PREFIX_PATH=${CMAKE_PREFIX_PATH}:/home/ALEX/anytrack/ros/install/test_py_pkg:/home/ALEX/anytrack/ros/install/scannerV2:/home/ALEX/anytrack/ros/install/scanner:/opt/ros/humble /usr/bin/cmake --install /home/ALEX/anytrack/ros/build/simulation
