[0.154s] DEBUG:colcon:Command line arguments: ['/usr/bin/colcon', 'build', '--packages-select', 'test_cpp_pkg']
[0.154s] DEBUG:colcon:Parsed command line arguments: Namespace(log_base=None, log_level=None, verb_name='build', build_base='build', install_base='install', merge_install=False, symlink_install=False, test_result_base=None, continue_on_error=False, executor='parallel', parallel_workers=12, event_handlers=None, ignore_user_meta=False, metas=['./colcon.meta'], base_paths=['.'], packages_ignore=None, packages_ignore_regex=None, paths=None, packages_up_to=None, packages_up_to_regex=None, packages_above=None, packages_above_and_dependencies=None, packages_above_depth=None, packages_select_by_dep=None, packages_skip_by_dep=None, packages_skip_up_to=None, packages_select_build_failed=False, packages_skip_build_finished=False, packages_select_test_failures=False, packages_skip_test_passed=False, packages_select=['test_cpp_pkg'], packages_skip=None, packages_select_regex=None, packages_skip_regex=None, packages_start=None, packages_end=None, cmake_args=None, cmake_target=None, cmake_target_skip_unavailable=False, cmake_clean_cache=False, cmake_clean_first=False, cmake_force_configure=False, ament_cmake_args=None, catkin_cmake_args=None, catkin_skip_building_tests=False, mixin_files=None, mixin=None, verb_parser=<colcon_mixin.mixin.mixin_argument.MixinArgumentDecorator object at 0x7f71c131bbe0>, verb_extension=<colcon_core.verb.build.BuildVerb object at 0x7f71c131b550>, main=<bound method BuildVerb.main of <colcon_core.verb.build.BuildVerb object at 0x7f71c131b550>>, mixin_verb=('build',))
[0.181s] Level 1:colcon.colcon_core.package_discovery:discover_packages(colcon_meta) check parameters
[0.181s] INFO:colcon.colcon_metadata.package_discovery.colcon_meta:Using configuration from '/root/.colcon/metadata/default/Gazebo.meta'
[0.182s] INFO:colcon.colcon_metadata.package_discovery.colcon_meta:Using configuration from '/root/.colcon/metadata/default/fastrtps.meta'
[0.182s] Level 1:colcon.colcon_core.package_discovery:discover_packages(recursive) check parameters
[0.182s] Level 1:colcon.colcon_core.package_discovery:discover_packages(ignore) check parameters
[0.182s] Level 1:colcon.colcon_core.package_discovery:discover_packages(path) check parameters
[0.182s] Level 1:colcon.colcon_core.package_discovery:discover_packages(colcon_meta) discover
[0.182s] Level 1:colcon.colcon_core.package_discovery:discover_packages(recursive) discover
[0.182s] INFO:colcon.colcon_core.package_discovery:Crawling recursively for packages in '/home/ALEX/3dev/ros'
[0.182s] Level 1:colcon.colcon_core.package_identification:_identify(.) by extensions ['ignore', 'ignore_ament_install']
[0.182s] Level 1:colcon.colcon_core.package_identification:_identify(.) by extension 'ignore'
[0.182s] Level 1:colcon.colcon_core.package_identification:_identify(.) by extension 'ignore_ament_install'
[0.182s] Level 1:colcon.colcon_core.package_identification:_identify(.) by extensions ['colcon_pkg']
[0.182s] Level 1:colcon.colcon_core.package_identification:_identify(.) by extension 'colcon_pkg'
[0.182s] Level 1:colcon.colcon_core.package_identification:_identify(.) by extensions ['colcon_meta']
[0.183s] Level 1:colcon.colcon_core.package_identification:_identify(.) by extension 'colcon_meta'
[0.183s] Level 1:colcon.colcon_core.package_identification:_identify(.) by extensions ['ros']
[0.183s] Level 1:colcon.colcon_core.package_identification:_identify(.) by extension 'ros'
[0.192s] Level 1:colcon.colcon_core.package_identification:_identify(.) by extensions ['cmake', 'python']
[0.193s] Level 1:colcon.colcon_core.package_identification:_identify(.) by extension 'cmake'
[0.193s] Level 1:colcon.colcon_core.package_identification:_identify(.) by extension 'python'
[0.193s] Level 1:colcon.colcon_core.package_identification:_identify(.) by extensions ['python_setup_py']
[0.193s] Level 1:colcon.colcon_core.package_identification:_identify(.) by extension 'python_setup_py'
[0.193s] Level 1:colcon.colcon_core.package_identification:_identify(build) by extensions ['ignore', 'ignore_ament_install']
[0.193s] Level 1:colcon.colcon_core.package_identification:_identify(build) by extension 'ignore'
[0.193s] Level 1:colcon.colcon_core.package_identification:_identify(build) ignored
[0.193s] Level 1:colcon.colcon_core.package_identification:_identify(install) by extensions ['ignore', 'ignore_ament_install']
[0.193s] Level 1:colcon.colcon_core.package_identification:_identify(install) by extension 'ignore'
[0.193s] Level 1:colcon.colcon_core.package_identification:_identify(install) ignored
[0.193s] Level 1:colcon.colcon_core.package_identification:_identify(log) by extensions ['ignore', 'ignore_ament_install']
[0.193s] Level 1:colcon.colcon_core.package_identification:_identify(log) by extension 'ignore'
[0.193s] Level 1:colcon.colcon_core.package_identification:_identify(log) ignored
[0.194s] Level 1:colcon.colcon_core.package_identification:_identify(src) by extensions ['ignore', 'ignore_ament_install']
[0.194s] Level 1:colcon.colcon_core.package_identification:_identify(src) by extension 'ignore'
[0.194s] Level 1:colcon.colcon_core.package_identification:_identify(src) by extension 'ignore_ament_install'
[0.194s] Level 1:colcon.colcon_core.package_identification:_identify(src) by extensions ['colcon_pkg']
[0.194s] Level 1:colcon.colcon_core.package_identification:_identify(src) by extension 'colcon_pkg'
[0.194s] Level 1:colcon.colcon_core.package_identification:_identify(src) by extensions ['colcon_meta']
[0.194s] Level 1:colcon.colcon_core.package_identification:_identify(src) by extension 'colcon_meta'
[0.194s] Level 1:colcon.colcon_core.package_identification:_identify(src) by extensions ['ros']
[0.194s] Level 1:colcon.colcon_core.package_identification:_identify(src) by extension 'ros'
[0.194s] Level 1:colcon.colcon_core.package_identification:_identify(src) by extensions ['cmake', 'python']
[0.194s] Level 1:colcon.colcon_core.package_identification:_identify(src) by extension 'cmake'
[0.194s] Level 1:colcon.colcon_core.package_identification:_identify(src) by extension 'python'
[0.194s] Level 1:colcon.colcon_core.package_identification:_identify(src) by extensions ['python_setup_py']
[0.194s] Level 1:colcon.colcon_core.package_identification:_identify(src) by extension 'python_setup_py'
[0.194s] Level 1:colcon.colcon_core.package_identification:_identify(src/test_cpp_pkg) by extensions ['ignore', 'ignore_ament_install']
[0.194s] Level 1:colcon.colcon_core.package_identification:_identify(src/test_cpp_pkg) by extension 'ignore'
[0.194s] Level 1:colcon.colcon_core.package_identification:_identify(src/test_cpp_pkg) by extension 'ignore_ament_install'
[0.194s] Level 1:colcon.colcon_core.package_identification:_identify(src/test_cpp_pkg) by extensions ['colcon_pkg']
[0.194s] Level 1:colcon.colcon_core.package_identification:_identify(src/test_cpp_pkg) by extension 'colcon_pkg'
[0.194s] Level 1:colcon.colcon_core.package_identification:_identify(src/test_cpp_pkg) by extensions ['colcon_meta']
[0.194s] Level 1:colcon.colcon_core.package_identification:_identify(src/test_cpp_pkg) by extension 'colcon_meta'
[0.195s] Level 1:colcon.colcon_core.package_identification:_identify(src/test_cpp_pkg) by extensions ['ros']
[0.195s] Level 1:colcon.colcon_core.package_identification:_identify(src/test_cpp_pkg) by extension 'ros'
[0.197s] DEBUG:colcon.colcon_core.package_identification:Package 'src/test_cpp_pkg' with type 'ros.ament_cmake' and name 'test_cpp_pkg'
[0.197s] Level 1:colcon.colcon_core.package_identification:_identify(src/test_py_pkg) by extensions ['ignore', 'ignore_ament_install']
[0.197s] Level 1:colcon.colcon_core.package_identification:_identify(src/test_py_pkg) by extension 'ignore'
[0.197s] Level 1:colcon.colcon_core.package_identification:_identify(src/test_py_pkg) by extension 'ignore_ament_install'
[0.197s] Level 1:colcon.colcon_core.package_identification:_identify(src/test_py_pkg) by extensions ['colcon_pkg']
[0.197s] Level 1:colcon.colcon_core.package_identification:_identify(src/test_py_pkg) by extension 'colcon_pkg'
[0.197s] Level 1:colcon.colcon_core.package_identification:_identify(src/test_py_pkg) by extensions ['colcon_meta']
[0.197s] Level 1:colcon.colcon_core.package_identification:_identify(src/test_py_pkg) by extension 'colcon_meta'
[0.197s] Level 1:colcon.colcon_core.package_identification:_identify(src/test_py_pkg) by extensions ['ros']
[0.197s] Level 1:colcon.colcon_core.package_identification:_identify(src/test_py_pkg) by extension 'ros'
[0.198s] DEBUG:colcon.colcon_core.package_identification:Package 'src/test_py_pkg' with type 'ros.ament_python' and name 'test_py_pkg'
[0.198s] Level 1:colcon.colcon_core.package_discovery:discover_packages(recursive) using defaults
[0.198s] Level 1:colcon.colcon_core.package_discovery:discover_packages(ignore) discover
[0.198s] Level 1:colcon.colcon_core.package_discovery:discover_packages(ignore) using defaults
[0.198s] Level 1:colcon.colcon_core.package_discovery:discover_packages(path) discover
[0.198s] Level 1:colcon.colcon_core.package_discovery:discover_packages(path) using defaults
[0.219s] INFO:colcon.colcon_core.package_selection:Skipping not selected package 'test_py_pkg' in 'src/test_py_pkg'
[0.220s] Level 5:colcon.colcon_core.verb:set package 'test_cpp_pkg' build argument 'cmake_args' from command line to 'None'
[0.220s] Level 5:colcon.colcon_core.verb:set package 'test_cpp_pkg' build argument 'cmake_target' from command line to 'None'
[0.220s] Level 5:colcon.colcon_core.verb:set package 'test_cpp_pkg' build argument 'cmake_target_skip_unavailable' from command line to 'False'
[0.220s] Level 5:colcon.colcon_core.verb:set package 'test_cpp_pkg' build argument 'cmake_clean_cache' from command line to 'False'
[0.220s] Level 5:colcon.colcon_core.verb:set package 'test_cpp_pkg' build argument 'cmake_clean_first' from command line to 'False'
[0.220s] Level 5:colcon.colcon_core.verb:set package 'test_cpp_pkg' build argument 'cmake_force_configure' from command line to 'False'
[0.220s] Level 5:colcon.colcon_core.verb:set package 'test_cpp_pkg' build argument 'ament_cmake_args' from command line to 'None'
[0.220s] Level 5:colcon.colcon_core.verb:set package 'test_cpp_pkg' build argument 'catkin_cmake_args' from command line to 'None'
[0.220s] Level 5:colcon.colcon_core.verb:set package 'test_cpp_pkg' build argument 'catkin_skip_building_tests' from command line to 'False'
[0.220s] DEBUG:colcon.colcon_core.verb:Building package 'test_cpp_pkg' with the following arguments: {'ament_cmake_args': None, 'build_base': '/home/ALEX/3dev/ros/build/test_cpp_pkg', 'catkin_cmake_args': None, 'catkin_skip_building_tests': False, 'cmake_args': None, 'cmake_clean_cache': False, 'cmake_clean_first': False, 'cmake_force_configure': False, 'cmake_target': None, 'cmake_target_skip_unavailable': False, 'install_base': '/home/ALEX/3dev/ros/install/test_cpp_pkg', 'merge_install': False, 'path': '/home/ALEX/3dev/ros/src/test_cpp_pkg', 'symlink_install': False, 'test_result_base': None}
[0.221s] INFO:colcon.colcon_core.executor:Executing jobs using 'parallel' executor
[0.224s] DEBUG:colcon.colcon_parallel_executor.executor.parallel:run_until_complete
[0.225s] INFO:colcon.colcon_ros.task.ament_cmake.build:Building ROS package in '/home/ALEX/3dev/ros/src/test_cpp_pkg' with build type 'ament_cmake'
[0.225s] INFO:colcon.colcon_cmake.task.cmake.build:Building CMake package in '/home/ALEX/3dev/ros/src/test_cpp_pkg'
[0.229s] INFO:colcon.colcon_core.plugin_system:Skipping extension 'colcon_core.shell.bat': Not used on non-Windows systems
[0.229s] INFO:colcon.colcon_core.shell:Skip shell extension 'powershell' for command environment: Not usable outside of PowerShell
[0.229s] DEBUG:colcon.colcon_core.shell:Skip shell extension 'dsv' for command environment
[0.239s] DEBUG:colcon.colcon_core.event_handler.log_command:Invoking command in '/home/ALEX/3dev/ros/build/test_cpp_pkg': CMAKE_PREFIX_PATH=${CMAKE_PREFIX_PATH}:/home/ALEX/3dev/ros/install/test_py_pkg:/opt/ros/humble /usr/bin/cmake --build /home/ALEX/3dev/ros/build/test_cpp_pkg -- -j12 -l12
[3.408s] DEBUG:colcon.colcon_core.event_handler.log_command:Invoked command in '/home/ALEX/3dev/ros/build/test_cpp_pkg' returned '0': CMAKE_PREFIX_PATH=${CMAKE_PREFIX_PATH}:/home/ALEX/3dev/ros/install/test_py_pkg:/opt/ros/humble /usr/bin/cmake --build /home/ALEX/3dev/ros/build/test_cpp_pkg -- -j12 -l12
[3.437s] DEBUG:colcon.colcon_core.event_handler.log_command:Invoking command in '/home/ALEX/3dev/ros/build/test_cpp_pkg': CMAKE_PREFIX_PATH=${CMAKE_PREFIX_PATH}:/home/ALEX/3dev/ros/install/test_py_pkg:/opt/ros/humble /usr/bin/cmake --install /home/ALEX/3dev/ros/build/test_cpp_pkg
[3.446s] Level 1:colcon.colcon_core.environment:create_environment_scripts_only(test_cpp_pkg)
[3.447s] DEBUG:colcon.colcon_core.event_handler.log_command:Invoked command in '/home/ALEX/3dev/ros/build/test_cpp_pkg' returned '0': CMAKE_PREFIX_PATH=${CMAKE_PREFIX_PATH}:/home/ALEX/3dev/ros/install/test_py_pkg:/opt/ros/humble /usr/bin/cmake --install /home/ALEX/3dev/ros/build/test_cpp_pkg
[3.451s] Level 1:colcon.colcon_core.environment:checking '/home/ALEX/3dev/ros/install/test_cpp_pkg' for CMake module files
[3.452s] Level 1:colcon.colcon_core.environment:checking '/home/ALEX/3dev/ros/install/test_cpp_pkg' for CMake config files
[3.452s] Level 1:colcon.colcon_core.shell:create_environment_hook('test_cpp_pkg', 'cmake_prefix_path')
[3.453s] INFO:colcon.colcon_core.shell:Creating environment hook '/home/ALEX/3dev/ros/install/test_cpp_pkg/share/test_cpp_pkg/hook/cmake_prefix_path.ps1'
[3.454s] INFO:colcon.colcon_core.shell:Creating environment descriptor '/home/ALEX/3dev/ros/install/test_cpp_pkg/share/test_cpp_pkg/hook/cmake_prefix_path.dsv'
[3.454s] INFO:colcon.colcon_core.shell:Creating environment hook '/home/ALEX/3dev/ros/install/test_cpp_pkg/share/test_cpp_pkg/hook/cmake_prefix_path.sh'
[3.455s] Level 1:colcon.colcon_core.environment:checking '/home/ALEX/3dev/ros/install/test_cpp_pkg/lib'
[3.455s] Level 1:colcon.colcon_core.environment:checking '/home/ALEX/3dev/ros/install/test_cpp_pkg/bin'
[3.455s] Level 1:colcon.colcon_core.environment:checking '/home/ALEX/3dev/ros/install/test_cpp_pkg/lib/pkgconfig/test_cpp_pkg.pc'
[3.456s] Level 1:colcon.colcon_core.environment:checking '/home/ALEX/3dev/ros/install/test_cpp_pkg/lib/python3.10/site-packages'
[3.456s] Level 1:colcon.colcon_core.environment:checking '/home/ALEX/3dev/ros/install/test_cpp_pkg/bin'
[3.457s] INFO:colcon.colcon_core.shell:Creating package script '/home/ALEX/3dev/ros/install/test_cpp_pkg/share/test_cpp_pkg/package.ps1'
[3.458s] INFO:colcon.colcon_core.shell:Creating package descriptor '/home/ALEX/3dev/ros/install/test_cpp_pkg/share/test_cpp_pkg/package.dsv'
[3.459s] INFO:colcon.colcon_core.shell:Creating package script '/home/ALEX/3dev/ros/install/test_cpp_pkg/share/test_cpp_pkg/package.sh'
[3.459s] INFO:colcon.colcon_core.shell:Creating package script '/home/ALEX/3dev/ros/install/test_cpp_pkg/share/test_cpp_pkg/package.bash'
[3.460s] INFO:colcon.colcon_core.shell:Creating package script '/home/ALEX/3dev/ros/install/test_cpp_pkg/share/test_cpp_pkg/package.zsh'
[3.461s] Level 1:colcon.colcon_core.environment:create_file_with_runtime_dependencies(/home/ALEX/3dev/ros/install/test_cpp_pkg/share/colcon-core/packages/test_cpp_pkg)
[3.486s] Level 1:colcon.colcon_core.environment:create_environment_scripts_only(test_cpp_pkg)
[3.489s] Level 1:colcon.colcon_core.environment:checking '/home/ALEX/3dev/ros/install/test_cpp_pkg' for CMake module files
[3.489s] Level 1:colcon.colcon_core.environment:checking '/home/ALEX/3dev/ros/install/test_cpp_pkg' for CMake config files
[3.490s] Level 1:colcon.colcon_core.shell:create_environment_hook('test_cpp_pkg', 'cmake_prefix_path')
[3.491s] INFO:colcon.colcon_core.shell:Creating environment hook '/home/ALEX/3dev/ros/install/test_cpp_pkg/share/test_cpp_pkg/hook/cmake_prefix_path.ps1'
[3.492s] INFO:colcon.colcon_core.shell:Creating environment descriptor '/home/ALEX/3dev/ros/install/test_cpp_pkg/share/test_cpp_pkg/hook/cmake_prefix_path.dsv'
[3.492s] INFO:colcon.colcon_core.shell:Creating environment hook '/home/ALEX/3dev/ros/install/test_cpp_pkg/share/test_cpp_pkg/hook/cmake_prefix_path.sh'
[3.493s] Level 1:colcon.colcon_core.environment:checking '/home/ALEX/3dev/ros/install/test_cpp_pkg/lib'
[3.493s] Level 1:colcon.colcon_core.environment:checking '/home/ALEX/3dev/ros/install/test_cpp_pkg/bin'
[3.493s] Level 1:colcon.colcon_core.environment:checking '/home/ALEX/3dev/ros/install/test_cpp_pkg/lib/pkgconfig/test_cpp_pkg.pc'
[3.493s] Level 1:colcon.colcon_core.environment:checking '/home/ALEX/3dev/ros/install/test_cpp_pkg/lib/python3.10/site-packages'
[3.493s] Level 1:colcon.colcon_core.environment:checking '/home/ALEX/3dev/ros/install/test_cpp_pkg/bin'
[3.495s] INFO:colcon.colcon_core.shell:Creating package script '/home/ALEX/3dev/ros/install/test_cpp_pkg/share/test_cpp_pkg/package.ps1'
[3.496s] INFO:colcon.colcon_core.shell:Creating package descriptor '/home/ALEX/3dev/ros/install/test_cpp_pkg/share/test_cpp_pkg/package.dsv'
[3.496s] INFO:colcon.colcon_core.shell:Creating package script '/home/ALEX/3dev/ros/install/test_cpp_pkg/share/test_cpp_pkg/package.sh'
[3.497s] INFO:colcon.colcon_core.shell:Creating package script '/home/ALEX/3dev/ros/install/test_cpp_pkg/share/test_cpp_pkg/package.bash'
[3.497s] INFO:colcon.colcon_core.shell:Creating package script '/home/ALEX/3dev/ros/install/test_cpp_pkg/share/test_cpp_pkg/package.zsh'
[3.498s] Level 1:colcon.colcon_core.environment:create_file_with_runtime_dependencies(/home/ALEX/3dev/ros/install/test_cpp_pkg/share/colcon-core/packages/test_cpp_pkg)
[3.498s] DEBUG:colcon.colcon_parallel_executor.executor.parallel:closing loop
[3.498s] DEBUG:colcon.colcon_parallel_executor.executor.parallel:loop closed
[3.498s] DEBUG:colcon.colcon_parallel_executor.executor.parallel:run_until_complete finished with '0'
[3.498s] DEBUG:colcon.colcon_core.event_reactor:joining thread
[3.505s] INFO:colcon.colcon_core.plugin_system:Skipping extension 'colcon_notification.desktop_notification.notify_send': Could not find 'notify-send'
[3.505s] INFO:colcon.colcon_core.plugin_system:Skipping extension 'colcon_notification.desktop_notification.terminal_notifier': Not used on non-Darwin systems
[3.505s] INFO:colcon.colcon_core.plugin_system:Skipping extension 'colcon_notification.desktop_notification.win32': Not used on non-Windows systems
[3.505s] INFO:colcon.colcon_notification.desktop_notification:Sending desktop notification using 'notify2'
[3.507s] DEBUG:colcon.colcon_notification.desktop_notification.notify2:Failed to initialize notify2: org.freedesktop.DBus.Error.Spawn.ExecFailed: /usr/bin/dbus-launch terminated abnormally without any error message
[3.507s] DEBUG:colcon.colcon_core.event_reactor:joined thread
[3.509s] INFO:colcon.colcon_core.shell:Creating prefix script '/home/ALEX/3dev/ros/install/local_setup.ps1'
[3.510s] INFO:colcon.colcon_core.shell:Creating prefix util module '/home/ALEX/3dev/ros/install/_local_setup_util_ps1.py'
[3.511s] INFO:colcon.colcon_core.shell:Creating prefix chain script '/home/ALEX/3dev/ros/install/setup.ps1'
[3.512s] INFO:colcon.colcon_core.shell:Creating prefix script '/home/ALEX/3dev/ros/install/local_setup.sh'
[3.513s] INFO:colcon.colcon_core.shell:Creating prefix util module '/home/ALEX/3dev/ros/install/_local_setup_util_sh.py'
[3.513s] INFO:colcon.colcon_core.shell:Creating prefix chain script '/home/ALEX/3dev/ros/install/setup.sh'
[3.515s] INFO:colcon.colcon_core.shell:Creating prefix script '/home/ALEX/3dev/ros/install/local_setup.bash'
[3.515s] INFO:colcon.colcon_core.shell:Creating prefix chain script '/home/ALEX/3dev/ros/install/setup.bash'
[3.516s] INFO:colcon.colcon_core.shell:Creating prefix script '/home/ALEX/3dev/ros/install/local_setup.zsh'
[3.516s] INFO:colcon.colcon_core.shell:Creating prefix chain script '/home/ALEX/3dev/ros/install/setup.zsh'
