[0.620s] Invoking command in '/home/ALEX/3dev/ros/build/scanner': PYTHONPATH=/home/ALEX/3dev/ros/install/scanner/lib/python3.10/site-packages:${PYTHONPATH} /usr/bin/python3 setup.py develop --prefix /home/ALEX/3dev/ros/install/scanner --editable --build-directory /home/ALEX/3dev/ros/build/scanner/build --no-deps install_data --install-dir /home/ALEX/3dev/ros/install/scanner
[0.866s] running develop
[1.012s] running egg_info
[1.012s] writing scanner.egg-info/PKG-INFO
[1.012s] writing dependency_links to scanner.egg-info/dependency_links.txt
[1.012s] writing entry points to scanner.egg-info/entry_points.txt
[1.012s] writing requirements to scanner.egg-info/requires.txt
[1.012s] writing top-level names to scanner.egg-info/top_level.txt
[1.014s] reading manifest file 'scanner.egg-info/SOURCES.txt'
[1.021s] writing manifest file 'scanner.egg-info/SOURCES.txt'
[1.022s] running build_ext
[1.022s] Creating /home/ALEX/3dev/ros/install/scanner/lib/python3.10/site-packages/scanner.egg-link (link to .)
[1.023s] Installing ball_scanner script to /home/ALEX/3dev/ros/install/scanner/lib/scanner
[1.023s] Installing camera_publisher script to /home/ALEX/3dev/ros/install/scanner/lib/scanner
[1.023s] Installing test_vec_publisher script to /home/ALEX/3dev/ros/install/scanner/lib/scanner
[1.023s] Installing tf_broadcaster script to /home/ALEX/3dev/ros/install/scanner/lib/scanner
[1.024s] 
[1.024s] Installed /home/ALEX/3dev/ros/build/scanner
[1.024s] running install_data
[1.050s] Invoked command in '/home/ALEX/3dev/ros/build/scanner' returned '0': PYTHONPATH=/home/ALEX/3dev/ros/install/scanner/lib/python3.10/site-packages:${PYTHONPATH} /usr/bin/python3 setup.py develop --prefix /home/ALEX/3dev/ros/install/scanner --editable --build-directory /home/ALEX/3dev/ros/build/scanner/build --no-deps install_data --install-dir /home/ALEX/3dev/ros/install/scanner
