-- Found ament_cmake: 1.3.3 (/opt/ros/humble/share/ament_cmake/cmake)
-- Found rosidl_default_generators: 1.2.0 (/opt/ros/humble/share/rosidl_default_generators/cmake)
-- Using all available rosidl_typesupport_c: rosidl_typesupport_fastrtps_c;rosidl_typesupport_introspection_c
-- Found rosidl_adapter: 3.1.4 (/opt/ros/humble/share/rosidl_adapter/cmake)
-- Using all available rosidl_typesupport_cpp: rosidl_typesupport_fastrtps_cpp;rosidl_typesupport_introspection_cpp
-- Found ament_cmake_ros: 0.10.0 (/opt/ros/humble/share/ament_cmake_ros/cmake)
-- Using all available rosidl_typesupport_c: rosidl_typesupport_fastrtps_c;rosidl_typesupport_introspection_c
-- Using all available rosidl_typesupport_cpp: rosidl_typesupport_fastrtps_cpp;rosidl_typesupport_introspection_cpp
-- Found python_cmake_module: 0.10.0 (/opt/ros/humble/share/python_cmake_module/cmake)
-- Using PYTHON_EXECUTABLE: /usr/bin/python3
-- Using PYTHON_INCLUDE_DIRS: /usr/include/python3.10
-- Using PYTHON_LIBRARIES: /usr/lib/x86_64-linux-gnu/libpython3.10.so
-- Configuring done
-- Generating done
-- Build files have been written to: /home/ALEX/3dev/ros/build/scanner_interfaces
[35m[1mConsolidate compiler generated dependencies of target scanner_interfaces__rosidl_generator_c[0m
[  1%] Built target scanner_interfaces__cpp
[  3%] [32mBuilding C object CMakeFiles/scanner_interfaces__rosidl_generator_c.dir/rosidl_generator_c/scanner_interfaces/msg/detail/object__functions.c.o[0m
[  7%] [32mBuilding C object CMakeFiles/scanner_interfaces__rosidl_generator_c.dir/rosidl_generator_c/scanner_interfaces/msg/detail/camera_locations__functions.c.o[0m
[  7%] [32mBuilding C object CMakeFiles/scanner_interfaces__rosidl_generator_c.dir/rosidl_generator_c/scanner_interfaces/msg/detail/location__functions.c.o[0m
[35m[1mConsolidate compiler generated dependencies of target scanner_interfaces__rosidl_typesupport_introspection_cpp[0m
[35m[1mConsolidate compiler generated dependencies of target scanner_interfaces__rosidl_typesupport_cpp[0m
[35m[1mConsolidate compiler generated dependencies of target scanner_interfaces__rosidl_typesupport_fastrtps_cpp[0m
[  9%] [32mBuilding C object CMakeFiles/scanner_interfaces__rosidl_generator_c.dir/rosidl_generator_c/scanner_interfaces/msg/detail/tracks__functions.c.o[0m
[  9%] Built target ament_cmake_python_copy_scanner_interfaces
[ 10%] [32mBuilding CXX object CMakeFiles/scanner_interfaces__rosidl_typesupport_fastrtps_cpp.dir/rosidl_typesupport_fastrtps_cpp/scanner_interfaces/msg/detail/dds_fastrtps/object__type_support.cpp.o[0m
[ 12%] [32mBuilding CXX object CMakeFiles/scanner_interfaces__rosidl_typesupport_cpp.dir/rosidl_typesupport_cpp/scanner_interfaces/msg/object__type_support.cpp.o[0m
[ 14%] [32mBuilding CXX object CMakeFiles/scanner_interfaces__rosidl_typesupport_cpp.dir/rosidl_typesupport_cpp/scanner_interfaces/msg/location__type_support.cpp.o[0m
[ 16%] [32mBuilding CXX object CMakeFiles/scanner_interfaces__rosidl_typesupport_introspection_cpp.dir/rosidl_typesupport_introspection_cpp/scanner_interfaces/msg/detail/object__type_support.cpp.o[0m
[ 18%] [32mBuilding CXX object CMakeFiles/scanner_interfaces__rosidl_typesupport_cpp.dir/rosidl_typesupport_cpp/scanner_interfaces/msg/tracks__type_support.cpp.o[0m
[ 20%] [32mBuilding CXX object CMakeFiles/scanner_interfaces__rosidl_typesupport_introspection_cpp.dir/rosidl_typesupport_introspection_cpp/scanner_interfaces/msg/detail/tracks__type_support.cpp.o[0m
[ 21%] [32mBuilding CXX object CMakeFiles/scanner_interfaces__rosidl_typesupport_fastrtps_cpp.dir/rosidl_typesupport_fastrtps_cpp/scanner_interfaces/msg/detail/dds_fastrtps/tracks__type_support.cpp.o[0m
[ 25%] [32mBuilding CXX object CMakeFiles/scanner_interfaces__rosidl_typesupport_introspection_cpp.dir/rosidl_typesupport_introspection_cpp/scanner_interfaces/msg/detail/location__type_support.cpp.o[0m
[ 25%] [32mBuilding CXX object CMakeFiles/scanner_interfaces__rosidl_typesupport_fastrtps_cpp.dir/rosidl_typesupport_fastrtps_cpp/scanner_interfaces/msg/detail/dds_fastrtps/location__type_support.cpp.o[0m
[ 27%] [32mBuilding CXX object CMakeFiles/scanner_interfaces__rosidl_typesupport_fastrtps_cpp.dir/rosidl_typesupport_fastrtps_cpp/scanner_interfaces/msg/detail/dds_fastrtps/camera_locations__type_support.cpp.o[0m
[ 29%] [32m[1mLinking C shared library libscanner_interfaces__rosidl_generator_c.so[0m
[ 30%] Built target scanner_interfaces__rosidl_generator_c
[ 32%] [32mBuilding CXX object CMakeFiles/scanner_interfaces__rosidl_typesupport_introspection_cpp.dir/rosidl_typesupport_introspection_cpp/scanner_interfaces/msg/detail/camera_locations__type_support.cpp.o[0m
running egg_info
writing scanner_interfaces.egg-info/PKG-INFO
writing dependency_links to scanner_interfaces.egg-info/dependency_links.txt
writing top-level names to scanner_interfaces.egg-info/top_level.txt
reading manifest file 'scanner_interfaces.egg-info/SOURCES.txt'
writing manifest file 'scanner_interfaces.egg-info/SOURCES.txt'
[ 32%] Built target ament_cmake_python_build_scanner_interfaces_egg
[ 34%] [32mBuilding CXX object CMakeFiles/scanner_interfaces__rosidl_typesupport_cpp.dir/rosidl_typesupport_cpp/scanner_interfaces/msg/camera_locations__type_support.cpp.o[0m
[35m[1mConsolidate compiler generated dependencies of target scanner_interfaces__rosidl_typesupport_fastrtps_c[0m
[35m[1mConsolidate compiler generated dependencies of target scanner_interfaces__rosidl_typesupport_introspection_c[0m
[ 36%] [32mBuilding CXX object CMakeFiles/scanner_interfaces__rosidl_typesupport_fastrtps_c.dir/rosidl_typesupport_fastrtps_c/scanner_interfaces/msg/detail/object__type_support_c.cpp.o[0m
[35m[1mConsolidate compiler generated dependencies of target scanner_interfaces__rosidl_typesupport_c[0m
[ 38%] [32mBuilding CXX object CMakeFiles/scanner_interfaces__rosidl_typesupport_fastrtps_c.dir/rosidl_typesupport_fastrtps_c/scanner_interfaces/msg/detail/tracks__type_support_c.cpp.o[0m
[ 40%] [32mBuilding C object CMakeFiles/scanner_interfaces__rosidl_typesupport_introspection_c.dir/rosidl_typesupport_introspection_c/scanner_interfaces/msg/detail/object__type_support.c.o[0m
[ 41%] [32mBuilding CXX object CMakeFiles/scanner_interfaces__rosidl_typesupport_c.dir/rosidl_typesupport_c/scanner_interfaces/msg/object__type_support.cpp.o[0m
[ 43%] [32mBuilding C object CMakeFiles/scanner_interfaces__rosidl_typesupport_introspection_c.dir/rosidl_typesupport_introspection_c/scanner_interfaces/msg/detail/tracks__type_support.c.o[0m
[ 45%] [32mBuilding CXX object CMakeFiles/scanner_interfaces__rosidl_typesupport_c.dir/rosidl_typesupport_c/scanner_interfaces/msg/tracks__type_support.cpp.o[0m
[ 47%] [32mBuilding CXX object CMakeFiles/scanner_interfaces__rosidl_typesupport_fastrtps_c.dir/rosidl_typesupport_fastrtps_c/scanner_interfaces/msg/detail/location__type_support_c.cpp.o[0m
[ 49%] [32mBuilding C object CMakeFiles/scanner_interfaces__rosidl_typesupport_introspection_c.dir/rosidl_typesupport_introspection_c/scanner_interfaces/msg/detail/location__type_support.c.o[0m
[ 50%] [32mBuilding C object CMakeFiles/scanner_interfaces__rosidl_typesupport_introspection_c.dir/rosidl_typesupport_introspection_c/scanner_interfaces/msg/detail/camera_locations__type_support.c.o[0m
[ 52%] [32mBuilding CXX object CMakeFiles/scanner_interfaces__rosidl_typesupport_c.dir/rosidl_typesupport_c/scanner_interfaces/msg/location__type_support.cpp.o[0m
[ 54%] [32mBuilding CXX object CMakeFiles/scanner_interfaces__rosidl_typesupport_fastrtps_c.dir/rosidl_typesupport_fastrtps_c/scanner_interfaces/msg/detail/camera_locations__type_support_c.cpp.o[0m
[ 56%] [32mBuilding CXX object CMakeFiles/scanner_interfaces__rosidl_typesupport_c.dir/rosidl_typesupport_c/scanner_interfaces/msg/camera_locations__type_support.cpp.o[0m
[ 58%] [32m[1mLinking CXX shared library libscanner_interfaces__rosidl_typesupport_introspection_cpp.so[0m
[ 60%] [32m[1mLinking CXX shared library libscanner_interfaces__rosidl_typesupport_c.so[0m
[ 61%] [32m[1mLinking C shared library libscanner_interfaces__rosidl_typesupport_introspection_c.so[0m
[ 63%] [32m[1mLinking CXX shared library libscanner_interfaces__rosidl_typesupport_fastrtps_cpp.so[0m
[ 65%] [32m[1mLinking CXX shared library libscanner_interfaces__rosidl_typesupport_cpp.so[0m
[ 67%] Built target scanner_interfaces__rosidl_typesupport_introspection_c
[ 69%] Built target scanner_interfaces__rosidl_typesupport_c
[ 70%] Built target scanner_interfaces__rosidl_typesupport_cpp
[ 72%] Built target scanner_interfaces__rosidl_typesupport_fastrtps_cpp
[ 74%] Built target scanner_interfaces__rosidl_typesupport_introspection_cpp
[ 76%] [32m[1mLinking CXX shared library libscanner_interfaces__rosidl_typesupport_fastrtps_c.so[0m
[ 78%] Built target scanner_interfaces__rosidl_typesupport_fastrtps_c
[ 78%] Built target scanner_interfaces
[ 80%] Built target scanner_interfaces__py
[35m[1mConsolidate compiler generated dependencies of target scanner_interfaces__rosidl_generator_py[0m
[ 83%] [32mBuilding C object CMakeFiles/scanner_interfaces__rosidl_generator_py.dir/rosidl_generator_py/scanner_interfaces/msg/_object_s.c.o[0m
[ 83%] [32mBuilding C object CMakeFiles/scanner_interfaces__rosidl_generator_py.dir/rosidl_generator_py/scanner_interfaces/msg/_location_s.c.o[0m
[ 85%] [32mBuilding C object CMakeFiles/scanner_interfaces__rosidl_generator_py.dir/rosidl_generator_py/scanner_interfaces/msg/_tracks_s.c.o[0m
[ 87%] [32mBuilding C object CMakeFiles/scanner_interfaces__rosidl_generator_py.dir/rosidl_generator_py/scanner_interfaces/msg/_camera_locations_s.c.o[0m
[ 89%] [32m[1mLinking C shared library rosidl_generator_py/scanner_interfaces/libscanner_interfaces__rosidl_generator_py.so[0m
[ 89%] Built target scanner_interfaces__rosidl_generator_py
[35m[1mConsolidate compiler generated dependencies of target scanner_interfaces__rosidl_typesupport_fastrtps_c__pyext[0m
[35m[1mConsolidate compiler generated dependencies of target scanner_interfaces__rosidl_typesupport_c__pyext[0m
[35m[1mConsolidate compiler generated dependencies of target scanner_interfaces__rosidl_typesupport_introspection_c__pyext[0m
[ 90%] [32mBuilding C object CMakeFiles/scanner_interfaces__rosidl_typesupport_fastrtps_c__pyext.dir/rosidl_generator_py/scanner_interfaces/_scanner_interfaces_s.ep.rosidl_typesupport_fastrtps_c.c.o[0m
[ 92%] [32mBuilding C object CMakeFiles/scanner_interfaces__rosidl_typesupport_c__pyext.dir/rosidl_generator_py/scanner_interfaces/_scanner_interfaces_s.ep.rosidl_typesupport_c.c.o[0m
[ 94%] [32mBuilding C object CMakeFiles/scanner_interfaces__rosidl_typesupport_introspection_c__pyext.dir/rosidl_generator_py/scanner_interfaces/_scanner_interfaces_s.ep.rosidl_typesupport_introspection_c.c.o[0m
[ 96%] [32m[1mLinking C shared library rosidl_generator_py/scanner_interfaces/scanner_interfaces_s__rosidl_typesupport_fastrtps_c.cpython-310-x86_64-linux-gnu.so[0m
[ 96%] Built target scanner_interfaces__rosidl_typesupport_fastrtps_c__pyext
[ 98%] [32m[1mLinking C shared library rosidl_generator_py/scanner_interfaces/scanner_interfaces_s__rosidl_typesupport_c.cpython-310-x86_64-linux-gnu.so[0m
[100%] [32m[1mLinking C shared library rosidl_generator_py/scanner_interfaces/scanner_interfaces_s__rosidl_typesupport_introspection_c.cpython-310-x86_64-linux-gnu.so[0m
[100%] Built target scanner_interfaces__rosidl_typesupport_c__pyext
[100%] Built target scanner_interfaces__rosidl_typesupport_introspection_c__pyext
-- Install configuration: ""
-- Up-to-date: /home/ALEX/3dev/ros/install/scanner_interfaces/share/ament_index/resource_index/rosidl_interfaces/scanner_interfaces
-- Up-to-date: /home/ALEX/3dev/ros/install/scanner_interfaces/include/scanner_interfaces/scanner_interfaces
-- Up-to-date: /home/ALEX/3dev/ros/install/scanner_interfaces/include/scanner_interfaces/scanner_interfaces/msg
-- Up-to-date: /home/ALEX/3dev/ros/install/scanner_interfaces/include/scanner_interfaces/scanner_interfaces/msg/tracks.h
-- Up-to-date: /home/ALEX/3dev/ros/install/scanner_interfaces/include/scanner_interfaces/scanner_interfaces/msg/camera_locations.h
-- Up-to-date: /home/ALEX/3dev/ros/install/scanner_interfaces/include/scanner_interfaces/scanner_interfaces/msg/rosidl_generator_c__visibility_control.h
-- Up-to-date: /home/ALEX/3dev/ros/install/scanner_interfaces/include/scanner_interfaces/scanner_interfaces/msg/object.h
-- Up-to-date: /home/ALEX/3dev/ros/install/scanner_interfaces/include/scanner_interfaces/scanner_interfaces/msg/detail
-- Up-to-date: /home/ALEX/3dev/ros/install/scanner_interfaces/include/scanner_interfaces/scanner_interfaces/msg/detail/tracks__type_support.h
-- Up-to-date: /home/ALEX/3dev/ros/install/scanner_interfaces/include/scanner_interfaces/scanner_interfaces/msg/detail/tracks__struct.h
-- Up-to-date: /home/ALEX/3dev/ros/install/scanner_interfaces/include/scanner_interfaces/scanner_interfaces/msg/detail/tracks__functions.c
-- Up-to-date: /home/ALEX/3dev/ros/install/scanner_interfaces/include/scanner_interfaces/scanner_interfaces/msg/detail/camera_locations__functions.c
-- Up-to-date: /home/ALEX/3dev/ros/install/scanner_interfaces/include/scanner_interfaces/scanner_interfaces/msg/detail/camera_xy__functions.c
-- Up-to-date: /home/ALEX/3dev/ros/install/scanner_interfaces/include/scanner_interfaces/scanner_interfaces/msg/detail/camera_xy__struct.h
-- Up-to-date: /home/ALEX/3dev/ros/install/scanner_interfaces/include/scanner_interfaces/scanner_interfaces/msg/detail/location__type_support.h
-- Up-to-date: /home/ALEX/3dev/ros/install/scanner_interfaces/include/scanner_interfaces/scanner_interfaces/msg/detail/object__functions.h
-- Up-to-date: /home/ALEX/3dev/ros/install/scanner_interfaces/include/scanner_interfaces/scanner_interfaces/msg/detail/camera_locations__type_support.h
-- Up-to-date: /home/ALEX/3dev/ros/install/scanner_interfaces/include/scanner_interfaces/scanner_interfaces/msg/detail/camera_xy__functions.h
-- Up-to-date: /home/ALEX/3dev/ros/install/scanner_interfaces/include/scanner_interfaces/scanner_interfaces/msg/detail/object__struct.h
-- Up-to-date: /home/ALEX/3dev/ros/install/scanner_interfaces/include/scanner_interfaces/scanner_interfaces/msg/detail/location__struct.h
-- Up-to-date: /home/ALEX/3dev/ros/install/scanner_interfaces/include/scanner_interfaces/scanner_interfaces/msg/detail/object__functions.c
-- Up-to-date: /home/ALEX/3dev/ros/install/scanner_interfaces/include/scanner_interfaces/scanner_interfaces/msg/detail/location__functions.c
-- Up-to-date: /home/ALEX/3dev/ros/install/scanner_interfaces/include/scanner_interfaces/scanner_interfaces/msg/detail/object__type_support.h
-- Up-to-date: /home/ALEX/3dev/ros/install/scanner_interfaces/include/scanner_interfaces/scanner_interfaces/msg/detail/tracks__functions.h
-- Up-to-date: /home/ALEX/3dev/ros/install/scanner_interfaces/include/scanner_interfaces/scanner_interfaces/msg/detail/location__functions.h
-- Up-to-date: /home/ALEX/3dev/ros/install/scanner_interfaces/include/scanner_interfaces/scanner_interfaces/msg/detail/camera_locations__functions.h
-- Up-to-date: /home/ALEX/3dev/ros/install/scanner_interfaces/include/scanner_interfaces/scanner_interfaces/msg/detail/camera_xy__type_support.h
-- Up-to-date: /home/ALEX/3dev/ros/install/scanner_interfaces/include/scanner_interfaces/scanner_interfaces/msg/detail/camera_locations__struct.h
-- Up-to-date: /home/ALEX/3dev/ros/install/scanner_interfaces/include/scanner_interfaces/scanner_interfaces/msg/location.h
-- Up-to-date: /home/ALEX/3dev/ros/install/scanner_interfaces/include/scanner_interfaces/scanner_interfaces/msg/camera_xy.h
-- Installing: /home/ALEX/3dev/ros/install/scanner_interfaces/share/scanner_interfaces/environment/library_path.sh
-- Installing: /home/ALEX/3dev/ros/install/scanner_interfaces/share/scanner_interfaces/environment/library_path.dsv
-- Installing: /home/ALEX/3dev/ros/install/scanner_interfaces/lib/libscanner_interfaces__rosidl_generator_c.so
-- Set runtime path of "/home/ALEX/3dev/ros/install/scanner_interfaces/lib/libscanner_interfaces__rosidl_generator_c.so" to ""
-- Up-to-date: /home/ALEX/3dev/ros/install/scanner_interfaces/include/scanner_interfaces/scanner_interfaces
-- Up-to-date: /home/ALEX/3dev/ros/install/scanner_interfaces/include/scanner_interfaces/scanner_interfaces/msg
-- Up-to-date: /home/ALEX/3dev/ros/install/scanner_interfaces/include/scanner_interfaces/scanner_interfaces/msg/rosidl_typesupport_fastrtps_c__visibility_control.h
-- Up-to-date: /home/ALEX/3dev/ros/install/scanner_interfaces/include/scanner_interfaces/scanner_interfaces/msg/detail
-- Up-to-date: /home/ALEX/3dev/ros/install/scanner_interfaces/include/scanner_interfaces/scanner_interfaces/msg/detail/tracks__rosidl_typesupport_fastrtps_c.h
-- Up-to-date: /home/ALEX/3dev/ros/install/scanner_interfaces/include/scanner_interfaces/scanner_interfaces/msg/detail/object__rosidl_typesupport_fastrtps_c.h
-- Up-to-date: /home/ALEX/3dev/ros/install/scanner_interfaces/include/scanner_interfaces/scanner_interfaces/msg/detail/camera_locations__rosidl_typesupport_fastrtps_c.h
-- Up-to-date: /home/ALEX/3dev/ros/install/scanner_interfaces/include/scanner_interfaces/scanner_interfaces/msg/detail/camera_xy__rosidl_typesupport_fastrtps_c.h
-- Up-to-date: /home/ALEX/3dev/ros/install/scanner_interfaces/include/scanner_interfaces/scanner_interfaces/msg/detail/location__rosidl_typesupport_fastrtps_c.h
-- Installing: /home/ALEX/3dev/ros/install/scanner_interfaces/lib/libscanner_interfaces__rosidl_typesupport_fastrtps_c.so
-- Set runtime path of "/home/ALEX/3dev/ros/install/scanner_interfaces/lib/libscanner_interfaces__rosidl_typesupport_fastrtps_c.so" to ""
-- Up-to-date: /home/ALEX/3dev/ros/install/scanner_interfaces/include/scanner_interfaces/scanner_interfaces
-- Up-to-date: /home/ALEX/3dev/ros/install/scanner_interfaces/include/scanner_interfaces/scanner_interfaces/msg
-- Up-to-date: /home/ALEX/3dev/ros/install/scanner_interfaces/include/scanner_interfaces/scanner_interfaces/msg/detail
-- Up-to-date: /home/ALEX/3dev/ros/install/scanner_interfaces/include/scanner_interfaces/scanner_interfaces/msg/detail/location__rosidl_typesupport_introspection_c.h
-- Up-to-date: /home/ALEX/3dev/ros/install/scanner_interfaces/include/scanner_interfaces/scanner_interfaces/msg/detail/location__type_support.c
-- Up-to-date: /home/ALEX/3dev/ros/install/scanner_interfaces/include/scanner_interfaces/scanner_interfaces/msg/detail/camera_locations__rosidl_typesupport_introspection_c.h
-- Up-to-date: /home/ALEX/3dev/ros/install/scanner_interfaces/include/scanner_interfaces/scanner_interfaces/msg/detail/camera_locations__type_support.c
-- Up-to-date: /home/ALEX/3dev/ros/install/scanner_interfaces/include/scanner_interfaces/scanner_interfaces/msg/detail/tracks__type_support.c
-- Up-to-date: /home/ALEX/3dev/ros/install/scanner_interfaces/include/scanner_interfaces/scanner_interfaces/msg/detail/object__rosidl_typesupport_introspection_c.h
-- Up-to-date: /home/ALEX/3dev/ros/install/scanner_interfaces/include/scanner_interfaces/scanner_interfaces/msg/detail/object__type_support.c
-- Up-to-date: /home/ALEX/3dev/ros/install/scanner_interfaces/include/scanner_interfaces/scanner_interfaces/msg/detail/camera_xy__type_support.c
-- Up-to-date: /home/ALEX/3dev/ros/install/scanner_interfaces/include/scanner_interfaces/scanner_interfaces/msg/detail/tracks__rosidl_typesupport_introspection_c.h
-- Up-to-date: /home/ALEX/3dev/ros/install/scanner_interfaces/include/scanner_interfaces/scanner_interfaces/msg/detail/camera_xy__rosidl_typesupport_introspection_c.h
-- Up-to-date: /home/ALEX/3dev/ros/install/scanner_interfaces/include/scanner_interfaces/scanner_interfaces/msg/rosidl_typesupport_introspection_c__visibility_control.h
-- Installing: /home/ALEX/3dev/ros/install/scanner_interfaces/lib/libscanner_interfaces__rosidl_typesupport_introspection_c.so
-- Set runtime path of "/home/ALEX/3dev/ros/install/scanner_interfaces/lib/libscanner_interfaces__rosidl_typesupport_introspection_c.so" to ""
-- Installing: /home/ALEX/3dev/ros/install/scanner_interfaces/lib/libscanner_interfaces__rosidl_typesupport_c.so
-- Set runtime path of "/home/ALEX/3dev/ros/install/scanner_interfaces/lib/libscanner_interfaces__rosidl_typesupport_c.so" to ""
-- Up-to-date: /home/ALEX/3dev/ros/install/scanner_interfaces/include/scanner_interfaces/scanner_interfaces
-- Up-to-date: /home/ALEX/3dev/ros/install/scanner_interfaces/include/scanner_interfaces/scanner_interfaces/msg
-- Up-to-date: /home/ALEX/3dev/ros/install/scanner_interfaces/include/scanner_interfaces/scanner_interfaces/msg/tracks.hpp
-- Up-to-date: /home/ALEX/3dev/ros/install/scanner_interfaces/include/scanner_interfaces/scanner_interfaces/msg/detail
-- Up-to-date: /home/ALEX/3dev/ros/install/scanner_interfaces/include/scanner_interfaces/scanner_interfaces/msg/detail/camera_xy__traits.hpp
-- Up-to-date: /home/ALEX/3dev/ros/install/scanner_interfaces/include/scanner_interfaces/scanner_interfaces/msg/detail/location__struct.hpp
-- Up-to-date: /home/ALEX/3dev/ros/install/scanner_interfaces/include/scanner_interfaces/scanner_interfaces/msg/detail/tracks__struct.hpp
-- Up-to-date: /home/ALEX/3dev/ros/install/scanner_interfaces/include/scanner_interfaces/scanner_interfaces/msg/detail/object__traits.hpp
-- Up-to-date: /home/ALEX/3dev/ros/install/scanner_interfaces/include/scanner_interfaces/scanner_interfaces/msg/detail/tracks__traits.hpp
-- Up-to-date: /home/ALEX/3dev/ros/install/scanner_interfaces/include/scanner_interfaces/scanner_interfaces/msg/detail/camera_xy__struct.hpp
-- Up-to-date: /home/ALEX/3dev/ros/install/scanner_interfaces/include/scanner_interfaces/scanner_interfaces/msg/detail/location__traits.hpp
-- Up-to-date: /home/ALEX/3dev/ros/install/scanner_interfaces/include/scanner_interfaces/scanner_interfaces/msg/detail/camera_locations__builder.hpp
-- Up-to-date: /home/ALEX/3dev/ros/install/scanner_interfaces/include/scanner_interfaces/scanner_interfaces/msg/detail/camera_locations__struct.hpp
-- Up-to-date: /home/ALEX/3dev/ros/install/scanner_interfaces/include/scanner_interfaces/scanner_interfaces/msg/detail/location__builder.hpp
-- Up-to-date: /home/ALEX/3dev/ros/install/scanner_interfaces/include/scanner_interfaces/scanner_interfaces/msg/detail/tracks__builder.hpp
-- Up-to-date: /home/ALEX/3dev/ros/install/scanner_interfaces/include/scanner_interfaces/scanner_interfaces/msg/detail/camera_locations__traits.hpp
-- Up-to-date: /home/ALEX/3dev/ros/install/scanner_interfaces/include/scanner_interfaces/scanner_interfaces/msg/detail/camera_xy__builder.hpp
-- Up-to-date: /home/ALEX/3dev/ros/install/scanner_interfaces/include/scanner_interfaces/scanner_interfaces/msg/detail/object__builder.hpp
-- Up-to-date: /home/ALEX/3dev/ros/install/scanner_interfaces/include/scanner_interfaces/scanner_interfaces/msg/detail/object__struct.hpp
-- Up-to-date: /home/ALEX/3dev/ros/install/scanner_interfaces/include/scanner_interfaces/scanner_interfaces/msg/camera_locations.hpp
-- Up-to-date: /home/ALEX/3dev/ros/install/scanner_interfaces/include/scanner_interfaces/scanner_interfaces/msg/camera_xy.hpp
-- Up-to-date: /home/ALEX/3dev/ros/install/scanner_interfaces/include/scanner_interfaces/scanner_interfaces/msg/object.hpp
-- Up-to-date: /home/ALEX/3dev/ros/install/scanner_interfaces/include/scanner_interfaces/scanner_interfaces/msg/location.hpp
-- Up-to-date: /home/ALEX/3dev/ros/install/scanner_interfaces/include/scanner_interfaces/scanner_interfaces
-- Up-to-date: /home/ALEX/3dev/ros/install/scanner_interfaces/include/scanner_interfaces/scanner_interfaces/msg
-- Up-to-date: /home/ALEX/3dev/ros/install/scanner_interfaces/include/scanner_interfaces/scanner_interfaces/msg/rosidl_typesupport_fastrtps_cpp__visibility_control.h
-- Up-to-date: /home/ALEX/3dev/ros/install/scanner_interfaces/include/scanner_interfaces/scanner_interfaces/msg/detail
-- Up-to-date: /home/ALEX/3dev/ros/install/scanner_interfaces/include/scanner_interfaces/scanner_interfaces/msg/detail/camera_xy__rosidl_typesupport_fastrtps_cpp.hpp
-- Up-to-date: /home/ALEX/3dev/ros/install/scanner_interfaces/include/scanner_interfaces/scanner_interfaces/msg/detail/location__rosidl_typesupport_fastrtps_cpp.hpp
-- Up-to-date: /home/ALEX/3dev/ros/install/scanner_interfaces/include/scanner_interfaces/scanner_interfaces/msg/detail/tracks__rosidl_typesupport_fastrtps_cpp.hpp
-- Installing: /home/ALEX/3dev/ros/install/scanner_interfaces/include/scanner_interfaces/scanner_interfaces/msg/detail/dds_fastrtps
-- Up-to-date: /home/ALEX/3dev/ros/install/scanner_interfaces/include/scanner_interfaces/scanner_interfaces/msg/detail/object__rosidl_typesupport_fastrtps_cpp.hpp
-- Up-to-date: /home/ALEX/3dev/ros/install/scanner_interfaces/include/scanner_interfaces/scanner_interfaces/msg/detail/camera_locations__rosidl_typesupport_fastrtps_cpp.hpp
-- Installing: /home/ALEX/3dev/ros/install/scanner_interfaces/lib/libscanner_interfaces__rosidl_typesupport_fastrtps_cpp.so
-- Set runtime path of "/home/ALEX/3dev/ros/install/scanner_interfaces/lib/libscanner_interfaces__rosidl_typesupport_fastrtps_cpp.so" to ""
-- Up-to-date: /home/ALEX/3dev/ros/install/scanner_interfaces/include/scanner_interfaces/scanner_interfaces
-- Up-to-date: /home/ALEX/3dev/ros/install/scanner_interfaces/include/scanner_interfaces/scanner_interfaces/msg
-- Up-to-date: /home/ALEX/3dev/ros/install/scanner_interfaces/include/scanner_interfaces/scanner_interfaces/msg/detail
-- Up-to-date: /home/ALEX/3dev/ros/install/scanner_interfaces/include/scanner_interfaces/scanner_interfaces/msg/detail/location__type_support.cpp
-- Up-to-date: /home/ALEX/3dev/ros/install/scanner_interfaces/include/scanner_interfaces/scanner_interfaces/msg/detail/object__type_support.cpp
-- Up-to-date: /home/ALEX/3dev/ros/install/scanner_interfaces/include/scanner_interfaces/scanner_interfaces/msg/detail/location__rosidl_typesupport_introspection_cpp.hpp
-- Up-to-date: /home/ALEX/3dev/ros/install/scanner_interfaces/include/scanner_interfaces/scanner_interfaces/msg/detail/tracks__type_support.cpp
-- Up-to-date: /home/ALEX/3dev/ros/install/scanner_interfaces/include/scanner_interfaces/scanner_interfaces/msg/detail/camera_locations__rosidl_typesupport_introspection_cpp.hpp
-- Up-to-date: /home/ALEX/3dev/ros/install/scanner_interfaces/include/scanner_interfaces/scanner_interfaces/msg/detail/object__rosidl_typesupport_introspection_cpp.hpp
-- Up-to-date: /home/ALEX/3dev/ros/install/scanner_interfaces/include/scanner_interfaces/scanner_interfaces/msg/detail/camera_xy__rosidl_typesupport_introspection_cpp.hpp
-- Up-to-date: /home/ALEX/3dev/ros/install/scanner_interfaces/include/scanner_interfaces/scanner_interfaces/msg/detail/camera_locations__type_support.cpp
-- Up-to-date: /home/ALEX/3dev/ros/install/scanner_interfaces/include/scanner_interfaces/scanner_interfaces/msg/detail/camera_xy__type_support.cpp
-- Up-to-date: /home/ALEX/3dev/ros/install/scanner_interfaces/include/scanner_interfaces/scanner_interfaces/msg/detail/tracks__rosidl_typesupport_introspection_cpp.hpp
-- Installing: /home/ALEX/3dev/ros/install/scanner_interfaces/lib/libscanner_interfaces__rosidl_typesupport_introspection_cpp.so
-- Set runtime path of "/home/ALEX/3dev/ros/install/scanner_interfaces/lib/libscanner_interfaces__rosidl_typesupport_introspection_cpp.so" to ""
-- Installing: /home/ALEX/3dev/ros/install/scanner_interfaces/lib/libscanner_interfaces__rosidl_typesupport_cpp.so
-- Set runtime path of "/home/ALEX/3dev/ros/install/scanner_interfaces/lib/libscanner_interfaces__rosidl_typesupport_cpp.so" to ""
-- Up-to-date: /home/ALEX/3dev/ros/install/scanner_interfaces/share/scanner_interfaces/environment/pythonpath.sh
-- Installing: /home/ALEX/3dev/ros/install/scanner_interfaces/share/scanner_interfaces/environment/pythonpath.dsv
-- Up-to-date: /home/ALEX/3dev/ros/install/scanner_interfaces/local/lib/python3.10/dist-packages/scanner_interfaces-0.0.0-py3.10.egg-info
-- Installing: /home/ALEX/3dev/ros/install/scanner_interfaces/local/lib/python3.10/dist-packages/scanner_interfaces-0.0.0-py3.10.egg-info/dependency_links.txt
-- Installing: /home/ALEX/3dev/ros/install/scanner_interfaces/local/lib/python3.10/dist-packages/scanner_interfaces-0.0.0-py3.10.egg-info/PKG-INFO
-- Installing: /home/ALEX/3dev/ros/install/scanner_interfaces/local/lib/python3.10/dist-packages/scanner_interfaces-0.0.0-py3.10.egg-info/top_level.txt
-- Installing: /home/ALEX/3dev/ros/install/scanner_interfaces/local/lib/python3.10/dist-packages/scanner_interfaces-0.0.0-py3.10.egg-info/SOURCES.txt
-- Up-to-date: /home/ALEX/3dev/ros/install/scanner_interfaces/local/lib/python3.10/dist-packages/scanner_interfaces
-- Up-to-date: /home/ALEX/3dev/ros/install/scanner_interfaces/local/lib/python3.10/dist-packages/scanner_interfaces/_scanner_interfaces_s.ep.rosidl_typesupport_c.c
-- Installing: /home/ALEX/3dev/ros/install/scanner_interfaces/local/lib/python3.10/dist-packages/scanner_interfaces/libscanner_interfaces__rosidl_generator_py.so
-- Installing: /home/ALEX/3dev/ros/install/scanner_interfaces/local/lib/python3.10/dist-packages/scanner_interfaces/scanner_interfaces_s__rosidl_typesupport_fastrtps_c.cpython-310-x86_64-linux-gnu.so
-- Installing: /home/ALEX/3dev/ros/install/scanner_interfaces/local/lib/python3.10/dist-packages/scanner_interfaces/scanner_interfaces_s__rosidl_typesupport_introspection_c.cpython-310-x86_64-linux-gnu.so
-- Up-to-date: /home/ALEX/3dev/ros/install/scanner_interfaces/local/lib/python3.10/dist-packages/scanner_interfaces/_scanner_interfaces_s.ep.rosidl_typesupport_introspection_c.c
-- Installing: /home/ALEX/3dev/ros/install/scanner_interfaces/local/lib/python3.10/dist-packages/scanner_interfaces/scanner_interfaces_s__rosidl_typesupport_c.cpython-310-x86_64-linux-gnu.so
-- Up-to-date: /home/ALEX/3dev/ros/install/scanner_interfaces/local/lib/python3.10/dist-packages/scanner_interfaces/_scanner_interfaces_s.ep.rosidl_typesupport_fastrtps_c.c
-- Up-to-date: /home/ALEX/3dev/ros/install/scanner_interfaces/local/lib/python3.10/dist-packages/scanner_interfaces/msg
-- Up-to-date: /home/ALEX/3dev/ros/install/scanner_interfaces/local/lib/python3.10/dist-packages/scanner_interfaces/msg/_camera_locations.py
-- Up-to-date: /home/ALEX/3dev/ros/install/scanner_interfaces/local/lib/python3.10/dist-packages/scanner_interfaces/msg/_tracks_s.c
-- Up-to-date: /home/ALEX/3dev/ros/install/scanner_interfaces/local/lib/python3.10/dist-packages/scanner_interfaces/msg/_camera_locations_s.c
-- Up-to-date: /home/ALEX/3dev/ros/install/scanner_interfaces/local/lib/python3.10/dist-packages/scanner_interfaces/msg/_object_s.c
-- Up-to-date: /home/ALEX/3dev/ros/install/scanner_interfaces/local/lib/python3.10/dist-packages/scanner_interfaces/msg/_tracks.py
-- Up-to-date: /home/ALEX/3dev/ros/install/scanner_interfaces/local/lib/python3.10/dist-packages/scanner_interfaces/msg/_camera_xy.py
-- Up-to-date: /home/ALEX/3dev/ros/install/scanner_interfaces/local/lib/python3.10/dist-packages/scanner_interfaces/msg/_location_s.c
-- Up-to-date: /home/ALEX/3dev/ros/install/scanner_interfaces/local/lib/python3.10/dist-packages/scanner_interfaces/msg/_location.py
-- Up-to-date: /home/ALEX/3dev/ros/install/scanner_interfaces/local/lib/python3.10/dist-packages/scanner_interfaces/msg/_camera_xy_s.c
-- Up-to-date: /home/ALEX/3dev/ros/install/scanner_interfaces/local/lib/python3.10/dist-packages/scanner_interfaces/msg/_object.py
-- Up-to-date: /home/ALEX/3dev/ros/install/scanner_interfaces/local/lib/python3.10/dist-packages/scanner_interfaces/msg/__init__.py
-- Installing: /home/ALEX/3dev/ros/install/scanner_interfaces/local/lib/python3.10/dist-packages/scanner_interfaces/__init__.py
Listing '/home/ALEX/3dev/ros/install/scanner_interfaces/local/lib/python3.10/dist-packages/scanner_interfaces'...
Compiling '/home/ALEX/3dev/ros/install/scanner_interfaces/local/lib/python3.10/dist-packages/scanner_interfaces/__init__.py'...
Listing '/home/ALEX/3dev/ros/install/scanner_interfaces/local/lib/python3.10/dist-packages/scanner_interfaces/msg'...
Compiling '/home/ALEX/3dev/ros/install/scanner_interfaces/local/lib/python3.10/dist-packages/scanner_interfaces/msg/__init__.py'...
Compiling '/home/ALEX/3dev/ros/install/scanner_interfaces/local/lib/python3.10/dist-packages/scanner_interfaces/msg/_camera_locations.py'...
Compiling '/home/ALEX/3dev/ros/install/scanner_interfaces/local/lib/python3.10/dist-packages/scanner_interfaces/msg/_camera_xy.py'...
Compiling '/home/ALEX/3dev/ros/install/scanner_interfaces/local/lib/python3.10/dist-packages/scanner_interfaces/msg/_location.py'...
Compiling '/home/ALEX/3dev/ros/install/scanner_interfaces/local/lib/python3.10/dist-packages/scanner_interfaces/msg/_object.py'...
Compiling '/home/ALEX/3dev/ros/install/scanner_interfaces/local/lib/python3.10/dist-packages/scanner_interfaces/msg/_tracks.py'...
-- Installing: /home/ALEX/3dev/ros/install/scanner_interfaces/local/lib/python3.10/dist-packages/scanner_interfaces/scanner_interfaces_s__rosidl_typesupport_fastrtps_c.cpython-310-x86_64-linux-gnu.so
-- Set runtime path of "/home/ALEX/3dev/ros/install/scanner_interfaces/local/lib/python3.10/dist-packages/scanner_interfaces/scanner_interfaces_s__rosidl_typesupport_fastrtps_c.cpython-310-x86_64-linux-gnu.so" to ""
-- Installing: /home/ALEX/3dev/ros/install/scanner_interfaces/local/lib/python3.10/dist-packages/scanner_interfaces/scanner_interfaces_s__rosidl_typesupport_introspection_c.cpython-310-x86_64-linux-gnu.so
-- Set runtime path of "/home/ALEX/3dev/ros/install/scanner_interfaces/local/lib/python3.10/dist-packages/scanner_interfaces/scanner_interfaces_s__rosidl_typesupport_introspection_c.cpython-310-x86_64-linux-gnu.so" to ""
-- Installing: /home/ALEX/3dev/ros/install/scanner_interfaces/local/lib/python3.10/dist-packages/scanner_interfaces/scanner_interfaces_s__rosidl_typesupport_c.cpython-310-x86_64-linux-gnu.so
-- Set runtime path of "/home/ALEX/3dev/ros/install/scanner_interfaces/local/lib/python3.10/dist-packages/scanner_interfaces/scanner_interfaces_s__rosidl_typesupport_c.cpython-310-x86_64-linux-gnu.so" to ""
-- Installing: /home/ALEX/3dev/ros/install/scanner_interfaces/lib/libscanner_interfaces__rosidl_generator_py.so
-- Set runtime path of "/home/ALEX/3dev/ros/install/scanner_interfaces/lib/libscanner_interfaces__rosidl_generator_py.so" to ""
-- Up-to-date: /home/ALEX/3dev/ros/install/scanner_interfaces/share/scanner_interfaces/msg/Object.idl
-- Up-to-date: /home/ALEX/3dev/ros/install/scanner_interfaces/share/scanner_interfaces/msg/Tracks.idl
-- Up-to-date: /home/ALEX/3dev/ros/install/scanner_interfaces/share/scanner_interfaces/msg/Location.idl
-- Up-to-date: /home/ALEX/3dev/ros/install/scanner_interfaces/share/scanner_interfaces/msg/CameraLocations.idl
-- Up-to-date: /home/ALEX/3dev/ros/install/scanner_interfaces/share/scanner_interfaces/msg/Object.msg
-- Up-to-date: /home/ALEX/3dev/ros/install/scanner_interfaces/share/scanner_interfaces/msg/Tracks.msg
-- Up-to-date: /home/ALEX/3dev/ros/install/scanner_interfaces/share/scanner_interfaces/msg/Location.msg
-- Up-to-date: /home/ALEX/3dev/ros/install/scanner_interfaces/share/scanner_interfaces/msg/CameraLocations.msg
-- Up-to-date: /home/ALEX/3dev/ros/install/scanner_interfaces/share/ament_index/resource_index/package_run_dependencies/scanner_interfaces
-- Up-to-date: /home/ALEX/3dev/ros/install/scanner_interfaces/share/ament_index/resource_index/parent_prefix_path/scanner_interfaces
-- Installing: /home/ALEX/3dev/ros/install/scanner_interfaces/share/scanner_interfaces/environment/ament_prefix_path.sh
-- Installing: /home/ALEX/3dev/ros/install/scanner_interfaces/share/scanner_interfaces/environment/ament_prefix_path.dsv
-- Installing: /home/ALEX/3dev/ros/install/scanner_interfaces/share/scanner_interfaces/environment/path.sh
-- Installing: /home/ALEX/3dev/ros/install/scanner_interfaces/share/scanner_interfaces/environment/path.dsv
-- Up-to-date: /home/ALEX/3dev/ros/install/scanner_interfaces/share/scanner_interfaces/local_setup.bash
-- Up-to-date: /home/ALEX/3dev/ros/install/scanner_interfaces/share/scanner_interfaces/local_setup.sh
-- Up-to-date: /home/ALEX/3dev/ros/install/scanner_interfaces/share/scanner_interfaces/local_setup.zsh
-- Installing: /home/ALEX/3dev/ros/install/scanner_interfaces/share/scanner_interfaces/local_setup.dsv
-- Installing: /home/ALEX/3dev/ros/install/scanner_interfaces/share/scanner_interfaces/package.dsv
-- Up-to-date: /home/ALEX/3dev/ros/install/scanner_interfaces/share/ament_index/resource_index/packages/scanner_interfaces
-- Up-to-date: /home/ALEX/3dev/ros/install/scanner_interfaces/share/scanner_interfaces/cmake/export_scanner_interfaces__rosidl_generator_cExport.cmake
-- Up-to-date: /home/ALEX/3dev/ros/install/scanner_interfaces/share/scanner_interfaces/cmake/export_scanner_interfaces__rosidl_generator_cExport-noconfig.cmake
-- Up-to-date: /home/ALEX/3dev/ros/install/scanner_interfaces/share/scanner_interfaces/cmake/export_scanner_interfaces__rosidl_typesupport_fastrtps_cExport.cmake
-- Up-to-date: /home/ALEX/3dev/ros/install/scanner_interfaces/share/scanner_interfaces/cmake/export_scanner_interfaces__rosidl_typesupport_fastrtps_cExport-noconfig.cmake
-- Up-to-date: /home/ALEX/3dev/ros/install/scanner_interfaces/share/scanner_interfaces/cmake/scanner_interfaces__rosidl_typesupport_introspection_cExport.cmake
-- Up-to-date: /home/ALEX/3dev/ros/install/scanner_interfaces/share/scanner_interfaces/cmake/scanner_interfaces__rosidl_typesupport_introspection_cExport-noconfig.cmake
-- Up-to-date: /home/ALEX/3dev/ros/install/scanner_interfaces/share/scanner_interfaces/cmake/scanner_interfaces__rosidl_typesupport_cExport.cmake
-- Up-to-date: /home/ALEX/3dev/ros/install/scanner_interfaces/share/scanner_interfaces/cmake/scanner_interfaces__rosidl_typesupport_cExport-noconfig.cmake
-- Up-to-date: /home/ALEX/3dev/ros/install/scanner_interfaces/share/scanner_interfaces/cmake/export_scanner_interfaces__rosidl_generator_cppExport.cmake
-- Up-to-date: /home/ALEX/3dev/ros/install/scanner_interfaces/share/scanner_interfaces/cmake/export_scanner_interfaces__rosidl_typesupport_fastrtps_cppExport.cmake
-- Up-to-date: /home/ALEX/3dev/ros/install/scanner_interfaces/share/scanner_interfaces/cmake/export_scanner_interfaces__rosidl_typesupport_fastrtps_cppExport-noconfig.cmake
-- Up-to-date: /home/ALEX/3dev/ros/install/scanner_interfaces/share/scanner_interfaces/cmake/scanner_interfaces__rosidl_typesupport_introspection_cppExport.cmake
-- Up-to-date: /home/ALEX/3dev/ros/install/scanner_interfaces/share/scanner_interfaces/cmake/scanner_interfaces__rosidl_typesupport_introspection_cppExport-noconfig.cmake
-- Up-to-date: /home/ALEX/3dev/ros/install/scanner_interfaces/share/scanner_interfaces/cmake/scanner_interfaces__rosidl_typesupport_cppExport.cmake
-- Up-to-date: /home/ALEX/3dev/ros/install/scanner_interfaces/share/scanner_interfaces/cmake/scanner_interfaces__rosidl_typesupport_cppExport-noconfig.cmake
-- Up-to-date: /home/ALEX/3dev/ros/install/scanner_interfaces/share/scanner_interfaces/cmake/export_scanner_interfaces__rosidl_generator_pyExport.cmake
-- Up-to-date: /home/ALEX/3dev/ros/install/scanner_interfaces/share/scanner_interfaces/cmake/export_scanner_interfaces__rosidl_generator_pyExport-noconfig.cmake
-- Up-to-date: /home/ALEX/3dev/ros/install/scanner_interfaces/share/scanner_interfaces/cmake/rosidl_cmake-extras.cmake
-- Up-to-date: /home/ALEX/3dev/ros/install/scanner_interfaces/share/scanner_interfaces/cmake/ament_cmake_export_include_directories-extras.cmake
-- Up-to-date: /home/ALEX/3dev/ros/install/scanner_interfaces/share/scanner_interfaces/cmake/ament_cmake_export_libraries-extras.cmake
-- Installing: /home/ALEX/3dev/ros/install/scanner_interfaces/share/scanner_interfaces/cmake/ament_cmake_export_targets-extras.cmake
-- Up-to-date: /home/ALEX/3dev/ros/install/scanner_interfaces/share/scanner_interfaces/cmake/rosidl_cmake_export_typesupport_targets-extras.cmake
-- Up-to-date: /home/ALEX/3dev/ros/install/scanner_interfaces/share/scanner_interfaces/cmake/ament_cmake_export_dependencies-extras.cmake
-- Up-to-date: /home/ALEX/3dev/ros/install/scanner_interfaces/share/scanner_interfaces/cmake/rosidl_cmake_export_typesupport_libraries-extras.cmake
-- Up-to-date: /home/ALEX/3dev/ros/install/scanner_interfaces/share/scanner_interfaces/cmake/scanner_interfacesConfig.cmake
-- Up-to-date: /home/ALEX/3dev/ros/install/scanner_interfaces/share/scanner_interfaces/cmake/scanner_interfacesConfig-version.cmake
-- Up-to-date: /home/ALEX/3dev/ros/install/scanner_interfaces/share/scanner_interfaces/package.xml
