[0.712s] Invoking command in '/home/ALEX/3dev/ros/build/scanner': PYTHONPATH=/home/ALEX/3dev/ros/install/scanner/lib/python3.10/site-packages:${PYTHONPATH} /usr/bin/python3 setup.py develop --prefix /home/ALEX/3dev/ros/install/scanner --editable --build-directory /home/ALEX/3dev/ros/build/scanner/build --no-deps install_data --install-dir /home/ALEX/3dev/ros/install/scanner
[1.012s] running develop
[1.175s] running egg_info
[1.175s] writing scanner.egg-info/PKG-INFO
[1.176s] writing dependency_links to scanner.egg-info/dependency_links.txt
[1.176s] writing entry points to scanner.egg-info/entry_points.txt
[1.176s] writing requirements to scanner.egg-info/requires.txt
[1.176s] writing top-level names to scanner.egg-info/top_level.txt
[1.179s] reading manifest file 'scanner.egg-info/SOURCES.txt'
[1.180s] writing manifest file 'scanner.egg-info/SOURCES.txt'
[1.182s] running build_ext
[1.182s] Creating /home/ALEX/3dev/ros/install/scanner/lib/python3.10/site-packages/scanner.egg-link (link to .)
[1.183s] Installing ball_scanner script to /home/ALEX/3dev/ros/install/scanner/lib/scanner
[1.183s] Installing camera_info_publisher script to /home/ALEX/3dev/ros/install/scanner/lib/scanner
[1.183s] Installing camera_publisher script to /home/ALEX/3dev/ros/install/scanner/lib/scanner
[1.183s] Installing test_vec_publisher script to /home/ALEX/3dev/ros/install/scanner/lib/scanner
[1.183s] Installing tf_broadcaster script to /home/ALEX/3dev/ros/install/scanner/lib/scanner
[1.184s] 
[1.184s] Installed /home/ALEX/3dev/ros/build/scanner
[1.184s] running install_data
[1.222s] Invoked command in '/home/ALEX/3dev/ros/build/scanner' returned '0': PYTHONPATH=/home/ALEX/3dev/ros/install/scanner/lib/python3.10/site-packages:${PYTHONPATH} /usr/bin/python3 setup.py develop --prefix /home/ALEX/3dev/ros/install/scanner --editable --build-directory /home/ALEX/3dev/ros/build/scanner/build --no-deps install_data --install-dir /home/ALEX/3dev/ros/install/scanner
