-- The C compiler identification is GNU 11.3.0
-- The CXX compiler identification is GNU 11.3.0
-- Detecting C compiler ABI info
-- Detecting C compiler ABI info - done
-- Check for working C compiler: /usr/bin/cc - skipped
-- Detecting C compile features
-- Detecting C compile features - done
-- Detecting CXX compiler ABI info
-- Detecting CXX compiler ABI info - done
-- Check for working CXX compiler: /usr/bin/c++ - skipped
-- Detecting CXX compile features
-- Detecting CXX compile features - done
-- Found ament_cmake: 1.3.3 (/opt/ros/humble/share/ament_cmake/cmake)
-- Found Python3: /usr/bin/python3.10 (found version "3.10.6") found components: Interpreter 
-- Override CMake install command with custom implementation using symlinks instead of copying resources
-- Found ament_lint_auto: 0.12.5 (/opt/ros/humble/share/ament_lint_auto/cmake)
-- Added test 'flake8' to check Python code syntax and style conventions
-- Added test 'lint_cmake' to check CMake code style
-- Added test 'pep257' to check Python code against some of the docstring style conventions in PEP 257
-- Added test 'xmllint' to check XML markup files
-- Configuring done
-- Generating done
-- Build files have been written to: /home/ALEX/anytrack/ros/build/simulation
-- Install configuration: ""
-- Execute custom install script
-- Symlinking: /home/ALEX/anytrack/ros/install/simulation/share/simulation/description/gazebo.xacro
-- Symlinking: /home/ALEX/anytrack/ros/install/simulation/share/simulation/description/include.xacro
-- Symlinking: /home/ALEX/anytrack/ros/install/simulation/share/simulation/description/scene.urdf.xacro
-- Symlinking: /home/ALEX/anytrack/ros/install/simulation/share/simulation/description/simulation.urdf.xacro
-- Symlinking: /home/ALEX/anytrack/ros/install/simulation/share/simulation/launch/gazebo.launch.py
-- Symlinking: /home/ALEX/anytrack/ros/install/simulation/share/simulation/launch/simulation.launch.py
-- Symlinking: /home/ALEX/anytrack/ros/install/simulation/share/simulation/worlds/gazebo_test.sdf
-- Symlinking: /home/ALEX/anytrack/ros/install/simulation/share/ament_index/resource_index/package_run_dependencies/simulation
-- Symlinking: /home/ALEX/anytrack/ros/install/simulation/share/ament_index/resource_index/parent_prefix_path/simulation
-- Symlinking: /home/ALEX/anytrack/ros/install/simulation/share/simulation/environment/ament_prefix_path.sh
-- Symlinking: /home/ALEX/anytrack/ros/install/simulation/share/simulation/environment/ament_prefix_path.dsv
-- Symlinking: /home/ALEX/anytrack/ros/install/simulation/share/simulation/environment/path.sh
-- Symlinking: /home/ALEX/anytrack/ros/install/simulation/share/simulation/environment/path.dsv
-- Symlinking: /home/ALEX/anytrack/ros/install/simulation/share/simulation/local_setup.bash
-- Symlinking: /home/ALEX/anytrack/ros/install/simulation/share/simulation/local_setup.sh
-- Symlinking: /home/ALEX/anytrack/ros/install/simulation/share/simulation/local_setup.zsh
-- Symlinking: /home/ALEX/anytrack/ros/install/simulation/share/simulation/local_setup.dsv
-- Symlinking: /home/ALEX/anytrack/ros/install/simulation/share/simulation/package.dsv
-- Symlinking: /home/ALEX/anytrack/ros/install/simulation/share/ament_index/resource_index/packages/simulation
-- Symlinking: /home/ALEX/anytrack/ros/install/simulation/share/simulation/cmake/simulationConfig.cmake
-- Symlinking: /home/ALEX/anytrack/ros/install/simulation/share/simulation/cmake/simulationConfig-version.cmake
-- Symlinking: /home/ALEX/anytrack/ros/install/simulation/share/simulation/package.xml
