[0.013s] Invoking command in '/home/ALEX/anytrack/ros/build/simulation': CMAKE_PREFIX_PATH=${CMAKE_PREFIX_PATH}:/home/ALEX/anytrack/ros/install/test_py_pkg:/home/ALEX/anytrack/ros/install/scannerV2:/home/ALEX/anytrack/ros/install/scanner:/home/ALEX/anytrack/ros/install/anytrack:/opt/ros/humble /usr/bin/cmake /home/ALEX/anytrack/ros/src/simulation -DAMENT_CMAKE_SYMLINK_INSTALL=1 -DCMAKE_INSTALL_PREFIX=/home/ALEX/anytrack/ros/install/simulation
[0.056s] -- The C compiler identification is GNU 11.3.0
[0.100s] -- The CXX compiler identification is GNU 11.3.0
[0.107s] -- Detecting C compiler ABI info
[0.159s] -- Detecting C compiler ABI info - done
[0.167s] -- Check for working C compiler: /usr/bin/cc - skipped
[0.167s] -- Detecting C compile features
[0.168s] -- Detecting C compile features - done
[0.170s] -- Detecting CXX compiler ABI info
[0.232s] -- Detecting CXX compiler ABI info - done
[0.240s] -- Check for working CXX compiler: /usr/bin/c++ - skipped
[0.240s] -- Detecting CXX compile features
[0.240s] -- Detecting CXX compile features - done
[0.243s] -- Found ament_cmake: 1.3.3 (/opt/ros/humble/share/ament_cmake/cmake)
[0.386s] -- Found Python3: /usr/bin/python3.10 (found version "3.10.6") found components: Interpreter 
[0.437s] -- Override CMake install command with custom implementation using symlinks instead of copying resources
[0.466s] -- Found ament_lint_auto: 0.12.5 (/opt/ros/humble/share/ament_lint_auto/cmake)
[0.536s] -- Added test 'flake8' to check Python code syntax and style conventions
[0.537s] -- Added test 'lint_cmake' to check CMake code style
[0.537s] -- Added test 'pep257' to check Python code against some of the docstring style conventions in PEP 257
[0.538s] -- Added test 'xmllint' to check XML markup files
[0.540s] -- Configuring done
[0.543s] -- Generating done
[0.543s] -- Build files have been written to: /home/ALEX/anytrack/ros/build/simulation
[0.546s] Invoked command in '/home/ALEX/anytrack/ros/build/simulation' returned '0': CMAKE_PREFIX_PATH=${CMAKE_PREFIX_PATH}:/home/ALEX/anytrack/ros/install/test_py_pkg:/home/ALEX/anytrack/ros/install/scannerV2:/home/ALEX/anytrack/ros/install/scanner:/home/ALEX/anytrack/ros/install/anytrack:/opt/ros/humble /usr/bin/cmake /home/ALEX/anytrack/ros/src/simulation -DAMENT_CMAKE_SYMLINK_INSTALL=1 -DCMAKE_INSTALL_PREFIX=/home/ALEX/anytrack/ros/install/simulation
[0.548s] Invoking command in '/home/ALEX/anytrack/ros/build/simulation': CMAKE_PREFIX_PATH=${CMAKE_PREFIX_PATH}:/home/ALEX/anytrack/ros/install/test_py_pkg:/home/ALEX/anytrack/ros/install/scannerV2:/home/ALEX/anytrack/ros/install/scanner:/home/ALEX/anytrack/ros/install/anytrack:/opt/ros/humble /usr/bin/cmake --build /home/ALEX/anytrack/ros/build/simulation -- -j12 -l12
[0.576s] Invoked command in '/home/ALEX/anytrack/ros/build/simulation' returned '0': CMAKE_PREFIX_PATH=${CMAKE_PREFIX_PATH}:/home/ALEX/anytrack/ros/install/test_py_pkg:/home/ALEX/anytrack/ros/install/scannerV2:/home/ALEX/anytrack/ros/install/scanner:/home/ALEX/anytrack/ros/install/anytrack:/opt/ros/humble /usr/bin/cmake --build /home/ALEX/anytrack/ros/build/simulation -- -j12 -l12
[0.599s] Invoking command in '/home/ALEX/anytrack/ros/build/simulation': CMAKE_PREFIX_PATH=${CMAKE_PREFIX_PATH}:/home/ALEX/anytrack/ros/install/test_py_pkg:/home/ALEX/anytrack/ros/install/scannerV2:/home/ALEX/anytrack/ros/install/scanner:/home/ALEX/anytrack/ros/install/anytrack:/opt/ros/humble /usr/bin/cmake --install /home/ALEX/anytrack/ros/build/simulation
[0.604s] -- Install configuration: ""
[0.605s] -- Execute custom install script
[0.605s] -- Symlinking: /home/ALEX/anytrack/ros/install/simulation/share/simulation/description/gazebo.xacro
[0.612s] -- Symlinking: /home/ALEX/anytrack/ros/install/simulation/share/simulation/description/include.xacro
[0.618s] -- Symlinking: /home/ALEX/anytrack/ros/install/simulation/share/simulation/description/scene.urdf.xacro
[0.625s] -- Symlinking: /home/ALEX/anytrack/ros/install/simulation/share/simulation/description/simulation.urdf.xacro
[0.631s] -- Symlinking: /home/ALEX/anytrack/ros/install/simulation/share/simulation/launch/gazebo.launch.py
[0.638s] -- Symlinking: /home/ALEX/anytrack/ros/install/simulation/share/simulation/launch/simulation.launch.py
[0.645s] -- Symlinking: /home/ALEX/anytrack/ros/install/simulation/share/simulation/worlds/gazebo_test.sdf
[0.651s] -- Symlinking: /home/ALEX/anytrack/ros/install/simulation/share/ament_index/resource_index/package_run_dependencies/simulation
[0.658s] -- Symlinking: /home/ALEX/anytrack/ros/install/simulation/share/ament_index/resource_index/parent_prefix_path/simulation
[0.664s] -- Symlinking: /home/ALEX/anytrack/ros/install/simulation/share/simulation/environment/ament_prefix_path.sh
[0.671s] -- Symlinking: /home/ALEX/anytrack/ros/install/simulation/share/simulation/environment/ament_prefix_path.dsv
[0.677s] -- Symlinking: /home/ALEX/anytrack/ros/install/simulation/share/simulation/environment/path.sh
[0.684s] -- Symlinking: /home/ALEX/anytrack/ros/install/simulation/share/simulation/environment/path.dsv
[0.690s] -- Symlinking: /home/ALEX/anytrack/ros/install/simulation/share/simulation/local_setup.bash
[0.697s] -- Symlinking: /home/ALEX/anytrack/ros/install/simulation/share/simulation/local_setup.sh
[0.704s] -- Symlinking: /home/ALEX/anytrack/ros/install/simulation/share/simulation/local_setup.zsh
[0.710s] -- Symlinking: /home/ALEX/anytrack/ros/install/simulation/share/simulation/local_setup.dsv
[0.716s] -- Symlinking: /home/ALEX/anytrack/ros/install/simulation/share/simulation/package.dsv
[0.724s] -- Symlinking: /home/ALEX/anytrack/ros/install/simulation/share/ament_index/resource_index/packages/simulation
[0.730s] -- Symlinking: /home/ALEX/anytrack/ros/install/simulation/share/simulation/cmake/simulationConfig.cmake
[0.736s] -- Symlinking: /home/ALEX/anytrack/ros/install/simulation/share/simulation/cmake/simulationConfig-version.cmake
[0.743s] -- Symlinking: /home/ALEX/anytrack/ros/install/simulation/share/simulation/package.xml
[0.751s] Invoked command in '/home/ALEX/anytrack/ros/build/simulation' returned '0': CMAKE_PREFIX_PATH=${CMAKE_PREFIX_PATH}:/home/ALEX/anytrack/ros/install/test_py_pkg:/home/ALEX/anytrack/ros/install/scannerV2:/home/ALEX/anytrack/ros/install/scanner:/home/ALEX/anytrack/ros/install/anytrack:/opt/ros/humble /usr/bin/cmake --install /home/ALEX/anytrack/ros/build/simulation
