[0.832s] Invoking command in '/home/ALEX/3dev/ros/src/scanner': PYTHONPATH=/home/ALEX/3dev/ros/install/scanner/lib/python3.10/site-packages:${PYTHONPATH} /usr/bin/python3 setup.py egg_info --egg-base ../../build/scanner build --build-base /home/ALEX/3dev/ros/build/scanner/build install --prefix /home/ALEX/3dev/ros/install/scanner --record /home/ALEX/3dev/ros/build/scanner/install.log --single-version-externally-managed
[1.055s] running egg_info
[1.055s] writing ../../build/scanner/scanner.egg-info/PKG-INFO
[1.055s] writing dependency_links to ../../build/scanner/scanner.egg-info/dependency_links.txt
[1.055s] writing entry points to ../../build/scanner/scanner.egg-info/entry_points.txt
[1.056s] writing requirements to ../../build/scanner/scanner.egg-info/requires.txt
[1.056s] writing top-level names to ../../build/scanner/scanner.egg-info/top_level.txt
[1.057s] reading manifest file '../../build/scanner/scanner.egg-info/SOURCES.txt'
[1.058s] writing manifest file '../../build/scanner/scanner.egg-info/SOURCES.txt'
[1.058s] running build
[1.058s] running build_py
[1.058s] running install
[1.059s] running install_lib
[1.060s] running install_data
[1.060s] running install_egg_info
[1.061s] removing '/home/ALEX/3dev/ros/install/scanner/lib/python3.10/site-packages/scanner-0.0.0-py3.10.egg-info' (and everything under it)
[1.062s] Copying ../../build/scanner/scanner.egg-info to /home/ALEX/3dev/ros/install/scanner/lib/python3.10/site-packages/scanner-0.0.0-py3.10.egg-info
[1.062s] running install_scripts
[1.079s] Installing test_vec_publisher script to /home/ALEX/3dev/ros/install/scanner/lib/scanner
[1.079s] writing list of installed files to '/home/ALEX/3dev/ros/build/scanner/install.log'
[1.101s] Invoked command in '/home/ALEX/3dev/ros/src/scanner' returned '0': PYTHONPATH=/home/ALEX/3dev/ros/install/scanner/lib/python3.10/site-packages:${PYTHONPATH} /usr/bin/python3 setup.py egg_info --egg-base ../../build/scanner build --build-base /home/ALEX/3dev/ros/build/scanner/build install --prefix /home/ALEX/3dev/ros/install/scanner --record /home/ALEX/3dev/ros/build/scanner/install.log --single-version-externally-managed
