[0.022s] Invoking command in '/home/ALEX/anytrack/ros/build/simulation': CMAKE_PREFIX_PATH=${CMAKE_PREFIX_PATH}:/home/ALEX/anytrack/ros/install/anytrack:/home/ALEX/xray/ros/install/xray:/opt/ros/humble /usr/bin/cmake /home/ALEX/anytrack/ros/src/simulation -DAMENT_CMAKE_SYMLINK_INSTALL=1 -DCMAKE_INSTALL_PREFIX=/home/ALEX/anytrack/ros/install/simulation
[0.049s] -- Found ament_cmake: 1.3.4 (/opt/ros/humble/share/ament_cmake/cmake)
[0.181s] -- Override CMake install command with custom implementation using symlinks instead of copying resources
[0.197s] -- Found ament_lint_auto: 0.12.6 (/opt/ros/humble/share/ament_lint_auto/cmake)
[0.265s] -- Added test 'flake8' to check Python code syntax and style conventions
[0.265s] -- Added test 'lint_cmake' to check CMake code style
[0.266s] -- Added test 'pep257' to check Python code against some of the docstring style conventions in PEP 257
[0.267s] -- Added test 'xmllint' to check XML markup files
[0.268s] -- Configuring done
[0.271s] -- Generating done
[0.271s] -- Build files have been written to: /home/ALEX/anytrack/ros/build/simulation
[0.274s] Invoked command in '/home/ALEX/anytrack/ros/build/simulation' returned '0': CMAKE_PREFIX_PATH=${CMAKE_PREFIX_PATH}:/home/ALEX/anytrack/ros/install/anytrack:/home/ALEX/xray/ros/install/xray:/opt/ros/humble /usr/bin/cmake /home/ALEX/anytrack/ros/src/simulation -DAMENT_CMAKE_SYMLINK_INSTALL=1 -DCMAKE_INSTALL_PREFIX=/home/ALEX/anytrack/ros/install/simulation
[0.275s] Invoking command in '/home/ALEX/anytrack/ros/build/simulation': CMAKE_PREFIX_PATH=${CMAKE_PREFIX_PATH}:/home/ALEX/anytrack/ros/install/anytrack:/home/ALEX/xray/ros/install/xray:/opt/ros/humble /usr/bin/cmake --build /home/ALEX/anytrack/ros/build/simulation -- -j12 -l12
[0.303s] Invoked command in '/home/ALEX/anytrack/ros/build/simulation' returned '0': CMAKE_PREFIX_PATH=${CMAKE_PREFIX_PATH}:/home/ALEX/anytrack/ros/install/anytrack:/home/ALEX/xray/ros/install/xray:/opt/ros/humble /usr/bin/cmake --build /home/ALEX/anytrack/ros/build/simulation -- -j12 -l12
[0.325s] Invoking command in '/home/ALEX/anytrack/ros/build/simulation': CMAKE_PREFIX_PATH=${CMAKE_PREFIX_PATH}:/home/ALEX/anytrack/ros/install/anytrack:/home/ALEX/xray/ros/install/xray:/opt/ros/humble /usr/bin/cmake --install /home/ALEX/anytrack/ros/build/simulation
[0.331s] -- Install configuration: ""
[0.331s] -- Execute custom install script
[0.331s] -- Symlinking: /home/ALEX/anytrack/ros/install/simulation/share/simulation/description/gazebo.xacro
[0.338s] -- Symlinking: /home/ALEX/anytrack/ros/install/simulation/share/simulation/description/include.xacro
[0.344s] -- Symlinking: /home/ALEX/anytrack/ros/install/simulation/share/simulation/description/simulation.urdf.xacro
[0.350s] -- Symlinking: /home/ALEX/anytrack/ros/install/simulation/share/simulation/launch/gazebo.launch.py
[0.357s] -- Symlinking: /home/ALEX/anytrack/ros/install/simulation/share/simulation/worlds/4-camera-simulation-1080.world
[0.363s] -- Symlinking: /home/ALEX/anytrack/ros/install/simulation/share/simulation/worlds/4-camera-simulation-720-multiple-ball.world
[0.369s] -- Symlinking: /home/ALEX/anytrack/ros/install/simulation/share/simulation/worlds/4-camera-simulation-720.world
[0.375s] -- Symlinking: /home/ALEX/anytrack/ros/install/simulation/share/simulation/worlds/empty.world
[0.381s] -- Symlinking: /home/ALEX/anytrack/ros/install/simulation/share/simulation/worlds/multi_ball.world
[0.388s] -- Symlinking: /home/ALEX/anytrack/ros/install/simulation/share/simulation/worlds/multi_camera.world
[0.394s] -- Symlinking: /home/ALEX/anytrack/ros/install/simulation/share/simulation/worlds/single_ball.world
[0.400s] -- Symlinking: /home/ALEX/anytrack/ros/install/simulation/share/ament_index/resource_index/package_run_dependencies/simulation
[0.407s] -- Symlinking: /home/ALEX/anytrack/ros/install/simulation/share/ament_index/resource_index/parent_prefix_path/simulation
[0.414s] -- Symlinking: /home/ALEX/anytrack/ros/install/simulation/share/simulation/environment/ament_prefix_path.sh
[0.421s] -- Symlinking: /home/ALEX/anytrack/ros/install/simulation/share/simulation/environment/ament_prefix_path.dsv
[0.427s] -- Symlinking: /home/ALEX/anytrack/ros/install/simulation/share/simulation/environment/path.sh
[0.433s] -- Symlinking: /home/ALEX/anytrack/ros/install/simulation/share/simulation/environment/path.dsv
[0.440s] -- Symlinking: /home/ALEX/anytrack/ros/install/simulation/share/simulation/local_setup.bash
[0.446s] -- Symlinking: /home/ALEX/anytrack/ros/install/simulation/share/simulation/local_setup.sh
[0.453s] -- Symlinking: /home/ALEX/anytrack/ros/install/simulation/share/simulation/local_setup.zsh
[0.459s] -- Symlinking: /home/ALEX/anytrack/ros/install/simulation/share/simulation/local_setup.dsv
[0.465s] -- Symlinking: /home/ALEX/anytrack/ros/install/simulation/share/simulation/package.dsv
[0.472s] -- Symlinking: /home/ALEX/anytrack/ros/install/simulation/share/ament_index/resource_index/packages/simulation
[0.478s] -- Symlinking: /home/ALEX/anytrack/ros/install/simulation/share/simulation/cmake/simulationConfig.cmake
[0.484s] -- Symlinking: /home/ALEX/anytrack/ros/install/simulation/share/simulation/cmake/simulationConfig-version.cmake
[0.490s] -- Symlinking: /home/ALEX/anytrack/ros/install/simulation/share/simulation/package.xml
[0.498s] Invoked command in '/home/ALEX/anytrack/ros/build/simulation' returned '0': CMAKE_PREFIX_PATH=${CMAKE_PREFIX_PATH}:/home/ALEX/anytrack/ros/install/anytrack:/home/ALEX/xray/ros/install/xray:/opt/ros/humble /usr/bin/cmake --install /home/ALEX/anytrack/ros/build/simulation
