running develop
Removing /home/ALEX/anytrack/ros/install/scannerV2/lib/python3.10/site-packages/scannerV2.egg-link (link to .)
running egg_info
writing ../../build/scannerV2/scannerV2.egg-info/PKG-INFO
writing dependency_links to ../../build/scannerV2/scannerV2.egg-info/dependency_links.txt
writing entry points to ../../build/scannerV2/scannerV2.egg-info/entry_points.txt
writing requirements to ../../build/scannerV2/scannerV2.egg-info/requires.txt
writing top-level names to ../../build/scannerV2/scannerV2.egg-info/top_level.txt
reading manifest file '../../build/scannerV2/scannerV2.egg-info/SOURCES.txt'
writing manifest file '../../build/scannerV2/scannerV2.egg-info/SOURCES.txt'
running build
running build_py
creating /home/ALEX/anytrack/ros/build/scannerV2/build
creating /home/ALEX/anytrack/ros/build/scannerV2/build/lib
creating /home/ALEX/anytrack/ros/build/scannerV2/build/lib/scannerV2
copying scannerV2/manager.py -> /home/ALEX/anytrack/ros/build/scannerV2/build/lib/scannerV2
copying scannerV2/position_manager.py -> /home/ALEX/anytrack/ros/build/scannerV2/build/lib/scannerV2
copying scannerV2/camera_info.py -> /home/ALEX/anytrack/ros/build/scannerV2/build/lib/scannerV2
copying scannerV2/camera_vector.py -> /home/ALEX/anytrack/ros/build/scannerV2/build/lib/scannerV2
copying scannerV2/calibrator.py -> /home/ALEX/anytrack/ros/build/scannerV2/build/lib/scannerV2
copying scannerV2/tracker2D.py -> /home/ALEX/anytrack/ros/build/scannerV2/build/lib/scannerV2
copying scannerV2/test.py -> /home/ALEX/anytrack/ros/build/scannerV2/build/lib/scannerV2
copying scannerV2/__init__.py -> /home/ALEX/anytrack/ros/build/scannerV2/build/lib/scannerV2
running install
running install_lib
creating /home/ALEX/anytrack/ros/install/scannerV2/lib/python3.10/site-packages/scannerV2
copying /home/ALEX/anytrack/ros/build/scannerV2/build/lib/scannerV2/manager.py -> /home/ALEX/anytrack/ros/install/scannerV2/lib/python3.10/site-packages/scannerV2
copying /home/ALEX/anytrack/ros/build/scannerV2/build/lib/scannerV2/position_manager.py -> /home/ALEX/anytrack/ros/install/scannerV2/lib/python3.10/site-packages/scannerV2
copying /home/ALEX/anytrack/ros/build/scannerV2/build/lib/scannerV2/camera_info.py -> /home/ALEX/anytrack/ros/install/scannerV2/lib/python3.10/site-packages/scannerV2
copying /home/ALEX/anytrack/ros/build/scannerV2/build/lib/scannerV2/camera_vector.py -> /home/ALEX/anytrack/ros/install/scannerV2/lib/python3.10/site-packages/scannerV2
copying /home/ALEX/anytrack/ros/build/scannerV2/build/lib/scannerV2/calibrator.py -> /home/ALEX/anytrack/ros/install/scannerV2/lib/python3.10/site-packages/scannerV2
copying /home/ALEX/anytrack/ros/build/scannerV2/build/lib/scannerV2/tracker2D.py -> /home/ALEX/anytrack/ros/install/scannerV2/lib/python3.10/site-packages/scannerV2
copying /home/ALEX/anytrack/ros/build/scannerV2/build/lib/scannerV2/test.py -> /home/ALEX/anytrack/ros/install/scannerV2/lib/python3.10/site-packages/scannerV2
copying /home/ALEX/anytrack/ros/build/scannerV2/build/lib/scannerV2/__init__.py -> /home/ALEX/anytrack/ros/install/scannerV2/lib/python3.10/site-packages/scannerV2
byte-compiling /home/ALEX/anytrack/ros/install/scannerV2/lib/python3.10/site-packages/scannerV2/manager.py to manager.cpython-310.pyc
byte-compiling /home/ALEX/anytrack/ros/install/scannerV2/lib/python3.10/site-packages/scannerV2/position_manager.py to position_manager.cpython-310.pyc
byte-compiling /home/ALEX/anytrack/ros/install/scannerV2/lib/python3.10/site-packages/scannerV2/camera_info.py to camera_info.cpython-310.pyc
byte-compiling /home/ALEX/anytrack/ros/install/scannerV2/lib/python3.10/site-packages/scannerV2/camera_vector.py to camera_vector.cpython-310.pyc
byte-compiling /home/ALEX/anytrack/ros/install/scannerV2/lib/python3.10/site-packages/scannerV2/calibrator.py to calibrator.cpython-310.pyc
byte-compiling /home/ALEX/anytrack/ros/install/scannerV2/lib/python3.10/site-packages/scannerV2/tracker2D.py to tracker2D.cpython-310.pyc
byte-compiling /home/ALEX/anytrack/ros/install/scannerV2/lib/python3.10/site-packages/scannerV2/test.py to test.cpython-310.pyc
byte-compiling /home/ALEX/anytrack/ros/install/scannerV2/lib/python3.10/site-packages/scannerV2/__init__.py to __init__.cpython-310.pyc
running install_data
running install_egg_info
Copying ../../build/scannerV2/scannerV2.egg-info to /home/ALEX/anytrack/ros/install/scannerV2/lib/python3.10/site-packages/scannerV2-0.0.0-py3.10.egg-info
running install_scripts
Installing calibrator script to /home/ALEX/anytrack/ros/install/scannerV2/lib/scannerV2
Installing camera_info script to /home/ALEX/anytrack/ros/install/scannerV2/lib/scannerV2
Installing camera_vector script to /home/ALEX/anytrack/ros/install/scannerV2/lib/scannerV2
Installing manager script to /home/ALEX/anytrack/ros/install/scannerV2/lib/scannerV2
Installing position_manager script to /home/ALEX/anytrack/ros/install/scannerV2/lib/scannerV2
Installing test script to /home/ALEX/anytrack/ros/install/scannerV2/lib/scannerV2
Installing tracker2D script to /home/ALEX/anytrack/ros/install/scannerV2/lib/scannerV2
writing list of installed files to '/home/ALEX/anytrack/ros/build/scannerV2/install.log'
