[1.179s] Invoking command in '/home/ALEX/3dev/ros/build/scannerV2': PYTHONPATH=/home/ALEX/3dev/ros/build/scannerV2/prefix_override:/home/ALEX/3dev/ros/install/scannerV2/lib/python3.10/site-packages:${PYTHONPATH} /usr/bin/python3 setup.py develop --uninstall --editable --build-directory /home/ALEX/3dev/ros/build/scannerV2/build
[1.446s] running develop
[1.598s] Removing /home/ALEX/3dev/ros/install/scannerV2/lib/python3.10/site-packages/scannerV2.egg-link (link to .)
[1.648s] Invoked command in '/home/ALEX/3dev/ros/build/scannerV2' returned '0': PYTHONPATH=/home/ALEX/3dev/ros/build/scannerV2/prefix_override:/home/ALEX/3dev/ros/install/scannerV2/lib/python3.10/site-packages:${PYTHONPATH} /usr/bin/python3 setup.py develop --uninstall --editable --build-directory /home/ALEX/3dev/ros/build/scannerV2/build
[1.652s] Invoking command in '/home/ALEX/3dev/ros/src/scannerV2': PYTHONPATH=/home/ALEX/3dev/ros/build/scannerV2/prefix_override:/home/ALEX/3dev/ros/install/scannerV2/lib/python3.10/site-packages:${PYTHONPATH} /usr/bin/python3 setup.py egg_info --egg-base ../../build/scannerV2 build --build-base /home/ALEX/3dev/ros/build/scannerV2/build install --record /home/ALEX/3dev/ros/build/scannerV2/install.log --single-version-externally-managed
[2.231s] running egg_info
[2.231s] writing ../../build/scannerV2/scannerV2.egg-info/PKG-INFO
[2.231s] writing dependency_links to ../../build/scannerV2/scannerV2.egg-info/dependency_links.txt
[2.231s] writing entry points to ../../build/scannerV2/scannerV2.egg-info/entry_points.txt
[2.232s] writing requirements to ../../build/scannerV2/scannerV2.egg-info/requires.txt
[2.232s] writing top-level names to ../../build/scannerV2/scannerV2.egg-info/top_level.txt
[2.245s] reading manifest file '../../build/scannerV2/scannerV2.egg-info/SOURCES.txt'
[2.245s] writing manifest file '../../build/scannerV2/scannerV2.egg-info/SOURCES.txt'
[2.260s] running build
[2.260s] running build_py
[2.261s] creating /home/ALEX/3dev/ros/build/scannerV2/build
[2.261s] creating /home/ALEX/3dev/ros/build/scannerV2/build/lib
[2.261s] creating /home/ALEX/3dev/ros/build/scannerV2/build/lib/scannerV2
[2.261s] copying scannerV2/manager.py -> /home/ALEX/3dev/ros/build/scannerV2/build/lib/scannerV2
[2.261s] copying scannerV2/position_manager.py -> /home/ALEX/3dev/ros/build/scannerV2/build/lib/scannerV2
[2.262s] copying scannerV2/camera_info.py -> /home/ALEX/3dev/ros/build/scannerV2/build/lib/scannerV2
[2.262s] copying scannerV2/camera_vector.py -> /home/ALEX/3dev/ros/build/scannerV2/build/lib/scannerV2
[2.262s] copying scannerV2/calibrator.py -> /home/ALEX/3dev/ros/build/scannerV2/build/lib/scannerV2
[2.263s] copying scannerV2/tracker2D.py -> /home/ALEX/3dev/ros/build/scannerV2/build/lib/scannerV2
[2.264s] copying scannerV2/test.py -> /home/ALEX/3dev/ros/build/scannerV2/build/lib/scannerV2
[2.264s] copying scannerV2/__init__.py -> /home/ALEX/3dev/ros/build/scannerV2/build/lib/scannerV2
[2.264s] running install
[2.264s] running install_lib
[2.266s] creating /home/ALEX/3dev/ros/install/scannerV2/lib/python3.10/site-packages/scannerV2
[2.266s] copying /home/ALEX/3dev/ros/build/scannerV2/build/lib/scannerV2/manager.py -> /home/ALEX/3dev/ros/install/scannerV2/lib/python3.10/site-packages/scannerV2
[2.266s] copying /home/ALEX/3dev/ros/build/scannerV2/build/lib/scannerV2/position_manager.py -> /home/ALEX/3dev/ros/install/scannerV2/lib/python3.10/site-packages/scannerV2
[2.267s] copying /home/ALEX/3dev/ros/build/scannerV2/build/lib/scannerV2/camera_info.py -> /home/ALEX/3dev/ros/install/scannerV2/lib/python3.10/site-packages/scannerV2
[2.267s] copying /home/ALEX/3dev/ros/build/scannerV2/build/lib/scannerV2/camera_vector.py -> /home/ALEX/3dev/ros/install/scannerV2/lib/python3.10/site-packages/scannerV2
[2.267s] copying /home/ALEX/3dev/ros/build/scannerV2/build/lib/scannerV2/calibrator.py -> /home/ALEX/3dev/ros/install/scannerV2/lib/python3.10/site-packages/scannerV2
[2.268s] copying /home/ALEX/3dev/ros/build/scannerV2/build/lib/scannerV2/tracker2D.py -> /home/ALEX/3dev/ros/install/scannerV2/lib/python3.10/site-packages/scannerV2
[2.268s] copying /home/ALEX/3dev/ros/build/scannerV2/build/lib/scannerV2/test.py -> /home/ALEX/3dev/ros/install/scannerV2/lib/python3.10/site-packages/scannerV2
[2.268s] copying /home/ALEX/3dev/ros/build/scannerV2/build/lib/scannerV2/__init__.py -> /home/ALEX/3dev/ros/install/scannerV2/lib/python3.10/site-packages/scannerV2
[2.274s] byte-compiling /home/ALEX/3dev/ros/install/scannerV2/lib/python3.10/site-packages/scannerV2/manager.py to manager.cpython-310.pyc
[2.275s] byte-compiling /home/ALEX/3dev/ros/install/scannerV2/lib/python3.10/site-packages/scannerV2/position_manager.py to position_manager.cpython-310.pyc
[2.275s] byte-compiling /home/ALEX/3dev/ros/install/scannerV2/lib/python3.10/site-packages/scannerV2/camera_info.py to camera_info.cpython-310.pyc
[2.275s] byte-compiling /home/ALEX/3dev/ros/install/scannerV2/lib/python3.10/site-packages/scannerV2/camera_vector.py to camera_vector.cpython-310.pyc
[2.275s] byte-compiling /home/ALEX/3dev/ros/install/scannerV2/lib/python3.10/site-packages/scannerV2/calibrator.py to calibrator.cpython-310.pyc
[2.276s] byte-compiling /home/ALEX/3dev/ros/install/scannerV2/lib/python3.10/site-packages/scannerV2/tracker2D.py to tracker2D.cpython-310.pyc
[2.278s] byte-compiling /home/ALEX/3dev/ros/install/scannerV2/lib/python3.10/site-packages/scannerV2/test.py to test.cpython-310.pyc
[2.278s] byte-compiling /home/ALEX/3dev/ros/install/scannerV2/lib/python3.10/site-packages/scannerV2/__init__.py to __init__.cpython-310.pyc
[2.278s] running install_data
[2.281s] running install_egg_info
[2.281s] Copying ../../build/scannerV2/scannerV2.egg-info to /home/ALEX/3dev/ros/install/scannerV2/lib/python3.10/site-packages/scannerV2-0.0.0-py3.10.egg-info
[2.300s] running install_scripts
[2.321s] Installing calibrator script to /home/ALEX/3dev/ros/install/scannerV2/lib/scannerV2
[2.321s] Installing camera_info script to /home/ALEX/3dev/ros/install/scannerV2/lib/scannerV2
[2.321s] Installing camera_vector script to /home/ALEX/3dev/ros/install/scannerV2/lib/scannerV2
[2.325s] Installing manager script to /home/ALEX/3dev/ros/install/scannerV2/lib/scannerV2
[2.325s] Installing position_manager script to /home/ALEX/3dev/ros/install/scannerV2/lib/scannerV2
[2.325s] Installing test script to /home/ALEX/3dev/ros/install/scannerV2/lib/scannerV2
[2.325s] Installing tracker2D script to /home/ALEX/3dev/ros/install/scannerV2/lib/scannerV2
[2.326s] writing list of installed files to '/home/ALEX/3dev/ros/build/scannerV2/install.log'
[2.437s] Invoked command in '/home/ALEX/3dev/ros/src/scannerV2' returned '0': PYTHONPATH=/home/ALEX/3dev/ros/build/scannerV2/prefix_override:/home/ALEX/3dev/ros/install/scannerV2/lib/python3.10/site-packages:${PYTHONPATH} /usr/bin/python3 setup.py egg_info --egg-base ../../build/scannerV2 build --build-base /home/ALEX/3dev/ros/build/scannerV2/build install --record /home/ALEX/3dev/ros/build/scannerV2/install.log --single-version-externally-managed
