[0.015s] Invoking command in '/home/ALEX/anytrack/ros/build/scanner_interfaces': CMAKE_PREFIX_PATH=${CMAKE_PREFIX_PATH}:/home/ALEX/anytrack/ros/install/test_py_pkg:/home/ALEX/anytrack/ros/install/scanner:/opt/ros/humble /usr/bin/cmake --build /home/ALEX/anytrack/ros/build/scanner_interfaces -- -j12 -l12
[0.030s] [33mCMake Warning (dev) at CMakeLists.txt:13:
[0.030s]   Syntax Warning in cmake code at column 19
[0.030s] 
[0.030s]   Argument not separated from preceding token by whitespace.
[0.030s] This warning is for project developers.  Use -Wno-dev to suppress it.
[0.031s] [0m
[0.034s] -- Found ament_cmake: 1.3.2 (/opt/ros/humble/share/ament_cmake/cmake)
[0.161s] -- Found rosidl_default_generators: 1.2.0 (/opt/ros/humble/share/rosidl_default_generators/cmake)
[0.163s] -- Using all available rosidl_typesupport_c: rosidl_typesupport_fastrtps_c;rosidl_typesupport_introspection_c
[0.166s] -- Found rosidl_adapter: 3.1.3 (/opt/ros/humble/share/rosidl_adapter/cmake)
[0.196s] -- Using all available rosidl_typesupport_cpp: rosidl_typesupport_fastrtps_cpp;rosidl_typesupport_introspection_cpp
[0.225s] [31mCMake Error at /opt/ros/humble/share/rosidl_cmake/cmake/rosidl_generate_interfaces.cmake:93 (message):
[0.225s]   rosidl_generate_interfaces() the passed file ',' doesn't exist relative to
[0.225s]   the CMAKE_CURRENT_SOURCE_DIR '/home/ALEX/anytrack/ros/src/scanner_interfaces'
[0.225s] Call Stack (most recent call first):
[0.225s]   CMakeLists.txt:12 (rosidl_generate_interfaces)
[0.225s] 
[0.225s] [0m
[0.225s] -- Configuring incomplete, errors occurred!
[0.225s] See also "/home/ALEX/anytrack/ros/build/scanner_interfaces/CMakeFiles/CMakeOutput.log".
[0.227s] gmake: *** [Makefile:747: cmake_check_build_system] Error 1
[0.229s] Invoked command in '/home/ALEX/anytrack/ros/build/scanner_interfaces' returned '2': CMAKE_PREFIX_PATH=${CMAKE_PREFIX_PATH}:/home/ALEX/anytrack/ros/install/test_py_pkg:/home/ALEX/anytrack/ros/install/scanner:/opt/ros/humble /usr/bin/cmake --build /home/ALEX/anytrack/ros/build/scanner_interfaces -- -j12 -l12
