[0.269s] Invoking command in '/home/ALEX/anytrack/ros/build/scanner_interfaces': CMAKE_PREFIX_PATH=${CMAKE_PREFIX_PATH}:/home/ALEX/anytrack/ros/install/test_py_pkg:/home/ALEX/anytrack/ros/install/scanner:/opt/ros/humble /usr/bin/cmake --build /home/ALEX/anytrack/ros/build/scanner_interfaces -- -j12 -l12
[0.321s] [  3%] Built target scanner_interfaces__cpp
[0.325s] [ 12%] Built target scanner_interfaces__rosidl_generator_c
[0.330s] [ 12%] Built target ament_cmake_python_copy_scanner_interfaces
[0.349s] [ 22%] Built target scanner_interfaces__rosidl_typesupport_cpp
[0.352s] [ 32%] Built target scanner_interfaces__rosidl_typesupport_introspection_cpp
[0.355s] [ 51%] Built target scanner_interfaces__rosidl_typesupport_fastrtps_c
[0.355s] [ 51%] Built target scanner_interfaces__rosidl_typesupport_fastrtps_cpp
[0.355s] [ 61%] Built target scanner_interfaces__rosidl_typesupport_introspection_c
[0.355s] [ 70%] Built target scanner_interfaces__rosidl_typesupport_c
[0.373s] [ 70%] Built target scanner_interfaces
[0.390s] [ 74%] Built target scanner_interfaces__py
[0.408s] [ 80%] Built target scanner_interfaces__rosidl_generator_py
[0.427s] [ 87%] Built target scanner_interfaces__rosidl_typesupport_c__pyext
[0.429s] [ 93%] Built target scanner_interfaces__rosidl_typesupport_introspection_c__pyext
[0.432s] [100%] Built target scanner_interfaces__rosidl_typesupport_fastrtps_c__pyext
[0.582s] running egg_info
[0.582s] writing scanner_interfaces.egg-info/PKG-INFO
[0.583s] writing dependency_links to scanner_interfaces.egg-info/dependency_links.txt
[0.583s] writing top-level names to scanner_interfaces.egg-info/top_level.txt
[0.585s] reading manifest file 'scanner_interfaces.egg-info/SOURCES.txt'
[0.585s] writing manifest file 'scanner_interfaces.egg-info/SOURCES.txt'
[0.613s] [100%] Built target ament_cmake_python_build_scanner_interfaces_egg
[0.630s] Invoked command in '/home/ALEX/anytrack/ros/build/scanner_interfaces' returned '0': CMAKE_PREFIX_PATH=${CMAKE_PREFIX_PATH}:/home/ALEX/anytrack/ros/install/test_py_pkg:/home/ALEX/anytrack/ros/install/scanner:/opt/ros/humble /usr/bin/cmake --build /home/ALEX/anytrack/ros/build/scanner_interfaces -- -j12 -l12
[0.677s] Invoking command in '/home/ALEX/anytrack/ros/build/scanner_interfaces': CMAKE_PREFIX_PATH=${CMAKE_PREFIX_PATH}:/home/ALEX/anytrack/ros/install/test_py_pkg:/home/ALEX/anytrack/ros/install/scanner:/opt/ros/humble /usr/bin/cmake --install /home/ALEX/anytrack/ros/build/scanner_interfaces
[0.684s] -- Install configuration: ""
[0.684s] -- Up-to-date: /home/ALEX/anytrack/ros/install/scanner_interfaces/share/ament_index/resource_index/rosidl_interfaces/scanner_interfaces
[0.684s] -- Up-to-date: /home/ALEX/anytrack/ros/install/scanner_interfaces/include/scanner_interfaces/scanner_interfaces
[0.685s] -- Up-to-date: /home/ALEX/anytrack/ros/install/scanner_interfaces/include/scanner_interfaces/scanner_interfaces/msg
[0.685s] -- Up-to-date: /home/ALEX/anytrack/ros/install/scanner_interfaces/include/scanner_interfaces/scanner_interfaces/msg/camera_xy.h
[0.685s] -- Up-to-date: /home/ALEX/anytrack/ros/install/scanner_interfaces/include/scanner_interfaces/scanner_interfaces/msg/rosidl_generator_c__visibility_control.h
[0.685s] -- Up-to-date: /home/ALEX/anytrack/ros/install/scanner_interfaces/include/scanner_interfaces/scanner_interfaces/msg/detail
[0.685s] -- Up-to-date: /home/ALEX/anytrack/ros/install/scanner_interfaces/include/scanner_interfaces/scanner_interfaces/msg/detail/camera_xy__struct.h
[0.685s] -- Up-to-date: /home/ALEX/anytrack/ros/install/scanner_interfaces/include/scanner_interfaces/scanner_interfaces/msg/detail/camera_xy__functions.h
[0.685s] -- Up-to-date: /home/ALEX/anytrack/ros/install/scanner_interfaces/include/scanner_interfaces/scanner_interfaces/msg/detail/camera_xy__type_support.h
[0.685s] -- Up-to-date: /home/ALEX/anytrack/ros/install/scanner_interfaces/include/scanner_interfaces/scanner_interfaces/msg/detail/camera_xy__functions.c
[0.685s] -- Up-to-date: /home/ALEX/anytrack/ros/install/scanner_interfaces/share/scanner_interfaces/environment/library_path.sh
[0.686s] -- Up-to-date: /home/ALEX/anytrack/ros/install/scanner_interfaces/share/scanner_interfaces/environment/library_path.dsv
[0.686s] -- Up-to-date: /home/ALEX/anytrack/ros/install/scanner_interfaces/lib/libscanner_interfaces__rosidl_generator_c.so
[0.686s] -- Up-to-date: /home/ALEX/anytrack/ros/install/scanner_interfaces/include/scanner_interfaces/scanner_interfaces
[0.686s] -- Up-to-date: /home/ALEX/anytrack/ros/install/scanner_interfaces/include/scanner_interfaces/scanner_interfaces/msg
[0.686s] -- Up-to-date: /home/ALEX/anytrack/ros/install/scanner_interfaces/include/scanner_interfaces/scanner_interfaces/msg/rosidl_typesupport_fastrtps_c__visibility_control.h
[0.686s] -- Up-to-date: /home/ALEX/anytrack/ros/install/scanner_interfaces/include/scanner_interfaces/scanner_interfaces/msg/detail
[0.686s] -- Up-to-date: /home/ALEX/anytrack/ros/install/scanner_interfaces/include/scanner_interfaces/scanner_interfaces/msg/detail/camera_xy__rosidl_typesupport_fastrtps_c.h
[0.686s] -- Up-to-date: /home/ALEX/anytrack/ros/install/scanner_interfaces/lib/libscanner_interfaces__rosidl_typesupport_fastrtps_c.so
[0.687s] -- Up-to-date: /home/ALEX/anytrack/ros/install/scanner_interfaces/include/scanner_interfaces/scanner_interfaces
[0.687s] -- Up-to-date: /home/ALEX/anytrack/ros/install/scanner_interfaces/include/scanner_interfaces/scanner_interfaces/msg
[0.687s] -- Up-to-date: /home/ALEX/anytrack/ros/install/scanner_interfaces/include/scanner_interfaces/scanner_interfaces/msg/rosidl_typesupport_introspection_c__visibility_control.h
[0.687s] -- Up-to-date: /home/ALEX/anytrack/ros/install/scanner_interfaces/include/scanner_interfaces/scanner_interfaces/msg/detail
[0.687s] -- Up-to-date: /home/ALEX/anytrack/ros/install/scanner_interfaces/include/scanner_interfaces/scanner_interfaces/msg/detail/camera_xy__rosidl_typesupport_introspection_c.h
[0.687s] -- Up-to-date: /home/ALEX/anytrack/ros/install/scanner_interfaces/include/scanner_interfaces/scanner_interfaces/msg/detail/camera_xy__type_support.c
[0.687s] -- Up-to-date: /home/ALEX/anytrack/ros/install/scanner_interfaces/lib/libscanner_interfaces__rosidl_typesupport_introspection_c.so
[0.687s] -- Up-to-date: /home/ALEX/anytrack/ros/install/scanner_interfaces/lib/libscanner_interfaces__rosidl_typesupport_c.so
[0.687s] -- Up-to-date: /home/ALEX/anytrack/ros/install/scanner_interfaces/include/scanner_interfaces/scanner_interfaces
[0.688s] -- Up-to-date: /home/ALEX/anytrack/ros/install/scanner_interfaces/include/scanner_interfaces/scanner_interfaces/msg
[0.688s] -- Up-to-date: /home/ALEX/anytrack/ros/install/scanner_interfaces/include/scanner_interfaces/scanner_interfaces/msg/camera_xy.hpp
[0.688s] -- Up-to-date: /home/ALEX/anytrack/ros/install/scanner_interfaces/include/scanner_interfaces/scanner_interfaces/msg/detail
[0.688s] -- Up-to-date: /home/ALEX/anytrack/ros/install/scanner_interfaces/include/scanner_interfaces/scanner_interfaces/msg/detail/camera_xy__builder.hpp
[0.688s] -- Up-to-date: /home/ALEX/anytrack/ros/install/scanner_interfaces/include/scanner_interfaces/scanner_interfaces/msg/detail/camera_xy__traits.hpp
[0.688s] -- Up-to-date: /home/ALEX/anytrack/ros/install/scanner_interfaces/include/scanner_interfaces/scanner_interfaces/msg/detail/camera_xy__struct.hpp
[0.688s] -- Up-to-date: /home/ALEX/anytrack/ros/install/scanner_interfaces/include/scanner_interfaces/scanner_interfaces
[0.688s] -- Up-to-date: /home/ALEX/anytrack/ros/install/scanner_interfaces/include/scanner_interfaces/scanner_interfaces/msg
[0.688s] -- Up-to-date: /home/ALEX/anytrack/ros/install/scanner_interfaces/include/scanner_interfaces/scanner_interfaces/msg/rosidl_typesupport_fastrtps_cpp__visibility_control.h
[0.688s] -- Up-to-date: /home/ALEX/anytrack/ros/install/scanner_interfaces/include/scanner_interfaces/scanner_interfaces/msg/detail
[0.689s] -- Up-to-date: /home/ALEX/anytrack/ros/install/scanner_interfaces/include/scanner_interfaces/scanner_interfaces/msg/detail/camera_xy__rosidl_typesupport_fastrtps_cpp.hpp
[0.689s] -- Up-to-date: /home/ALEX/anytrack/ros/install/scanner_interfaces/include/scanner_interfaces/scanner_interfaces/msg/detail/dds_fastrtps
[0.689s] -- Up-to-date: /home/ALEX/anytrack/ros/install/scanner_interfaces/lib/libscanner_interfaces__rosidl_typesupport_fastrtps_cpp.so
[0.689s] -- Up-to-date: /home/ALEX/anytrack/ros/install/scanner_interfaces/include/scanner_interfaces/scanner_interfaces
[0.689s] -- Up-to-date: /home/ALEX/anytrack/ros/install/scanner_interfaces/include/scanner_interfaces/scanner_interfaces/msg
[0.689s] -- Up-to-date: /home/ALEX/anytrack/ros/install/scanner_interfaces/include/scanner_interfaces/scanner_interfaces/msg/detail
[0.689s] -- Up-to-date: /home/ALEX/anytrack/ros/install/scanner_interfaces/include/scanner_interfaces/scanner_interfaces/msg/detail/camera_xy__rosidl_typesupport_introspection_cpp.hpp
[0.689s] -- Up-to-date: /home/ALEX/anytrack/ros/install/scanner_interfaces/include/scanner_interfaces/scanner_interfaces/msg/detail/camera_xy__type_support.cpp
[0.689s] -- Up-to-date: /home/ALEX/anytrack/ros/install/scanner_interfaces/lib/libscanner_interfaces__rosidl_typesupport_introspection_cpp.so
[0.689s] -- Up-to-date: /home/ALEX/anytrack/ros/install/scanner_interfaces/lib/libscanner_interfaces__rosidl_typesupport_cpp.so
[0.689s] -- Up-to-date: /home/ALEX/anytrack/ros/install/scanner_interfaces/share/scanner_interfaces/environment/pythonpath.sh
[0.690s] -- Up-to-date: /home/ALEX/anytrack/ros/install/scanner_interfaces/share/scanner_interfaces/environment/pythonpath.dsv
[0.690s] -- Up-to-date: /home/ALEX/anytrack/ros/install/scanner_interfaces/local/lib/python3.10/dist-packages/scanner_interfaces-0.0.0-py3.10.egg-info
[0.690s] -- Installing: /home/ALEX/anytrack/ros/install/scanner_interfaces/local/lib/python3.10/dist-packages/scanner_interfaces-0.0.0-py3.10.egg-info/PKG-INFO
[0.690s] -- Installing: /home/ALEX/anytrack/ros/install/scanner_interfaces/local/lib/python3.10/dist-packages/scanner_interfaces-0.0.0-py3.10.egg-info/dependency_links.txt
[0.690s] -- Installing: /home/ALEX/anytrack/ros/install/scanner_interfaces/local/lib/python3.10/dist-packages/scanner_interfaces-0.0.0-py3.10.egg-info/SOURCES.txt
[0.690s] -- Installing: /home/ALEX/anytrack/ros/install/scanner_interfaces/local/lib/python3.10/dist-packages/scanner_interfaces-0.0.0-py3.10.egg-info/top_level.txt
[0.690s] -- Up-to-date: /home/ALEX/anytrack/ros/install/scanner_interfaces/local/lib/python3.10/dist-packages/scanner_interfaces
[0.690s] -- Up-to-date: /home/ALEX/anytrack/ros/install/scanner_interfaces/local/lib/python3.10/dist-packages/scanner_interfaces/_scanner_interfaces_s.ep.rosidl_typesupport_introspection_c.c
[0.690s] -- Up-to-date: /home/ALEX/anytrack/ros/install/scanner_interfaces/local/lib/python3.10/dist-packages/scanner_interfaces/scanner_interfaces_s__rosidl_typesupport_c.cpython-310-x86_64-linux-gnu.so
[0.690s] -- Up-to-date: /home/ALEX/anytrack/ros/install/scanner_interfaces/local/lib/python3.10/dist-packages/scanner_interfaces/__init__.py
[0.690s] -- Up-to-date: /home/ALEX/anytrack/ros/install/scanner_interfaces/local/lib/python3.10/dist-packages/scanner_interfaces/libscanner_interfaces__rosidl_generator_py.so
[0.690s] -- Up-to-date: /home/ALEX/anytrack/ros/install/scanner_interfaces/local/lib/python3.10/dist-packages/scanner_interfaces/_scanner_interfaces_s.ep.rosidl_typesupport_c.c
[0.691s] -- Up-to-date: /home/ALEX/anytrack/ros/install/scanner_interfaces/local/lib/python3.10/dist-packages/scanner_interfaces/_scanner_interfaces_s.ep.rosidl_typesupport_fastrtps_c.c
[0.691s] -- Up-to-date: /home/ALEX/anytrack/ros/install/scanner_interfaces/local/lib/python3.10/dist-packages/scanner_interfaces/msg
[0.691s] -- Up-to-date: /home/ALEX/anytrack/ros/install/scanner_interfaces/local/lib/python3.10/dist-packages/scanner_interfaces/msg/_camera_xy_s.c
[0.691s] -- Up-to-date: /home/ALEX/anytrack/ros/install/scanner_interfaces/local/lib/python3.10/dist-packages/scanner_interfaces/msg/_camera_xy.py
[0.691s] -- Up-to-date: /home/ALEX/anytrack/ros/install/scanner_interfaces/local/lib/python3.10/dist-packages/scanner_interfaces/msg/__init__.py
[0.691s] -- Up-to-date: /home/ALEX/anytrack/ros/install/scanner_interfaces/local/lib/python3.10/dist-packages/scanner_interfaces/scanner_interfaces_s__rosidl_typesupport_fastrtps_c.cpython-310-x86_64-linux-gnu.so
[0.691s] -- Up-to-date: /home/ALEX/anytrack/ros/install/scanner_interfaces/local/lib/python3.10/dist-packages/scanner_interfaces/scanner_interfaces_s__rosidl_typesupport_introspection_c.cpython-310-x86_64-linux-gnu.so
[0.717s] Listing '/home/ALEX/anytrack/ros/install/scanner_interfaces/local/lib/python3.10/dist-packages/scanner_interfaces'...
[0.717s] Listing '/home/ALEX/anytrack/ros/install/scanner_interfaces/local/lib/python3.10/dist-packages/scanner_interfaces/msg'...
[0.720s] -- Up-to-date: /home/ALEX/anytrack/ros/install/scanner_interfaces/local/lib/python3.10/dist-packages/scanner_interfaces/scanner_interfaces_s__rosidl_typesupport_fastrtps_c.cpython-310-x86_64-linux-gnu.so
[0.720s] -- Up-to-date: /home/ALEX/anytrack/ros/install/scanner_interfaces/local/lib/python3.10/dist-packages/scanner_interfaces/scanner_interfaces_s__rosidl_typesupport_introspection_c.cpython-310-x86_64-linux-gnu.so
[0.720s] -- Up-to-date: /home/ALEX/anytrack/ros/install/scanner_interfaces/local/lib/python3.10/dist-packages/scanner_interfaces/scanner_interfaces_s__rosidl_typesupport_c.cpython-310-x86_64-linux-gnu.so
[0.721s] -- Up-to-date: /home/ALEX/anytrack/ros/install/scanner_interfaces/lib/libscanner_interfaces__rosidl_generator_py.so
[0.721s] -- Up-to-date: /home/ALEX/anytrack/ros/install/scanner_interfaces/share/scanner_interfaces/msg/CameraXY.idl
[0.721s] -- Up-to-date: /home/ALEX/anytrack/ros/install/scanner_interfaces/share/scanner_interfaces/msg/CameraXY.msg
[0.721s] -- Up-to-date: /home/ALEX/anytrack/ros/install/scanner_interfaces/share/ament_index/resource_index/package_run_dependencies/scanner_interfaces
[0.721s] -- Up-to-date: /home/ALEX/anytrack/ros/install/scanner_interfaces/share/ament_index/resource_index/parent_prefix_path/scanner_interfaces
[0.721s] -- Up-to-date: /home/ALEX/anytrack/ros/install/scanner_interfaces/share/scanner_interfaces/environment/ament_prefix_path.sh
[0.721s] -- Up-to-date: /home/ALEX/anytrack/ros/install/scanner_interfaces/share/scanner_interfaces/environment/ament_prefix_path.dsv
[0.721s] -- Up-to-date: /home/ALEX/anytrack/ros/install/scanner_interfaces/share/scanner_interfaces/environment/path.sh
[0.721s] -- Up-to-date: /home/ALEX/anytrack/ros/install/scanner_interfaces/share/scanner_interfaces/environment/path.dsv
[0.722s] -- Up-to-date: /home/ALEX/anytrack/ros/install/scanner_interfaces/share/scanner_interfaces/local_setup.bash
[0.722s] -- Up-to-date: /home/ALEX/anytrack/ros/install/scanner_interfaces/share/scanner_interfaces/local_setup.sh
[0.722s] -- Up-to-date: /home/ALEX/anytrack/ros/install/scanner_interfaces/share/scanner_interfaces/local_setup.zsh
[0.722s] -- Up-to-date: /home/ALEX/anytrack/ros/install/scanner_interfaces/share/scanner_interfaces/local_setup.dsv
[0.722s] -- Installing: /home/ALEX/anytrack/ros/install/scanner_interfaces/share/scanner_interfaces/package.dsv
[0.722s] -- Up-to-date: /home/ALEX/anytrack/ros/install/scanner_interfaces/share/ament_index/resource_index/packages/scanner_interfaces
[0.722s] -- Up-to-date: /home/ALEX/anytrack/ros/install/scanner_interfaces/share/scanner_interfaces/cmake/export_scanner_interfaces__rosidl_generator_cExport.cmake
[0.722s] -- Up-to-date: /home/ALEX/anytrack/ros/install/scanner_interfaces/share/scanner_interfaces/cmake/export_scanner_interfaces__rosidl_generator_cExport-noconfig.cmake
[0.723s] -- Up-to-date: /home/ALEX/anytrack/ros/install/scanner_interfaces/share/scanner_interfaces/cmake/export_scanner_interfaces__rosidl_typesupport_fastrtps_cExport.cmake
[0.723s] -- Up-to-date: /home/ALEX/anytrack/ros/install/scanner_interfaces/share/scanner_interfaces/cmake/export_scanner_interfaces__rosidl_typesupport_fastrtps_cExport-noconfig.cmake
[0.723s] -- Up-to-date: /home/ALEX/anytrack/ros/install/scanner_interfaces/share/scanner_interfaces/cmake/scanner_interfaces__rosidl_typesupport_introspection_cExport.cmake
[0.723s] -- Up-to-date: /home/ALEX/anytrack/ros/install/scanner_interfaces/share/scanner_interfaces/cmake/scanner_interfaces__rosidl_typesupport_introspection_cExport-noconfig.cmake
[0.723s] -- Up-to-date: /home/ALEX/anytrack/ros/install/scanner_interfaces/share/scanner_interfaces/cmake/scanner_interfaces__rosidl_typesupport_cExport.cmake
[0.723s] -- Up-to-date: /home/ALEX/anytrack/ros/install/scanner_interfaces/share/scanner_interfaces/cmake/scanner_interfaces__rosidl_typesupport_cExport-noconfig.cmake
[0.723s] -- Up-to-date: /home/ALEX/anytrack/ros/install/scanner_interfaces/share/scanner_interfaces/cmake/export_scanner_interfaces__rosidl_generator_cppExport.cmake
[0.723s] -- Up-to-date: /home/ALEX/anytrack/ros/install/scanner_interfaces/share/scanner_interfaces/cmake/export_scanner_interfaces__rosidl_typesupport_fastrtps_cppExport.cmake
[0.723s] -- Up-to-date: /home/ALEX/anytrack/ros/install/scanner_interfaces/share/scanner_interfaces/cmake/export_scanner_interfaces__rosidl_typesupport_fastrtps_cppExport-noconfig.cmake
[0.724s] -- Up-to-date: /home/ALEX/anytrack/ros/install/scanner_interfaces/share/scanner_interfaces/cmake/scanner_interfaces__rosidl_typesupport_introspection_cppExport.cmake
[0.724s] -- Up-to-date: /home/ALEX/anytrack/ros/install/scanner_interfaces/share/scanner_interfaces/cmake/scanner_interfaces__rosidl_typesupport_introspection_cppExport-noconfig.cmake
[0.724s] -- Up-to-date: /home/ALEX/anytrack/ros/install/scanner_interfaces/share/scanner_interfaces/cmake/scanner_interfaces__rosidl_typesupport_cppExport.cmake
[0.724s] -- Up-to-date: /home/ALEX/anytrack/ros/install/scanner_interfaces/share/scanner_interfaces/cmake/scanner_interfaces__rosidl_typesupport_cppExport-noconfig.cmake
[0.724s] -- Up-to-date: /home/ALEX/anytrack/ros/install/scanner_interfaces/share/scanner_interfaces/cmake/export_scanner_interfaces__rosidl_generator_pyExport.cmake
[0.724s] -- Up-to-date: /home/ALEX/anytrack/ros/install/scanner_interfaces/share/scanner_interfaces/cmake/export_scanner_interfaces__rosidl_generator_pyExport-noconfig.cmake
[0.724s] -- Up-to-date: /home/ALEX/anytrack/ros/install/scanner_interfaces/share/scanner_interfaces/cmake/rosidl_cmake-extras.cmake
[0.724s] -- Up-to-date: /home/ALEX/anytrack/ros/install/scanner_interfaces/share/scanner_interfaces/cmake/ament_cmake_export_include_directories-extras.cmake
[0.725s] -- Up-to-date: /home/ALEX/anytrack/ros/install/scanner_interfaces/share/scanner_interfaces/cmake/ament_cmake_export_libraries-extras.cmake
[0.725s] -- Up-to-date: /home/ALEX/anytrack/ros/install/scanner_interfaces/share/scanner_interfaces/cmake/ament_cmake_export_targets-extras.cmake
[0.727s] -- Up-to-date: /home/ALEX/anytrack/ros/install/scanner_interfaces/share/scanner_interfaces/cmake/rosidl_cmake_export_typesupport_targets-extras.cmake
[0.727s] -- Up-to-date: /home/ALEX/anytrack/ros/install/scanner_interfaces/share/scanner_interfaces/cmake/ament_cmake_export_dependencies-extras.cmake
[0.727s] -- Up-to-date: /home/ALEX/anytrack/ros/install/scanner_interfaces/share/scanner_interfaces/cmake/rosidl_cmake_export_typesupport_libraries-extras.cmake
[0.727s] -- Up-to-date: /home/ALEX/anytrack/ros/install/scanner_interfaces/share/scanner_interfaces/cmake/scanner_interfacesConfig.cmake
[0.728s] -- Up-to-date: /home/ALEX/anytrack/ros/install/scanner_interfaces/share/scanner_interfaces/cmake/scanner_interfacesConfig-version.cmake
[0.728s] -- Up-to-date: /home/ALEX/anytrack/ros/install/scanner_interfaces/share/scanner_interfaces/package.xml
[0.728s] Invoked command in '/home/ALEX/anytrack/ros/build/scanner_interfaces' returned '0': CMAKE_PREFIX_PATH=${CMAKE_PREFIX_PATH}:/home/ALEX/anytrack/ros/install/test_py_pkg:/home/ALEX/anytrack/ros/install/scanner:/opt/ros/humble /usr/bin/cmake --install /home/ALEX/anytrack/ros/build/scanner_interfaces
