[0.164s] DEBUG:colcon:Command line arguments: ['/usr/bin/colcon', 'build', '--packages-select', 'scanner']
[0.164s] DEBUG:colcon:Parsed command line arguments: Namespace(log_base=None, log_level=None, verb_name='build', build_base='build', install_base='install', merge_install=False, symlink_install=False, test_result_base=None, continue_on_error=False, executor='parallel', parallel_workers=12, event_handlers=None, ignore_user_meta=False, metas=['./colcon.meta'], base_paths=['.'], packages_ignore=None, packages_ignore_regex=None, paths=None, packages_up_to=None, packages_up_to_regex=None, packages_above=None, packages_above_and_dependencies=None, packages_above_depth=None, packages_select_by_dep=None, packages_skip_by_dep=None, packages_skip_up_to=None, packages_select_build_failed=False, packages_skip_build_finished=False, packages_select_test_failures=False, packages_skip_test_passed=False, packages_select=['scanner'], packages_skip=None, packages_select_regex=None, packages_skip_regex=None, packages_start=None, packages_end=None, cmake_args=None, cmake_target=None, cmake_target_skip_unavailable=False, cmake_clean_cache=False, cmake_clean_first=False, cmake_force_configure=False, ament_cmake_args=None, catkin_cmake_args=None, catkin_skip_building_tests=False, mixin_files=None, mixin=None, verb_parser=<colcon_mixin.mixin.mixin_argument.MixinArgumentDecorator object at 0x7f6c76df4970>, verb_extension=<colcon_core.verb.build.BuildVerb object at 0x7f6c76df4370>, main=<bound method BuildVerb.main of <colcon_core.verb.build.BuildVerb object at 0x7f6c76df4370>>, mixin_verb=('build',))
[0.199s] Level 1:colcon.colcon_core.package_discovery:discover_packages(colcon_meta) check parameters
[0.199s] INFO:colcon.colcon_metadata.package_discovery.colcon_meta:Using configuration from '/root/.colcon/metadata/default/Gazebo.meta'
[0.200s] INFO:colcon.colcon_metadata.package_discovery.colcon_meta:Using configuration from '/root/.colcon/metadata/default/fastrtps.meta'
[0.200s] Level 1:colcon.colcon_core.package_discovery:discover_packages(recursive) check parameters
[0.200s] Level 1:colcon.colcon_core.package_discovery:discover_packages(ignore) check parameters
[0.200s] Level 1:colcon.colcon_core.package_discovery:discover_packages(path) check parameters
[0.200s] Level 1:colcon.colcon_core.package_discovery:discover_packages(colcon_meta) discover
[0.200s] Level 1:colcon.colcon_core.package_discovery:discover_packages(recursive) discover
[0.200s] INFO:colcon.colcon_core.package_discovery:Crawling recursively for packages in '/home/ALEX/anytrack/ros'
[0.200s] Level 1:colcon.colcon_core.package_identification:_identify(.) by extensions ['ignore', 'ignore_ament_install']
[0.200s] Level 1:colcon.colcon_core.package_identification:_identify(.) by extension 'ignore'
[0.200s] Level 1:colcon.colcon_core.package_identification:_identify(.) by extension 'ignore_ament_install'
[0.200s] Level 1:colcon.colcon_core.package_identification:_identify(.) by extensions ['colcon_pkg']
[0.200s] Level 1:colcon.colcon_core.package_identification:_identify(.) by extension 'colcon_pkg'
[0.200s] Level 1:colcon.colcon_core.package_identification:_identify(.) by extensions ['colcon_meta']
[0.200s] Level 1:colcon.colcon_core.package_identification:_identify(.) by extension 'colcon_meta'
[0.200s] Level 1:colcon.colcon_core.package_identification:_identify(.) by extensions ['ros']
[0.200s] Level 1:colcon.colcon_core.package_identification:_identify(.) by extension 'ros'
[0.212s] Level 1:colcon.colcon_core.package_identification:_identify(.) by extensions ['cmake', 'python']
[0.212s] Level 1:colcon.colcon_core.package_identification:_identify(.) by extension 'cmake'
[0.212s] Level 1:colcon.colcon_core.package_identification:_identify(.) by extension 'python'
[0.212s] Level 1:colcon.colcon_core.package_identification:_identify(.) by extensions ['python_setup_py']
[0.212s] Level 1:colcon.colcon_core.package_identification:_identify(.) by extension 'python_setup_py'
[0.212s] Level 1:colcon.colcon_core.package_identification:_identify(build) by extensions ['ignore', 'ignore_ament_install']
[0.212s] Level 1:colcon.colcon_core.package_identification:_identify(build) by extension 'ignore'
[0.212s] Level 1:colcon.colcon_core.package_identification:_identify(build) ignored
[0.212s] Level 1:colcon.colcon_core.package_identification:_identify(install) by extensions ['ignore', 'ignore_ament_install']
[0.212s] Level 1:colcon.colcon_core.package_identification:_identify(install) by extension 'ignore'
[0.213s] Level 1:colcon.colcon_core.package_identification:_identify(install) ignored
[0.213s] Level 1:colcon.colcon_core.package_identification:_identify(log) by extensions ['ignore', 'ignore_ament_install']
[0.213s] Level 1:colcon.colcon_core.package_identification:_identify(log) by extension 'ignore'
[0.213s] Level 1:colcon.colcon_core.package_identification:_identify(log) ignored
[0.213s] Level 1:colcon.colcon_core.package_identification:_identify(src) by extensions ['ignore', 'ignore_ament_install']
[0.213s] Level 1:colcon.colcon_core.package_identification:_identify(src) by extension 'ignore'
[0.213s] Level 1:colcon.colcon_core.package_identification:_identify(src) by extension 'ignore_ament_install'
[0.213s] Level 1:colcon.colcon_core.package_identification:_identify(src) by extensions ['colcon_pkg']
[0.213s] Level 1:colcon.colcon_core.package_identification:_identify(src) by extension 'colcon_pkg'
[0.213s] Level 1:colcon.colcon_core.package_identification:_identify(src) by extensions ['colcon_meta']
[0.213s] Level 1:colcon.colcon_core.package_identification:_identify(src) by extension 'colcon_meta'
[0.213s] Level 1:colcon.colcon_core.package_identification:_identify(src) by extensions ['ros']
[0.213s] Level 1:colcon.colcon_core.package_identification:_identify(src) by extension 'ros'
[0.213s] Level 1:colcon.colcon_core.package_identification:_identify(src) by extensions ['cmake', 'python']
[0.213s] Level 1:colcon.colcon_core.package_identification:_identify(src) by extension 'cmake'
[0.213s] Level 1:colcon.colcon_core.package_identification:_identify(src) by extension 'python'
[0.213s] Level 1:colcon.colcon_core.package_identification:_identify(src) by extensions ['python_setup_py']
[0.213s] Level 1:colcon.colcon_core.package_identification:_identify(src) by extension 'python_setup_py'
[0.214s] Level 1:colcon.colcon_core.package_identification:_identify(src/scanner) by extensions ['ignore', 'ignore_ament_install']
[0.214s] Level 1:colcon.colcon_core.package_identification:_identify(src/scanner) by extension 'ignore'
[0.214s] Level 1:colcon.colcon_core.package_identification:_identify(src/scanner) by extension 'ignore_ament_install'
[0.214s] Level 1:colcon.colcon_core.package_identification:_identify(src/scanner) by extensions ['colcon_pkg']
[0.214s] Level 1:colcon.colcon_core.package_identification:_identify(src/scanner) by extension 'colcon_pkg'
[0.214s] Level 1:colcon.colcon_core.package_identification:_identify(src/scanner) by extensions ['colcon_meta']
[0.214s] Level 1:colcon.colcon_core.package_identification:_identify(src/scanner) by extension 'colcon_meta'
[0.214s] Level 1:colcon.colcon_core.package_identification:_identify(src/scanner) by extensions ['ros']
[0.214s] Level 1:colcon.colcon_core.package_identification:_identify(src/scanner) by extension 'ros'
[0.216s] DEBUG:colcon.colcon_core.package_identification:Package 'src/scanner' with type 'ros.ament_python' and name 'scanner'
[0.216s] Level 1:colcon.colcon_core.package_identification:_identify(src/test_cpp_pkg) by extensions ['ignore', 'ignore_ament_install']
[0.216s] Level 1:colcon.colcon_core.package_identification:_identify(src/test_cpp_pkg) by extension 'ignore'
[0.216s] Level 1:colcon.colcon_core.package_identification:_identify(src/test_cpp_pkg) by extension 'ignore_ament_install'
[0.216s] Level 1:colcon.colcon_core.package_identification:_identify(src/test_cpp_pkg) by extensions ['colcon_pkg']
[0.217s] Level 1:colcon.colcon_core.package_identification:_identify(src/test_cpp_pkg) by extension 'colcon_pkg'
[0.217s] Level 1:colcon.colcon_core.package_identification:_identify(src/test_cpp_pkg) by extensions ['colcon_meta']
[0.217s] Level 1:colcon.colcon_core.package_identification:_identify(src/test_cpp_pkg) by extension 'colcon_meta'
[0.217s] Level 1:colcon.colcon_core.package_identification:_identify(src/test_cpp_pkg) by extensions ['ros']
[0.217s] Level 1:colcon.colcon_core.package_identification:_identify(src/test_cpp_pkg) by extension 'ros'
[0.218s] DEBUG:colcon.colcon_core.package_identification:Package 'src/test_cpp_pkg' with type 'ros.ament_cmake' and name 'test_cpp_pkg'
[0.218s] Level 1:colcon.colcon_core.package_identification:_identify(src/test_py_pkg) by extensions ['ignore', 'ignore_ament_install']
[0.218s] Level 1:colcon.colcon_core.package_identification:_identify(src/test_py_pkg) by extension 'ignore'
[0.218s] Level 1:colcon.colcon_core.package_identification:_identify(src/test_py_pkg) by extension 'ignore_ament_install'
[0.218s] Level 1:colcon.colcon_core.package_identification:_identify(src/test_py_pkg) by extensions ['colcon_pkg']
[0.218s] Level 1:colcon.colcon_core.package_identification:_identify(src/test_py_pkg) by extension 'colcon_pkg'
[0.218s] Level 1:colcon.colcon_core.package_identification:_identify(src/test_py_pkg) by extensions ['colcon_meta']
[0.218s] Level 1:colcon.colcon_core.package_identification:_identify(src/test_py_pkg) by extension 'colcon_meta'
[0.218s] Level 1:colcon.colcon_core.package_identification:_identify(src/test_py_pkg) by extensions ['ros']
[0.218s] Level 1:colcon.colcon_core.package_identification:_identify(src/test_py_pkg) by extension 'ros'
[0.219s] DEBUG:colcon.colcon_core.package_identification:Package 'src/test_py_pkg' with type 'ros.ament_python' and name 'test_py_pkg'
[0.219s] Level 1:colcon.colcon_core.package_discovery:discover_packages(recursive) using defaults
[0.219s] Level 1:colcon.colcon_core.package_discovery:discover_packages(ignore) discover
[0.219s] Level 1:colcon.colcon_core.package_discovery:discover_packages(ignore) using defaults
[0.219s] Level 1:colcon.colcon_core.package_discovery:discover_packages(path) discover
[0.219s] Level 1:colcon.colcon_core.package_discovery:discover_packages(path) using defaults
[0.241s] INFO:colcon.colcon_core.package_selection:Skipping not selected package 'test_cpp_pkg' in 'src/test_cpp_pkg'
[0.241s] INFO:colcon.colcon_core.package_selection:Skipping not selected package 'test_py_pkg' in 'src/test_py_pkg'
[0.242s] Level 5:colcon.colcon_core.verb:set package 'scanner' build argument 'cmake_args' from command line to 'None'
[0.242s] Level 5:colcon.colcon_core.verb:set package 'scanner' build argument 'cmake_target' from command line to 'None'
[0.242s] Level 5:colcon.colcon_core.verb:set package 'scanner' build argument 'cmake_target_skip_unavailable' from command line to 'False'
[0.242s] Level 5:colcon.colcon_core.verb:set package 'scanner' build argument 'cmake_clean_cache' from command line to 'False'
[0.242s] Level 5:colcon.colcon_core.verb:set package 'scanner' build argument 'cmake_clean_first' from command line to 'False'
[0.243s] Level 5:colcon.colcon_core.verb:set package 'scanner' build argument 'cmake_force_configure' from command line to 'False'
[0.243s] Level 5:colcon.colcon_core.verb:set package 'scanner' build argument 'ament_cmake_args' from command line to 'None'
[0.243s] Level 5:colcon.colcon_core.verb:set package 'scanner' build argument 'catkin_cmake_args' from command line to 'None'
[0.243s] Level 5:colcon.colcon_core.verb:set package 'scanner' build argument 'catkin_skip_building_tests' from command line to 'False'
[0.243s] DEBUG:colcon.colcon_core.verb:Building package 'scanner' with the following arguments: {'ament_cmake_args': None, 'build_base': '/home/ALEX/anytrack/ros/build/scanner', 'catkin_cmake_args': None, 'catkin_skip_building_tests': False, 'cmake_args': None, 'cmake_clean_cache': False, 'cmake_clean_first': False, 'cmake_force_configure': False, 'cmake_target': None, 'cmake_target_skip_unavailable': False, 'install_base': '/home/ALEX/anytrack/ros/install/scanner', 'merge_install': False, 'path': '/home/ALEX/anytrack/ros/src/scanner', 'symlink_install': False, 'test_result_base': None}
[0.243s] INFO:colcon.colcon_core.executor:Executing jobs using 'parallel' executor
[0.247s] DEBUG:colcon.colcon_parallel_executor.executor.parallel:run_until_complete
[0.247s] INFO:colcon.colcon_ros.task.ament_python.build:Building ROS package in '/home/ALEX/anytrack/ros/src/scanner' with build type 'ament_python'
[0.247s] Level 1:colcon.colcon_core.shell:create_environment_hook('scanner', 'ament_prefix_path')
[0.253s] INFO:colcon.colcon_core.plugin_system:Skipping extension 'colcon_core.shell.bat': Not used on non-Windows systems
[0.253s] INFO:colcon.colcon_core.shell:Creating environment hook '/home/ALEX/anytrack/ros/install/scanner/share/scanner/hook/ament_prefix_path.ps1'
[0.254s] INFO:colcon.colcon_core.shell:Creating environment descriptor '/home/ALEX/anytrack/ros/install/scanner/share/scanner/hook/ament_prefix_path.dsv'
[0.255s] INFO:colcon.colcon_core.shell:Creating environment hook '/home/ALEX/anytrack/ros/install/scanner/share/scanner/hook/ament_prefix_path.sh'
[0.256s] INFO:colcon.colcon_core.shell:Skip shell extension 'powershell' for command environment: Not usable outside of PowerShell
[0.257s] DEBUG:colcon.colcon_core.shell:Skip shell extension 'dsv' for command environment
[0.522s] INFO:colcon.colcon_core.task.python.build:Building Python package in '/home/ALEX/anytrack/ros/src/scanner'
[0.523s] INFO:colcon.colcon_core.shell:Skip shell extension 'powershell' for command environment: Not usable outside of PowerShell
[0.523s] DEBUG:colcon.colcon_core.shell:Skip shell extension 'dsv' for command environment
[0.867s] DEBUG:colcon.colcon_core.event_handler.log_command:Invoking command in '/home/ALEX/anytrack/ros/src/scanner': PYTHONPATH=/home/ALEX/anytrack/ros/install/scanner/lib/python3.10/site-packages:${PYTHONPATH} /usr/bin/python3 setup.py egg_info --egg-base ../../build/scanner build --build-base /home/ALEX/anytrack/ros/build/scanner/build install --prefix /home/ALEX/anytrack/ros/install/scanner --record /home/ALEX/anytrack/ros/build/scanner/install.log --single-version-externally-managed
[1.156s] DEBUG:colcon.colcon_core.event_handler.log_command:Invoked command in '/home/ALEX/anytrack/ros/src/scanner' returned '0': PYTHONPATH=/home/ALEX/anytrack/ros/install/scanner/lib/python3.10/site-packages:${PYTHONPATH} /usr/bin/python3 setup.py egg_info --egg-base ../../build/scanner build --build-base /home/ALEX/anytrack/ros/build/scanner/build install --prefix /home/ALEX/anytrack/ros/install/scanner --record /home/ALEX/anytrack/ros/build/scanner/install.log --single-version-externally-managed
[1.161s] Level 1:colcon.colcon_core.environment:checking '/home/ALEX/anytrack/ros/install/scanner' for CMake module files
[1.162s] Level 1:colcon.colcon_core.environment:checking '/home/ALEX/anytrack/ros/install/scanner' for CMake config files
[1.162s] Level 1:colcon.colcon_core.environment:checking '/home/ALEX/anytrack/ros/install/scanner/lib'
[1.162s] Level 1:colcon.colcon_core.environment:checking '/home/ALEX/anytrack/ros/install/scanner/bin'
[1.162s] Level 1:colcon.colcon_core.environment:checking '/home/ALEX/anytrack/ros/install/scanner/lib/pkgconfig/scanner.pc'
[1.163s] Level 1:colcon.colcon_core.environment:checking '/home/ALEX/anytrack/ros/install/scanner/lib/python3.10/site-packages'
[1.163s] Level 1:colcon.colcon_core.shell:create_environment_hook('scanner', 'pythonpath')
[1.164s] INFO:colcon.colcon_core.shell:Creating environment hook '/home/ALEX/anytrack/ros/install/scanner/share/scanner/hook/pythonpath.ps1'
[1.164s] INFO:colcon.colcon_core.shell:Creating environment descriptor '/home/ALEX/anytrack/ros/install/scanner/share/scanner/hook/pythonpath.dsv'
[1.164s] INFO:colcon.colcon_core.shell:Creating environment hook '/home/ALEX/anytrack/ros/install/scanner/share/scanner/hook/pythonpath.sh'
[1.165s] Level 1:colcon.colcon_core.environment:checking '/home/ALEX/anytrack/ros/install/scanner/bin'
[1.165s] Level 1:colcon.colcon_core.environment:create_environment_scripts_only(scanner)
[1.166s] INFO:colcon.colcon_core.shell:Creating package script '/home/ALEX/anytrack/ros/install/scanner/share/scanner/package.ps1'
[1.167s] INFO:colcon.colcon_core.shell:Creating package descriptor '/home/ALEX/anytrack/ros/install/scanner/share/scanner/package.dsv'
[1.168s] INFO:colcon.colcon_core.shell:Creating package script '/home/ALEX/anytrack/ros/install/scanner/share/scanner/package.sh'
[1.169s] INFO:colcon.colcon_core.shell:Creating package script '/home/ALEX/anytrack/ros/install/scanner/share/scanner/package.bash'
[1.170s] INFO:colcon.colcon_core.shell:Creating package script '/home/ALEX/anytrack/ros/install/scanner/share/scanner/package.zsh'
[1.170s] Level 1:colcon.colcon_core.environment:create_file_with_runtime_dependencies(/home/ALEX/anytrack/ros/install/scanner/share/colcon-core/packages/scanner)
[1.171s] DEBUG:colcon.colcon_parallel_executor.executor.parallel:closing loop
[1.171s] DEBUG:colcon.colcon_parallel_executor.executor.parallel:loop closed
[1.171s] DEBUG:colcon.colcon_parallel_executor.executor.parallel:run_until_complete finished with '0'
[1.171s] DEBUG:colcon.colcon_core.event_reactor:joining thread
[1.180s] INFO:colcon.colcon_core.plugin_system:Skipping extension 'colcon_notification.desktop_notification.notify_send': Could not find 'notify-send'
[1.180s] INFO:colcon.colcon_core.plugin_system:Skipping extension 'colcon_notification.desktop_notification.terminal_notifier': Not used on non-Darwin systems
[1.180s] INFO:colcon.colcon_core.plugin_system:Skipping extension 'colcon_notification.desktop_notification.win32': Not used on non-Windows systems
[1.180s] INFO:colcon.colcon_notification.desktop_notification:Sending desktop notification using 'notify2'
[1.182s] DEBUG:colcon.colcon_notification.desktop_notification.notify2:Failed to initialize notify2: org.freedesktop.DBus.Error.Spawn.ExecFailed: /usr/bin/dbus-launch terminated abnormally without any error message
[1.182s] DEBUG:colcon.colcon_core.event_reactor:joined thread
[1.184s] INFO:colcon.colcon_core.shell:Creating prefix script '/home/ALEX/anytrack/ros/install/local_setup.ps1'
[1.185s] INFO:colcon.colcon_core.shell:Creating prefix util module '/home/ALEX/anytrack/ros/install/_local_setup_util_ps1.py'
[1.187s] INFO:colcon.colcon_core.shell:Creating prefix chain script '/home/ALEX/anytrack/ros/install/setup.ps1'
[1.188s] INFO:colcon.colcon_core.shell:Creating prefix script '/home/ALEX/anytrack/ros/install/local_setup.sh'
[1.189s] INFO:colcon.colcon_core.shell:Creating prefix util module '/home/ALEX/anytrack/ros/install/_local_setup_util_sh.py'
[1.189s] INFO:colcon.colcon_core.shell:Creating prefix chain script '/home/ALEX/anytrack/ros/install/setup.sh'
[1.191s] INFO:colcon.colcon_core.shell:Creating prefix script '/home/ALEX/anytrack/ros/install/local_setup.bash'
[1.191s] INFO:colcon.colcon_core.shell:Creating prefix chain script '/home/ALEX/anytrack/ros/install/setup.bash'
[1.192s] INFO:colcon.colcon_core.shell:Creating prefix script '/home/ALEX/anytrack/ros/install/local_setup.zsh'
[1.193s] INFO:colcon.colcon_core.shell:Creating prefix chain script '/home/ALEX/anytrack/ros/install/setup.zsh'
