[0.466s] DEBUG:colcon:Command line arguments: ['/usr/bin/colcon', 'build', '--packages-select', 'anytrack', '--symlink-install']
[0.466s] DEBUG:colcon:Parsed command line arguments: Namespace(log_base=None, log_level=None, verb_name='build', build_base='build', install_base='install', merge_install=False, symlink_install=True, test_result_base=None, continue_on_error=False, executor='parallel', parallel_workers=12, event_handlers=None, ignore_user_meta=False, metas=['./colcon.meta'], base_paths=['.'], packages_ignore=None, packages_ignore_regex=None, paths=None, packages_up_to=None, packages_up_to_regex=None, packages_above=None, packages_above_and_dependencies=None, packages_above_depth=None, packages_select_by_dep=None, packages_skip_by_dep=None, packages_skip_up_to=None, packages_select_build_failed=False, packages_skip_build_finished=False, packages_select_test_failures=False, packages_skip_test_passed=False, packages_select=['anytrack'], packages_skip=None, packages_select_regex=None, packages_skip_regex=None, packages_start=None, packages_end=None, cmake_args=None, cmake_target=None, cmake_target_skip_unavailable=False, cmake_clean_cache=False, cmake_clean_first=False, cmake_force_configure=False, ament_cmake_args=None, catkin_cmake_args=None, catkin_skip_building_tests=False, mixin_files=None, mixin=None, verb_parser=<colcon_mixin.mixin.mixin_argument.MixinArgumentDecorator object at 0x7f45f3d80070>, verb_extension=<colcon_core.verb.build.BuildVerb object at 0x7f45f3d3b9a0>, main=<bound method BuildVerb.main of <colcon_core.verb.build.BuildVerb object at 0x7f45f3d3b9a0>>, mixin_verb=('build',))
[0.503s] Level 1:colcon.colcon_core.package_discovery:discover_packages(colcon_meta) check parameters
[0.505s] INFO:colcon.colcon_metadata.package_discovery.colcon_meta:Using configuration from '/root/.colcon/metadata/default/Gazebo.meta'
[0.505s] INFO:colcon.colcon_metadata.package_discovery.colcon_meta:Using configuration from '/root/.colcon/metadata/default/fastrtps.meta'
[0.506s] Level 1:colcon.colcon_core.package_discovery:discover_packages(recursive) check parameters
[0.506s] Level 1:colcon.colcon_core.package_discovery:discover_packages(ignore) check parameters
[0.506s] Level 1:colcon.colcon_core.package_discovery:discover_packages(path) check parameters
[0.506s] Level 1:colcon.colcon_core.package_discovery:discover_packages(colcon_meta) discover
[0.506s] Level 1:colcon.colcon_core.package_discovery:discover_packages(recursive) discover
[0.506s] INFO:colcon.colcon_core.package_discovery:Crawling recursively for packages in '/home/ALEX/anytrack/ros'
[0.506s] Level 1:colcon.colcon_core.package_identification:_identify(.) by extensions ['ignore', 'ignore_ament_install']
[0.506s] Level 1:colcon.colcon_core.package_identification:_identify(.) by extension 'ignore'
[0.506s] Level 1:colcon.colcon_core.package_identification:_identify(.) by extension 'ignore_ament_install'
[0.506s] Level 1:colcon.colcon_core.package_identification:_identify(.) by extensions ['colcon_pkg']
[0.506s] Level 1:colcon.colcon_core.package_identification:_identify(.) by extension 'colcon_pkg'
[0.506s] Level 1:colcon.colcon_core.package_identification:_identify(.) by extensions ['colcon_meta']
[0.506s] Level 1:colcon.colcon_core.package_identification:_identify(.) by extension 'colcon_meta'
[0.507s] Level 1:colcon.colcon_core.package_identification:_identify(.) by extensions ['ros']
[0.507s] Level 1:colcon.colcon_core.package_identification:_identify(.) by extension 'ros'
[0.523s] Level 1:colcon.colcon_core.package_identification:_identify(.) by extensions ['cmake', 'python']
[0.523s] Level 1:colcon.colcon_core.package_identification:_identify(.) by extension 'cmake'
[0.523s] Level 1:colcon.colcon_core.package_identification:_identify(.) by extension 'python'
[0.523s] Level 1:colcon.colcon_core.package_identification:_identify(.) by extensions ['python_setup_py']
[0.523s] Level 1:colcon.colcon_core.package_identification:_identify(.) by extension 'python_setup_py'
[0.523s] Level 1:colcon.colcon_core.package_identification:_identify(build) by extensions ['ignore', 'ignore_ament_install']
[0.523s] Level 1:colcon.colcon_core.package_identification:_identify(build) by extension 'ignore'
[0.523s] Level 1:colcon.colcon_core.package_identification:_identify(build) ignored
[0.523s] Level 1:colcon.colcon_core.package_identification:_identify(install) by extensions ['ignore', 'ignore_ament_install']
[0.523s] Level 1:colcon.colcon_core.package_identification:_identify(install) by extension 'ignore'
[0.523s] Level 1:colcon.colcon_core.package_identification:_identify(install) ignored
[0.523s] Level 1:colcon.colcon_core.package_identification:_identify(log) by extensions ['ignore', 'ignore_ament_install']
[0.523s] Level 1:colcon.colcon_core.package_identification:_identify(log) by extension 'ignore'
[0.524s] Level 1:colcon.colcon_core.package_identification:_identify(log) ignored
[0.524s] Level 1:colcon.colcon_core.package_identification:_identify(src) by extensions ['ignore', 'ignore_ament_install']
[0.524s] Level 1:colcon.colcon_core.package_identification:_identify(src) by extension 'ignore'
[0.524s] Level 1:colcon.colcon_core.package_identification:_identify(src) by extension 'ignore_ament_install'
[0.524s] Level 1:colcon.colcon_core.package_identification:_identify(src) by extensions ['colcon_pkg']
[0.524s] Level 1:colcon.colcon_core.package_identification:_identify(src) by extension 'colcon_pkg'
[0.524s] Level 1:colcon.colcon_core.package_identification:_identify(src) by extensions ['colcon_meta']
[0.524s] Level 1:colcon.colcon_core.package_identification:_identify(src) by extension 'colcon_meta'
[0.524s] Level 1:colcon.colcon_core.package_identification:_identify(src) by extensions ['ros']
[0.524s] Level 1:colcon.colcon_core.package_identification:_identify(src) by extension 'ros'
[0.524s] Level 1:colcon.colcon_core.package_identification:_identify(src) by extensions ['cmake', 'python']
[0.524s] Level 1:colcon.colcon_core.package_identification:_identify(src) by extension 'cmake'
[0.524s] Level 1:colcon.colcon_core.package_identification:_identify(src) by extension 'python'
[0.524s] Level 1:colcon.colcon_core.package_identification:_identify(src) by extensions ['python_setup_py']
[0.524s] Level 1:colcon.colcon_core.package_identification:_identify(src) by extension 'python_setup_py'
[0.524s] Level 1:colcon.colcon_core.package_identification:_identify(src/anytrack) by extensions ['ignore', 'ignore_ament_install']
[0.524s] Level 1:colcon.colcon_core.package_identification:_identify(src/anytrack) by extension 'ignore'
[0.524s] Level 1:colcon.colcon_core.package_identification:_identify(src/anytrack) by extension 'ignore_ament_install'
[0.525s] Level 1:colcon.colcon_core.package_identification:_identify(src/anytrack) by extensions ['colcon_pkg']
[0.525s] Level 1:colcon.colcon_core.package_identification:_identify(src/anytrack) by extension 'colcon_pkg'
[0.525s] Level 1:colcon.colcon_core.package_identification:_identify(src/anytrack) by extensions ['colcon_meta']
[0.525s] Level 1:colcon.colcon_core.package_identification:_identify(src/anytrack) by extension 'colcon_meta'
[0.525s] Level 1:colcon.colcon_core.package_identification:_identify(src/anytrack) by extensions ['ros']
[0.525s] Level 1:colcon.colcon_core.package_identification:_identify(src/anytrack) by extension 'ros'
[0.528s] DEBUG:colcon.colcon_core.package_identification:Package 'src/anytrack' with type 'ros.ament_python' and name 'anytrack'
[0.528s] Level 1:colcon.colcon_core.package_identification:_identify(src/interfaces) by extensions ['ignore', 'ignore_ament_install']
[0.528s] Level 1:colcon.colcon_core.package_identification:_identify(src/interfaces) by extension 'ignore'
[0.529s] Level 1:colcon.colcon_core.package_identification:_identify(src/interfaces) by extension 'ignore_ament_install'
[0.529s] Level 1:colcon.colcon_core.package_identification:_identify(src/interfaces) by extensions ['colcon_pkg']
[0.529s] Level 1:colcon.colcon_core.package_identification:_identify(src/interfaces) by extension 'colcon_pkg'
[0.529s] Level 1:colcon.colcon_core.package_identification:_identify(src/interfaces) by extensions ['colcon_meta']
[0.529s] Level 1:colcon.colcon_core.package_identification:_identify(src/interfaces) by extension 'colcon_meta'
[0.529s] Level 1:colcon.colcon_core.package_identification:_identify(src/interfaces) by extensions ['ros']
[0.529s] Level 1:colcon.colcon_core.package_identification:_identify(src/interfaces) by extension 'ros'
[0.530s] DEBUG:colcon.colcon_core.package_identification:Package 'src/interfaces' with type 'ros.ament_cmake' and name 'interfaces'
[0.530s] Level 1:colcon.colcon_core.package_identification:_identify(src/simulation) by extensions ['ignore', 'ignore_ament_install']
[0.530s] Level 1:colcon.colcon_core.package_identification:_identify(src/simulation) by extension 'ignore'
[0.530s] Level 1:colcon.colcon_core.package_identification:_identify(src/simulation) by extension 'ignore_ament_install'
[0.530s] Level 1:colcon.colcon_core.package_identification:_identify(src/simulation) by extensions ['colcon_pkg']
[0.530s] Level 1:colcon.colcon_core.package_identification:_identify(src/simulation) by extension 'colcon_pkg'
[0.530s] Level 1:colcon.colcon_core.package_identification:_identify(src/simulation) by extensions ['colcon_meta']
[0.530s] Level 1:colcon.colcon_core.package_identification:_identify(src/simulation) by extension 'colcon_meta'
[0.530s] Level 1:colcon.colcon_core.package_identification:_identify(src/simulation) by extensions ['ros']
[0.530s] Level 1:colcon.colcon_core.package_identification:_identify(src/simulation) by extension 'ros'
[0.531s] DEBUG:colcon.colcon_core.package_identification:Package 'src/simulation' with type 'ros.ament_cmake' and name 'simulation'
[0.531s] Level 1:colcon.colcon_core.package_discovery:discover_packages(recursive) using defaults
[0.531s] Level 1:colcon.colcon_core.package_discovery:discover_packages(ignore) discover
[0.531s] Level 1:colcon.colcon_core.package_discovery:discover_packages(ignore) using defaults
[0.531s] Level 1:colcon.colcon_core.package_discovery:discover_packages(path) discover
[0.531s] Level 1:colcon.colcon_core.package_discovery:discover_packages(path) using defaults
[0.562s] INFO:colcon.colcon_core.package_selection:Skipping not selected package 'interfaces' in 'src/interfaces'
[0.562s] INFO:colcon.colcon_core.package_selection:Skipping not selected package 'simulation' in 'src/simulation'
[0.563s] Level 5:colcon.colcon_core.verb:set package 'anytrack' build argument 'cmake_args' from command line to 'None'
[0.563s] Level 5:colcon.colcon_core.verb:set package 'anytrack' build argument 'cmake_target' from command line to 'None'
[0.563s] Level 5:colcon.colcon_core.verb:set package 'anytrack' build argument 'cmake_target_skip_unavailable' from command line to 'False'
[0.563s] Level 5:colcon.colcon_core.verb:set package 'anytrack' build argument 'cmake_clean_cache' from command line to 'False'
[0.563s] Level 5:colcon.colcon_core.verb:set package 'anytrack' build argument 'cmake_clean_first' from command line to 'False'
[0.563s] Level 5:colcon.colcon_core.verb:set package 'anytrack' build argument 'cmake_force_configure' from command line to 'False'
[0.563s] Level 5:colcon.colcon_core.verb:set package 'anytrack' build argument 'ament_cmake_args' from command line to 'None'
[0.563s] Level 5:colcon.colcon_core.verb:set package 'anytrack' build argument 'catkin_cmake_args' from command line to 'None'
[0.563s] Level 5:colcon.colcon_core.verb:set package 'anytrack' build argument 'catkin_skip_building_tests' from command line to 'False'
[0.563s] DEBUG:colcon.colcon_core.verb:Building package 'anytrack' with the following arguments: {'ament_cmake_args': None, 'build_base': '/home/ALEX/anytrack/ros/build/anytrack', 'catkin_cmake_args': None, 'catkin_skip_building_tests': False, 'cmake_args': None, 'cmake_clean_cache': False, 'cmake_clean_first': False, 'cmake_force_configure': False, 'cmake_target': None, 'cmake_target_skip_unavailable': False, 'install_base': '/home/ALEX/anytrack/ros/install/anytrack', 'merge_install': False, 'path': '/home/ALEX/anytrack/ros/src/anytrack', 'symlink_install': True, 'test_result_base': None}
[0.564s] INFO:colcon.colcon_core.executor:Executing jobs using 'parallel' executor
[0.569s] DEBUG:colcon.colcon_parallel_executor.executor.parallel:run_until_complete
[0.569s] INFO:colcon.colcon_ros.task.ament_python.build:Building ROS package in '/home/ALEX/anytrack/ros/src/anytrack' with build type 'ament_python'
[0.570s] Level 1:colcon.colcon_core.shell:create_environment_hook('anytrack', 'ament_prefix_path')
[0.577s] INFO:colcon.colcon_core.plugin_system:Skipping extension 'colcon_core.shell.bat': Not used on non-Windows systems
[0.577s] INFO:colcon.colcon_core.shell:Creating environment hook '/home/ALEX/anytrack/ros/install/anytrack/share/anytrack/hook/ament_prefix_path.ps1'
[0.578s] INFO:colcon.colcon_core.shell:Creating environment descriptor '/home/ALEX/anytrack/ros/install/anytrack/share/anytrack/hook/ament_prefix_path.dsv'
[0.579s] INFO:colcon.colcon_core.shell:Creating environment hook '/home/ALEX/anytrack/ros/install/anytrack/share/anytrack/hook/ament_prefix_path.sh'
[0.581s] INFO:colcon.colcon_core.shell:Skip shell extension 'powershell' for command environment: Not usable outside of PowerShell
[0.581s] DEBUG:colcon.colcon_core.shell:Skip shell extension 'dsv' for command environment
[0.926s] INFO:colcon.colcon_core.task.python.build:Building Python package in '/home/ALEX/anytrack/ros/src/anytrack'
[0.927s] INFO:colcon.colcon_core.shell:Skip shell extension 'powershell' for command environment: Not usable outside of PowerShell
[0.927s] DEBUG:colcon.colcon_core.shell:Skip shell extension 'dsv' for command environment
[1.393s] DEBUG:colcon.colcon_core.event_handler.log_command:Invoking command in '/home/ALEX/anytrack/ros/build/anytrack': PYTHONPATH=/home/ALEX/anytrack/ros/build/anytrack/prefix_override:/home/ALEX/anytrack/ros/install/anytrack/lib/python3.10/site-packages:${PYTHONPATH} /usr/bin/python3 setup.py develop --editable --build-directory /home/ALEX/anytrack/ros/build/anytrack/build --no-deps install_data
[1.995s] Level 1:colcon.colcon_core.shell:create_environment_hook('anytrack', 'pythonpath_develop')
[1.997s] INFO:colcon.colcon_core.shell:Creating environment hook '/home/ALEX/anytrack/ros/build/anytrack/share/anytrack/hook/pythonpath_develop.ps1'
[1.998s] DEBUG:colcon.colcon_core.event_handler.log_command:Invoked command in '/home/ALEX/anytrack/ros/build/anytrack' returned '0': PYTHONPATH=/home/ALEX/anytrack/ros/build/anytrack/prefix_override:/home/ALEX/anytrack/ros/install/anytrack/lib/python3.10/site-packages:${PYTHONPATH} /usr/bin/python3 setup.py develop --editable --build-directory /home/ALEX/anytrack/ros/build/anytrack/build --no-deps install_data
[1.998s] INFO:colcon.colcon_core.shell:Creating environment descriptor '/home/ALEX/anytrack/ros/build/anytrack/share/anytrack/hook/pythonpath_develop.dsv'
[1.998s] INFO:colcon.colcon_core.shell:Creating environment hook '/home/ALEX/anytrack/ros/build/anytrack/share/anytrack/hook/pythonpath_develop.sh'
[2.003s] Level 1:colcon.colcon_core.environment:checking '/home/ALEX/anytrack/ros/install/anytrack' for CMake module files
[2.004s] Level 1:colcon.colcon_core.environment:checking '/home/ALEX/anytrack/ros/install/anytrack' for CMake config files
[2.004s] Level 1:colcon.colcon_core.environment:checking '/home/ALEX/anytrack/ros/install/anytrack/lib'
[2.005s] Level 1:colcon.colcon_core.environment:checking '/home/ALEX/anytrack/ros/install/anytrack/bin'
[2.005s] Level 1:colcon.colcon_core.environment:checking '/home/ALEX/anytrack/ros/install/anytrack/lib/pkgconfig/anytrack.pc'
[2.005s] Level 1:colcon.colcon_core.environment:checking '/home/ALEX/anytrack/ros/install/anytrack/lib/python3.10/site-packages'
[2.005s] Level 1:colcon.colcon_core.shell:create_environment_hook('anytrack', 'pythonpath')
[2.007s] INFO:colcon.colcon_core.shell:Creating environment hook '/home/ALEX/anytrack/ros/install/anytrack/share/anytrack/hook/pythonpath.ps1'
[2.007s] INFO:colcon.colcon_core.shell:Creating environment descriptor '/home/ALEX/anytrack/ros/install/anytrack/share/anytrack/hook/pythonpath.dsv'
[2.008s] INFO:colcon.colcon_core.shell:Creating environment hook '/home/ALEX/anytrack/ros/install/anytrack/share/anytrack/hook/pythonpath.sh'
[2.008s] Level 1:colcon.colcon_core.environment:checking '/home/ALEX/anytrack/ros/install/anytrack/bin'
[2.008s] Level 1:colcon.colcon_core.environment:create_environment_scripts_only(anytrack)
[2.010s] INFO:colcon.colcon_core.shell:Creating package script '/home/ALEX/anytrack/ros/install/anytrack/share/anytrack/package.ps1'
[2.012s] INFO:colcon.colcon_core.shell:Creating package descriptor '/home/ALEX/anytrack/ros/install/anytrack/share/anytrack/package.dsv'
[2.013s] INFO:colcon.colcon_core.shell:Creating package script '/home/ALEX/anytrack/ros/install/anytrack/share/anytrack/package.sh'
[2.014s] INFO:colcon.colcon_core.shell:Creating package script '/home/ALEX/anytrack/ros/install/anytrack/share/anytrack/package.bash'
[2.015s] INFO:colcon.colcon_core.shell:Creating package script '/home/ALEX/anytrack/ros/install/anytrack/share/anytrack/package.zsh'
[2.017s] Level 1:colcon.colcon_core.environment:create_file_with_runtime_dependencies(/home/ALEX/anytrack/ros/install/anytrack/share/colcon-core/packages/anytrack)
[2.017s] DEBUG:colcon.colcon_parallel_executor.executor.parallel:closing loop
[2.018s] DEBUG:colcon.colcon_parallel_executor.executor.parallel:loop closed
[2.018s] DEBUG:colcon.colcon_parallel_executor.executor.parallel:run_until_complete finished with '0'
[2.018s] DEBUG:colcon.colcon_core.event_reactor:joining thread
[2.026s] INFO:colcon.colcon_core.plugin_system:Skipping extension 'colcon_notification.desktop_notification.terminal_notifier': Not used on non-Darwin systems
[2.026s] INFO:colcon.colcon_core.plugin_system:Skipping extension 'colcon_notification.desktop_notification.win32': Not used on non-Windows systems
[2.026s] INFO:colcon.colcon_notification.desktop_notification:Sending desktop notification using 'notify2'
[2.030s] DEBUG:colcon.colcon_notification.desktop_notification.notify2:Failed to initialize notify2: org.freedesktop.DBus.Error.Spawn.ExecFailed: /usr/bin/dbus-launch terminated abnormally without any error message
[2.031s] DEBUG:colcon.colcon_core.event_reactor:joined thread
[2.033s] INFO:colcon.colcon_core.shell:Creating prefix script '/home/ALEX/anytrack/ros/install/local_setup.ps1'
[2.034s] INFO:colcon.colcon_core.shell:Creating prefix util module '/home/ALEX/anytrack/ros/install/_local_setup_util_ps1.py'
[2.035s] INFO:colcon.colcon_core.shell:Creating prefix chain script '/home/ALEX/anytrack/ros/install/setup.ps1'
[2.036s] INFO:colcon.colcon_core.shell:Creating prefix script '/home/ALEX/anytrack/ros/install/local_setup.sh'
[2.037s] INFO:colcon.colcon_core.shell:Creating prefix util module '/home/ALEX/anytrack/ros/install/_local_setup_util_sh.py'
[2.037s] INFO:colcon.colcon_core.shell:Creating prefix chain script '/home/ALEX/anytrack/ros/install/setup.sh'
[2.039s] INFO:colcon.colcon_core.shell:Creating prefix script '/home/ALEX/anytrack/ros/install/local_setup.bash'
[2.040s] INFO:colcon.colcon_core.shell:Creating prefix chain script '/home/ALEX/anytrack/ros/install/setup.bash'
[2.041s] INFO:colcon.colcon_core.shell:Creating prefix script '/home/ALEX/anytrack/ros/install/local_setup.zsh'
[2.042s] INFO:colcon.colcon_core.shell:Creating prefix chain script '/home/ALEX/anytrack/ros/install/setup.zsh'
