[0.589s] Invoking command in '/home/ALEX/3dev/ros/build/scanner': PYTHONPATH=/home/ALEX/3dev/ros/install/scanner/lib/python3.10/site-packages:${PYTHONPATH} /usr/bin/python3 setup.py develop --prefix /home/ALEX/3dev/ros/install/scanner --editable --build-directory /home/ALEX/3dev/ros/build/scanner/build --no-deps install_data --install-dir /home/ALEX/3dev/ros/install/scanner
[0.830s] running develop
[0.981s] running egg_info
[0.981s] writing scanner.egg-info/PKG-INFO
[0.981s] writing dependency_links to scanner.egg-info/dependency_links.txt
[0.981s] writing entry points to scanner.egg-info/entry_points.txt
[0.981s] writing requirements to scanner.egg-info/requires.txt
[0.982s] writing top-level names to scanner.egg-info/top_level.txt
[0.983s] reading manifest file 'scanner.egg-info/SOURCES.txt'
[0.990s] writing manifest file 'scanner.egg-info/SOURCES.txt'
[0.991s] running build_ext
[0.991s] Creating /home/ALEX/3dev/ros/install/scanner/lib/python3.10/site-packages/scanner.egg-link (link to .)
[0.992s] Installing ball_scanner script to /home/ALEX/3dev/ros/install/scanner/lib/scanner
[0.992s] Installing camera_info_publisher script to /home/ALEX/3dev/ros/install/scanner/lib/scanner
[0.992s] Installing camera_publisher script to /home/ALEX/3dev/ros/install/scanner/lib/scanner
[0.992s] Installing test_vec_publisher script to /home/ALEX/3dev/ros/install/scanner/lib/scanner
[0.992s] Installing tf_broadcaster script to /home/ALEX/3dev/ros/install/scanner/lib/scanner
[0.992s] 
[0.992s] Installed /home/ALEX/3dev/ros/build/scanner
[0.992s] running install_data
[1.019s] Invoked command in '/home/ALEX/3dev/ros/build/scanner' returned '0': PYTHONPATH=/home/ALEX/3dev/ros/install/scanner/lib/python3.10/site-packages:${PYTHONPATH} /usr/bin/python3 setup.py develop --prefix /home/ALEX/3dev/ros/install/scanner --editable --build-directory /home/ALEX/3dev/ros/build/scanner/build --no-deps install_data --install-dir /home/ALEX/3dev/ros/install/scanner
