[0.016s] Invoking command in '/home/ALEX/anytrack/ros/build/scanner_interfaces': CMAKE_PREFIX_PATH=${CMAKE_PREFIX_PATH}:/home/ALEX/anytrack/ros/install/test_py_pkg:/home/ALEX/anytrack/ros/install/scannerV2:/home/ALEX/anytrack/ros/install/scanner:/home/ALEX/anytrack/ros/install/anytrack:/opt/ros/humble /usr/bin/cmake --build /home/ALEX/anytrack/ros/build/scanner_interfaces -- -j12 -l12
[0.036s] -- Found ament_cmake: 1.3.4 (/opt/ros/humble/share/ament_cmake/cmake)
[0.168s] -- Found rosidl_default_generators: 1.2.0 (/opt/ros/humble/share/rosidl_default_generators/cmake)
[0.171s] -- Using all available rosidl_typesupport_c: rosidl_typesupport_fastrtps_c;rosidl_typesupport_introspection_c
[0.173s] -- Found rosidl_adapter: 3.1.4 (/opt/ros/humble/share/rosidl_adapter/cmake)
[0.204s] -- Using all available rosidl_typesupport_cpp: rosidl_typesupport_fastrtps_cpp;rosidl_typesupport_introspection_cpp
[0.232s] -- Found std_msgs: 4.2.3 (/opt/ros/humble/share/std_msgs/cmake)
[0.555s] -- Found ament_cmake_ros: 0.10.0 (/opt/ros/humble/share/ament_cmake_ros/cmake)
[0.760s] -- Using all available rosidl_typesupport_c: rosidl_typesupport_fastrtps_c;rosidl_typesupport_introspection_c
[1.030s] -- Using all available rosidl_typesupport_cpp: rosidl_typesupport_fastrtps_cpp;rosidl_typesupport_introspection_cpp
[1.051s] -- Found python_cmake_module: 0.10.0 (/opt/ros/humble/share/python_cmake_module/cmake)
[1.071s] -- Using PYTHON_EXECUTABLE: /usr/bin/python3
[1.071s] -- Using PYTHON_INCLUDE_DIRS: /usr/include/python3.10
[1.071s] -- Using PYTHON_LIBRARIES: /usr/lib/x86_64-linux-gnu/libpython3.10.so
[1.106s] -- Configuring done
[1.140s] -- Generating done
[1.142s] -- Build files have been written to: /home/ALEX/anytrack/ros/build/scanner_interfaces
[1.162s] [  1%] [34m[1mGenerating C code for ROS interfaces[0m
[1.169s] [  3%] [34m[1mGenerating C++ code for ROS interfaces[0m
[1.177s] [  3%] Built target ament_cmake_python_copy_scanner_interfaces
[1.429s] running egg_info
[1.430s] writing scanner_interfaces.egg-info/PKG-INFO
[1.430s] writing dependency_links to scanner_interfaces.egg-info/dependency_links.txt
[1.430s] writing top-level names to scanner_interfaces.egg-info/top_level.txt
[1.432s] reading manifest file 'scanner_interfaces.egg-info/SOURCES.txt'
[1.433s] writing manifest file 'scanner_interfaces.egg-info/SOURCES.txt'
[1.454s] [  3%] Built target ament_cmake_python_build_scanner_interfaces_egg
[1.603s] [  3%] Built target scanner_interfaces__cpp
[1.613s] [  5%] [34m[1mGenerating C++ type support dispatch for ROS interfaces[0m
[1.614s] [  9%] [34m[1mGenerating C++ introspection for ROS interfaces[0m
[1.614s] [  9%] [34m[1mGenerating C++ type support for eProsima Fast-RTPS[0m
[1.619s] [35m[1mConsolidate compiler generated dependencies of target scanner_interfaces__rosidl_generator_c[0m
[1.632s] [ 12%] [32mBuilding C object CMakeFiles/scanner_interfaces__rosidl_generator_c.dir/rosidl_generator_c/scanner_interfaces/msg/detail/location__functions.c.o[0m
[1.632s] [ 12%] [32mBuilding C object CMakeFiles/scanner_interfaces__rosidl_generator_c.dir/rosidl_generator_c/scanner_interfaces/msg/detail/tracks__functions.c.o[0m
[1.633s] [ 14%] [32mBuilding C object CMakeFiles/scanner_interfaces__rosidl_generator_c.dir/rosidl_generator_c/scanner_interfaces/msg/detail/object__functions.c.o[0m
[1.636s] [ 16%] [32mBuilding C object CMakeFiles/scanner_interfaces__rosidl_generator_c.dir/rosidl_generator_c/scanner_interfaces/msg/detail/camera_locations__functions.c.o[0m
[1.689s] [ 18%] [32m[1mLinking C shared library libscanner_interfaces__rosidl_generator_c.so[0m
[1.719s] [ 18%] Built target scanner_interfaces__rosidl_generator_c
[1.728s] [ 21%] [34m[1mGenerating C type support for eProsima Fast-RTPS[0m
[1.728s] [ 21%] [34m[1mGenerating C introspection for ROS interfaces[0m
[1.732s] [ 23%] [34m[1mGenerating C type support dispatch for ROS interfaces[0m
[1.956s] [35m[1mConsolidate compiler generated dependencies of target scanner_interfaces__rosidl_typesupport_cpp[0m
[1.973s] [ 25%] [32mBuilding CXX object CMakeFiles/scanner_interfaces__rosidl_typesupport_cpp.dir/rosidl_typesupport_cpp/scanner_interfaces/msg/object__type_support.cpp.o[0m
[1.981s] [ 29%] [32mBuilding CXX object CMakeFiles/scanner_interfaces__rosidl_typesupport_cpp.dir/rosidl_typesupport_cpp/scanner_interfaces/msg/location__type_support.cpp.o[0m
[1.981s] [ 29%] [32mBuilding CXX object CMakeFiles/scanner_interfaces__rosidl_typesupport_cpp.dir/rosidl_typesupport_cpp/scanner_interfaces/msg/camera_locations__type_support.cpp.o[0m
[1.982s] [ 30%] [32mBuilding CXX object CMakeFiles/scanner_interfaces__rosidl_typesupport_cpp.dir/rosidl_typesupport_cpp/scanner_interfaces/msg/tracks__type_support.cpp.o[0m
[1.987s] [35m[1mConsolidate compiler generated dependencies of target scanner_interfaces__rosidl_typesupport_introspection_cpp[0m
[2.005s] [ 32%] [32mBuilding CXX object CMakeFiles/scanner_interfaces__rosidl_typesupport_introspection_cpp.dir/rosidl_typesupport_introspection_cpp/scanner_interfaces/msg/detail/object__type_support.cpp.o[0m
[2.005s] [ 34%] [32mBuilding CXX object CMakeFiles/scanner_interfaces__rosidl_typesupport_introspection_cpp.dir/rosidl_typesupport_introspection_cpp/scanner_interfaces/msg/detail/tracks__type_support.cpp.o[0m
[2.007s] [ 36%] [32mBuilding CXX object CMakeFiles/scanner_interfaces__rosidl_typesupport_introspection_cpp.dir/rosidl_typesupport_introspection_cpp/scanner_interfaces/msg/detail/camera_locations__type_support.cpp.o[0m
[2.012s] [ 38%] [32mBuilding CXX object CMakeFiles/scanner_interfaces__rosidl_typesupport_introspection_cpp.dir/rosidl_typesupport_introspection_cpp/scanner_interfaces/msg/detail/location__type_support.cpp.o[0m
[2.131s] [35m[1mConsolidate compiler generated dependencies of target scanner_interfaces__rosidl_typesupport_fastrtps_cpp[0m
[2.199s] [ 40%] [32mBuilding CXX object CMakeFiles/scanner_interfaces__rosidl_typesupport_fastrtps_cpp.dir/rosidl_typesupport_fastrtps_cpp/scanner_interfaces/msg/detail/dds_fastrtps/object__type_support.cpp.o[0m
[2.283s] [35m[1mConsolidate compiler generated dependencies of target scanner_interfaces__rosidl_typesupport_introspection_c[0m
[2.301s] [ 41%] [32mBuilding C object CMakeFiles/scanner_interfaces__rosidl_typesupport_introspection_c.dir/rosidl_typesupport_introspection_c/scanner_interfaces/msg/detail/object__type_support.c.o[0m
[2.303s] [35m[1mConsolidate compiler generated dependencies of target scanner_interfaces__rosidl_typesupport_c[0m
[2.352s] [ 43%] [32mBuilding C object CMakeFiles/scanner_interfaces__rosidl_typesupport_introspection_c.dir/rosidl_typesupport_introspection_c/scanner_interfaces/msg/detail/tracks__type_support.c.o[0m
[2.355s] [ 45%] [32mBuilding C object CMakeFiles/scanner_interfaces__rosidl_typesupport_introspection_c.dir/rosidl_typesupport_introspection_c/scanner_interfaces/msg/detail/location__type_support.c.o[0m
[2.362s] [ 47%] [32mBuilding CXX object CMakeFiles/scanner_interfaces__rosidl_typesupport_c.dir/rosidl_typesupport_c/scanner_interfaces/msg/object__type_support.cpp.o[0m
[2.389s] [ 49%] [32mBuilding CXX object CMakeFiles/scanner_interfaces__rosidl_typesupport_c.dir/rosidl_typesupport_c/scanner_interfaces/msg/tracks__type_support.cpp.o[0m
[2.398s] [ 50%] [32m[1mLinking CXX shared library libscanner_interfaces__rosidl_typesupport_cpp.so[0m
[2.409s] [ 52%] [32mBuilding CXX object CMakeFiles/scanner_interfaces__rosidl_typesupport_c.dir/rosidl_typesupport_c/scanner_interfaces/msg/location__type_support.cpp.o[0m
[2.413s] [ 54%] [32mBuilding C object CMakeFiles/scanner_interfaces__rosidl_typesupport_introspection_c.dir/rosidl_typesupport_introspection_c/scanner_interfaces/msg/detail/camera_locations__type_support.c.o[0m
[2.418s] [ 56%] [32mBuilding CXX object CMakeFiles/scanner_interfaces__rosidl_typesupport_c.dir/rosidl_typesupport_c/scanner_interfaces/msg/camera_locations__type_support.cpp.o[0m
[2.425s] [35m[1mConsolidate compiler generated dependencies of target scanner_interfaces__rosidl_typesupport_fastrtps_c[0m
[2.431s] [ 58%] [32mBuilding CXX object CMakeFiles/scanner_interfaces__rosidl_typesupport_fastrtps_cpp.dir/rosidl_typesupport_fastrtps_cpp/scanner_interfaces/msg/detail/dds_fastrtps/tracks__type_support.cpp.o[0m
[2.444s] [ 60%] [32mBuilding CXX object CMakeFiles/scanner_interfaces__rosidl_typesupport_fastrtps_cpp.dir/rosidl_typesupport_fastrtps_cpp/scanner_interfaces/msg/detail/dds_fastrtps/location__type_support.cpp.o[0m
[2.454s] [ 61%] [32mBuilding CXX object CMakeFiles/scanner_interfaces__rosidl_typesupport_fastrtps_c.dir/rosidl_typesupport_fastrtps_c/scanner_interfaces/msg/detail/object__type_support_c.cpp.o[0m
[2.461s] [ 63%] [32mBuilding CXX object CMakeFiles/scanner_interfaces__rosidl_typesupport_fastrtps_cpp.dir/rosidl_typesupport_fastrtps_cpp/scanner_interfaces/msg/detail/dds_fastrtps/camera_locations__type_support.cpp.o[0m
[2.480s] [ 63%] Built target scanner_interfaces__rosidl_typesupport_cpp
[2.483s] [ 65%] [32m[1mLinking CXX shared library libscanner_interfaces__rosidl_typesupport_c.so[0m
[2.500s] [ 67%] [32m[1mLinking C shared library libscanner_interfaces__rosidl_typesupport_introspection_c.so[0m
[2.517s] [ 69%] [32mBuilding CXX object CMakeFiles/scanner_interfaces__rosidl_typesupport_fastrtps_c.dir/rosidl_typesupport_fastrtps_c/scanner_interfaces/msg/detail/tracks__type_support_c.cpp.o[0m
[2.537s] [ 69%] Built target scanner_interfaces__rosidl_typesupport_c
[2.550s] [ 70%] [32mBuilding CXX object CMakeFiles/scanner_interfaces__rosidl_typesupport_fastrtps_c.dir/rosidl_typesupport_fastrtps_c/scanner_interfaces/msg/detail/location__type_support_c.cpp.o[0m
[2.556s] [ 70%] Built target scanner_interfaces__rosidl_typesupport_introspection_c
[2.562s] [ 72%] [32mBuilding CXX object CMakeFiles/scanner_interfaces__rosidl_typesupport_fastrtps_c.dir/rosidl_typesupport_fastrtps_c/scanner_interfaces/msg/detail/camera_locations__type_support_c.cpp.o[0m
[2.691s] [ 74%] [32m[1mLinking CXX shared library libscanner_interfaces__rosidl_typesupport_introspection_cpp.so[0m
[2.847s] [ 74%] Built target scanner_interfaces__rosidl_typesupport_introspection_cpp
[3.021s] [ 76%] [32m[1mLinking CXX shared library libscanner_interfaces__rosidl_typesupport_fastrtps_c.so[0m
[3.032s] [ 78%] [32m[1mLinking CXX shared library libscanner_interfaces__rosidl_typesupport_fastrtps_cpp.so[0m
[3.085s] [ 78%] Built target scanner_interfaces__rosidl_typesupport_fastrtps_c
[3.100s] [ 78%] Built target scanner_interfaces__rosidl_typesupport_fastrtps_cpp
[3.115s] [ 78%] Built target scanner_interfaces
[3.131s] [ 80%] [34m[1mGenerating Python code for ROS interfaces[0m
[3.768s] [ 80%] Built target scanner_interfaces__py
[3.776s] [35m[1mConsolidate compiler generated dependencies of target scanner_interfaces__rosidl_generator_py[0m
[3.789s] [ 85%] [32mBuilding C object CMakeFiles/scanner_interfaces__rosidl_generator_py.dir/rosidl_generator_py/scanner_interfaces/msg/_location_s.c.o[0m
[3.789s] [ 85%] [32mBuilding C object CMakeFiles/scanner_interfaces__rosidl_generator_py.dir/rosidl_generator_py/scanner_interfaces/msg/_object_s.c.o[0m
[3.789s] [ 85%] [32mBuilding C object CMakeFiles/scanner_interfaces__rosidl_generator_py.dir/rosidl_generator_py/scanner_interfaces/msg/_camera_locations_s.c.o[0m
[3.789s] [ 87%] [32mBuilding C object CMakeFiles/scanner_interfaces__rosidl_generator_py.dir/rosidl_generator_py/scanner_interfaces/msg/_tracks_s.c.o[0m
[3.887s] [ 89%] [32m[1mLinking C shared library rosidl_generator_py/scanner_interfaces/libscanner_interfaces__rosidl_generator_py.so[0m
[3.918s] [ 89%] Built target scanner_interfaces__rosidl_generator_py
[3.927s] [35m[1mConsolidate compiler generated dependencies of target scanner_interfaces__rosidl_typesupport_introspection_c__pyext[0m
[3.927s] [35m[1mConsolidate compiler generated dependencies of target scanner_interfaces__rosidl_typesupport_fastrtps_c__pyext[0m
[3.927s] [35m[1mConsolidate compiler generated dependencies of target scanner_interfaces__rosidl_typesupport_c__pyext[0m
[3.938s] [ 90%] [32mBuilding C object CMakeFiles/scanner_interfaces__rosidl_typesupport_c__pyext.dir/rosidl_generator_py/scanner_interfaces/_scanner_interfaces_s.ep.rosidl_typesupport_c.c.o[0m
[3.939s] [ 92%] [32mBuilding C object CMakeFiles/scanner_interfaces__rosidl_typesupport_introspection_c__pyext.dir/rosidl_generator_py/scanner_interfaces/_scanner_interfaces_s.ep.rosidl_typesupport_introspection_c.c.o[0m
[3.939s] [ 94%] [32mBuilding C object CMakeFiles/scanner_interfaces__rosidl_typesupport_fastrtps_c__pyext.dir/rosidl_generator_py/scanner_interfaces/_scanner_interfaces_s.ep.rosidl_typesupport_fastrtps_c.c.o[0m
[4.036s] [ 96%] [32m[1mLinking C shared library rosidl_generator_py/scanner_interfaces/scanner_interfaces_s__rosidl_typesupport_fastrtps_c.cpython-310-x86_64-linux-gnu.so[0m
[4.036s] [ 98%] [32m[1mLinking C shared library rosidl_generator_py/scanner_interfaces/scanner_interfaces_s__rosidl_typesupport_introspection_c.cpython-310-x86_64-linux-gnu.so[0m
[4.037s] [100%] [32m[1mLinking C shared library rosidl_generator_py/scanner_interfaces/scanner_interfaces_s__rosidl_typesupport_c.cpython-310-x86_64-linux-gnu.so[0m
[4.069s] [100%] Built target scanner_interfaces__rosidl_typesupport_c__pyext
[4.069s] [100%] Built target scanner_interfaces__rosidl_typesupport_fastrtps_c__pyext
[4.069s] [100%] Built target scanner_interfaces__rosidl_typesupport_introspection_c__pyext
[4.078s] Invoked command in '/home/ALEX/anytrack/ros/build/scanner_interfaces' returned '0': CMAKE_PREFIX_PATH=${CMAKE_PREFIX_PATH}:/home/ALEX/anytrack/ros/install/test_py_pkg:/home/ALEX/anytrack/ros/install/scannerV2:/home/ALEX/anytrack/ros/install/scanner:/home/ALEX/anytrack/ros/install/anytrack:/opt/ros/humble /usr/bin/cmake --build /home/ALEX/anytrack/ros/build/scanner_interfaces -- -j12 -l12
[4.162s] Invoking command in '/home/ALEX/anytrack/ros/build/scanner_interfaces': CMAKE_PREFIX_PATH=${CMAKE_PREFIX_PATH}:/home/ALEX/anytrack/ros/install/test_py_pkg:/home/ALEX/anytrack/ros/install/scannerV2:/home/ALEX/anytrack/ros/install/scanner:/home/ALEX/anytrack/ros/install/anytrack:/opt/ros/humble /usr/bin/cmake --install /home/ALEX/anytrack/ros/build/scanner_interfaces
[4.168s] -- Install configuration: ""
[4.168s] -- Up-to-date: /home/ALEX/anytrack/ros/install/scanner_interfaces/share/ament_index/resource_index/rosidl_interfaces/scanner_interfaces
[4.168s] -- Up-to-date: /home/ALEX/anytrack/ros/install/scanner_interfaces/include/scanner_interfaces/scanner_interfaces
[4.168s] -- Up-to-date: /home/ALEX/anytrack/ros/install/scanner_interfaces/include/scanner_interfaces/scanner_interfaces/msg
[4.168s] -- Installing: /home/ALEX/anytrack/ros/install/scanner_interfaces/include/scanner_interfaces/scanner_interfaces/msg/tracks.h
[4.169s] -- Installing: /home/ALEX/anytrack/ros/install/scanner_interfaces/include/scanner_interfaces/scanner_interfaces/msg/camera_locations.h
[4.169s] -- Up-to-date: /home/ALEX/anytrack/ros/install/scanner_interfaces/include/scanner_interfaces/scanner_interfaces/msg/rosidl_generator_c__visibility_control.h
[4.169s] -- Installing: /home/ALEX/anytrack/ros/install/scanner_interfaces/include/scanner_interfaces/scanner_interfaces/msg/object.h
[4.169s] -- Up-to-date: /home/ALEX/anytrack/ros/install/scanner_interfaces/include/scanner_interfaces/scanner_interfaces/msg/detail
[4.169s] -- Installing: /home/ALEX/anytrack/ros/install/scanner_interfaces/include/scanner_interfaces/scanner_interfaces/msg/detail/tracks__type_support.h
[4.169s] -- Installing: /home/ALEX/anytrack/ros/install/scanner_interfaces/include/scanner_interfaces/scanner_interfaces/msg/detail/tracks__struct.h
[4.169s] -- Installing: /home/ALEX/anytrack/ros/install/scanner_interfaces/include/scanner_interfaces/scanner_interfaces/msg/detail/tracks__functions.c
[4.169s] -- Installing: /home/ALEX/anytrack/ros/install/scanner_interfaces/include/scanner_interfaces/scanner_interfaces/msg/detail/camera_locations__functions.c
[4.169s] -- Installing: /home/ALEX/anytrack/ros/install/scanner_interfaces/include/scanner_interfaces/scanner_interfaces/msg/detail/location__type_support.h
[4.169s] -- Installing: /home/ALEX/anytrack/ros/install/scanner_interfaces/include/scanner_interfaces/scanner_interfaces/msg/detail/object__functions.h
[4.169s] -- Installing: /home/ALEX/anytrack/ros/install/scanner_interfaces/include/scanner_interfaces/scanner_interfaces/msg/detail/camera_locations__type_support.h
[4.169s] -- Installing: /home/ALEX/anytrack/ros/install/scanner_interfaces/include/scanner_interfaces/scanner_interfaces/msg/detail/object__struct.h
[4.170s] -- Installing: /home/ALEX/anytrack/ros/install/scanner_interfaces/include/scanner_interfaces/scanner_interfaces/msg/detail/location__struct.h
[4.170s] -- Installing: /home/ALEX/anytrack/ros/install/scanner_interfaces/include/scanner_interfaces/scanner_interfaces/msg/detail/object__functions.c
[4.170s] -- Installing: /home/ALEX/anytrack/ros/install/scanner_interfaces/include/scanner_interfaces/scanner_interfaces/msg/detail/location__functions.c
[4.170s] -- Installing: /home/ALEX/anytrack/ros/install/scanner_interfaces/include/scanner_interfaces/scanner_interfaces/msg/detail/object__type_support.h
[4.170s] -- Installing: /home/ALEX/anytrack/ros/install/scanner_interfaces/include/scanner_interfaces/scanner_interfaces/msg/detail/tracks__functions.h
[4.170s] -- Installing: /home/ALEX/anytrack/ros/install/scanner_interfaces/include/scanner_interfaces/scanner_interfaces/msg/detail/location__functions.h
[4.170s] -- Installing: /home/ALEX/anytrack/ros/install/scanner_interfaces/include/scanner_interfaces/scanner_interfaces/msg/detail/camera_locations__functions.h
[4.170s] -- Installing: /home/ALEX/anytrack/ros/install/scanner_interfaces/include/scanner_interfaces/scanner_interfaces/msg/detail/camera_locations__struct.h
[4.170s] -- Installing: /home/ALEX/anytrack/ros/install/scanner_interfaces/include/scanner_interfaces/scanner_interfaces/msg/location.h
[4.170s] -- Up-to-date: /home/ALEX/anytrack/ros/install/scanner_interfaces/share/scanner_interfaces/environment/library_path.sh
[4.171s] -- Installing: /home/ALEX/anytrack/ros/install/scanner_interfaces/share/scanner_interfaces/environment/library_path.dsv
[4.171s] -- Installing: /home/ALEX/anytrack/ros/install/scanner_interfaces/lib/libscanner_interfaces__rosidl_generator_c.so
[4.171s] -- Set runtime path of "/home/ALEX/anytrack/ros/install/scanner_interfaces/lib/libscanner_interfaces__rosidl_generator_c.so" to ""
[4.171s] -- Up-to-date: /home/ALEX/anytrack/ros/install/scanner_interfaces/include/scanner_interfaces/scanner_interfaces
[4.171s] -- Up-to-date: /home/ALEX/anytrack/ros/install/scanner_interfaces/include/scanner_interfaces/scanner_interfaces/msg
[4.171s] -- Up-to-date: /home/ALEX/anytrack/ros/install/scanner_interfaces/include/scanner_interfaces/scanner_interfaces/msg/rosidl_typesupport_fastrtps_c__visibility_control.h
[4.171s] -- Up-to-date: /home/ALEX/anytrack/ros/install/scanner_interfaces/include/scanner_interfaces/scanner_interfaces/msg/detail
[4.171s] -- Installing: /home/ALEX/anytrack/ros/install/scanner_interfaces/include/scanner_interfaces/scanner_interfaces/msg/detail/tracks__rosidl_typesupport_fastrtps_c.h
[4.172s] -- Installing: /home/ALEX/anytrack/ros/install/scanner_interfaces/include/scanner_interfaces/scanner_interfaces/msg/detail/object__rosidl_typesupport_fastrtps_c.h
[4.172s] -- Installing: /home/ALEX/anytrack/ros/install/scanner_interfaces/include/scanner_interfaces/scanner_interfaces/msg/detail/camera_locations__rosidl_typesupport_fastrtps_c.h
[4.172s] -- Installing: /home/ALEX/anytrack/ros/install/scanner_interfaces/include/scanner_interfaces/scanner_interfaces/msg/detail/location__rosidl_typesupport_fastrtps_c.h
[4.172s] -- Installing: /home/ALEX/anytrack/ros/install/scanner_interfaces/lib/libscanner_interfaces__rosidl_typesupport_fastrtps_c.so
[4.172s] -- Set runtime path of "/home/ALEX/anytrack/ros/install/scanner_interfaces/lib/libscanner_interfaces__rosidl_typesupport_fastrtps_c.so" to ""
[4.172s] -- Up-to-date: /home/ALEX/anytrack/ros/install/scanner_interfaces/include/scanner_interfaces/scanner_interfaces
[4.172s] -- Up-to-date: /home/ALEX/anytrack/ros/install/scanner_interfaces/include/scanner_interfaces/scanner_interfaces/msg
[4.172s] -- Up-to-date: /home/ALEX/anytrack/ros/install/scanner_interfaces/include/scanner_interfaces/scanner_interfaces/msg/detail
[4.172s] -- Installing: /home/ALEX/anytrack/ros/install/scanner_interfaces/include/scanner_interfaces/scanner_interfaces/msg/detail/location__rosidl_typesupport_introspection_c.h
[4.173s] -- Installing: /home/ALEX/anytrack/ros/install/scanner_interfaces/include/scanner_interfaces/scanner_interfaces/msg/detail/location__type_support.c
[4.173s] -- Installing: /home/ALEX/anytrack/ros/install/scanner_interfaces/include/scanner_interfaces/scanner_interfaces/msg/detail/camera_locations__rosidl_typesupport_introspection_c.h
[4.173s] -- Installing: /home/ALEX/anytrack/ros/install/scanner_interfaces/include/scanner_interfaces/scanner_interfaces/msg/detail/camera_locations__type_support.c
[4.173s] -- Installing: /home/ALEX/anytrack/ros/install/scanner_interfaces/include/scanner_interfaces/scanner_interfaces/msg/detail/tracks__type_support.c
[4.173s] -- Installing: /home/ALEX/anytrack/ros/install/scanner_interfaces/include/scanner_interfaces/scanner_interfaces/msg/detail/object__rosidl_typesupport_introspection_c.h
[4.173s] -- Installing: /home/ALEX/anytrack/ros/install/scanner_interfaces/include/scanner_interfaces/scanner_interfaces/msg/detail/object__type_support.c
[4.173s] -- Installing: /home/ALEX/anytrack/ros/install/scanner_interfaces/include/scanner_interfaces/scanner_interfaces/msg/detail/tracks__rosidl_typesupport_introspection_c.h
[4.173s] -- Up-to-date: /home/ALEX/anytrack/ros/install/scanner_interfaces/include/scanner_interfaces/scanner_interfaces/msg/rosidl_typesupport_introspection_c__visibility_control.h
[4.173s] -- Installing: /home/ALEX/anytrack/ros/install/scanner_interfaces/lib/libscanner_interfaces__rosidl_typesupport_introspection_c.so
[4.174s] -- Set runtime path of "/home/ALEX/anytrack/ros/install/scanner_interfaces/lib/libscanner_interfaces__rosidl_typesupport_introspection_c.so" to ""
[4.174s] -- Installing: /home/ALEX/anytrack/ros/install/scanner_interfaces/lib/libscanner_interfaces__rosidl_typesupport_c.so
[4.174s] -- Set runtime path of "/home/ALEX/anytrack/ros/install/scanner_interfaces/lib/libscanner_interfaces__rosidl_typesupport_c.so" to ""
[4.174s] -- Up-to-date: /home/ALEX/anytrack/ros/install/scanner_interfaces/include/scanner_interfaces/scanner_interfaces
[4.174s] -- Up-to-date: /home/ALEX/anytrack/ros/install/scanner_interfaces/include/scanner_interfaces/scanner_interfaces/msg
[4.174s] -- Installing: /home/ALEX/anytrack/ros/install/scanner_interfaces/include/scanner_interfaces/scanner_interfaces/msg/tracks.hpp
[4.174s] -- Up-to-date: /home/ALEX/anytrack/ros/install/scanner_interfaces/include/scanner_interfaces/scanner_interfaces/msg/detail
[4.174s] -- Installing: /home/ALEX/anytrack/ros/install/scanner_interfaces/include/scanner_interfaces/scanner_interfaces/msg/detail/location__struct.hpp
[4.174s] -- Installing: /home/ALEX/anytrack/ros/install/scanner_interfaces/include/scanner_interfaces/scanner_interfaces/msg/detail/tracks__struct.hpp
[4.174s] -- Installing: /home/ALEX/anytrack/ros/install/scanner_interfaces/include/scanner_interfaces/scanner_interfaces/msg/detail/object__traits.hpp
[4.175s] -- Installing: /home/ALEX/anytrack/ros/install/scanner_interfaces/include/scanner_interfaces/scanner_interfaces/msg/detail/tracks__traits.hpp
[4.175s] -- Installing: /home/ALEX/anytrack/ros/install/scanner_interfaces/include/scanner_interfaces/scanner_interfaces/msg/detail/location__traits.hpp
[4.175s] -- Installing: /home/ALEX/anytrack/ros/install/scanner_interfaces/include/scanner_interfaces/scanner_interfaces/msg/detail/camera_locations__builder.hpp
[4.175s] -- Installing: /home/ALEX/anytrack/ros/install/scanner_interfaces/include/scanner_interfaces/scanner_interfaces/msg/detail/camera_locations__struct.hpp
[4.175s] -- Installing: /home/ALEX/anytrack/ros/install/scanner_interfaces/include/scanner_interfaces/scanner_interfaces/msg/detail/location__builder.hpp
[4.175s] -- Installing: /home/ALEX/anytrack/ros/install/scanner_interfaces/include/scanner_interfaces/scanner_interfaces/msg/detail/tracks__builder.hpp
[4.175s] -- Installing: /home/ALEX/anytrack/ros/install/scanner_interfaces/include/scanner_interfaces/scanner_interfaces/msg/detail/camera_locations__traits.hpp
[4.175s] -- Installing: /home/ALEX/anytrack/ros/install/scanner_interfaces/include/scanner_interfaces/scanner_interfaces/msg/detail/object__builder.hpp
[4.175s] -- Installing: /home/ALEX/anytrack/ros/install/scanner_interfaces/include/scanner_interfaces/scanner_interfaces/msg/detail/object__struct.hpp
[4.176s] -- Installing: /home/ALEX/anytrack/ros/install/scanner_interfaces/include/scanner_interfaces/scanner_interfaces/msg/camera_locations.hpp
[4.176s] -- Installing: /home/ALEX/anytrack/ros/install/scanner_interfaces/include/scanner_interfaces/scanner_interfaces/msg/object.hpp
[4.176s] -- Installing: /home/ALEX/anytrack/ros/install/scanner_interfaces/include/scanner_interfaces/scanner_interfaces/msg/location.hpp
[4.176s] -- Up-to-date: /home/ALEX/anytrack/ros/install/scanner_interfaces/include/scanner_interfaces/scanner_interfaces
[4.176s] -- Up-to-date: /home/ALEX/anytrack/ros/install/scanner_interfaces/include/scanner_interfaces/scanner_interfaces/msg
[4.176s] -- Up-to-date: /home/ALEX/anytrack/ros/install/scanner_interfaces/include/scanner_interfaces/scanner_interfaces/msg/rosidl_typesupport_fastrtps_cpp__visibility_control.h
[4.176s] -- Up-to-date: /home/ALEX/anytrack/ros/install/scanner_interfaces/include/scanner_interfaces/scanner_interfaces/msg/detail
[4.176s] -- Installing: /home/ALEX/anytrack/ros/install/scanner_interfaces/include/scanner_interfaces/scanner_interfaces/msg/detail/location__rosidl_typesupport_fastrtps_cpp.hpp
[4.176s] -- Installing: /home/ALEX/anytrack/ros/install/scanner_interfaces/include/scanner_interfaces/scanner_interfaces/msg/detail/tracks__rosidl_typesupport_fastrtps_cpp.hpp
[4.176s] -- Up-to-date: /home/ALEX/anytrack/ros/install/scanner_interfaces/include/scanner_interfaces/scanner_interfaces/msg/detail/dds_fastrtps
[4.177s] -- Installing: /home/ALEX/anytrack/ros/install/scanner_interfaces/include/scanner_interfaces/scanner_interfaces/msg/detail/object__rosidl_typesupport_fastrtps_cpp.hpp
[4.177s] -- Installing: /home/ALEX/anytrack/ros/install/scanner_interfaces/include/scanner_interfaces/scanner_interfaces/msg/detail/camera_locations__rosidl_typesupport_fastrtps_cpp.hpp
[4.177s] -- Installing: /home/ALEX/anytrack/ros/install/scanner_interfaces/lib/libscanner_interfaces__rosidl_typesupport_fastrtps_cpp.so
[4.177s] -- Set runtime path of "/home/ALEX/anytrack/ros/install/scanner_interfaces/lib/libscanner_interfaces__rosidl_typesupport_fastrtps_cpp.so" to ""
[4.177s] -- Up-to-date: /home/ALEX/anytrack/ros/install/scanner_interfaces/include/scanner_interfaces/scanner_interfaces
[4.177s] -- Up-to-date: /home/ALEX/anytrack/ros/install/scanner_interfaces/include/scanner_interfaces/scanner_interfaces/msg
[4.178s] -- Up-to-date: /home/ALEX/anytrack/ros/install/scanner_interfaces/include/scanner_interfaces/scanner_interfaces/msg/detail
[4.178s] -- Installing: /home/ALEX/anytrack/ros/install/scanner_interfaces/include/scanner_interfaces/scanner_interfaces/msg/detail/location__type_support.cpp
[4.178s] -- Installing: /home/ALEX/anytrack/ros/install/scanner_interfaces/include/scanner_interfaces/scanner_interfaces/msg/detail/object__type_support.cpp
[4.178s] -- Installing: /home/ALEX/anytrack/ros/install/scanner_interfaces/include/scanner_interfaces/scanner_interfaces/msg/detail/location__rosidl_typesupport_introspection_cpp.hpp
[4.178s] -- Installing: /home/ALEX/anytrack/ros/install/scanner_interfaces/include/scanner_interfaces/scanner_interfaces/msg/detail/tracks__type_support.cpp
[4.178s] -- Installing: /home/ALEX/anytrack/ros/install/scanner_interfaces/include/scanner_interfaces/scanner_interfaces/msg/detail/camera_locations__rosidl_typesupport_introspection_cpp.hpp
[4.178s] -- Installing: /home/ALEX/anytrack/ros/install/scanner_interfaces/include/scanner_interfaces/scanner_interfaces/msg/detail/object__rosidl_typesupport_introspection_cpp.hpp
[4.178s] -- Installing: /home/ALEX/anytrack/ros/install/scanner_interfaces/include/scanner_interfaces/scanner_interfaces/msg/detail/camera_locations__type_support.cpp
[4.178s] -- Installing: /home/ALEX/anytrack/ros/install/scanner_interfaces/include/scanner_interfaces/scanner_interfaces/msg/detail/tracks__rosidl_typesupport_introspection_cpp.hpp
[4.178s] -- Installing: /home/ALEX/anytrack/ros/install/scanner_interfaces/lib/libscanner_interfaces__rosidl_typesupport_introspection_cpp.so
[4.179s] -- Set runtime path of "/home/ALEX/anytrack/ros/install/scanner_interfaces/lib/libscanner_interfaces__rosidl_typesupport_introspection_cpp.so" to ""
[4.179s] -- Installing: /home/ALEX/anytrack/ros/install/scanner_interfaces/lib/libscanner_interfaces__rosidl_typesupport_cpp.so
[4.179s] -- Set runtime path of "/home/ALEX/anytrack/ros/install/scanner_interfaces/lib/libscanner_interfaces__rosidl_typesupport_cpp.so" to ""
[4.179s] -- Up-to-date: /home/ALEX/anytrack/ros/install/scanner_interfaces/share/scanner_interfaces/environment/pythonpath.sh
[4.179s] -- Installing: /home/ALEX/anytrack/ros/install/scanner_interfaces/share/scanner_interfaces/environment/pythonpath.dsv
[4.179s] -- Up-to-date: /home/ALEX/anytrack/ros/install/scanner_interfaces/local/lib/python3.10/dist-packages/scanner_interfaces-0.0.0-py3.10.egg-info
[4.180s] -- Installing: /home/ALEX/anytrack/ros/install/scanner_interfaces/local/lib/python3.10/dist-packages/scanner_interfaces-0.0.0-py3.10.egg-info/dependency_links.txt
[4.180s] -- Installing: /home/ALEX/anytrack/ros/install/scanner_interfaces/local/lib/python3.10/dist-packages/scanner_interfaces-0.0.0-py3.10.egg-info/PKG-INFO
[4.180s] -- Installing: /home/ALEX/anytrack/ros/install/scanner_interfaces/local/lib/python3.10/dist-packages/scanner_interfaces-0.0.0-py3.10.egg-info/top_level.txt
[4.180s] -- Installing: /home/ALEX/anytrack/ros/install/scanner_interfaces/local/lib/python3.10/dist-packages/scanner_interfaces-0.0.0-py3.10.egg-info/SOURCES.txt
[4.180s] -- Up-to-date: /home/ALEX/anytrack/ros/install/scanner_interfaces/local/lib/python3.10/dist-packages/scanner_interfaces
[4.180s] -- Installing: /home/ALEX/anytrack/ros/install/scanner_interfaces/local/lib/python3.10/dist-packages/scanner_interfaces/_scanner_interfaces_s.ep.rosidl_typesupport_c.c
[4.180s] -- Installing: /home/ALEX/anytrack/ros/install/scanner_interfaces/local/lib/python3.10/dist-packages/scanner_interfaces/libscanner_interfaces__rosidl_generator_py.so
[4.180s] -- Installing: /home/ALEX/anytrack/ros/install/scanner_interfaces/local/lib/python3.10/dist-packages/scanner_interfaces/scanner_interfaces_s__rosidl_typesupport_fastrtps_c.cpython-310-x86_64-linux-gnu.so
[4.180s] -- Installing: /home/ALEX/anytrack/ros/install/scanner_interfaces/local/lib/python3.10/dist-packages/scanner_interfaces/scanner_interfaces_s__rosidl_typesupport_introspection_c.cpython-310-x86_64-linux-gnu.so
[4.180s] -- Installing: /home/ALEX/anytrack/ros/install/scanner_interfaces/local/lib/python3.10/dist-packages/scanner_interfaces/_scanner_interfaces_s.ep.rosidl_typesupport_introspection_c.c
[4.181s] -- Installing: /home/ALEX/anytrack/ros/install/scanner_interfaces/local/lib/python3.10/dist-packages/scanner_interfaces/scanner_interfaces_s__rosidl_typesupport_c.cpython-310-x86_64-linux-gnu.so
[4.181s] -- Installing: /home/ALEX/anytrack/ros/install/scanner_interfaces/local/lib/python3.10/dist-packages/scanner_interfaces/_scanner_interfaces_s.ep.rosidl_typesupport_fastrtps_c.c
[4.181s] -- Up-to-date: /home/ALEX/anytrack/ros/install/scanner_interfaces/local/lib/python3.10/dist-packages/scanner_interfaces/msg
[4.181s] -- Installing: /home/ALEX/anytrack/ros/install/scanner_interfaces/local/lib/python3.10/dist-packages/scanner_interfaces/msg/_camera_locations.py
[4.181s] -- Installing: /home/ALEX/anytrack/ros/install/scanner_interfaces/local/lib/python3.10/dist-packages/scanner_interfaces/msg/_tracks_s.c
[4.181s] -- Installing: /home/ALEX/anytrack/ros/install/scanner_interfaces/local/lib/python3.10/dist-packages/scanner_interfaces/msg/_camera_locations_s.c
[4.181s] -- Installing: /home/ALEX/anytrack/ros/install/scanner_interfaces/local/lib/python3.10/dist-packages/scanner_interfaces/msg/_object_s.c
[4.181s] -- Installing: /home/ALEX/anytrack/ros/install/scanner_interfaces/local/lib/python3.10/dist-packages/scanner_interfaces/msg/_tracks.py
[4.181s] -- Installing: /home/ALEX/anytrack/ros/install/scanner_interfaces/local/lib/python3.10/dist-packages/scanner_interfaces/msg/_location_s.c
[4.182s] -- Installing: /home/ALEX/anytrack/ros/install/scanner_interfaces/local/lib/python3.10/dist-packages/scanner_interfaces/msg/_location.py
[4.182s] -- Installing: /home/ALEX/anytrack/ros/install/scanner_interfaces/local/lib/python3.10/dist-packages/scanner_interfaces/msg/_object.py
[4.182s] -- Installing: /home/ALEX/anytrack/ros/install/scanner_interfaces/local/lib/python3.10/dist-packages/scanner_interfaces/msg/__init__.py
[4.182s] -- Installing: /home/ALEX/anytrack/ros/install/scanner_interfaces/local/lib/python3.10/dist-packages/scanner_interfaces/__init__.py
[4.217s] Listing '/home/ALEX/anytrack/ros/install/scanner_interfaces/local/lib/python3.10/dist-packages/scanner_interfaces'...
[4.218s] Compiling '/home/ALEX/anytrack/ros/install/scanner_interfaces/local/lib/python3.10/dist-packages/scanner_interfaces/__init__.py'...
[4.218s] Listing '/home/ALEX/anytrack/ros/install/scanner_interfaces/local/lib/python3.10/dist-packages/scanner_interfaces/msg'...
[4.218s] Compiling '/home/ALEX/anytrack/ros/install/scanner_interfaces/local/lib/python3.10/dist-packages/scanner_interfaces/msg/__init__.py'...
[4.218s] Compiling '/home/ALEX/anytrack/ros/install/scanner_interfaces/local/lib/python3.10/dist-packages/scanner_interfaces/msg/_camera_locations.py'...
[4.218s] Compiling '/home/ALEX/anytrack/ros/install/scanner_interfaces/local/lib/python3.10/dist-packages/scanner_interfaces/msg/_location.py'...
[4.218s] Compiling '/home/ALEX/anytrack/ros/install/scanner_interfaces/local/lib/python3.10/dist-packages/scanner_interfaces/msg/_object.py'...
[4.218s] Compiling '/home/ALEX/anytrack/ros/install/scanner_interfaces/local/lib/python3.10/dist-packages/scanner_interfaces/msg/_tracks.py'...
[4.221s] -- Installing: /home/ALEX/anytrack/ros/install/scanner_interfaces/local/lib/python3.10/dist-packages/scanner_interfaces/scanner_interfaces_s__rosidl_typesupport_fastrtps_c.cpython-310-x86_64-linux-gnu.so
[4.221s] -- Set runtime path of "/home/ALEX/anytrack/ros/install/scanner_interfaces/local/lib/python3.10/dist-packages/scanner_interfaces/scanner_interfaces_s__rosidl_typesupport_fastrtps_c.cpython-310-x86_64-linux-gnu.so" to ""
[4.221s] -- Installing: /home/ALEX/anytrack/ros/install/scanner_interfaces/local/lib/python3.10/dist-packages/scanner_interfaces/scanner_interfaces_s__rosidl_typesupport_introspection_c.cpython-310-x86_64-linux-gnu.so
[4.221s] -- Set runtime path of "/home/ALEX/anytrack/ros/install/scanner_interfaces/local/lib/python3.10/dist-packages/scanner_interfaces/scanner_interfaces_s__rosidl_typesupport_introspection_c.cpython-310-x86_64-linux-gnu.so" to ""
[4.222s] -- Installing: /home/ALEX/anytrack/ros/install/scanner_interfaces/local/lib/python3.10/dist-packages/scanner_interfaces/scanner_interfaces_s__rosidl_typesupport_c.cpython-310-x86_64-linux-gnu.so
[4.222s] -- Set runtime path of "/home/ALEX/anytrack/ros/install/scanner_interfaces/local/lib/python3.10/dist-packages/scanner_interfaces/scanner_interfaces_s__rosidl_typesupport_c.cpython-310-x86_64-linux-gnu.so" to ""
[4.222s] -- Installing: /home/ALEX/anytrack/ros/install/scanner_interfaces/lib/libscanner_interfaces__rosidl_generator_py.so
[4.222s] -- Set runtime path of "/home/ALEX/anytrack/ros/install/scanner_interfaces/lib/libscanner_interfaces__rosidl_generator_py.so" to ""
[4.222s] -- Up-to-date: /home/ALEX/anytrack/ros/install/scanner_interfaces/share/scanner_interfaces/msg/Object.idl
[4.223s] -- Installing: /home/ALEX/anytrack/ros/install/scanner_interfaces/share/scanner_interfaces/msg/Tracks.idl
[4.223s] -- Up-to-date: /home/ALEX/anytrack/ros/install/scanner_interfaces/share/scanner_interfaces/msg/Location.idl
[4.223s] -- Up-to-date: /home/ALEX/anytrack/ros/install/scanner_interfaces/share/scanner_interfaces/msg/CameraLocations.idl
[4.223s] -- Up-to-date: /home/ALEX/anytrack/ros/install/scanner_interfaces/share/scanner_interfaces/msg/Object.msg
[4.223s] -- Installing: /home/ALEX/anytrack/ros/install/scanner_interfaces/share/scanner_interfaces/msg/Tracks.msg
[4.223s] -- Up-to-date: /home/ALEX/anytrack/ros/install/scanner_interfaces/share/scanner_interfaces/msg/Location.msg
[4.223s] -- Up-to-date: /home/ALEX/anytrack/ros/install/scanner_interfaces/share/scanner_interfaces/msg/CameraLocations.msg
[4.223s] -- Up-to-date: /home/ALEX/anytrack/ros/install/scanner_interfaces/share/ament_index/resource_index/package_run_dependencies/scanner_interfaces
[4.224s] -- Up-to-date: /home/ALEX/anytrack/ros/install/scanner_interfaces/share/ament_index/resource_index/parent_prefix_path/scanner_interfaces
[4.224s] -- Up-to-date: /home/ALEX/anytrack/ros/install/scanner_interfaces/share/scanner_interfaces/environment/ament_prefix_path.sh
[4.224s] -- Installing: /home/ALEX/anytrack/ros/install/scanner_interfaces/share/scanner_interfaces/environment/ament_prefix_path.dsv
[4.224s] -- Up-to-date: /home/ALEX/anytrack/ros/install/scanner_interfaces/share/scanner_interfaces/environment/path.sh
[4.224s] -- Installing: /home/ALEX/anytrack/ros/install/scanner_interfaces/share/scanner_interfaces/environment/path.dsv
[4.224s] -- Up-to-date: /home/ALEX/anytrack/ros/install/scanner_interfaces/share/scanner_interfaces/local_setup.bash
[4.224s] -- Up-to-date: /home/ALEX/anytrack/ros/install/scanner_interfaces/share/scanner_interfaces/local_setup.sh
[4.224s] -- Up-to-date: /home/ALEX/anytrack/ros/install/scanner_interfaces/share/scanner_interfaces/local_setup.zsh
[4.224s] -- Installing: /home/ALEX/anytrack/ros/install/scanner_interfaces/share/scanner_interfaces/local_setup.dsv
[4.225s] -- Installing: /home/ALEX/anytrack/ros/install/scanner_interfaces/share/scanner_interfaces/package.dsv
[4.225s] -- Up-to-date: /home/ALEX/anytrack/ros/install/scanner_interfaces/share/ament_index/resource_index/packages/scanner_interfaces
[4.225s] -- Up-to-date: /home/ALEX/anytrack/ros/install/scanner_interfaces/share/scanner_interfaces/cmake/export_scanner_interfaces__rosidl_generator_cExport.cmake
[4.225s] -- Up-to-date: /home/ALEX/anytrack/ros/install/scanner_interfaces/share/scanner_interfaces/cmake/export_scanner_interfaces__rosidl_generator_cExport-noconfig.cmake
[4.225s] -- Up-to-date: /home/ALEX/anytrack/ros/install/scanner_interfaces/share/scanner_interfaces/cmake/export_scanner_interfaces__rosidl_typesupport_fastrtps_cExport.cmake
[4.225s] -- Up-to-date: /home/ALEX/anytrack/ros/install/scanner_interfaces/share/scanner_interfaces/cmake/export_scanner_interfaces__rosidl_typesupport_fastrtps_cExport-noconfig.cmake
[4.225s] -- Up-to-date: /home/ALEX/anytrack/ros/install/scanner_interfaces/share/scanner_interfaces/cmake/scanner_interfaces__rosidl_typesupport_introspection_cExport.cmake
[4.225s] -- Up-to-date: /home/ALEX/anytrack/ros/install/scanner_interfaces/share/scanner_interfaces/cmake/scanner_interfaces__rosidl_typesupport_introspection_cExport-noconfig.cmake
[4.225s] -- Up-to-date: /home/ALEX/anytrack/ros/install/scanner_interfaces/share/scanner_interfaces/cmake/scanner_interfaces__rosidl_typesupport_cExport.cmake
[4.226s] -- Up-to-date: /home/ALEX/anytrack/ros/install/scanner_interfaces/share/scanner_interfaces/cmake/scanner_interfaces__rosidl_typesupport_cExport-noconfig.cmake
[4.226s] -- Up-to-date: /home/ALEX/anytrack/ros/install/scanner_interfaces/share/scanner_interfaces/cmake/export_scanner_interfaces__rosidl_generator_cppExport.cmake
[4.226s] -- Up-to-date: /home/ALEX/anytrack/ros/install/scanner_interfaces/share/scanner_interfaces/cmake/export_scanner_interfaces__rosidl_typesupport_fastrtps_cppExport.cmake
[4.226s] -- Up-to-date: /home/ALEX/anytrack/ros/install/scanner_interfaces/share/scanner_interfaces/cmake/export_scanner_interfaces__rosidl_typesupport_fastrtps_cppExport-noconfig.cmake
[4.226s] -- Up-to-date: /home/ALEX/anytrack/ros/install/scanner_interfaces/share/scanner_interfaces/cmake/scanner_interfaces__rosidl_typesupport_introspection_cppExport.cmake
[4.226s] -- Up-to-date: /home/ALEX/anytrack/ros/install/scanner_interfaces/share/scanner_interfaces/cmake/scanner_interfaces__rosidl_typesupport_introspection_cppExport-noconfig.cmake
[4.226s] -- Up-to-date: /home/ALEX/anytrack/ros/install/scanner_interfaces/share/scanner_interfaces/cmake/scanner_interfaces__rosidl_typesupport_cppExport.cmake
[4.226s] -- Up-to-date: /home/ALEX/anytrack/ros/install/scanner_interfaces/share/scanner_interfaces/cmake/scanner_interfaces__rosidl_typesupport_cppExport-noconfig.cmake
[4.227s] -- Up-to-date: /home/ALEX/anytrack/ros/install/scanner_interfaces/share/scanner_interfaces/cmake/export_scanner_interfaces__rosidl_generator_pyExport.cmake
[4.227s] -- Up-to-date: /home/ALEX/anytrack/ros/install/scanner_interfaces/share/scanner_interfaces/cmake/export_scanner_interfaces__rosidl_generator_pyExport-noconfig.cmake
[4.227s] -- Up-to-date: /home/ALEX/anytrack/ros/install/scanner_interfaces/share/scanner_interfaces/cmake/rosidl_cmake-extras.cmake
[4.228s] -- Up-to-date: /home/ALEX/anytrack/ros/install/scanner_interfaces/share/scanner_interfaces/cmake/ament_cmake_export_dependencies-extras.cmake
[4.229s] -- Up-to-date: /home/ALEX/anytrack/ros/install/scanner_interfaces/share/scanner_interfaces/cmake/ament_cmake_export_include_directories-extras.cmake
[4.229s] -- Up-to-date: /home/ALEX/anytrack/ros/install/scanner_interfaces/share/scanner_interfaces/cmake/ament_cmake_export_libraries-extras.cmake
[4.229s] -- Up-to-date: /home/ALEX/anytrack/ros/install/scanner_interfaces/share/scanner_interfaces/cmake/ament_cmake_export_targets-extras.cmake
[4.229s] -- Up-to-date: /home/ALEX/anytrack/ros/install/scanner_interfaces/share/scanner_interfaces/cmake/rosidl_cmake_export_typesupport_targets-extras.cmake
[4.229s] -- Up-to-date: /home/ALEX/anytrack/ros/install/scanner_interfaces/share/scanner_interfaces/cmake/rosidl_cmake_export_typesupport_libraries-extras.cmake
[4.229s] -- Up-to-date: /home/ALEX/anytrack/ros/install/scanner_interfaces/share/scanner_interfaces/cmake/scanner_interfacesConfig.cmake
[4.230s] -- Up-to-date: /home/ALEX/anytrack/ros/install/scanner_interfaces/share/scanner_interfaces/cmake/scanner_interfacesConfig-version.cmake
[4.230s] -- Up-to-date: /home/ALEX/anytrack/ros/install/scanner_interfaces/share/scanner_interfaces/package.xml
[4.230s] Invoked command in '/home/ALEX/anytrack/ros/build/scanner_interfaces' returned '0': CMAKE_PREFIX_PATH=${CMAKE_PREFIX_PATH}:/home/ALEX/anytrack/ros/install/test_py_pkg:/home/ALEX/anytrack/ros/install/scannerV2:/home/ALEX/anytrack/ros/install/scanner:/home/ALEX/anytrack/ros/install/anytrack:/opt/ros/humble /usr/bin/cmake --install /home/ALEX/anytrack/ros/build/scanner_interfaces
